[0.231s] DEBUG:colcon:Command line arguments: ['/home/raghav/.local/bin/colcon', 'build']
[0.231s] DEBUG:colcon:Parsed command line arguments: Namespace(log_base=None, log_level=None, verb_name='build', build_base='build', install_base='install', merge_install=False, symlink_install=False, test_result_base=None, continue_on_error=False, executor='parallel', parallel_workers=8, event_handlers=None, ignore_user_meta=False, metas=['./colcon.meta'], base_paths=['.'], packages_ignore=None, packages_ignore_regex=None, paths=None, packages_up_to=None, packages_up_to_regex=None, packages_above=None, packages_above_and_dependencies=None, packages_above_depth=None, packages_select_by_dep=None, packages_skip_by_dep=None, packages_skip_up_to=None, packages_select_build_failed=False, packages_skip_build_finished=False, packages_select_test_failures=False, packages_skip_test_passed=False, packages_select=None, packages_skip=None, packages_select_regex=None, packages_skip_regex=None, packages_start=None, packages_end=None, allow_overriding=[], cmake_args=None, cmake_target=None, cmake_target_skip_unavailable=False, cmake_clean_cache=False, cmake_clean_first=False, cmake_force_configure=False, ament_cmake_args=None, catkin_cmake_args=None, catkin_skip_building_tests=False, mixin_files=None, mixin=None, verb_parser=<colcon_mixin.mixin.mixin_argument.MixinArgumentDecorator object at 0x7454c4f56890>, verb_extension=<colcon_core.verb.build.BuildVerb object at 0x7454c503f820>, main=<bound method BuildVerb.main of <colcon_core.verb.build.BuildVerb object at 0x7454c503f820>>, mixin_verb=('build',))
[0.530s] Level 1:colcon.colcon_core.package_discovery:discover_packages(colcon_meta) check parameters
[0.530s] Level 1:colcon.colcon_core.package_discovery:discover_packages(recursive) check parameters
[0.530s] Level 1:colcon.colcon_core.package_discovery:discover_packages(ignore) check parameters
[0.530s] Level 1:colcon.colcon_core.package_discovery:discover_packages(path) check parameters
[0.530s] Level 1:colcon.colcon_core.package_discovery:discover_packages(colcon_meta) discover
[0.530s] Level 1:colcon.colcon_core.package_discovery:discover_packages(recursive) discover
[0.530s] INFO:colcon.colcon_core.package_discovery:Crawling recursively for packages in '/home/raghav/turtlebot4_ws'
[0.531s] Level 1:colcon.colcon_core.package_identification:_identify(.) by extensions ['ignore', 'ignore_ament_install']
[0.531s] Level 1:colcon.colcon_core.package_identification:_identify(.) by extension 'ignore'
[0.531s] Level 1:colcon.colcon_core.package_identification:_identify(.) by extension 'ignore_ament_install'
[0.531s] Level 1:colcon.colcon_core.package_identification:_identify(.) by extensions ['colcon_pkg']
[0.531s] Level 1:colcon.colcon_core.package_identification:_identify(.) by extension 'colcon_pkg'
[0.531s] Level 1:colcon.colcon_core.package_identification:_identify(.) by extensions ['colcon_meta']
[0.531s] Level 1:colcon.colcon_core.package_identification:_identify(.) by extension 'colcon_meta'
[0.531s] Level 1:colcon.colcon_core.package_identification:_identify(.) by extensions ['ros']
[0.531s] Level 1:colcon.colcon_core.package_identification:_identify(.) by extension 'ros'
[0.550s] Level 1:colcon.colcon_core.package_identification:_identify(.) by extensions ['cmake', 'python']
[0.550s] Level 1:colcon.colcon_core.package_identification:_identify(.) by extension 'cmake'
[0.550s] Level 1:colcon.colcon_core.package_identification:_identify(.) by extension 'python'
[0.550s] Level 1:colcon.colcon_core.package_identification:_identify(.) by extensions ['python_setup_py']
[0.550s] Level 1:colcon.colcon_core.package_identification:_identify(.) by extension 'python_setup_py'
[0.551s] Level 1:colcon.colcon_core.package_identification:_identify(build) by extensions ['ignore', 'ignore_ament_install']
[0.551s] Level 1:colcon.colcon_core.package_identification:_identify(build) by extension 'ignore'
[0.551s] Level 1:colcon.colcon_core.package_identification:_identify(build) ignored
[0.551s] Level 1:colcon.colcon_core.package_identification:_identify(empty_shelf_detector) by extensions ['ignore', 'ignore_ament_install']
[0.551s] Level 1:colcon.colcon_core.package_identification:_identify(empty_shelf_detector) by extension 'ignore'
[0.551s] Level 1:colcon.colcon_core.package_identification:_identify(empty_shelf_detector) by extension 'ignore_ament_install'
[0.551s] Level 1:colcon.colcon_core.package_identification:_identify(empty_shelf_detector) by extensions ['colcon_pkg']
[0.551s] Level 1:colcon.colcon_core.package_identification:_identify(empty_shelf_detector) by extension 'colcon_pkg'
[0.551s] Level 1:colcon.colcon_core.package_identification:_identify(empty_shelf_detector) by extensions ['colcon_meta']
[0.551s] Level 1:colcon.colcon_core.package_identification:_identify(empty_shelf_detector) by extension 'colcon_meta'
[0.551s] Level 1:colcon.colcon_core.package_identification:_identify(empty_shelf_detector) by extensions ['ros']
[0.551s] Level 1:colcon.colcon_core.package_identification:_identify(empty_shelf_detector) by extension 'ros'
[0.552s] Level 1:colcon.colcon_core.package_identification:_identify(empty_shelf_detector) by extensions ['cmake', 'python']
[0.552s] Level 1:colcon.colcon_core.package_identification:_identify(empty_shelf_detector) by extension 'cmake'
[0.552s] Level 1:colcon.colcon_core.package_identification:_identify(empty_shelf_detector) by extension 'python'
[0.552s] Level 1:colcon.colcon_core.package_identification:_identify(empty_shelf_detector) by extensions ['python_setup_py']
[0.552s] Level 1:colcon.colcon_core.package_identification:_identify(empty_shelf_detector) by extension 'python_setup_py'
[0.552s] Level 1:colcon.colcon_core.package_identification:_identify(empty_shelf_detector/resource) by extensions ['ignore', 'ignore_ament_install']
[0.552s] Level 1:colcon.colcon_core.package_identification:_identify(empty_shelf_detector/resource) by extension 'ignore'
[0.552s] Level 1:colcon.colcon_core.package_identification:_identify(empty_shelf_detector/resource) by extension 'ignore_ament_install'
[0.552s] Level 1:colcon.colcon_core.package_identification:_identify(empty_shelf_detector/resource) by extensions ['colcon_pkg']
[0.552s] Level 1:colcon.colcon_core.package_identification:_identify(empty_shelf_detector/resource) by extension 'colcon_pkg'
[0.552s] Level 1:colcon.colcon_core.package_identification:_identify(empty_shelf_detector/resource) by extensions ['colcon_meta']
[0.552s] Level 1:colcon.colcon_core.package_identification:_identify(empty_shelf_detector/resource) by extension 'colcon_meta'
[0.552s] Level 1:colcon.colcon_core.package_identification:_identify(empty_shelf_detector/resource) by extensions ['ros']
[0.552s] Level 1:colcon.colcon_core.package_identification:_identify(empty_shelf_detector/resource) by extension 'ros'
[0.552s] Level 1:colcon.colcon_core.package_identification:_identify(empty_shelf_detector/resource) by extensions ['cmake', 'python']
[0.552s] Level 1:colcon.colcon_core.package_identification:_identify(empty_shelf_detector/resource) by extension 'cmake'
[0.553s] Level 1:colcon.colcon_core.package_identification:_identify(empty_shelf_detector/resource) by extension 'python'
[0.553s] Level 1:colcon.colcon_core.package_identification:_identify(empty_shelf_detector/resource) by extensions ['python_setup_py']
[0.553s] Level 1:colcon.colcon_core.package_identification:_identify(empty_shelf_detector/resource) by extension 'python_setup_py'
[0.560s] Level 1:colcon.colcon_core.package_identification:_identify(images) by extensions ['ignore', 'ignore_ament_install']
[0.560s] Level 1:colcon.colcon_core.package_identification:_identify(images) by extension 'ignore'
[0.560s] Level 1:colcon.colcon_core.package_identification:_identify(images) by extension 'ignore_ament_install'
[0.561s] Level 1:colcon.colcon_core.package_identification:_identify(images) by extensions ['colcon_pkg']
[0.561s] Level 1:colcon.colcon_core.package_identification:_identify(images) by extension 'colcon_pkg'
[0.561s] Level 1:colcon.colcon_core.package_identification:_identify(images) by extensions ['colcon_meta']
[0.561s] Level 1:colcon.colcon_core.package_identification:_identify(images) by extension 'colcon_meta'
[0.561s] Level 1:colcon.colcon_core.package_identification:_identify(images) by extensions ['ros']
[0.561s] Level 1:colcon.colcon_core.package_identification:_identify(images) by extension 'ros'
[0.561s] Level 1:colcon.colcon_core.package_identification:_identify(images) by extensions ['cmake', 'python']
[0.561s] Level 1:colcon.colcon_core.package_identification:_identify(images) by extension 'cmake'
[0.561s] Level 1:colcon.colcon_core.package_identification:_identify(images) by extension 'python'
[0.561s] Level 1:colcon.colcon_core.package_identification:_identify(images) by extensions ['python_setup_py']
[0.561s] Level 1:colcon.colcon_core.package_identification:_identify(images) by extension 'python_setup_py'
[0.561s] Level 1:colcon.colcon_core.package_identification:_identify(images/empty_crops) by extensions ['ignore', 'ignore_ament_install']
[0.561s] Level 1:colcon.colcon_core.package_identification:_identify(images/empty_crops) by extension 'ignore'
[0.561s] Level 1:colcon.colcon_core.package_identification:_identify(images/empty_crops) by extension 'ignore_ament_install'
[0.561s] Level 1:colcon.colcon_core.package_identification:_identify(images/empty_crops) by extensions ['colcon_pkg']
[0.562s] Level 1:colcon.colcon_core.package_identification:_identify(images/empty_crops) by extension 'colcon_pkg'
[0.562s] Level 1:colcon.colcon_core.package_identification:_identify(images/empty_crops) by extensions ['colcon_meta']
[0.562s] Level 1:colcon.colcon_core.package_identification:_identify(images/empty_crops) by extension 'colcon_meta'
[0.562s] Level 1:colcon.colcon_core.package_identification:_identify(images/empty_crops) by extensions ['ros']
[0.562s] Level 1:colcon.colcon_core.package_identification:_identify(images/empty_crops) by extension 'ros'
[0.562s] Level 1:colcon.colcon_core.package_identification:_identify(images/empty_crops) by extensions ['cmake', 'python']
[0.562s] Level 1:colcon.colcon_core.package_identification:_identify(images/empty_crops) by extension 'cmake'
[0.562s] Level 1:colcon.colcon_core.package_identification:_identify(images/empty_crops) by extension 'python'
[0.562s] Level 1:colcon.colcon_core.package_identification:_identify(images/empty_crops) by extensions ['python_setup_py']
[0.562s] Level 1:colcon.colcon_core.package_identification:_identify(images/empty_crops) by extension 'python_setup_py'
[0.562s] Level 1:colcon.colcon_core.package_identification:_identify(install) by extensions ['ignore', 'ignore_ament_install']
[0.562s] Level 1:colcon.colcon_core.package_identification:_identify(install) by extension 'ignore'
[0.562s] Level 1:colcon.colcon_core.package_identification:_identify(install) ignored
[0.563s] Level 1:colcon.colcon_core.package_identification:_identify(log) by extensions ['ignore', 'ignore_ament_install']
[0.563s] Level 1:colcon.colcon_core.package_identification:_identify(log) by extension 'ignore'
[0.563s] Level 1:colcon.colcon_core.package_identification:_identify(log) ignored
[0.563s] Level 1:colcon.colcon_core.package_identification:_identify(resource) by extensions ['ignore', 'ignore_ament_install']
[0.563s] Level 1:colcon.colcon_core.package_identification:_identify(resource) by extension 'ignore'
[0.563s] Level 1:colcon.colcon_core.package_identification:_identify(resource) by extension 'ignore_ament_install'
[0.563s] Level 1:colcon.colcon_core.package_identification:_identify(resource) by extensions ['colcon_pkg']
[0.563s] Level 1:colcon.colcon_core.package_identification:_identify(resource) by extension 'colcon_pkg'
[0.563s] Level 1:colcon.colcon_core.package_identification:_identify(resource) by extensions ['colcon_meta']
[0.563s] Level 1:colcon.colcon_core.package_identification:_identify(resource) by extension 'colcon_meta'
[0.563s] Level 1:colcon.colcon_core.package_identification:_identify(resource) by extensions ['ros']
[0.563s] Level 1:colcon.colcon_core.package_identification:_identify(resource) by extension 'ros'
[0.563s] Level 1:colcon.colcon_core.package_identification:_identify(resource) by extensions ['cmake', 'python']
[0.564s] Level 1:colcon.colcon_core.package_identification:_identify(resource) by extension 'cmake'
[0.564s] Level 1:colcon.colcon_core.package_identification:_identify(resource) by extension 'python'
[0.564s] Level 1:colcon.colcon_core.package_identification:_identify(resource) by extensions ['python_setup_py']
[0.564s] Level 1:colcon.colcon_core.package_identification:_identify(resource) by extension 'python_setup_py'
[0.564s] Level 1:colcon.colcon_core.package_identification:_identify(src) by extensions ['ignore', 'ignore_ament_install']
[0.564s] Level 1:colcon.colcon_core.package_identification:_identify(src) by extension 'ignore'
[0.564s] Level 1:colcon.colcon_core.package_identification:_identify(src) by extension 'ignore_ament_install'
[0.564s] Level 1:colcon.colcon_core.package_identification:_identify(src) by extensions ['colcon_pkg']
[0.564s] Level 1:colcon.colcon_core.package_identification:_identify(src) by extension 'colcon_pkg'
[0.564s] Level 1:colcon.colcon_core.package_identification:_identify(src) by extensions ['colcon_meta']
[0.564s] Level 1:colcon.colcon_core.package_identification:_identify(src) by extension 'colcon_meta'
[0.564s] Level 1:colcon.colcon_core.package_identification:_identify(src) by extensions ['ros']
[0.564s] Level 1:colcon.colcon_core.package_identification:_identify(src) by extension 'ros'
[0.564s] Level 1:colcon.colcon_core.package_identification:_identify(src) by extensions ['cmake', 'python']
[0.564s] Level 1:colcon.colcon_core.package_identification:_identify(src) by extension 'cmake'
[0.565s] Level 1:colcon.colcon_core.package_identification:_identify(src) by extension 'python'
[0.565s] Level 1:colcon.colcon_core.package_identification:_identify(src) by extensions ['python_setup_py']
[0.565s] Level 1:colcon.colcon_core.package_identification:_identify(src) by extension 'python_setup_py'
[0.565s] Level 1:colcon.colcon_core.package_identification:_identify(src/build) by extensions ['ignore', 'ignore_ament_install']
[0.565s] Level 1:colcon.colcon_core.package_identification:_identify(src/build) by extension 'ignore'
[0.565s] Level 1:colcon.colcon_core.package_identification:_identify(src/build) ignored
[0.565s] Level 1:colcon.colcon_core.package_identification:_identify(src/empty_shelf_detector) by extensions ['ignore', 'ignore_ament_install']
[0.565s] Level 1:colcon.colcon_core.package_identification:_identify(src/empty_shelf_detector) by extension 'ignore'
[0.565s] Level 1:colcon.colcon_core.package_identification:_identify(src/empty_shelf_detector) by extension 'ignore_ament_install'
[0.565s] Level 1:colcon.colcon_core.package_identification:_identify(src/empty_shelf_detector) by extensions ['colcon_pkg']
[0.565s] Level 1:colcon.colcon_core.package_identification:_identify(src/empty_shelf_detector) by extension 'colcon_pkg'
[0.565s] Level 1:colcon.colcon_core.package_identification:_identify(src/empty_shelf_detector) by extensions ['colcon_meta']
[0.565s] Level 1:colcon.colcon_core.package_identification:_identify(src/empty_shelf_detector) by extension 'colcon_meta'
[0.566s] Level 1:colcon.colcon_core.package_identification:_identify(src/empty_shelf_detector) by extensions ['ros']
[0.566s] Level 1:colcon.colcon_core.package_identification:_identify(src/empty_shelf_detector) by extension 'ros'
[0.572s] DEBUG:colcon.colcon_core.package_identification:Package 'src/empty_shelf_detector' with type 'ros.ament_cmake' and name 'empty_shelf_detector'
[0.572s] Level 1:colcon.colcon_core.package_identification:_identify(src/empty_shelf_msgs) by extensions ['ignore', 'ignore_ament_install']
[0.573s] Level 1:colcon.colcon_core.package_identification:_identify(src/empty_shelf_msgs) by extension 'ignore'
[0.573s] Level 1:colcon.colcon_core.package_identification:_identify(src/empty_shelf_msgs) by extension 'ignore_ament_install'
[0.573s] Level 1:colcon.colcon_core.package_identification:_identify(src/empty_shelf_msgs) by extensions ['colcon_pkg']
[0.573s] Level 1:colcon.colcon_core.package_identification:_identify(src/empty_shelf_msgs) by extension 'colcon_pkg'
[0.573s] Level 1:colcon.colcon_core.package_identification:_identify(src/empty_shelf_msgs) by extensions ['colcon_meta']
[0.573s] Level 1:colcon.colcon_core.package_identification:_identify(src/empty_shelf_msgs) by extension 'colcon_meta'
[0.573s] Level 1:colcon.colcon_core.package_identification:_identify(src/empty_shelf_msgs) by extensions ['ros']
[0.573s] Level 1:colcon.colcon_core.package_identification:_identify(src/empty_shelf_msgs) by extension 'ros'
[0.574s] DEBUG:colcon.colcon_core.package_identification:Package 'src/empty_shelf_msgs' with type 'ros.ament_cmake' and name 'empty_shelf_msgs'
[0.574s] Level 1:colcon.colcon_core.package_identification:_identify(src/install) by extensions ['ignore', 'ignore_ament_install']
[0.574s] Level 1:colcon.colcon_core.package_identification:_identify(src/install) by extension 'ignore'
[0.575s] Level 1:colcon.colcon_core.package_identification:_identify(src/install) ignored
[0.575s] Level 1:colcon.colcon_core.package_identification:_identify(src/log) by extensions ['ignore', 'ignore_ament_install']
[0.575s] Level 1:colcon.colcon_core.package_identification:_identify(src/log) by extension 'ignore'
[0.575s] Level 1:colcon.colcon_core.package_identification:_identify(src/log) ignored
[0.575s] Level 1:colcon.colcon_core.package_identification:_identify(src/turtlebot4_simulator) by extensions ['ignore', 'ignore_ament_install']
[0.575s] Level 1:colcon.colcon_core.package_identification:_identify(src/turtlebot4_simulator) by extension 'ignore'
[0.575s] Level 1:colcon.colcon_core.package_identification:_identify(src/turtlebot4_simulator) by extension 'ignore_ament_install'
[0.575s] Level 1:colcon.colcon_core.package_identification:_identify(src/turtlebot4_simulator) by extensions ['colcon_pkg']
[0.575s] Level 1:colcon.colcon_core.package_identification:_identify(src/turtlebot4_simulator) by extension 'colcon_pkg'
[0.575s] Level 1:colcon.colcon_core.package_identification:_identify(src/turtlebot4_simulator) by extensions ['colcon_meta']
[0.575s] Level 1:colcon.colcon_core.package_identification:_identify(src/turtlebot4_simulator) by extension 'colcon_meta'
[0.575s] Level 1:colcon.colcon_core.package_identification:_identify(src/turtlebot4_simulator) by extensions ['ros']
[0.575s] Level 1:colcon.colcon_core.package_identification:_identify(src/turtlebot4_simulator) by extension 'ros'
[0.576s] Level 1:colcon.colcon_core.package_identification:_identify(src/turtlebot4_simulator) by extensions ['cmake', 'python']
[0.576s] Level 1:colcon.colcon_core.package_identification:_identify(src/turtlebot4_simulator) by extension 'cmake'
[0.576s] Level 1:colcon.colcon_core.package_identification:_identify(src/turtlebot4_simulator) by extension 'python'
[0.576s] Level 1:colcon.colcon_core.package_identification:_identify(src/turtlebot4_simulator) by extensions ['python_setup_py']
[0.576s] Level 1:colcon.colcon_core.package_identification:_identify(src/turtlebot4_simulator) by extension 'python_setup_py'
[0.576s] Level 1:colcon.colcon_core.package_identification:_identify(src/turtlebot4_simulator/turtlebot4_ignition_bringup) by extensions ['ignore', 'ignore_ament_install']
[0.576s] Level 1:colcon.colcon_core.package_identification:_identify(src/turtlebot4_simulator/turtlebot4_ignition_bringup) by extension 'ignore'
[0.576s] Level 1:colcon.colcon_core.package_identification:_identify(src/turtlebot4_simulator/turtlebot4_ignition_bringup) by extension 'ignore_ament_install'
[0.576s] Level 1:colcon.colcon_core.package_identification:_identify(src/turtlebot4_simulator/turtlebot4_ignition_bringup) by extensions ['colcon_pkg']
[0.576s] Level 1:colcon.colcon_core.package_identification:_identify(src/turtlebot4_simulator/turtlebot4_ignition_bringup) by extension 'colcon_pkg'
[0.576s] Level 1:colcon.colcon_core.package_identification:_identify(src/turtlebot4_simulator/turtlebot4_ignition_bringup) by extensions ['colcon_meta']
[0.576s] Level 1:colcon.colcon_core.package_identification:_identify(src/turtlebot4_simulator/turtlebot4_ignition_bringup) by extension 'colcon_meta'
[0.576s] Level 1:colcon.colcon_core.package_identification:_identify(src/turtlebot4_simulator/turtlebot4_ignition_bringup) by extensions ['ros']
[0.577s] Level 1:colcon.colcon_core.package_identification:_identify(src/turtlebot4_simulator/turtlebot4_ignition_bringup) by extension 'ros'
[0.580s] DEBUG:colcon.colcon_core.package_identification:Package 'src/turtlebot4_simulator/turtlebot4_ignition_bringup' with type 'ros.ament_cmake' and name 'turtlebot4_ignition_bringup'
[0.580s] Level 1:colcon.colcon_core.package_identification:_identify(src/turtlebot4_simulator/turtlebot4_ignition_gui_plugins) by extensions ['ignore', 'ignore_ament_install']
[0.580s] Level 1:colcon.colcon_core.package_identification:_identify(src/turtlebot4_simulator/turtlebot4_ignition_gui_plugins) by extension 'ignore'
[0.580s] Level 1:colcon.colcon_core.package_identification:_identify(src/turtlebot4_simulator/turtlebot4_ignition_gui_plugins) by extension 'ignore_ament_install'
[0.580s] Level 1:colcon.colcon_core.package_identification:_identify(src/turtlebot4_simulator/turtlebot4_ignition_gui_plugins) by extensions ['colcon_pkg']
[0.580s] Level 1:colcon.colcon_core.package_identification:_identify(src/turtlebot4_simulator/turtlebot4_ignition_gui_plugins) by extension 'colcon_pkg'
[0.580s] Level 1:colcon.colcon_core.package_identification:_identify(src/turtlebot4_simulator/turtlebot4_ignition_gui_plugins) by extensions ['colcon_meta']
[0.581s] Level 1:colcon.colcon_core.package_identification:_identify(src/turtlebot4_simulator/turtlebot4_ignition_gui_plugins) by extension 'colcon_meta'
[0.581s] Level 1:colcon.colcon_core.package_identification:_identify(src/turtlebot4_simulator/turtlebot4_ignition_gui_plugins) by extensions ['ros']
[0.581s] Level 1:colcon.colcon_core.package_identification:_identify(src/turtlebot4_simulator/turtlebot4_ignition_gui_plugins) by extension 'ros'
[0.582s] DEBUG:colcon.colcon_core.package_identification:Package 'src/turtlebot4_simulator/turtlebot4_ignition_gui_plugins' with type 'ros.ament_cmake' and name 'turtlebot4_ignition_gui_plugins'
[0.582s] Level 1:colcon.colcon_core.package_identification:_identify(src/turtlebot4_simulator/turtlebot4_ignition_toolbox) by extensions ['ignore', 'ignore_ament_install']
[0.582s] Level 1:colcon.colcon_core.package_identification:_identify(src/turtlebot4_simulator/turtlebot4_ignition_toolbox) by extension 'ignore'
[0.582s] Level 1:colcon.colcon_core.package_identification:_identify(src/turtlebot4_simulator/turtlebot4_ignition_toolbox) by extension 'ignore_ament_install'
[0.582s] Level 1:colcon.colcon_core.package_identification:_identify(src/turtlebot4_simulator/turtlebot4_ignition_toolbox) by extensions ['colcon_pkg']
[0.582s] Level 1:colcon.colcon_core.package_identification:_identify(src/turtlebot4_simulator/turtlebot4_ignition_toolbox) by extension 'colcon_pkg'
[0.582s] Level 1:colcon.colcon_core.package_identification:_identify(src/turtlebot4_simulator/turtlebot4_ignition_toolbox) by extensions ['colcon_meta']
[0.582s] Level 1:colcon.colcon_core.package_identification:_identify(src/turtlebot4_simulator/turtlebot4_ignition_toolbox) by extension 'colcon_meta'
[0.582s] Level 1:colcon.colcon_core.package_identification:_identify(src/turtlebot4_simulator/turtlebot4_ignition_toolbox) by extensions ['ros']
[0.582s] Level 1:colcon.colcon_core.package_identification:_identify(src/turtlebot4_simulator/turtlebot4_ignition_toolbox) by extension 'ros'
[0.584s] DEBUG:colcon.colcon_core.package_identification:Package 'src/turtlebot4_simulator/turtlebot4_ignition_toolbox' with type 'ros.ament_cmake' and name 'turtlebot4_ignition_toolbox'
[0.584s] Level 1:colcon.colcon_core.package_identification:_identify(src/turtlebot4_simulator/turtlebot4_simulator) by extensions ['ignore', 'ignore_ament_install']
[0.584s] Level 1:colcon.colcon_core.package_identification:_identify(src/turtlebot4_simulator/turtlebot4_simulator) by extension 'ignore'
[0.584s] Level 1:colcon.colcon_core.package_identification:_identify(src/turtlebot4_simulator/turtlebot4_simulator) by extension 'ignore_ament_install'
[0.585s] Level 1:colcon.colcon_core.package_identification:_identify(src/turtlebot4_simulator/turtlebot4_simulator) by extensions ['colcon_pkg']
[0.585s] Level 1:colcon.colcon_core.package_identification:_identify(src/turtlebot4_simulator/turtlebot4_simulator) by extension 'colcon_pkg'
[0.585s] Level 1:colcon.colcon_core.package_identification:_identify(src/turtlebot4_simulator/turtlebot4_simulator) by extensions ['colcon_meta']
[0.585s] Level 1:colcon.colcon_core.package_identification:_identify(src/turtlebot4_simulator/turtlebot4_simulator) by extension 'colcon_meta'
[0.585s] Level 1:colcon.colcon_core.package_identification:_identify(src/turtlebot4_simulator/turtlebot4_simulator) by extensions ['ros']
[0.585s] Level 1:colcon.colcon_core.package_identification:_identify(src/turtlebot4_simulator/turtlebot4_simulator) by extension 'ros'
[0.586s] DEBUG:colcon.colcon_core.package_identification:Package 'src/turtlebot4_simulator/turtlebot4_simulator' with type 'ros.ament_cmake' and name 'turtlebot4_simulator'
[0.586s] Level 1:colcon.colcon_core.package_discovery:discover_packages(recursive) using defaults
[0.586s] Level 1:colcon.colcon_core.package_discovery:discover_packages(ignore) discover
[0.586s] Level 1:colcon.colcon_core.package_discovery:discover_packages(ignore) using defaults
[0.586s] Level 1:colcon.colcon_core.package_discovery:discover_packages(path) discover
[0.586s] Level 1:colcon.colcon_core.package_discovery:discover_packages(path) using defaults
[0.621s] Level 1:colcon.colcon_core.package_discovery:discover_packages(prefix_path) check parameters
[0.621s] Level 1:colcon.colcon_core.package_discovery:discover_packages(prefix_path) discover
[0.624s] DEBUG:colcon.colcon_installed_package_information.package_discovery:Found 6 installed packages in /home/raghav/turtlebot4_ws/install
[0.627s] DEBUG:colcon.colcon_installed_package_information.package_discovery:Found 384 installed packages in /opt/ros/humble
[0.631s] Level 1:colcon.colcon_core.package_discovery:discover_packages(prefix_path) using defaults
[0.730s] Level 5:colcon.colcon_core.verb:set package 'empty_shelf_msgs' build argument 'cmake_args' from command line to 'None'
[0.731s] Level 5:colcon.colcon_core.verb:set package 'empty_shelf_msgs' build argument 'cmake_target' from command line to 'None'
[0.731s] Level 5:colcon.colcon_core.verb:set package 'empty_shelf_msgs' build argument 'cmake_target_skip_unavailable' from command line to 'False'
[0.731s] Level 5:colcon.colcon_core.verb:set package 'empty_shelf_msgs' build argument 'cmake_clean_cache' from command line to 'False'
[0.731s] Level 5:colcon.colcon_core.verb:set package 'empty_shelf_msgs' build argument 'cmake_clean_first' from command line to 'False'
[0.731s] Level 5:colcon.colcon_core.verb:set package 'empty_shelf_msgs' build argument 'cmake_force_configure' from command line to 'False'
[0.731s] Level 5:colcon.colcon_core.verb:set package 'empty_shelf_msgs' build argument 'ament_cmake_args' from command line to 'None'
[0.731s] Level 5:colcon.colcon_core.verb:set package 'empty_shelf_msgs' build argument 'catkin_cmake_args' from command line to 'None'
[0.731s] Level 5:colcon.colcon_core.verb:set package 'empty_shelf_msgs' build argument 'catkin_skip_building_tests' from command line to 'False'
[0.731s] DEBUG:colcon.colcon_core.verb:Building package 'empty_shelf_msgs' with the following arguments: {'ament_cmake_args': None, 'build_base': '/home/raghav/turtlebot4_ws/build/empty_shelf_msgs', 'catkin_cmake_args': None, 'catkin_skip_building_tests': False, 'cmake_args': None, 'cmake_clean_cache': False, 'cmake_clean_first': False, 'cmake_force_configure': False, 'cmake_target': None, 'cmake_target_skip_unavailable': False, 'install_base': '/home/raghav/turtlebot4_ws/install/empty_shelf_msgs', 'merge_install': False, 'path': '/home/raghav/turtlebot4_ws/src/empty_shelf_msgs', 'symlink_install': False, 'test_result_base': None}
[0.732s] Level 5:colcon.colcon_core.verb:set package 'turtlebot4_ignition_gui_plugins' build argument 'cmake_args' from command line to 'None'
[0.732s] Level 5:colcon.colcon_core.verb:set package 'turtlebot4_ignition_gui_plugins' build argument 'cmake_target' from command line to 'None'
[0.732s] Level 5:colcon.colcon_core.verb:set package 'turtlebot4_ignition_gui_plugins' build argument 'cmake_target_skip_unavailable' from command line to 'False'
[0.732s] Level 5:colcon.colcon_core.verb:set package 'turtlebot4_ignition_gui_plugins' build argument 'cmake_clean_cache' from command line to 'False'
[0.732s] Level 5:colcon.colcon_core.verb:set package 'turtlebot4_ignition_gui_plugins' build argument 'cmake_clean_first' from command line to 'False'
[0.732s] Level 5:colcon.colcon_core.verb:set package 'turtlebot4_ignition_gui_plugins' build argument 'cmake_force_configure' from command line to 'False'
[0.732s] Level 5:colcon.colcon_core.verb:set package 'turtlebot4_ignition_gui_plugins' build argument 'ament_cmake_args' from command line to 'None'
[0.732s] Level 5:colcon.colcon_core.verb:set package 'turtlebot4_ignition_gui_plugins' build argument 'catkin_cmake_args' from command line to 'None'
[0.732s] Level 5:colcon.colcon_core.verb:set package 'turtlebot4_ignition_gui_plugins' build argument 'catkin_skip_building_tests' from command line to 'False'
[0.732s] DEBUG:colcon.colcon_core.verb:Building package 'turtlebot4_ignition_gui_plugins' with the following arguments: {'ament_cmake_args': None, 'build_base': '/home/raghav/turtlebot4_ws/build/turtlebot4_ignition_gui_plugins', 'catkin_cmake_args': None, 'catkin_skip_building_tests': False, 'cmake_args': None, 'cmake_clean_cache': False, 'cmake_clean_first': False, 'cmake_force_configure': False, 'cmake_target': None, 'cmake_target_skip_unavailable': False, 'install_base': '/home/raghav/turtlebot4_ws/install/turtlebot4_ignition_gui_plugins', 'merge_install': False, 'path': '/home/raghav/turtlebot4_ws/src/turtlebot4_simulator/turtlebot4_ignition_gui_plugins', 'symlink_install': False, 'test_result_base': None}
[0.732s] Level 5:colcon.colcon_core.verb:set package 'turtlebot4_ignition_toolbox' build argument 'cmake_args' from command line to 'None'
[0.733s] Level 5:colcon.colcon_core.verb:set package 'turtlebot4_ignition_toolbox' build argument 'cmake_target' from command line to 'None'
[0.733s] Level 5:colcon.colcon_core.verb:set package 'turtlebot4_ignition_toolbox' build argument 'cmake_target_skip_unavailable' from command line to 'False'
[0.733s] Level 5:colcon.colcon_core.verb:set package 'turtlebot4_ignition_toolbox' build argument 'cmake_clean_cache' from command line to 'False'
[0.733s] Level 5:colcon.colcon_core.verb:set package 'turtlebot4_ignition_toolbox' build argument 'cmake_clean_first' from command line to 'False'
[0.733s] Level 5:colcon.colcon_core.verb:set package 'turtlebot4_ignition_toolbox' build argument 'cmake_force_configure' from command line to 'False'
[0.733s] Level 5:colcon.colcon_core.verb:set package 'turtlebot4_ignition_toolbox' build argument 'ament_cmake_args' from command line to 'None'
[0.733s] Level 5:colcon.colcon_core.verb:set package 'turtlebot4_ignition_toolbox' build argument 'catkin_cmake_args' from command line to 'None'
[0.733s] Level 5:colcon.colcon_core.verb:set package 'turtlebot4_ignition_toolbox' build argument 'catkin_skip_building_tests' from command line to 'False'
[0.733s] DEBUG:colcon.colcon_core.verb:Building package 'turtlebot4_ignition_toolbox' with the following arguments: {'ament_cmake_args': None, 'build_base': '/home/raghav/turtlebot4_ws/build/turtlebot4_ignition_toolbox', 'catkin_cmake_args': None, 'catkin_skip_building_tests': False, 'cmake_args': None, 'cmake_clean_cache': False, 'cmake_clean_first': False, 'cmake_force_configure': False, 'cmake_target': None, 'cmake_target_skip_unavailable': False, 'install_base': '/home/raghav/turtlebot4_ws/install/turtlebot4_ignition_toolbox', 'merge_install': False, 'path': '/home/raghav/turtlebot4_ws/src/turtlebot4_simulator/turtlebot4_ignition_toolbox', 'symlink_install': False, 'test_result_base': None}
[0.733s] Level 5:colcon.colcon_core.verb:set package 'empty_shelf_detector' build argument 'cmake_args' from command line to 'None'
[0.733s] Level 5:colcon.colcon_core.verb:set package 'empty_shelf_detector' build argument 'cmake_target' from command line to 'None'
[0.733s] Level 5:colcon.colcon_core.verb:set package 'empty_shelf_detector' build argument 'cmake_target_skip_unavailable' from command line to 'False'
[0.734s] Level 5:colcon.colcon_core.verb:set package 'empty_shelf_detector' build argument 'cmake_clean_cache' from command line to 'False'
[0.734s] Level 5:colcon.colcon_core.verb:set package 'empty_shelf_detector' build argument 'cmake_clean_first' from command line to 'False'
[0.734s] Level 5:colcon.colcon_core.verb:set package 'empty_shelf_detector' build argument 'cmake_force_configure' from command line to 'False'
[0.734s] Level 5:colcon.colcon_core.verb:set package 'empty_shelf_detector' build argument 'ament_cmake_args' from command line to 'None'
[0.734s] Level 5:colcon.colcon_core.verb:set package 'empty_shelf_detector' build argument 'catkin_cmake_args' from command line to 'None'
[0.734s] Level 5:colcon.colcon_core.verb:set package 'empty_shelf_detector' build argument 'catkin_skip_building_tests' from command line to 'False'
[0.734s] DEBUG:colcon.colcon_core.verb:Building package 'empty_shelf_detector' with the following arguments: {'ament_cmake_args': None, 'build_base': '/home/raghav/turtlebot4_ws/build/empty_shelf_detector', 'catkin_cmake_args': None, 'catkin_skip_building_tests': False, 'cmake_args': None, 'cmake_clean_cache': False, 'cmake_clean_first': False, 'cmake_force_configure': False, 'cmake_target': None, 'cmake_target_skip_unavailable': False, 'install_base': '/home/raghav/turtlebot4_ws/install/empty_shelf_detector', 'merge_install': False, 'path': '/home/raghav/turtlebot4_ws/src/empty_shelf_detector', 'symlink_install': False, 'test_result_base': None}
[0.734s] Level 5:colcon.colcon_core.verb:set package 'turtlebot4_ignition_bringup' build argument 'cmake_args' from command line to 'None'
[0.734s] Level 5:colcon.colcon_core.verb:set package 'turtlebot4_ignition_bringup' build argument 'cmake_target' from command line to 'None'
[0.734s] Level 5:colcon.colcon_core.verb:set package 'turtlebot4_ignition_bringup' build argument 'cmake_target_skip_unavailable' from command line to 'False'
[0.734s] Level 5:colcon.colcon_core.verb:set package 'turtlebot4_ignition_bringup' build argument 'cmake_clean_cache' from command line to 'False'
[0.734s] Level 5:colcon.colcon_core.verb:set package 'turtlebot4_ignition_bringup' build argument 'cmake_clean_first' from command line to 'False'
[0.734s] Level 5:colcon.colcon_core.verb:set package 'turtlebot4_ignition_bringup' build argument 'cmake_force_configure' from command line to 'False'
[0.735s] Level 5:colcon.colcon_core.verb:set package 'turtlebot4_ignition_bringup' build argument 'ament_cmake_args' from command line to 'None'
[0.735s] Level 5:colcon.colcon_core.verb:set package 'turtlebot4_ignition_bringup' build argument 'catkin_cmake_args' from command line to 'None'
[0.735s] Level 5:colcon.colcon_core.verb:set package 'turtlebot4_ignition_bringup' build argument 'catkin_skip_building_tests' from command line to 'False'
[0.735s] DEBUG:colcon.colcon_core.verb:Building package 'turtlebot4_ignition_bringup' with the following arguments: {'ament_cmake_args': None, 'build_base': '/home/raghav/turtlebot4_ws/build/turtlebot4_ignition_bringup', 'catkin_cmake_args': None, 'catkin_skip_building_tests': False, 'cmake_args': None, 'cmake_clean_cache': False, 'cmake_clean_first': False, 'cmake_force_configure': False, 'cmake_target': None, 'cmake_target_skip_unavailable': False, 'install_base': '/home/raghav/turtlebot4_ws/install/turtlebot4_ignition_bringup', 'merge_install': False, 'path': '/home/raghav/turtlebot4_ws/src/turtlebot4_simulator/turtlebot4_ignition_bringup', 'symlink_install': False, 'test_result_base': None}
[0.735s] Level 5:colcon.colcon_core.verb:set package 'turtlebot4_simulator' build argument 'cmake_args' from command line to 'None'
[0.735s] Level 5:colcon.colcon_core.verb:set package 'turtlebot4_simulator' build argument 'cmake_target' from command line to 'None'
[0.735s] Level 5:colcon.colcon_core.verb:set package 'turtlebot4_simulator' build argument 'cmake_target_skip_unavailable' from command line to 'False'
[0.735s] Level 5:colcon.colcon_core.verb:set package 'turtlebot4_simulator' build argument 'cmake_clean_cache' from command line to 'False'
[0.735s] Level 5:colcon.colcon_core.verb:set package 'turtlebot4_simulator' build argument 'cmake_clean_first' from command line to 'False'
[0.735s] Level 5:colcon.colcon_core.verb:set package 'turtlebot4_simulator' build argument 'cmake_force_configure' from command line to 'False'
[0.735s] Level 5:colcon.colcon_core.verb:set package 'turtlebot4_simulator' build argument 'ament_cmake_args' from command line to 'None'
[0.735s] Level 5:colcon.colcon_core.verb:set package 'turtlebot4_simulator' build argument 'catkin_cmake_args' from command line to 'None'
[0.736s] Level 5:colcon.colcon_core.verb:set package 'turtlebot4_simulator' build argument 'catkin_skip_building_tests' from command line to 'False'
[0.736s] DEBUG:colcon.colcon_core.verb:Building package 'turtlebot4_simulator' with the following arguments: {'ament_cmake_args': None, 'build_base': '/home/raghav/turtlebot4_ws/build/turtlebot4_simulator', 'catkin_cmake_args': None, 'catkin_skip_building_tests': False, 'cmake_args': None, 'cmake_clean_cache': False, 'cmake_clean_first': False, 'cmake_force_configure': False, 'cmake_target': None, 'cmake_target_skip_unavailable': False, 'install_base': '/home/raghav/turtlebot4_ws/install/turtlebot4_simulator', 'merge_install': False, 'path': '/home/raghav/turtlebot4_ws/src/turtlebot4_simulator/turtlebot4_simulator', 'symlink_install': False, 'test_result_base': None}
[0.736s] INFO:colcon.colcon_core.executor:Executing jobs using 'parallel' executor
[0.737s] DEBUG:colcon.colcon_parallel_executor.executor.parallel:run_until_complete
[0.738s] INFO:colcon.colcon_ros.task.ament_cmake.build:Building ROS package in '/home/raghav/turtlebot4_ws/src/turtlebot4_simulator/turtlebot4_ignition_gui_plugins' with build type 'ament_cmake'
[0.739s] INFO:colcon.colcon_cmake.task.cmake.build:Building CMake package in '/home/raghav/turtlebot4_ws/src/turtlebot4_simulator/turtlebot4_ignition_gui_plugins'
[0.742s] INFO:colcon.colcon_core.plugin_system:Skipping extension 'colcon_core.shell.bat': Not used on non-Windows systems
[0.743s] INFO:colcon.colcon_core.shell:Skip shell extension 'powershell' for command environment: Not usable outside of PowerShell
[0.743s] DEBUG:colcon.colcon_core.shell:Skip shell extension 'dsv' for command environment
[0.751s] INFO:colcon.colcon_ros.task.ament_cmake.build:Building ROS package in '/home/raghav/turtlebot4_ws/src/turtlebot4_simulator/turtlebot4_ignition_toolbox' with build type 'ament_cmake'
[0.752s] INFO:colcon.colcon_cmake.task.cmake.build:Building CMake package in '/home/raghav/turtlebot4_ws/src/turtlebot4_simulator/turtlebot4_ignition_toolbox'
[0.752s] INFO:colcon.colcon_core.shell:Skip shell extension 'powershell' for command environment: Not usable outside of PowerShell
[0.752s] DEBUG:colcon.colcon_core.shell:Skip shell extension 'dsv' for command environment
[0.761s] INFO:colcon.colcon_ros.task.ament_cmake.build:Building ROS package in '/home/raghav/turtlebot4_ws/src/empty_shelf_msgs' with build type 'ament_cmake'
[0.761s] INFO:colcon.colcon_cmake.task.cmake.build:Building CMake package in '/home/raghav/turtlebot4_ws/src/empty_shelf_msgs'
[0.762s] INFO:colcon.colcon_core.shell:Skip shell extension 'powershell' for command environment: Not usable outside of PowerShell
[0.762s] DEBUG:colcon.colcon_core.shell:Skip shell extension 'dsv' for command environment
[0.779s] DEBUG:colcon.colcon_core.event_handler.log_command:Invoking command in '/home/raghav/turtlebot4_ws/build/turtlebot4_ignition_gui_plugins': CMAKE_PREFIX_PATH=${CMAKE_PREFIX_PATH}:/opt/ros/humble /usr/bin/cmake --build /home/raghav/turtlebot4_ws/build/turtlebot4_ignition_gui_plugins -- -j8 -l8
[0.783s] DEBUG:colcon.colcon_core.event_handler.log_command:Invoking command in '/home/raghav/turtlebot4_ws/build/turtlebot4_ignition_toolbox': CMAKE_PREFIX_PATH=${CMAKE_PREFIX_PATH}:/opt/ros/humble /usr/bin/cmake --build /home/raghav/turtlebot4_ws/build/turtlebot4_ignition_toolbox -- -j8 -l8
[0.792s] DEBUG:colcon.colcon_core.event_handler.log_command:Invoking command in '/home/raghav/turtlebot4_ws/build/empty_shelf_msgs': CMAKE_PREFIX_PATH=${CMAKE_PREFIX_PATH}:/opt/ros/humble /usr/bin/cmake --build /home/raghav/turtlebot4_ws/build/empty_shelf_msgs -- -j8 -l8
[1.019s] DEBUG:colcon.colcon_core.event_handler.log_command:Invoked command in '/home/raghav/turtlebot4_ws/build/turtlebot4_ignition_toolbox' returned '0': CMAKE_PREFIX_PATH=${CMAKE_PREFIX_PATH}:/opt/ros/humble /usr/bin/cmake --build /home/raghav/turtlebot4_ws/build/turtlebot4_ignition_toolbox -- -j8 -l8
[1.045s] DEBUG:colcon.colcon_core.event_handler.log_command:Invoking command in '/home/raghav/turtlebot4_ws/build/turtlebot4_ignition_toolbox': CMAKE_PREFIX_PATH=${CMAKE_PREFIX_PATH}:/opt/ros/humble /usr/bin/cmake --install /home/raghav/turtlebot4_ws/build/turtlebot4_ignition_toolbox
[1.048s] DEBUG:colcon.colcon_core.event_handler.log_command:Invoked command in '/home/raghav/turtlebot4_ws/build/turtlebot4_ignition_gui_plugins' returned '0': CMAKE_PREFIX_PATH=${CMAKE_PREFIX_PATH}:/opt/ros/humble /usr/bin/cmake --build /home/raghav/turtlebot4_ws/build/turtlebot4_ignition_gui_plugins -- -j8 -l8
[1.053s] DEBUG:colcon.colcon_core.event_handler.log_command:Invoking command in '/home/raghav/turtlebot4_ws/build/turtlebot4_ignition_gui_plugins': CMAKE_PREFIX_PATH=${CMAKE_PREFIX_PATH}:/opt/ros/humble /usr/bin/cmake --install /home/raghav/turtlebot4_ws/build/turtlebot4_ignition_gui_plugins
[1.070s] Level 1:colcon.colcon_core.environment:create_environment_scripts_only(turtlebot4_ignition_toolbox)
[1.073s] DEBUG:colcon.colcon_core.event_handler.log_command:Invoked command in '/home/raghav/turtlebot4_ws/build/turtlebot4_ignition_toolbox' returned '0': CMAKE_PREFIX_PATH=${CMAKE_PREFIX_PATH}:/opt/ros/humble /usr/bin/cmake --install /home/raghav/turtlebot4_ws/build/turtlebot4_ignition_toolbox
[1.078s] Level 1:colcon.colcon_core.environment:checking '/home/raghav/turtlebot4_ws/install/turtlebot4_ignition_toolbox' for CMake module files
[1.078s] Level 1:colcon.colcon_core.environment:checking '/home/raghav/turtlebot4_ws/install/turtlebot4_ignition_toolbox' for CMake config files
[1.079s] Level 1:colcon.colcon_core.shell:create_environment_hook('turtlebot4_ignition_toolbox', 'cmake_prefix_path')
[1.080s] INFO:colcon.colcon_core.shell:Creating environment hook '/home/raghav/turtlebot4_ws/install/turtlebot4_ignition_toolbox/share/turtlebot4_ignition_toolbox/hook/cmake_prefix_path.ps1'
[1.081s] INFO:colcon.colcon_core.shell:Creating environment descriptor '/home/raghav/turtlebot4_ws/install/turtlebot4_ignition_toolbox/share/turtlebot4_ignition_toolbox/hook/cmake_prefix_path.dsv'
[1.082s] INFO:colcon.colcon_core.shell:Creating environment hook '/home/raghav/turtlebot4_ws/install/turtlebot4_ignition_toolbox/share/turtlebot4_ignition_toolbox/hook/cmake_prefix_path.sh'
[1.084s] Level 1:colcon.colcon_core.environment:checking '/home/raghav/turtlebot4_ws/install/turtlebot4_ignition_toolbox/lib'
[1.084s] Level 1:colcon.colcon_core.environment:checking '/home/raghav/turtlebot4_ws/install/turtlebot4_ignition_toolbox/bin'
[1.085s] Level 1:colcon.colcon_core.environment:checking '/home/raghav/turtlebot4_ws/install/turtlebot4_ignition_toolbox/lib/pkgconfig/turtlebot4_ignition_toolbox.pc'
[1.085s] Level 1:colcon.colcon_core.environment:checking '/home/raghav/turtlebot4_ws/install/turtlebot4_ignition_toolbox/lib/python3.10/site-packages'
[1.086s] Level 1:colcon.colcon_core.environment:checking '/home/raghav/turtlebot4_ws/install/turtlebot4_ignition_toolbox/bin'
[1.086s] INFO:colcon.colcon_core.shell:Creating package script '/home/raghav/turtlebot4_ws/install/turtlebot4_ignition_toolbox/share/turtlebot4_ignition_toolbox/package.ps1'
[1.088s] INFO:colcon.colcon_core.shell:Creating package descriptor '/home/raghav/turtlebot4_ws/install/turtlebot4_ignition_toolbox/share/turtlebot4_ignition_toolbox/package.dsv'
[1.089s] INFO:colcon.colcon_core.shell:Creating package script '/home/raghav/turtlebot4_ws/install/turtlebot4_ignition_toolbox/share/turtlebot4_ignition_toolbox/package.sh'
[1.090s] INFO:colcon.colcon_core.shell:Creating package script '/home/raghav/turtlebot4_ws/install/turtlebot4_ignition_toolbox/share/turtlebot4_ignition_toolbox/package.bash'
[1.092s] INFO:colcon.colcon_core.shell:Creating package script '/home/raghav/turtlebot4_ws/install/turtlebot4_ignition_toolbox/share/turtlebot4_ignition_toolbox/package.zsh'
[1.094s] Level 1:colcon.colcon_core.environment:create_file_with_runtime_dependencies(/home/raghav/turtlebot4_ws/install/turtlebot4_ignition_toolbox/share/colcon-core/packages/turtlebot4_ignition_toolbox)
[1.095s] Level 1:colcon.colcon_core.environment:create_environment_scripts_only(turtlebot4_ignition_toolbox)
[1.096s] Level 1:colcon.colcon_core.environment:checking '/home/raghav/turtlebot4_ws/install/turtlebot4_ignition_toolbox' for CMake module files
[1.096s] Level 1:colcon.colcon_core.environment:checking '/home/raghav/turtlebot4_ws/install/turtlebot4_ignition_toolbox' for CMake config files
[1.097s] Level 1:colcon.colcon_core.shell:create_environment_hook('turtlebot4_ignition_toolbox', 'cmake_prefix_path')
[1.097s] INFO:colcon.colcon_core.shell:Creating environment hook '/home/raghav/turtlebot4_ws/install/turtlebot4_ignition_toolbox/share/turtlebot4_ignition_toolbox/hook/cmake_prefix_path.ps1'
[1.098s] INFO:colcon.colcon_core.shell:Creating environment descriptor '/home/raghav/turtlebot4_ws/install/turtlebot4_ignition_toolbox/share/turtlebot4_ignition_toolbox/hook/cmake_prefix_path.dsv'
[1.099s] INFO:colcon.colcon_core.shell:Creating environment hook '/home/raghav/turtlebot4_ws/install/turtlebot4_ignition_toolbox/share/turtlebot4_ignition_toolbox/hook/cmake_prefix_path.sh'
[1.100s] Level 1:colcon.colcon_core.environment:checking '/home/raghav/turtlebot4_ws/install/turtlebot4_ignition_toolbox/lib'
[1.100s] Level 1:colcon.colcon_core.environment:checking '/home/raghav/turtlebot4_ws/install/turtlebot4_ignition_toolbox/bin'
[1.100s] Level 1:colcon.colcon_core.environment:checking '/home/raghav/turtlebot4_ws/install/turtlebot4_ignition_toolbox/lib/pkgconfig/turtlebot4_ignition_toolbox.pc'
[1.100s] Level 1:colcon.colcon_core.environment:checking '/home/raghav/turtlebot4_ws/install/turtlebot4_ignition_toolbox/lib/python3.10/site-packages'
[1.101s] Level 1:colcon.colcon_core.environment:checking '/home/raghav/turtlebot4_ws/install/turtlebot4_ignition_toolbox/bin'
[1.101s] INFO:colcon.colcon_core.shell:Creating package script '/home/raghav/turtlebot4_ws/install/turtlebot4_ignition_toolbox/share/turtlebot4_ignition_toolbox/package.ps1'
[1.103s] INFO:colcon.colcon_core.shell:Creating package descriptor '/home/raghav/turtlebot4_ws/install/turtlebot4_ignition_toolbox/share/turtlebot4_ignition_toolbox/package.dsv'
[1.104s] INFO:colcon.colcon_core.shell:Creating package script '/home/raghav/turtlebot4_ws/install/turtlebot4_ignition_toolbox/share/turtlebot4_ignition_toolbox/package.sh'
[1.106s] INFO:colcon.colcon_core.shell:Creating package script '/home/raghav/turtlebot4_ws/install/turtlebot4_ignition_toolbox/share/turtlebot4_ignition_toolbox/package.bash'
[1.107s] INFO:colcon.colcon_core.shell:Creating package script '/home/raghav/turtlebot4_ws/install/turtlebot4_ignition_toolbox/share/turtlebot4_ignition_toolbox/package.zsh'
[1.108s] Level 1:colcon.colcon_core.environment:create_file_with_runtime_dependencies(/home/raghav/turtlebot4_ws/install/turtlebot4_ignition_toolbox/share/colcon-core/packages/turtlebot4_ignition_toolbox)
[1.114s] Level 1:colcon.colcon_core.environment:create_environment_scripts_only(turtlebot4_ignition_gui_plugins)
[1.116s] Level 1:colcon.colcon_core.environment:checking '/home/raghav/turtlebot4_ws/install/turtlebot4_ignition_gui_plugins' for CMake module files
[1.116s] DEBUG:colcon.colcon_core.event_handler.log_command:Invoked command in '/home/raghav/turtlebot4_ws/build/turtlebot4_ignition_gui_plugins' returned '0': CMAKE_PREFIX_PATH=${CMAKE_PREFIX_PATH}:/opt/ros/humble /usr/bin/cmake --install /home/raghav/turtlebot4_ws/build/turtlebot4_ignition_gui_plugins
[1.117s] Level 1:colcon.colcon_core.environment:checking '/home/raghav/turtlebot4_ws/install/turtlebot4_ignition_gui_plugins' for CMake config files
[1.118s] Level 1:colcon.colcon_core.shell:create_environment_hook('turtlebot4_ignition_gui_plugins', 'cmake_prefix_path')
[1.118s] INFO:colcon.colcon_core.shell:Creating environment hook '/home/raghav/turtlebot4_ws/install/turtlebot4_ignition_gui_plugins/share/turtlebot4_ignition_gui_plugins/hook/cmake_prefix_path.ps1'
[1.120s] INFO:colcon.colcon_core.shell:Creating environment descriptor '/home/raghav/turtlebot4_ws/install/turtlebot4_ignition_gui_plugins/share/turtlebot4_ignition_gui_plugins/hook/cmake_prefix_path.dsv'
[1.121s] INFO:colcon.colcon_core.shell:Creating environment hook '/home/raghav/turtlebot4_ws/install/turtlebot4_ignition_gui_plugins/share/turtlebot4_ignition_gui_plugins/hook/cmake_prefix_path.sh'
[1.123s] Level 1:colcon.colcon_core.environment:checking '/home/raghav/turtlebot4_ws/install/turtlebot4_ignition_gui_plugins/bin'
[1.123s] Level 1:colcon.colcon_core.environment:checking '/home/raghav/turtlebot4_ws/install/turtlebot4_ignition_gui_plugins/lib/pkgconfig/turtlebot4_ignition_gui_plugins.pc'
[1.124s] Level 1:colcon.colcon_core.environment:checking '/home/raghav/turtlebot4_ws/install/turtlebot4_ignition_gui_plugins/lib/python3.10/site-packages'
[1.124s] Level 1:colcon.colcon_core.environment:checking '/home/raghav/turtlebot4_ws/install/turtlebot4_ignition_gui_plugins/bin'
[1.125s] INFO:colcon.colcon_core.shell:Creating package script '/home/raghav/turtlebot4_ws/install/turtlebot4_ignition_gui_plugins/share/turtlebot4_ignition_gui_plugins/package.ps1'
[1.126s] INFO:colcon.colcon_core.shell:Creating package descriptor '/home/raghav/turtlebot4_ws/install/turtlebot4_ignition_gui_plugins/share/turtlebot4_ignition_gui_plugins/package.dsv'
[1.127s] INFO:colcon.colcon_core.shell:Creating package script '/home/raghav/turtlebot4_ws/install/turtlebot4_ignition_gui_plugins/share/turtlebot4_ignition_gui_plugins/package.sh'
[1.128s] INFO:colcon.colcon_core.shell:Creating package script '/home/raghav/turtlebot4_ws/install/turtlebot4_ignition_gui_plugins/share/turtlebot4_ignition_gui_plugins/package.bash'
[1.130s] INFO:colcon.colcon_core.shell:Creating package script '/home/raghav/turtlebot4_ws/install/turtlebot4_ignition_gui_plugins/share/turtlebot4_ignition_gui_plugins/package.zsh'
[1.131s] Level 1:colcon.colcon_core.environment:create_file_with_runtime_dependencies(/home/raghav/turtlebot4_ws/install/turtlebot4_ignition_gui_plugins/share/colcon-core/packages/turtlebot4_ignition_gui_plugins)
[1.132s] Level 1:colcon.colcon_core.environment:create_environment_scripts_only(turtlebot4_ignition_gui_plugins)
[1.132s] Level 1:colcon.colcon_core.environment:checking '/home/raghav/turtlebot4_ws/install/turtlebot4_ignition_gui_plugins' for CMake module files
[1.133s] Level 1:colcon.colcon_core.environment:checking '/home/raghav/turtlebot4_ws/install/turtlebot4_ignition_gui_plugins' for CMake config files
[1.133s] Level 1:colcon.colcon_core.shell:create_environment_hook('turtlebot4_ignition_gui_plugins', 'cmake_prefix_path')
[1.134s] INFO:colcon.colcon_core.shell:Creating environment hook '/home/raghav/turtlebot4_ws/install/turtlebot4_ignition_gui_plugins/share/turtlebot4_ignition_gui_plugins/hook/cmake_prefix_path.ps1'
[1.135s] INFO:colcon.colcon_core.shell:Creating environment descriptor '/home/raghav/turtlebot4_ws/install/turtlebot4_ignition_gui_plugins/share/turtlebot4_ignition_gui_plugins/hook/cmake_prefix_path.dsv'
[1.136s] INFO:colcon.colcon_core.shell:Creating environment hook '/home/raghav/turtlebot4_ws/install/turtlebot4_ignition_gui_plugins/share/turtlebot4_ignition_gui_plugins/hook/cmake_prefix_path.sh'
[1.137s] Level 1:colcon.colcon_core.environment:checking '/home/raghav/turtlebot4_ws/install/turtlebot4_ignition_gui_plugins/bin'
[1.137s] Level 1:colcon.colcon_core.environment:checking '/home/raghav/turtlebot4_ws/install/turtlebot4_ignition_gui_plugins/lib/pkgconfig/turtlebot4_ignition_gui_plugins.pc'
[1.138s] Level 1:colcon.colcon_core.environment:checking '/home/raghav/turtlebot4_ws/install/turtlebot4_ignition_gui_plugins/lib/python3.10/site-packages'
[1.138s] Level 1:colcon.colcon_core.environment:checking '/home/raghav/turtlebot4_ws/install/turtlebot4_ignition_gui_plugins/bin'
[1.138s] INFO:colcon.colcon_core.shell:Creating package script '/home/raghav/turtlebot4_ws/install/turtlebot4_ignition_gui_plugins/share/turtlebot4_ignition_gui_plugins/package.ps1'
[1.139s] INFO:colcon.colcon_core.shell:Creating package descriptor '/home/raghav/turtlebot4_ws/install/turtlebot4_ignition_gui_plugins/share/turtlebot4_ignition_gui_plugins/package.dsv'
[1.141s] INFO:colcon.colcon_core.shell:Creating package script '/home/raghav/turtlebot4_ws/install/turtlebot4_ignition_gui_plugins/share/turtlebot4_ignition_gui_plugins/package.sh'
[1.142s] INFO:colcon.colcon_core.shell:Creating package script '/home/raghav/turtlebot4_ws/install/turtlebot4_ignition_gui_plugins/share/turtlebot4_ignition_gui_plugins/package.bash'
[1.142s] INFO:colcon.colcon_core.shell:Creating package script '/home/raghav/turtlebot4_ws/install/turtlebot4_ignition_gui_plugins/share/turtlebot4_ignition_gui_plugins/package.zsh'
[1.143s] Level 1:colcon.colcon_core.environment:create_file_with_runtime_dependencies(/home/raghav/turtlebot4_ws/install/turtlebot4_ignition_gui_plugins/share/colcon-core/packages/turtlebot4_ignition_gui_plugins)
[1.144s] INFO:colcon.colcon_ros.task.ament_cmake.build:Building ROS package in '/home/raghav/turtlebot4_ws/src/turtlebot4_simulator/turtlebot4_ignition_bringup' with build type 'ament_cmake'
[1.144s] INFO:colcon.colcon_cmake.task.cmake.build:Building CMake package in '/home/raghav/turtlebot4_ws/src/turtlebot4_simulator/turtlebot4_ignition_bringup'
[1.145s] INFO:colcon.colcon_core.shell:Skip shell extension 'powershell' for command environment: Not usable outside of PowerShell
[1.145s] DEBUG:colcon.colcon_core.shell:Skip shell extension 'dsv' for command environment
[1.163s] DEBUG:colcon.colcon_core.event_handler.log_command:Invoking command in '/home/raghav/turtlebot4_ws/build/turtlebot4_ignition_bringup': CMAKE_PREFIX_PATH=/home/raghav/turtlebot4_ws/install/turtlebot4_ignition_toolbox:/home/raghav/turtlebot4_ws/install/turtlebot4_ignition_gui_plugins:/home/raghav/turtlebot4_ws/install/empty_shelf_detector:/home/raghav/turtlebot4_ws/install/empty_shelf_msgs:/home/raghav/turtlebot4_ws/install/turtlebot4_simulator:/home/raghav/turtlebot4_ws/install/turtlebot4_ignition_bringup:/opt/ros/humble /usr/bin/cmake --build /home/raghav/turtlebot4_ws/build/turtlebot4_ignition_bringup -- -j8 -l8
[1.230s] DEBUG:colcon.colcon_core.event_handler.log_command:Invoked command in '/home/raghav/turtlebot4_ws/build/turtlebot4_ignition_bringup' returned '0': CMAKE_PREFIX_PATH=/home/raghav/turtlebot4_ws/install/turtlebot4_ignition_toolbox:/home/raghav/turtlebot4_ws/install/turtlebot4_ignition_gui_plugins:/home/raghav/turtlebot4_ws/install/empty_shelf_detector:/home/raghav/turtlebot4_ws/install/empty_shelf_msgs:/home/raghav/turtlebot4_ws/install/turtlebot4_simulator:/home/raghav/turtlebot4_ws/install/turtlebot4_ignition_bringup:/opt/ros/humble /usr/bin/cmake --build /home/raghav/turtlebot4_ws/build/turtlebot4_ignition_bringup -- -j8 -l8
[1.233s] DEBUG:colcon.colcon_core.event_handler.log_command:Invoking command in '/home/raghav/turtlebot4_ws/build/turtlebot4_ignition_bringup': CMAKE_PREFIX_PATH=/home/raghav/turtlebot4_ws/install/turtlebot4_ignition_toolbox:/home/raghav/turtlebot4_ws/install/turtlebot4_ignition_gui_plugins:/home/raghav/turtlebot4_ws/install/empty_shelf_detector:/home/raghav/turtlebot4_ws/install/empty_shelf_msgs:/home/raghav/turtlebot4_ws/install/turtlebot4_simulator:/home/raghav/turtlebot4_ws/install/turtlebot4_ignition_bringup:/opt/ros/humble /usr/bin/cmake --install /home/raghav/turtlebot4_ws/build/turtlebot4_ignition_bringup
[1.249s] Level 1:colcon.colcon_core.environment:create_environment_scripts_only(turtlebot4_ignition_bringup)
[1.250s] Level 1:colcon.colcon_core.environment:checking '/home/raghav/turtlebot4_ws/install/turtlebot4_ignition_bringup' for CMake module files
[1.250s] DEBUG:colcon.colcon_core.event_handler.log_command:Invoked command in '/home/raghav/turtlebot4_ws/build/turtlebot4_ignition_bringup' returned '0': CMAKE_PREFIX_PATH=/home/raghav/turtlebot4_ws/install/turtlebot4_ignition_toolbox:/home/raghav/turtlebot4_ws/install/turtlebot4_ignition_gui_plugins:/home/raghav/turtlebot4_ws/install/empty_shelf_detector:/home/raghav/turtlebot4_ws/install/empty_shelf_msgs:/home/raghav/turtlebot4_ws/install/turtlebot4_simulator:/home/raghav/turtlebot4_ws/install/turtlebot4_ignition_bringup:/opt/ros/humble /usr/bin/cmake --install /home/raghav/turtlebot4_ws/build/turtlebot4_ignition_bringup
[1.251s] Level 1:colcon.colcon_core.environment:checking '/home/raghav/turtlebot4_ws/install/turtlebot4_ignition_bringup' for CMake config files
[1.251s] Level 1:colcon.colcon_core.shell:create_environment_hook('turtlebot4_ignition_bringup', 'cmake_prefix_path')
[1.251s] INFO:colcon.colcon_core.shell:Creating environment hook '/home/raghav/turtlebot4_ws/install/turtlebot4_ignition_bringup/share/turtlebot4_ignition_bringup/hook/cmake_prefix_path.ps1'
[1.252s] INFO:colcon.colcon_core.shell:Creating environment descriptor '/home/raghav/turtlebot4_ws/install/turtlebot4_ignition_bringup/share/turtlebot4_ignition_bringup/hook/cmake_prefix_path.dsv'
[1.253s] INFO:colcon.colcon_core.shell:Creating environment hook '/home/raghav/turtlebot4_ws/install/turtlebot4_ignition_bringup/share/turtlebot4_ignition_bringup/hook/cmake_prefix_path.sh'
[1.253s] Level 1:colcon.colcon_core.environment:checking '/home/raghav/turtlebot4_ws/install/turtlebot4_ignition_bringup/bin'
[1.253s] Level 1:colcon.colcon_core.environment:checking '/home/raghav/turtlebot4_ws/install/turtlebot4_ignition_bringup/lib/pkgconfig/turtlebot4_ignition_bringup.pc'
[1.254s] Level 1:colcon.colcon_core.environment:checking '/home/raghav/turtlebot4_ws/install/turtlebot4_ignition_bringup/lib/python3.10/site-packages'
[1.254s] Level 1:colcon.colcon_core.environment:checking '/home/raghav/turtlebot4_ws/install/turtlebot4_ignition_bringup/bin'
[1.254s] INFO:colcon.colcon_core.shell:Creating package script '/home/raghav/turtlebot4_ws/install/turtlebot4_ignition_bringup/share/turtlebot4_ignition_bringup/package.ps1'
[1.255s] INFO:colcon.colcon_core.shell:Creating package descriptor '/home/raghav/turtlebot4_ws/install/turtlebot4_ignition_bringup/share/turtlebot4_ignition_bringup/package.dsv'
[1.255s] INFO:colcon.colcon_core.shell:Creating package script '/home/raghav/turtlebot4_ws/install/turtlebot4_ignition_bringup/share/turtlebot4_ignition_bringup/package.sh'
[1.256s] INFO:colcon.colcon_core.shell:Creating package script '/home/raghav/turtlebot4_ws/install/turtlebot4_ignition_bringup/share/turtlebot4_ignition_bringup/package.bash'
[1.256s] INFO:colcon.colcon_core.shell:Creating package script '/home/raghav/turtlebot4_ws/install/turtlebot4_ignition_bringup/share/turtlebot4_ignition_bringup/package.zsh'
[1.257s] Level 1:colcon.colcon_core.environment:create_file_with_runtime_dependencies(/home/raghav/turtlebot4_ws/install/turtlebot4_ignition_bringup/share/colcon-core/packages/turtlebot4_ignition_bringup)
[1.258s] Level 1:colcon.colcon_core.environment:create_environment_scripts_only(turtlebot4_ignition_bringup)
[1.258s] Level 1:colcon.colcon_core.environment:checking '/home/raghav/turtlebot4_ws/install/turtlebot4_ignition_bringup' for CMake module files
[1.258s] Level 1:colcon.colcon_core.environment:checking '/home/raghav/turtlebot4_ws/install/turtlebot4_ignition_bringup' for CMake config files
[1.259s] Level 1:colcon.colcon_core.shell:create_environment_hook('turtlebot4_ignition_bringup', 'cmake_prefix_path')
[1.259s] INFO:colcon.colcon_core.shell:Creating environment hook '/home/raghav/turtlebot4_ws/install/turtlebot4_ignition_bringup/share/turtlebot4_ignition_bringup/hook/cmake_prefix_path.ps1'
[1.260s] INFO:colcon.colcon_core.shell:Creating environment descriptor '/home/raghav/turtlebot4_ws/install/turtlebot4_ignition_bringup/share/turtlebot4_ignition_bringup/hook/cmake_prefix_path.dsv'
[1.261s] INFO:colcon.colcon_core.shell:Creating environment hook '/home/raghav/turtlebot4_ws/install/turtlebot4_ignition_bringup/share/turtlebot4_ignition_bringup/hook/cmake_prefix_path.sh'
[1.262s] Level 1:colcon.colcon_core.environment:checking '/home/raghav/turtlebot4_ws/install/turtlebot4_ignition_bringup/bin'
[1.262s] Level 1:colcon.colcon_core.environment:checking '/home/raghav/turtlebot4_ws/install/turtlebot4_ignition_bringup/lib/pkgconfig/turtlebot4_ignition_bringup.pc'
[1.262s] Level 1:colcon.colcon_core.environment:checking '/home/raghav/turtlebot4_ws/install/turtlebot4_ignition_bringup/lib/python3.10/site-packages'
[1.262s] Level 1:colcon.colcon_core.environment:checking '/home/raghav/turtlebot4_ws/install/turtlebot4_ignition_bringup/bin'
[1.263s] INFO:colcon.colcon_core.shell:Creating package script '/home/raghav/turtlebot4_ws/install/turtlebot4_ignition_bringup/share/turtlebot4_ignition_bringup/package.ps1'
[1.264s] INFO:colcon.colcon_core.shell:Creating package descriptor '/home/raghav/turtlebot4_ws/install/turtlebot4_ignition_bringup/share/turtlebot4_ignition_bringup/package.dsv'
[1.264s] INFO:colcon.colcon_core.shell:Creating package script '/home/raghav/turtlebot4_ws/install/turtlebot4_ignition_bringup/share/turtlebot4_ignition_bringup/package.sh'
[1.265s] INFO:colcon.colcon_core.shell:Creating package script '/home/raghav/turtlebot4_ws/install/turtlebot4_ignition_bringup/share/turtlebot4_ignition_bringup/package.bash'
[1.267s] INFO:colcon.colcon_core.shell:Creating package script '/home/raghav/turtlebot4_ws/install/turtlebot4_ignition_bringup/share/turtlebot4_ignition_bringup/package.zsh'
[1.268s] Level 1:colcon.colcon_core.environment:create_file_with_runtime_dependencies(/home/raghav/turtlebot4_ws/install/turtlebot4_ignition_bringup/share/colcon-core/packages/turtlebot4_ignition_bringup)
[1.269s] INFO:colcon.colcon_ros.task.ament_cmake.build:Building ROS package in '/home/raghav/turtlebot4_ws/src/turtlebot4_simulator/turtlebot4_simulator' with build type 'ament_cmake'
[1.269s] INFO:colcon.colcon_cmake.task.cmake.build:Building CMake package in '/home/raghav/turtlebot4_ws/src/turtlebot4_simulator/turtlebot4_simulator'
[1.269s] INFO:colcon.colcon_core.shell:Skip shell extension 'powershell' for command environment: Not usable outside of PowerShell
[1.269s] DEBUG:colcon.colcon_core.shell:Skip shell extension 'dsv' for command environment
[1.287s] DEBUG:colcon.colcon_core.event_handler.log_command:Invoking command in '/home/raghav/turtlebot4_ws/build/turtlebot4_simulator': CMAKE_PREFIX_PATH=/home/raghav/turtlebot4_ws/install/turtlebot4_ignition_bringup:/home/raghav/turtlebot4_ws/install/turtlebot4_ignition_toolbox:/home/raghav/turtlebot4_ws/install/turtlebot4_ignition_gui_plugins:/home/raghav/turtlebot4_ws/install/empty_shelf_detector:/home/raghav/turtlebot4_ws/install/empty_shelf_msgs:/home/raghav/turtlebot4_ws/install/turtlebot4_simulator:/opt/ros/humble /usr/bin/cmake --build /home/raghav/turtlebot4_ws/build/turtlebot4_simulator -- -j8 -l8
[1.351s] DEBUG:colcon.colcon_core.event_handler.log_command:Invoked command in '/home/raghav/turtlebot4_ws/build/turtlebot4_simulator' returned '0': CMAKE_PREFIX_PATH=/home/raghav/turtlebot4_ws/install/turtlebot4_ignition_bringup:/home/raghav/turtlebot4_ws/install/turtlebot4_ignition_toolbox:/home/raghav/turtlebot4_ws/install/turtlebot4_ignition_gui_plugins:/home/raghav/turtlebot4_ws/install/empty_shelf_detector:/home/raghav/turtlebot4_ws/install/empty_shelf_msgs:/home/raghav/turtlebot4_ws/install/turtlebot4_simulator:/opt/ros/humble /usr/bin/cmake --build /home/raghav/turtlebot4_ws/build/turtlebot4_simulator -- -j8 -l8
[1.355s] DEBUG:colcon.colcon_core.event_handler.log_command:Invoking command in '/home/raghav/turtlebot4_ws/build/turtlebot4_simulator': CMAKE_PREFIX_PATH=/home/raghav/turtlebot4_ws/install/turtlebot4_ignition_bringup:/home/raghav/turtlebot4_ws/install/turtlebot4_ignition_toolbox:/home/raghav/turtlebot4_ws/install/turtlebot4_ignition_gui_plugins:/home/raghav/turtlebot4_ws/install/empty_shelf_detector:/home/raghav/turtlebot4_ws/install/empty_shelf_msgs:/home/raghav/turtlebot4_ws/install/turtlebot4_simulator:/opt/ros/humble /usr/bin/cmake --install /home/raghav/turtlebot4_ws/build/turtlebot4_simulator
[1.370s] Level 1:colcon.colcon_core.environment:create_environment_scripts_only(turtlebot4_simulator)
[1.370s] Level 1:colcon.colcon_core.environment:checking '/home/raghav/turtlebot4_ws/install/turtlebot4_simulator' for CMake module files
[1.371s] DEBUG:colcon.colcon_core.event_handler.log_command:Invoked command in '/home/raghav/turtlebot4_ws/build/turtlebot4_simulator' returned '0': CMAKE_PREFIX_PATH=/home/raghav/turtlebot4_ws/install/turtlebot4_ignition_bringup:/home/raghav/turtlebot4_ws/install/turtlebot4_ignition_toolbox:/home/raghav/turtlebot4_ws/install/turtlebot4_ignition_gui_plugins:/home/raghav/turtlebot4_ws/install/empty_shelf_detector:/home/raghav/turtlebot4_ws/install/empty_shelf_msgs:/home/raghav/turtlebot4_ws/install/turtlebot4_simulator:/opt/ros/humble /usr/bin/cmake --install /home/raghav/turtlebot4_ws/build/turtlebot4_simulator
[1.372s] Level 1:colcon.colcon_core.environment:checking '/home/raghav/turtlebot4_ws/install/turtlebot4_simulator' for CMake config files
[1.372s] Level 1:colcon.colcon_core.shell:create_environment_hook('turtlebot4_simulator', 'cmake_prefix_path')
[1.372s] INFO:colcon.colcon_core.shell:Creating environment hook '/home/raghav/turtlebot4_ws/install/turtlebot4_simulator/share/turtlebot4_simulator/hook/cmake_prefix_path.ps1'
[1.373s] INFO:colcon.colcon_core.shell:Creating environment descriptor '/home/raghav/turtlebot4_ws/install/turtlebot4_simulator/share/turtlebot4_simulator/hook/cmake_prefix_path.dsv'
[1.374s] INFO:colcon.colcon_core.shell:Creating environment hook '/home/raghav/turtlebot4_ws/install/turtlebot4_simulator/share/turtlebot4_simulator/hook/cmake_prefix_path.sh'
[1.375s] Level 1:colcon.colcon_core.environment:checking '/home/raghav/turtlebot4_ws/install/turtlebot4_simulator/bin'
[1.375s] Level 1:colcon.colcon_core.environment:checking '/home/raghav/turtlebot4_ws/install/turtlebot4_simulator/lib/pkgconfig/turtlebot4_simulator.pc'
[1.375s] Level 1:colcon.colcon_core.environment:checking '/home/raghav/turtlebot4_ws/install/turtlebot4_simulator/lib/python3.10/site-packages'
[1.376s] Level 1:colcon.colcon_core.environment:checking '/home/raghav/turtlebot4_ws/install/turtlebot4_simulator/bin'
[1.376s] INFO:colcon.colcon_core.shell:Creating package script '/home/raghav/turtlebot4_ws/install/turtlebot4_simulator/share/turtlebot4_simulator/package.ps1'
[1.377s] INFO:colcon.colcon_core.shell:Creating package descriptor '/home/raghav/turtlebot4_ws/install/turtlebot4_simulator/share/turtlebot4_simulator/package.dsv'
[1.378s] INFO:colcon.colcon_core.shell:Creating package script '/home/raghav/turtlebot4_ws/install/turtlebot4_simulator/share/turtlebot4_simulator/package.sh'
[1.379s] INFO:colcon.colcon_core.shell:Creating package script '/home/raghav/turtlebot4_ws/install/turtlebot4_simulator/share/turtlebot4_simulator/package.bash'
[1.379s] INFO:colcon.colcon_core.shell:Creating package script '/home/raghav/turtlebot4_ws/install/turtlebot4_simulator/share/turtlebot4_simulator/package.zsh'
[1.380s] Level 1:colcon.colcon_core.environment:create_file_with_runtime_dependencies(/home/raghav/turtlebot4_ws/install/turtlebot4_simulator/share/colcon-core/packages/turtlebot4_simulator)
[1.380s] Level 1:colcon.colcon_core.environment:create_environment_scripts_only(turtlebot4_simulator)
[1.381s] Level 1:colcon.colcon_core.environment:checking '/home/raghav/turtlebot4_ws/install/turtlebot4_simulator' for CMake module files
[1.381s] Level 1:colcon.colcon_core.environment:checking '/home/raghav/turtlebot4_ws/install/turtlebot4_simulator' for CMake config files
[1.382s] Level 1:colcon.colcon_core.shell:create_environment_hook('turtlebot4_simulator', 'cmake_prefix_path')
[1.382s] INFO:colcon.colcon_core.shell:Creating environment hook '/home/raghav/turtlebot4_ws/install/turtlebot4_simulator/share/turtlebot4_simulator/hook/cmake_prefix_path.ps1'
[1.383s] INFO:colcon.colcon_core.shell:Creating environment descriptor '/home/raghav/turtlebot4_ws/install/turtlebot4_simulator/share/turtlebot4_simulator/hook/cmake_prefix_path.dsv'
[1.383s] INFO:colcon.colcon_core.shell:Creating environment hook '/home/raghav/turtlebot4_ws/install/turtlebot4_simulator/share/turtlebot4_simulator/hook/cmake_prefix_path.sh'
[1.384s] Level 1:colcon.colcon_core.environment:checking '/home/raghav/turtlebot4_ws/install/turtlebot4_simulator/bin'
[1.384s] Level 1:colcon.colcon_core.environment:checking '/home/raghav/turtlebot4_ws/install/turtlebot4_simulator/lib/pkgconfig/turtlebot4_simulator.pc'
[1.384s] Level 1:colcon.colcon_core.environment:checking '/home/raghav/turtlebot4_ws/install/turtlebot4_simulator/lib/python3.10/site-packages'
[1.385s] Level 1:colcon.colcon_core.environment:checking '/home/raghav/turtlebot4_ws/install/turtlebot4_simulator/bin'
[1.385s] INFO:colcon.colcon_core.shell:Creating package script '/home/raghav/turtlebot4_ws/install/turtlebot4_simulator/share/turtlebot4_simulator/package.ps1'
[1.386s] INFO:colcon.colcon_core.shell:Creating package descriptor '/home/raghav/turtlebot4_ws/install/turtlebot4_simulator/share/turtlebot4_simulator/package.dsv'
[1.387s] INFO:colcon.colcon_core.shell:Creating package script '/home/raghav/turtlebot4_ws/install/turtlebot4_simulator/share/turtlebot4_simulator/package.sh'
[1.387s] INFO:colcon.colcon_core.shell:Creating package script '/home/raghav/turtlebot4_ws/install/turtlebot4_simulator/share/turtlebot4_simulator/package.bash'
[1.388s] INFO:colcon.colcon_core.shell:Creating package script '/home/raghav/turtlebot4_ws/install/turtlebot4_simulator/share/turtlebot4_simulator/package.zsh'
[1.389s] Level 1:colcon.colcon_core.environment:create_file_with_runtime_dependencies(/home/raghav/turtlebot4_ws/install/turtlebot4_simulator/share/colcon-core/packages/turtlebot4_simulator)
[1.511s] DEBUG:colcon.colcon_core.event_handler.log_command:Invoked command in '/home/raghav/turtlebot4_ws/build/empty_shelf_msgs' returned '0': CMAKE_PREFIX_PATH=${CMAKE_PREFIX_PATH}:/opt/ros/humble /usr/bin/cmake --build /home/raghav/turtlebot4_ws/build/empty_shelf_msgs -- -j8 -l8
[1.514s] DEBUG:colcon.colcon_core.event_handler.log_command:Invoking command in '/home/raghav/turtlebot4_ws/build/empty_shelf_msgs': CMAKE_PREFIX_PATH=${CMAKE_PREFIX_PATH}:/opt/ros/humble /usr/bin/cmake --install /home/raghav/turtlebot4_ws/build/empty_shelf_msgs
[1.613s] Level 1:colcon.colcon_core.environment:create_environment_scripts_only(empty_shelf_msgs)
[1.614s] Level 1:colcon.colcon_core.environment:checking '/home/raghav/turtlebot4_ws/install/empty_shelf_msgs' for CMake module files
[1.614s] DEBUG:colcon.colcon_core.event_handler.log_command:Invoked command in '/home/raghav/turtlebot4_ws/build/empty_shelf_msgs' returned '0': CMAKE_PREFIX_PATH=${CMAKE_PREFIX_PATH}:/opt/ros/humble /usr/bin/cmake --install /home/raghav/turtlebot4_ws/build/empty_shelf_msgs
[1.615s] Level 1:colcon.colcon_core.environment:checking '/home/raghav/turtlebot4_ws/install/empty_shelf_msgs' for CMake config files
[1.616s] Level 1:colcon.colcon_core.shell:create_environment_hook('empty_shelf_msgs', 'cmake_prefix_path')
[1.616s] INFO:colcon.colcon_core.shell:Creating environment hook '/home/raghav/turtlebot4_ws/install/empty_shelf_msgs/share/empty_shelf_msgs/hook/cmake_prefix_path.ps1'
[1.617s] INFO:colcon.colcon_core.shell:Creating environment descriptor '/home/raghav/turtlebot4_ws/install/empty_shelf_msgs/share/empty_shelf_msgs/hook/cmake_prefix_path.dsv'
[1.617s] INFO:colcon.colcon_core.shell:Creating environment hook '/home/raghav/turtlebot4_ws/install/empty_shelf_msgs/share/empty_shelf_msgs/hook/cmake_prefix_path.sh'
[1.618s] Level 1:colcon.colcon_core.environment:checking '/home/raghav/turtlebot4_ws/install/empty_shelf_msgs/lib'
[1.618s] Level 1:colcon.colcon_core.shell:create_environment_hook('empty_shelf_msgs', 'ld_library_path_lib')
[1.618s] INFO:colcon.colcon_core.shell:Creating environment hook '/home/raghav/turtlebot4_ws/install/empty_shelf_msgs/share/empty_shelf_msgs/hook/ld_library_path_lib.ps1'
[1.619s] INFO:colcon.colcon_core.shell:Creating environment descriptor '/home/raghav/turtlebot4_ws/install/empty_shelf_msgs/share/empty_shelf_msgs/hook/ld_library_path_lib.dsv'
[1.619s] INFO:colcon.colcon_core.shell:Creating environment hook '/home/raghav/turtlebot4_ws/install/empty_shelf_msgs/share/empty_shelf_msgs/hook/ld_library_path_lib.sh'
[1.619s] Level 1:colcon.colcon_core.environment:checking '/home/raghav/turtlebot4_ws/install/empty_shelf_msgs/bin'
[1.620s] Level 1:colcon.colcon_core.environment:checking '/home/raghav/turtlebot4_ws/install/empty_shelf_msgs/lib/pkgconfig/empty_shelf_msgs.pc'
[1.620s] Level 1:colcon.colcon_core.environment:checking '/home/raghav/turtlebot4_ws/install/empty_shelf_msgs/lib/python3.10/site-packages'
[1.620s] Level 1:colcon.colcon_core.environment:checking '/home/raghav/turtlebot4_ws/install/empty_shelf_msgs/bin'
[1.620s] INFO:colcon.colcon_core.shell:Creating package script '/home/raghav/turtlebot4_ws/install/empty_shelf_msgs/share/empty_shelf_msgs/package.ps1'
[1.621s] INFO:colcon.colcon_core.shell:Creating package descriptor '/home/raghav/turtlebot4_ws/install/empty_shelf_msgs/share/empty_shelf_msgs/package.dsv'
[1.622s] INFO:colcon.colcon_core.shell:Creating package script '/home/raghav/turtlebot4_ws/install/empty_shelf_msgs/share/empty_shelf_msgs/package.sh'
[1.622s] INFO:colcon.colcon_core.shell:Creating package script '/home/raghav/turtlebot4_ws/install/empty_shelf_msgs/share/empty_shelf_msgs/package.bash'
[1.623s] INFO:colcon.colcon_core.shell:Creating package script '/home/raghav/turtlebot4_ws/install/empty_shelf_msgs/share/empty_shelf_msgs/package.zsh'
[1.623s] Level 1:colcon.colcon_core.environment:create_file_with_runtime_dependencies(/home/raghav/turtlebot4_ws/install/empty_shelf_msgs/share/colcon-core/packages/empty_shelf_msgs)
[1.624s] Level 1:colcon.colcon_core.environment:create_environment_scripts_only(empty_shelf_msgs)
[1.624s] Level 1:colcon.colcon_core.environment:checking '/home/raghav/turtlebot4_ws/install/empty_shelf_msgs' for CMake module files
[1.625s] Level 1:colcon.colcon_core.environment:checking '/home/raghav/turtlebot4_ws/install/empty_shelf_msgs' for CMake config files
[1.625s] Level 1:colcon.colcon_core.shell:create_environment_hook('empty_shelf_msgs', 'cmake_prefix_path')
[1.626s] INFO:colcon.colcon_core.shell:Creating environment hook '/home/raghav/turtlebot4_ws/install/empty_shelf_msgs/share/empty_shelf_msgs/hook/cmake_prefix_path.ps1'
[1.626s] INFO:colcon.colcon_core.shell:Creating environment descriptor '/home/raghav/turtlebot4_ws/install/empty_shelf_msgs/share/empty_shelf_msgs/hook/cmake_prefix_path.dsv'
[1.627s] INFO:colcon.colcon_core.shell:Creating environment hook '/home/raghav/turtlebot4_ws/install/empty_shelf_msgs/share/empty_shelf_msgs/hook/cmake_prefix_path.sh'
[1.627s] Level 1:colcon.colcon_core.environment:checking '/home/raghav/turtlebot4_ws/install/empty_shelf_msgs/lib'
[1.627s] Level 1:colcon.colcon_core.shell:create_environment_hook('empty_shelf_msgs', 'ld_library_path_lib')
[1.628s] INFO:colcon.colcon_core.shell:Creating environment hook '/home/raghav/turtlebot4_ws/install/empty_shelf_msgs/share/empty_shelf_msgs/hook/ld_library_path_lib.ps1'
[1.628s] INFO:colcon.colcon_core.shell:Creating environment descriptor '/home/raghav/turtlebot4_ws/install/empty_shelf_msgs/share/empty_shelf_msgs/hook/ld_library_path_lib.dsv'
[1.629s] INFO:colcon.colcon_core.shell:Creating environment hook '/home/raghav/turtlebot4_ws/install/empty_shelf_msgs/share/empty_shelf_msgs/hook/ld_library_path_lib.sh'
[1.629s] Level 1:colcon.colcon_core.environment:checking '/home/raghav/turtlebot4_ws/install/empty_shelf_msgs/bin'
[1.629s] Level 1:colcon.colcon_core.environment:checking '/home/raghav/turtlebot4_ws/install/empty_shelf_msgs/lib/pkgconfig/empty_shelf_msgs.pc'
[1.629s] Level 1:colcon.colcon_core.environment:checking '/home/raghav/turtlebot4_ws/install/empty_shelf_msgs/lib/python3.10/site-packages'
[1.630s] Level 1:colcon.colcon_core.environment:checking '/home/raghav/turtlebot4_ws/install/empty_shelf_msgs/bin'
[1.630s] INFO:colcon.colcon_core.shell:Creating package script '/home/raghav/turtlebot4_ws/install/empty_shelf_msgs/share/empty_shelf_msgs/package.ps1'
[1.631s] INFO:colcon.colcon_core.shell:Creating package descriptor '/home/raghav/turtlebot4_ws/install/empty_shelf_msgs/share/empty_shelf_msgs/package.dsv'
[1.631s] INFO:colcon.colcon_core.shell:Creating package script '/home/raghav/turtlebot4_ws/install/empty_shelf_msgs/share/empty_shelf_msgs/package.sh'
[1.632s] INFO:colcon.colcon_core.shell:Creating package script '/home/raghav/turtlebot4_ws/install/empty_shelf_msgs/share/empty_shelf_msgs/package.bash'
[1.632s] INFO:colcon.colcon_core.shell:Creating package script '/home/raghav/turtlebot4_ws/install/empty_shelf_msgs/share/empty_shelf_msgs/package.zsh'
[1.633s] Level 1:colcon.colcon_core.environment:create_file_with_runtime_dependencies(/home/raghav/turtlebot4_ws/install/empty_shelf_msgs/share/colcon-core/packages/empty_shelf_msgs)
[1.633s] INFO:colcon.colcon_ros.task.ament_cmake.build:Building ROS package in '/home/raghav/turtlebot4_ws/src/empty_shelf_detector' with build type 'ament_cmake'
[1.633s] INFO:colcon.colcon_cmake.task.cmake.build:Building CMake package in '/home/raghav/turtlebot4_ws/src/empty_shelf_detector'
[1.634s] INFO:colcon.colcon_core.shell:Skip shell extension 'powershell' for command environment: Not usable outside of PowerShell
[1.634s] DEBUG:colcon.colcon_core.shell:Skip shell extension 'dsv' for command environment
[1.649s] DEBUG:colcon.colcon_core.event_handler.log_command:Invoking command in '/home/raghav/turtlebot4_ws/build/empty_shelf_detector': CMAKE_PREFIX_PATH=/home/raghav/turtlebot4_ws/install/empty_shelf_msgs:/home/raghav/turtlebot4_ws/install/empty_shelf_detector:/home/raghav/turtlebot4_ws/install/turtlebot4_simulator:/home/raghav/turtlebot4_ws/install/turtlebot4_ignition_bringup:/home/raghav/turtlebot4_ws/install/turtlebot4_ignition_toolbox:/home/raghav/turtlebot4_ws/install/turtlebot4_ignition_gui_plugins:/opt/ros/humble /usr/bin/cmake --build /home/raghav/turtlebot4_ws/build/empty_shelf_detector -- -j8 -l8
[2.161s] DEBUG:colcon.colcon_core.event_handler.log_command:Invoked command in '/home/raghav/turtlebot4_ws/build/empty_shelf_detector' returned '0': CMAKE_PREFIX_PATH=/home/raghav/turtlebot4_ws/install/empty_shelf_msgs:/home/raghav/turtlebot4_ws/install/empty_shelf_detector:/home/raghav/turtlebot4_ws/install/turtlebot4_simulator:/home/raghav/turtlebot4_ws/install/turtlebot4_ignition_bringup:/home/raghav/turtlebot4_ws/install/turtlebot4_ignition_toolbox:/home/raghav/turtlebot4_ws/install/turtlebot4_ignition_gui_plugins:/opt/ros/humble /usr/bin/cmake --build /home/raghav/turtlebot4_ws/build/empty_shelf_detector -- -j8 -l8
[2.163s] DEBUG:colcon.colcon_core.event_handler.log_command:Invoking command in '/home/raghav/turtlebot4_ws/build/empty_shelf_detector': CMAKE_PREFIX_PATH=/home/raghav/turtlebot4_ws/install/empty_shelf_msgs:/home/raghav/turtlebot4_ws/install/empty_shelf_detector:/home/raghav/turtlebot4_ws/install/turtlebot4_simulator:/home/raghav/turtlebot4_ws/install/turtlebot4_ignition_bringup:/home/raghav/turtlebot4_ws/install/turtlebot4_ignition_toolbox:/home/raghav/turtlebot4_ws/install/turtlebot4_ignition_gui_plugins:/opt/ros/humble /usr/bin/cmake --install /home/raghav/turtlebot4_ws/build/empty_shelf_detector
[2.246s] Level 1:colcon.colcon_core.environment:create_environment_scripts_only(empty_shelf_detector)
[2.246s] Level 1:colcon.colcon_core.environment:checking '/home/raghav/turtlebot4_ws/install/empty_shelf_detector' for CMake module files
[2.247s] DEBUG:colcon.colcon_core.event_handler.log_command:Invoked command in '/home/raghav/turtlebot4_ws/build/empty_shelf_detector' returned '0': CMAKE_PREFIX_PATH=/home/raghav/turtlebot4_ws/install/empty_shelf_msgs:/home/raghav/turtlebot4_ws/install/empty_shelf_detector:/home/raghav/turtlebot4_ws/install/turtlebot4_simulator:/home/raghav/turtlebot4_ws/install/turtlebot4_ignition_bringup:/home/raghav/turtlebot4_ws/install/turtlebot4_ignition_toolbox:/home/raghav/turtlebot4_ws/install/turtlebot4_ignition_gui_plugins:/opt/ros/humble /usr/bin/cmake --install /home/raghav/turtlebot4_ws/build/empty_shelf_detector
[2.247s] Level 1:colcon.colcon_core.environment:checking '/home/raghav/turtlebot4_ws/install/empty_shelf_detector' for CMake config files
[2.248s] Level 1:colcon.colcon_core.shell:create_environment_hook('empty_shelf_detector', 'cmake_prefix_path')
[2.248s] INFO:colcon.colcon_core.shell:Creating environment hook '/home/raghav/turtlebot4_ws/install/empty_shelf_detector/share/empty_shelf_detector/hook/cmake_prefix_path.ps1'
[2.248s] INFO:colcon.colcon_core.shell:Creating environment descriptor '/home/raghav/turtlebot4_ws/install/empty_shelf_detector/share/empty_shelf_detector/hook/cmake_prefix_path.dsv'
[2.249s] INFO:colcon.colcon_core.shell:Creating environment hook '/home/raghav/turtlebot4_ws/install/empty_shelf_detector/share/empty_shelf_detector/hook/cmake_prefix_path.sh'
[2.250s] Level 1:colcon.colcon_core.environment:checking '/home/raghav/turtlebot4_ws/install/empty_shelf_detector/lib'
[2.250s] Level 1:colcon.colcon_core.environment:checking '/home/raghav/turtlebot4_ws/install/empty_shelf_detector/bin'
[2.250s] Level 1:colcon.colcon_core.environment:checking '/home/raghav/turtlebot4_ws/install/empty_shelf_detector/lib/pkgconfig/empty_shelf_detector.pc'
[2.250s] Level 1:colcon.colcon_core.environment:checking '/home/raghav/turtlebot4_ws/install/empty_shelf_detector/lib/python3.10/site-packages'
[2.250s] Level 1:colcon.colcon_core.environment:checking '/home/raghav/turtlebot4_ws/install/empty_shelf_detector/bin'
[2.251s] INFO:colcon.colcon_core.shell:Creating package script '/home/raghav/turtlebot4_ws/install/empty_shelf_detector/share/empty_shelf_detector/package.ps1'
[2.252s] INFO:colcon.colcon_core.shell:Creating package descriptor '/home/raghav/turtlebot4_ws/install/empty_shelf_detector/share/empty_shelf_detector/package.dsv'
[2.252s] INFO:colcon.colcon_core.shell:Creating package script '/home/raghav/turtlebot4_ws/install/empty_shelf_detector/share/empty_shelf_detector/package.sh'
[2.253s] INFO:colcon.colcon_core.shell:Creating package script '/home/raghav/turtlebot4_ws/install/empty_shelf_detector/share/empty_shelf_detector/package.bash'
[2.253s] INFO:colcon.colcon_core.shell:Creating package script '/home/raghav/turtlebot4_ws/install/empty_shelf_detector/share/empty_shelf_detector/package.zsh'
[2.254s] Level 1:colcon.colcon_core.environment:create_file_with_runtime_dependencies(/home/raghav/turtlebot4_ws/install/empty_shelf_detector/share/colcon-core/packages/empty_shelf_detector)
[2.255s] Level 1:colcon.colcon_core.environment:create_environment_scripts_only(empty_shelf_detector)
[2.255s] Level 1:colcon.colcon_core.environment:checking '/home/raghav/turtlebot4_ws/install/empty_shelf_detector' for CMake module files
[2.255s] Level 1:colcon.colcon_core.environment:checking '/home/raghav/turtlebot4_ws/install/empty_shelf_detector' for CMake config files
[2.256s] Level 1:colcon.colcon_core.shell:create_environment_hook('empty_shelf_detector', 'cmake_prefix_path')
[2.256s] INFO:colcon.colcon_core.shell:Creating environment hook '/home/raghav/turtlebot4_ws/install/empty_shelf_detector/share/empty_shelf_detector/hook/cmake_prefix_path.ps1'
[2.258s] INFO:colcon.colcon_core.shell:Creating environment descriptor '/home/raghav/turtlebot4_ws/install/empty_shelf_detector/share/empty_shelf_detector/hook/cmake_prefix_path.dsv'
[2.258s] INFO:colcon.colcon_core.shell:Creating environment hook '/home/raghav/turtlebot4_ws/install/empty_shelf_detector/share/empty_shelf_detector/hook/cmake_prefix_path.sh'
[2.259s] Level 1:colcon.colcon_core.environment:checking '/home/raghav/turtlebot4_ws/install/empty_shelf_detector/lib'
[2.259s] Level 1:colcon.colcon_core.environment:checking '/home/raghav/turtlebot4_ws/install/empty_shelf_detector/bin'
[2.259s] Level 1:colcon.colcon_core.environment:checking '/home/raghav/turtlebot4_ws/install/empty_shelf_detector/lib/pkgconfig/empty_shelf_detector.pc'
[2.259s] Level 1:colcon.colcon_core.environment:checking '/home/raghav/turtlebot4_ws/install/empty_shelf_detector/lib/python3.10/site-packages'
[2.259s] Level 1:colcon.colcon_core.environment:checking '/home/raghav/turtlebot4_ws/install/empty_shelf_detector/bin'
[2.260s] INFO:colcon.colcon_core.shell:Creating package script '/home/raghav/turtlebot4_ws/install/empty_shelf_detector/share/empty_shelf_detector/package.ps1'
[2.261s] INFO:colcon.colcon_core.shell:Creating package descriptor '/home/raghav/turtlebot4_ws/install/empty_shelf_detector/share/empty_shelf_detector/package.dsv'
[2.261s] INFO:colcon.colcon_core.shell:Creating package script '/home/raghav/turtlebot4_ws/install/empty_shelf_detector/share/empty_shelf_detector/package.sh'
[2.262s] INFO:colcon.colcon_core.shell:Creating package script '/home/raghav/turtlebot4_ws/install/empty_shelf_detector/share/empty_shelf_detector/package.bash'
[2.263s] INFO:colcon.colcon_core.shell:Creating package script '/home/raghav/turtlebot4_ws/install/empty_shelf_detector/share/empty_shelf_detector/package.zsh'
[2.264s] Level 1:colcon.colcon_core.environment:create_file_with_runtime_dependencies(/home/raghav/turtlebot4_ws/install/empty_shelf_detector/share/colcon-core/packages/empty_shelf_detector)
[2.265s] DEBUG:colcon.colcon_parallel_executor.executor.parallel:closing loop
[2.265s] DEBUG:colcon.colcon_parallel_executor.executor.parallel:loop closed
[2.266s] DEBUG:colcon.colcon_parallel_executor.executor.parallel:run_until_complete finished with '0'
[2.266s] DEBUG:colcon.colcon_core.event_reactor:joining thread
[2.275s] INFO:colcon.colcon_core.plugin_system:Skipping extension 'colcon_notification.desktop_notification.terminal_notifier': Not used on non-Darwin systems
[2.275s] INFO:colcon.colcon_core.plugin_system:Skipping extension 'colcon_notification.desktop_notification.win32': Not used on non-Windows systems
[2.275s] INFO:colcon.colcon_notification.desktop_notification:Sending desktop notification using 'notify2'
[2.294s] DEBUG:colcon.colcon_core.event_reactor:joined thread
[2.294s] INFO:colcon.colcon_core.shell:Creating prefix script '/home/raghav/turtlebot4_ws/install/local_setup.ps1'
[2.295s] INFO:colcon.colcon_core.shell:Creating prefix util module '/home/raghav/turtlebot4_ws/install/_local_setup_util_ps1.py'
[2.298s] INFO:colcon.colcon_core.shell:Creating prefix chain script '/home/raghav/turtlebot4_ws/install/setup.ps1'
[2.299s] INFO:colcon.colcon_core.shell:Creating prefix script '/home/raghav/turtlebot4_ws/install/local_setup.sh'
[2.300s] INFO:colcon.colcon_core.shell:Creating prefix util module '/home/raghav/turtlebot4_ws/install/_local_setup_util_sh.py'
[2.301s] INFO:colcon.colcon_core.shell:Creating prefix chain script '/home/raghav/turtlebot4_ws/install/setup.sh'
[2.303s] INFO:colcon.colcon_core.shell:Creating prefix script '/home/raghav/turtlebot4_ws/install/local_setup.bash'
[2.304s] INFO:colcon.colcon_core.shell:Creating prefix chain script '/home/raghav/turtlebot4_ws/install/setup.bash'
[2.306s] INFO:colcon.colcon_core.shell:Creating prefix script '/home/raghav/turtlebot4_ws/install/local_setup.zsh'
[2.307s] INFO:colcon.colcon_core.shell:Creating prefix chain script '/home/raghav/turtlebot4_ws/install/setup.zsh'
