[0.020s] Invoking command in '/home/raghav/turtlebot4_ws/build/empty_shelf_detector': CMAKE_PREFIX_PATH=/home/raghav/turtlebot4_ws/install/empty_shelf_msgs:/home/raghav/turtlebot4_ws/install/empty_shelf_detector:/home/raghav/turtlebot4_ws/install/turtlebot4_simulator:/home/raghav/turtlebot4_ws/install/turtlebot4_ignition_bringup:/home/raghav/turtlebot4_ws/install/turtlebot4_ignition_toolbox:/home/raghav/turtlebot4_ws/install/turtlebot4_ignition_gui_plugins:/opt/ros/humble /usr/bin/cmake /home/raghav/turtlebot4_ws/src/empty_shelf_detector -DCMAKE_BUILD_TYPE=Release -DCMAKE_INSTALL_PREFIX=/home/raghav/turtlebot4_ws/install/empty_shelf_detector
[0.033s] -- Found ament_cmake: 1.3.11 (/opt/ros/humble/share/ament_cmake/cmake)
[0.218s] -- Override CMake install command with custom implementation using symlinks instead of copying resources
[0.230s] -- Found rclpy: 3.3.16 (/opt/ros/humble/share/rclpy/cmake)
[0.230s] -- Found std_msgs: 4.8.0 (/opt/ros/humble/share/std_msgs/cmake)
[0.282s] -- Found rosidl_generator_c: 3.1.6 (/opt/ros/humble/share/rosidl_generator_c/cmake)
[0.286s] -- Found rosidl_adapter: 3.1.6 (/opt/ros/humble/share/rosidl_adapter/cmake)
[0.299s] -- Found rosidl_generator_cpp: 3.1.6 (/opt/ros/humble/share/rosidl_generator_cpp/cmake)
[0.322s] -- Using all available rosidl_typesupport_c: rosidl_typesupport_fastrtps_c;rosidl_typesupport_introspection_c
[0.351s] -- Using all available rosidl_typesupport_cpp: rosidl_typesupport_fastrtps_cpp;rosidl_typesupport_introspection_cpp
[0.406s] -- Found sensor_msgs: 4.8.0 (/opt/ros/humble/share/sensor_msgs/cmake)
[0.474s] -- Found empty_shelf_msgs: 0.1.0 (/home/raghav/turtlebot4_ws/install/empty_shelf_msgs/share/empty_shelf_msgs/cmake)
[0.698s] -- Configuring done
[0.703s] -- Generating done
[0.706s] -- Build files have been written to: /home/raghav/turtlebot4_ws/build/empty_shelf_detector
[0.717s] Invoked command in '/home/raghav/turtlebot4_ws/build/empty_shelf_detector' returned '0': CMAKE_PREFIX_PATH=/home/raghav/turtlebot4_ws/install/empty_shelf_msgs:/home/raghav/turtlebot4_ws/install/empty_shelf_detector:/home/raghav/turtlebot4_ws/install/turtlebot4_simulator:/home/raghav/turtlebot4_ws/install/turtlebot4_ignition_bringup:/home/raghav/turtlebot4_ws/install/turtlebot4_ignition_toolbox:/home/raghav/turtlebot4_ws/install/turtlebot4_ignition_gui_plugins:/opt/ros/humble /usr/bin/cmake /home/raghav/turtlebot4_ws/src/empty_shelf_detector -DCMAKE_BUILD_TYPE=Release -DCMAKE_INSTALL_PREFIX=/home/raghav/turtlebot4_ws/install/empty_shelf_detector
[0.720s] Invoking command in '/home/raghav/turtlebot4_ws/build/empty_shelf_detector': CMAKE_PREFIX_PATH=/home/raghav/turtlebot4_ws/install/empty_shelf_msgs:/home/raghav/turtlebot4_ws/install/empty_shelf_detector:/home/raghav/turtlebot4_ws/install/turtlebot4_simulator:/home/raghav/turtlebot4_ws/install/turtlebot4_ignition_bringup:/home/raghav/turtlebot4_ws/install/turtlebot4_ignition_toolbox:/home/raghav/turtlebot4_ws/install/turtlebot4_ignition_gui_plugins:/opt/ros/humble /usr/bin/cmake --build /home/raghav/turtlebot4_ws/build/empty_shelf_detector -- -j8 -l8
[0.795s] Built target ament_cmake_python_symlink_empty_shelf_detector_setup
[0.798s] Built target ament_cmake_python_symlink_empty_shelf_detector
[1.376s] running egg_info
[1.378s] writing empty_shelf_detector.egg-info/PKG-INFO
[1.378s] writing dependency_links to empty_shelf_detector.egg-info/dependency_links.txt
[1.379s] writing top-level names to empty_shelf_detector.egg-info/top_level.txt
[1.383s] reading manifest file 'empty_shelf_detector.egg-info/SOURCES.txt'
[1.384s] writing manifest file 'empty_shelf_detector.egg-info/SOURCES.txt'
[1.455s] Built target ament_cmake_python_build_empty_shelf_detector_egg
[1.474s] Invoked command in '/home/raghav/turtlebot4_ws/build/empty_shelf_detector' returned '0': CMAKE_PREFIX_PATH=/home/raghav/turtlebot4_ws/install/empty_shelf_msgs:/home/raghav/turtlebot4_ws/install/empty_shelf_detector:/home/raghav/turtlebot4_ws/install/turtlebot4_simulator:/home/raghav/turtlebot4_ws/install/turtlebot4_ignition_bringup:/home/raghav/turtlebot4_ws/install/turtlebot4_ignition_toolbox:/home/raghav/turtlebot4_ws/install/turtlebot4_ignition_gui_plugins:/opt/ros/humble /usr/bin/cmake --build /home/raghav/turtlebot4_ws/build/empty_shelf_detector -- -j8 -l8
[1.489s] Invoking command in '/home/raghav/turtlebot4_ws/build/empty_shelf_detector': CMAKE_PREFIX_PATH=/home/raghav/turtlebot4_ws/install/empty_shelf_msgs:/home/raghav/turtlebot4_ws/install/empty_shelf_detector:/home/raghav/turtlebot4_ws/install/turtlebot4_simulator:/home/raghav/turtlebot4_ws/install/turtlebot4_ignition_bringup:/home/raghav/turtlebot4_ws/install/turtlebot4_ignition_toolbox:/home/raghav/turtlebot4_ws/install/turtlebot4_ignition_gui_plugins:/opt/ros/humble /usr/bin/cmake --install /home/raghav/turtlebot4_ws/build/empty_shelf_detector
[1.498s] -- Install configuration: "Release"
[1.498s] -- Execute custom install script
[1.499s] -- Up-to-date symlink: /home/raghav/turtlebot4_ws/install/empty_shelf_detector/share/empty_shelf_detector/environment/pythonpath.sh
[1.499s] -- Up-to-date symlink: /home/raghav/turtlebot4_ws/install/empty_shelf_detector/share/empty_shelf_detector/environment/pythonpath.dsv
[1.500s] -- Up-to-date symlink: /home/raghav/turtlebot4_ws/install/empty_shelf_detector/local/lib/python3.10/dist-packages/empty_shelf_detector-0.1.0-py3.10.egg-info/PKG-INFO
[1.500s] -- Up-to-date symlink: /home/raghav/turtlebot4_ws/install/empty_shelf_detector/local/lib/python3.10/dist-packages/empty_shelf_detector-0.1.0-py3.10.egg-info/SOURCES.txt
[1.500s] -- Up-to-date symlink: /home/raghav/turtlebot4_ws/install/empty_shelf_detector/local/lib/python3.10/dist-packages/empty_shelf_detector-0.1.0-py3.10.egg-info/dependency_links.txt
[1.500s] -- Up-to-date symlink: /home/raghav/turtlebot4_ws/install/empty_shelf_detector/local/lib/python3.10/dist-packages/empty_shelf_detector-0.1.0-py3.10.egg-info/top_level.txt
[1.500s] -- Up-to-date symlink: /home/raghav/turtlebot4_ws/install/empty_shelf_detector/local/lib/python3.10/dist-packages/empty_shelf_detector/__init__.py
[1.501s] -- Up-to-date symlink: /home/raghav/turtlebot4_ws/install/empty_shelf_detector/share/ament_index/resource_index/package_run_dependencies/empty_shelf_detector
[1.501s] -- Up-to-date symlink: /home/raghav/turtlebot4_ws/install/empty_shelf_detector/share/ament_index/resource_index/parent_prefix_path/empty_shelf_detector
[1.501s] -- Up-to-date symlink: /home/raghav/turtlebot4_ws/install/empty_shelf_detector/share/empty_shelf_detector/environment/ament_prefix_path.sh
[1.501s] -- Up-to-date symlink: /home/raghav/turtlebot4_ws/install/empty_shelf_detector/share/empty_shelf_detector/environment/ament_prefix_path.dsv
[1.502s] -- Up-to-date symlink: /home/raghav/turtlebot4_ws/install/empty_shelf_detector/share/empty_shelf_detector/environment/path.sh
[1.502s] -- Up-to-date symlink: /home/raghav/turtlebot4_ws/install/empty_shelf_detector/share/empty_shelf_detector/environment/path.dsv
[1.502s] -- Up-to-date symlink: /home/raghav/turtlebot4_ws/install/empty_shelf_detector/share/empty_shelf_detector/local_setup.bash
[1.502s] -- Up-to-date symlink: /home/raghav/turtlebot4_ws/install/empty_shelf_detector/share/empty_shelf_detector/local_setup.sh
[1.502s] -- Up-to-date symlink: /home/raghav/turtlebot4_ws/install/empty_shelf_detector/share/empty_shelf_detector/local_setup.zsh
[1.503s] -- Up-to-date symlink: /home/raghav/turtlebot4_ws/install/empty_shelf_detector/share/empty_shelf_detector/local_setup.dsv
[1.503s] -- Symlinking: /home/raghav/turtlebot4_ws/install/empty_shelf_detector/share/empty_shelf_detector/package.dsv
[1.517s] -- Up-to-date symlink: /home/raghav/turtlebot4_ws/install/empty_shelf_detector/share/ament_index/resource_index/packages/empty_shelf_detector
[1.517s] -- Up-to-date symlink: /home/raghav/turtlebot4_ws/install/empty_shelf_detector/share/empty_shelf_detector/cmake/empty_shelf_detectorConfig.cmake
[1.517s] -- Up-to-date symlink: /home/raghav/turtlebot4_ws/install/empty_shelf_detector/share/empty_shelf_detector/cmake/empty_shelf_detectorConfig-version.cmake
[1.517s] -- Up-to-date symlink: /home/raghav/turtlebot4_ws/install/empty_shelf_detector/share/empty_shelf_detector/package.xml
[1.565s] Listing '/home/raghav/turtlebot4_ws/install/empty_shelf_detector/local/lib/python3.10/dist-packages/empty_shelf_detector'...
[1.565s] Listing '/home/raghav/turtlebot4_ws/install/empty_shelf_detector/local/lib/python3.10/dist-packages/empty_shelf_detector/scripts'...
[1.585s] Invoked command in '/home/raghav/turtlebot4_ws/build/empty_shelf_detector' returned '0': CMAKE_PREFIX_PATH=/home/raghav/turtlebot4_ws/install/empty_shelf_msgs:/home/raghav/turtlebot4_ws/install/empty_shelf_detector:/home/raghav/turtlebot4_ws/install/turtlebot4_simulator:/home/raghav/turtlebot4_ws/install/turtlebot4_ignition_bringup:/home/raghav/turtlebot4_ws/install/turtlebot4_ignition_toolbox:/home/raghav/turtlebot4_ws/install/turtlebot4_ignition_gui_plugins:/opt/ros/humble /usr/bin/cmake --install /home/raghav/turtlebot4_ws/build/empty_shelf_detector
