[0.026s] Invoking command in '/home/raghav/turtlebot4_ws/build/turtlebot4_simulator': CMAKE_PREFIX_PATH=/home/raghav/turtlebot4_ws/install/turtlebot4_ignition_bringup:/home/raghav/turtlebot4_ws/install/turtlebot4_ignition_toolbox:/home/raghav/turtlebot4_ws/install/turtlebot4_ignition_gui_plugins:/home/raghav/turtlebot4_ws/install/empty_shelf_detector:/home/raghav/turtlebot4_ws/install/empty_shelf_msgs:/home/raghav/turtlebot4_ws/install/turtlebot4_simulator:/opt/ros/humble /usr/bin/cmake --build /home/raghav/turtlebot4_ws/build/turtlebot4_simulator -- -j8 -l8
[0.116s] Invoked command in '/home/raghav/turtlebot4_ws/build/turtlebot4_simulator' returned '0': CMAKE_PREFIX_PATH=/home/raghav/turtlebot4_ws/install/turtlebot4_ignition_bringup:/home/raghav/turtlebot4_ws/install/turtlebot4_ignition_toolbox:/home/raghav/turtlebot4_ws/install/turtlebot4_ignition_gui_plugins:/home/raghav/turtlebot4_ws/install/empty_shelf_detector:/home/raghav/turtlebot4_ws/install/empty_shelf_msgs:/home/raghav/turtlebot4_ws/install/turtlebot4_simulator:/opt/ros/humble /usr/bin/cmake --build /home/raghav/turtlebot4_ws/build/turtlebot4_simulator -- -j8 -l8
[0.120s] Invoking command in '/home/raghav/turtlebot4_ws/build/turtlebot4_simulator': CMAKE_PREFIX_PATH=/home/raghav/turtlebot4_ws/install/turtlebot4_ignition_bringup:/home/raghav/turtlebot4_ws/install/turtlebot4_ignition_toolbox:/home/raghav/turtlebot4_ws/install/turtlebot4_ignition_gui_plugins:/home/raghav/turtlebot4_ws/install/empty_shelf_detector:/home/raghav/turtlebot4_ws/install/empty_shelf_msgs:/home/raghav/turtlebot4_ws/install/turtlebot4_simulator:/opt/ros/humble /usr/bin/cmake --install /home/raghav/turtlebot4_ws/build/turtlebot4_simulator
[0.136s] -- Install configuration: ""
[0.137s] -- Up-to-date: /home/raghav/turtlebot4_ws/install/turtlebot4_simulator/share/ament_index/resource_index/package_run_dependencies/turtlebot4_simulator
[0.137s] -- Up-to-date: /home/raghav/turtlebot4_ws/install/turtlebot4_simulator/share/ament_index/resource_index/parent_prefix_path/turtlebot4_simulator
[0.137s] -- Up-to-date: /home/raghav/turtlebot4_ws/install/turtlebot4_simulator/share/turtlebot4_simulator/environment/ament_prefix_path.sh
[0.137s] -- Up-to-date: /home/raghav/turtlebot4_ws/install/turtlebot4_simulator/share/turtlebot4_simulator/environment/ament_prefix_path.dsv
[0.137s] -- Up-to-date: /home/raghav/turtlebot4_ws/install/turtlebot4_simulator/share/turtlebot4_simulator/environment/path.sh
[0.137s] -- Up-to-date: /home/raghav/turtlebot4_ws/install/turtlebot4_simulator/share/turtlebot4_simulator/environment/path.dsv
[0.137s] -- Up-to-date: /home/raghav/turtlebot4_ws/install/turtlebot4_simulator/share/turtlebot4_simulator/local_setup.bash
[0.137s] -- Up-to-date: /home/raghav/turtlebot4_ws/install/turtlebot4_simulator/share/turtlebot4_simulator/local_setup.sh
[0.137s] -- Up-to-date: /home/raghav/turtlebot4_ws/install/turtlebot4_simulator/share/turtlebot4_simulator/local_setup.zsh
[0.138s] -- Up-to-date: /home/raghav/turtlebot4_ws/install/turtlebot4_simulator/share/turtlebot4_simulator/local_setup.dsv
[0.138s] -- Up-to-date: /home/raghav/turtlebot4_ws/install/turtlebot4_simulator/share/turtlebot4_simulator/package.dsv
[0.138s] -- Up-to-date: /home/raghav/turtlebot4_ws/install/turtlebot4_simulator/share/ament_index/resource_index/packages/turtlebot4_simulator
[0.139s] -- Up-to-date: /home/raghav/turtlebot4_ws/install/turtlebot4_simulator/share/turtlebot4_simulator/cmake/turtlebot4_simulatorConfig.cmake
[0.140s] -- Up-to-date: /home/raghav/turtlebot4_ws/install/turtlebot4_simulator/share/turtlebot4_simulator/cmake/turtlebot4_simulatorConfig-version.cmake
[0.141s] -- Up-to-date: /home/raghav/turtlebot4_ws/install/turtlebot4_simulator/share/turtlebot4_simulator/package.xml
[0.141s] Invoked command in '/home/raghav/turtlebot4_ws/build/turtlebot4_simulator' returned '0': CMAKE_PREFIX_PATH=/home/raghav/turtlebot4_ws/install/turtlebot4_ignition_bringup:/home/raghav/turtlebot4_ws/install/turtlebot4_ignition_toolbox:/home/raghav/turtlebot4_ws/install/turtlebot4_ignition_gui_plugins:/home/raghav/turtlebot4_ws/install/empty_shelf_detector:/home/raghav/turtlebot4_ws/install/empty_shelf_msgs:/home/raghav/turtlebot4_ws/install/turtlebot4_simulator:/opt/ros/humble /usr/bin/cmake --install /home/raghav/turtlebot4_ws/build/turtlebot4_simulator
