[0.016s] Invoking command in '/home/raghav/turtlebot4_ws/src/build/turtlebot4_simulator': AMENT_PREFIX_PATH=/home/raghav/turtlebot4_ws/src/install/turtlebot4_ignition_bringup:/home/raghav/turtlebot4_ws/src/install/turtlebot4_ignition_toolbox:/home/raghav/turtlebot4_ws/src/install/turtlebot4_ignition_gui_plugins:${AMENT_PREFIX_PATH} CMAKE_PREFIX_PATH=/home/raghav/turtlebot4_ws/src/install/turtlebot4_ignition_bringup:/home/raghav/turtlebot4_ws/src/install/turtlebot4_ignition_toolbox:/home/raghav/turtlebot4_ws/src/install/turtlebot4_ignition_gui_plugins:/home/raghav/turtlebot4_ws/install/turtlebot4_simulator:/home/raghav/turtlebot4_ws/install/turtlebot4_ignition_bringup:/home/raghav/turtlebot4_ws/install/turtlebot4_ignition_toolbox:/home/raghav/turtlebot4_ws/install/turtlebot4_ignition_gui_plugins:/opt/ros/humble /usr/bin/cmake /home/raghav/turtlebot4_ws/src/turtlebot4_simulator/turtlebot4_simulator -DCMAKE_INSTALL_PREFIX=/home/raghav/turtlebot4_ws/src/install/turtlebot4_simulator
[0.066s] -- The C compiler identification is GNU 11.4.0
[0.123s] -- The CXX compiler identification is GNU 11.4.0
[0.136s] -- Detecting C compiler ABI info
[0.208s] -- Detecting C compiler ABI info - done
[0.223s] -- Check for working C compiler: /usr/bin/cc - skipped
[0.223s] -- Detecting C compile features
[0.224s] -- Detecting C compile features - done
[0.230s] -- Detecting CXX compiler ABI info
[0.327s] -- Detecting CXX compiler ABI info - done
[0.345s] -- Check for working CXX compiler: /usr/bin/c++ - skipped
[0.345s] -- Detecting CXX compile features
[0.346s] -- Detecting CXX compile features - done
[0.351s] -- Found ament_cmake: 1.3.11 (/opt/ros/humble/share/ament_cmake/cmake)
[0.521s] -- Found Python3: /usr/bin/python3 (found version "3.10.12") found components: Interpreter 
[0.697s] -- Configuring done
[0.702s] -- Generating done
[0.705s] -- Build files have been written to: /home/raghav/turtlebot4_ws/src/build/turtlebot4_simulator
[0.712s] Invoked command in '/home/raghav/turtlebot4_ws/src/build/turtlebot4_simulator' returned '0': AMENT_PREFIX_PATH=/home/raghav/turtlebot4_ws/src/install/turtlebot4_ignition_bringup:/home/raghav/turtlebot4_ws/src/install/turtlebot4_ignition_toolbox:/home/raghav/turtlebot4_ws/src/install/turtlebot4_ignition_gui_plugins:${AMENT_PREFIX_PATH} CMAKE_PREFIX_PATH=/home/raghav/turtlebot4_ws/src/install/turtlebot4_ignition_bringup:/home/raghav/turtlebot4_ws/src/install/turtlebot4_ignition_toolbox:/home/raghav/turtlebot4_ws/src/install/turtlebot4_ignition_gui_plugins:/home/raghav/turtlebot4_ws/install/turtlebot4_simulator:/home/raghav/turtlebot4_ws/install/turtlebot4_ignition_bringup:/home/raghav/turtlebot4_ws/install/turtlebot4_ignition_toolbox:/home/raghav/turtlebot4_ws/install/turtlebot4_ignition_gui_plugins:/opt/ros/humble /usr/bin/cmake /home/raghav/turtlebot4_ws/src/turtlebot4_simulator/turtlebot4_simulator -DCMAKE_INSTALL_PREFIX=/home/raghav/turtlebot4_ws/src/install/turtlebot4_simulator
[0.714s] Invoking command in '/home/raghav/turtlebot4_ws/src/build/turtlebot4_simulator': AMENT_PREFIX_PATH=/home/raghav/turtlebot4_ws/src/install/turtlebot4_ignition_bringup:/home/raghav/turtlebot4_ws/src/install/turtlebot4_ignition_toolbox:/home/raghav/turtlebot4_ws/src/install/turtlebot4_ignition_gui_plugins:${AMENT_PREFIX_PATH} CMAKE_PREFIX_PATH=/home/raghav/turtlebot4_ws/src/install/turtlebot4_ignition_bringup:/home/raghav/turtlebot4_ws/src/install/turtlebot4_ignition_toolbox:/home/raghav/turtlebot4_ws/src/install/turtlebot4_ignition_gui_plugins:/home/raghav/turtlebot4_ws/install/turtlebot4_simulator:/home/raghav/turtlebot4_ws/install/turtlebot4_ignition_bringup:/home/raghav/turtlebot4_ws/install/turtlebot4_ignition_toolbox:/home/raghav/turtlebot4_ws/install/turtlebot4_ignition_gui_plugins:/opt/ros/humble /usr/bin/cmake --build /home/raghav/turtlebot4_ws/src/build/turtlebot4_simulator -- -j8 -l8
[0.765s] Invoked command in '/home/raghav/turtlebot4_ws/src/build/turtlebot4_simulator' returned '0': AMENT_PREFIX_PATH=/home/raghav/turtlebot4_ws/src/install/turtlebot4_ignition_bringup:/home/raghav/turtlebot4_ws/src/install/turtlebot4_ignition_toolbox:/home/raghav/turtlebot4_ws/src/install/turtlebot4_ignition_gui_plugins:${AMENT_PREFIX_PATH} CMAKE_PREFIX_PATH=/home/raghav/turtlebot4_ws/src/install/turtlebot4_ignition_bringup:/home/raghav/turtlebot4_ws/src/install/turtlebot4_ignition_toolbox:/home/raghav/turtlebot4_ws/src/install/turtlebot4_ignition_gui_plugins:/home/raghav/turtlebot4_ws/install/turtlebot4_simulator:/home/raghav/turtlebot4_ws/install/turtlebot4_ignition_bringup:/home/raghav/turtlebot4_ws/install/turtlebot4_ignition_toolbox:/home/raghav/turtlebot4_ws/install/turtlebot4_ignition_gui_plugins:/opt/ros/humble /usr/bin/cmake --build /home/raghav/turtlebot4_ws/src/build/turtlebot4_simulator -- -j8 -l8
[0.768s] Invoking command in '/home/raghav/turtlebot4_ws/src/build/turtlebot4_simulator': AMENT_PREFIX_PATH=/home/raghav/turtlebot4_ws/src/install/turtlebot4_ignition_bringup:/home/raghav/turtlebot4_ws/src/install/turtlebot4_ignition_toolbox:/home/raghav/turtlebot4_ws/src/install/turtlebot4_ignition_gui_plugins:${AMENT_PREFIX_PATH} CMAKE_PREFIX_PATH=/home/raghav/turtlebot4_ws/src/install/turtlebot4_ignition_bringup:/home/raghav/turtlebot4_ws/src/install/turtlebot4_ignition_toolbox:/home/raghav/turtlebot4_ws/src/install/turtlebot4_ignition_gui_plugins:/home/raghav/turtlebot4_ws/install/turtlebot4_simulator:/home/raghav/turtlebot4_ws/install/turtlebot4_ignition_bringup:/home/raghav/turtlebot4_ws/install/turtlebot4_ignition_toolbox:/home/raghav/turtlebot4_ws/install/turtlebot4_ignition_gui_plugins:/opt/ros/humble /usr/bin/cmake --install /home/raghav/turtlebot4_ws/src/build/turtlebot4_simulator
[0.774s] -- Install configuration: ""
[0.774s] -- Installing: /home/raghav/turtlebot4_ws/src/install/turtlebot4_simulator/share/ament_index/resource_index/package_run_dependencies/turtlebot4_simulator
[0.774s] -- Installing: /home/raghav/turtlebot4_ws/src/install/turtlebot4_simulator/share/ament_index/resource_index/parent_prefix_path/turtlebot4_simulator
[0.775s] -- Installing: /home/raghav/turtlebot4_ws/src/install/turtlebot4_simulator/share/turtlebot4_simulator/environment/ament_prefix_path.sh
[0.775s] -- Installing: /home/raghav/turtlebot4_ws/src/install/turtlebot4_simulator/share/turtlebot4_simulator/environment/ament_prefix_path.dsv
[0.775s] -- Installing: /home/raghav/turtlebot4_ws/src/install/turtlebot4_simulator/share/turtlebot4_simulator/environment/path.sh
[0.775s] -- Installing: /home/raghav/turtlebot4_ws/src/install/turtlebot4_simulator/share/turtlebot4_simulator/environment/path.dsv
[0.775s] -- Installing: /home/raghav/turtlebot4_ws/src/install/turtlebot4_simulator/share/turtlebot4_simulator/local_setup.bash
[0.776s] -- Installing: /home/raghav/turtlebot4_ws/src/install/turtlebot4_simulator/share/turtlebot4_simulator/local_setup.sh
[0.776s] -- Installing: /home/raghav/turtlebot4_ws/src/install/turtlebot4_simulator/share/turtlebot4_simulator/local_setup.zsh
[0.776s] -- Installing: /home/raghav/turtlebot4_ws/src/install/turtlebot4_simulator/share/turtlebot4_simulator/local_setup.dsv
[0.776s] -- Installing: /home/raghav/turtlebot4_ws/src/install/turtlebot4_simulator/share/turtlebot4_simulator/package.dsv
[0.776s] -- Installing: /home/raghav/turtlebot4_ws/src/install/turtlebot4_simulator/share/ament_index/resource_index/packages/turtlebot4_simulator
[0.776s] -- Installing: /home/raghav/turtlebot4_ws/src/install/turtlebot4_simulator/share/turtlebot4_simulator/cmake/turtlebot4_simulatorConfig.cmake
[0.777s] -- Installing: /home/raghav/turtlebot4_ws/src/install/turtlebot4_simulator/share/turtlebot4_simulator/cmake/turtlebot4_simulatorConfig-version.cmake
[0.777s] -- Installing: /home/raghav/turtlebot4_ws/src/install/turtlebot4_simulator/share/turtlebot4_simulator/package.xml
[0.780s] Invoked command in '/home/raghav/turtlebot4_ws/src/build/turtlebot4_simulator' returned '0': AMENT_PREFIX_PATH=/home/raghav/turtlebot4_ws/src/install/turtlebot4_ignition_bringup:/home/raghav/turtlebot4_ws/src/install/turtlebot4_ignition_toolbox:/home/raghav/turtlebot4_ws/src/install/turtlebot4_ignition_gui_plugins:${AMENT_PREFIX_PATH} CMAKE_PREFIX_PATH=/home/raghav/turtlebot4_ws/src/install/turtlebot4_ignition_bringup:/home/raghav/turtlebot4_ws/src/install/turtlebot4_ignition_toolbox:/home/raghav/turtlebot4_ws/src/install/turtlebot4_ignition_gui_plugins:/home/raghav/turtlebot4_ws/install/turtlebot4_simulator:/home/raghav/turtlebot4_ws/install/turtlebot4_ignition_bringup:/home/raghav/turtlebot4_ws/install/turtlebot4_ignition_toolbox:/home/raghav/turtlebot4_ws/install/turtlebot4_ignition_gui_plugins:/opt/ros/humble /usr/bin/cmake --install /home/raghav/turtlebot4_ws/src/build/turtlebot4_simulator
