[0.028s] Invoking command in '/home/raghav/turtlebot4_ws/build/empty_shelf_msgs': CMAKE_PREFIX_PATH=${CMAKE_PREFIX_PATH}:/opt/ros/humble /usr/bin/cmake --build /home/raghav/turtlebot4_ws/build/empty_shelf_msgs -- -j8 -l8
[0.114s] [  3%] Built target empty_shelf_msgs__cpp
[0.122s] [  3%] Built target ament_cmake_python_symlink_empty_shelf_msgs
[0.122s] [ 12%] Built target empty_shelf_msgs__rosidl_generator_c
[0.152s] [ 22%] Built target empty_shelf_msgs__rosidl_typesupport_fastrtps_cpp
[0.152s] [ 32%] Built target empty_shelf_msgs__rosidl_typesupport_cpp
[0.153s] [ 41%] Built target empty_shelf_msgs__rosidl_typesupport_introspection_cpp
[0.159s] [ 54%] Built target empty_shelf_msgs__rosidl_typesupport_c
[0.159s] [ 61%] Built target empty_shelf_msgs__rosidl_typesupport_fastrtps_c
[0.162s] [ 70%] Built target empty_shelf_msgs__rosidl_typesupport_introspection_c
[0.191s] [ 70%] Built target empty_shelf_msgs
[0.223s] [ 74%] Built target empty_shelf_msgs__py
[0.260s] [ 80%] Built target empty_shelf_msgs__rosidl_generator_py
[0.290s] [ 93%] Built target empty_shelf_msgs__rosidl_typesupport_introspection_c__pyext
[0.290s] [ 93%] Built target empty_shelf_msgs__rosidl_typesupport_fastrtps_c__pyext
[0.299s] [100%] Built target empty_shelf_msgs__rosidl_typesupport_c__pyext
[0.521s] running egg_info
[0.522s] writing empty_shelf_msgs.egg-info/PKG-INFO
[0.523s] writing dependency_links to empty_shelf_msgs.egg-info/dependency_links.txt
[0.523s] writing top-level names to empty_shelf_msgs.egg-info/top_level.txt
[0.528s] reading manifest file 'empty_shelf_msgs.egg-info/SOURCES.txt'
[0.528s] writing manifest file 'empty_shelf_msgs.egg-info/SOURCES.txt'
[0.578s] [100%] Built target ament_cmake_python_build_empty_shelf_msgs_egg
[0.600s] Invoked command in '/home/raghav/turtlebot4_ws/build/empty_shelf_msgs' returned '0': CMAKE_PREFIX_PATH=${CMAKE_PREFIX_PATH}:/opt/ros/humble /usr/bin/cmake --build /home/raghav/turtlebot4_ws/build/empty_shelf_msgs -- -j8 -l8
[0.604s] Invoking command in '/home/raghav/turtlebot4_ws/build/empty_shelf_msgs': CMAKE_PREFIX_PATH=${CMAKE_PREFIX_PATH}:/opt/ros/humble /usr/bin/cmake --install /home/raghav/turtlebot4_ws/build/empty_shelf_msgs
[0.616s] -- Install configuration: ""
[0.617s] -- Execute custom install script
[0.618s] -- Up-to-date symlink: /home/raghav/turtlebot4_ws/install/empty_shelf_msgs/share/ament_index/resource_index/rosidl_interfaces/empty_shelf_msgs
[0.619s] -- Up-to-date symlink: /home/raghav/turtlebot4_ws/install/empty_shelf_msgs/include/empty_shelf_msgs/empty_shelf_msgs/msg/detail/empty_shelf_alert__functions.h
[0.619s] -- Up-to-date symlink: /home/raghav/turtlebot4_ws/install/empty_shelf_msgs/include/empty_shelf_msgs/empty_shelf_msgs/msg/detail/empty_shelf_alert__struct.h
[0.619s] -- Up-to-date symlink: /home/raghav/turtlebot4_ws/install/empty_shelf_msgs/include/empty_shelf_msgs/empty_shelf_msgs/msg/detail/empty_shelf_alert__type_support.h
[0.620s] -- Up-to-date symlink: /home/raghav/turtlebot4_ws/install/empty_shelf_msgs/include/empty_shelf_msgs/empty_shelf_msgs/msg/empty_shelf_alert.h
[0.620s] -- Up-to-date symlink: /home/raghav/turtlebot4_ws/install/empty_shelf_msgs/include/empty_shelf_msgs/empty_shelf_msgs/msg/rosidl_generator_c__visibility_control.h
[0.620s] -- Up-to-date symlink: /home/raghav/turtlebot4_ws/install/empty_shelf_msgs/share/empty_shelf_msgs/environment/library_path.sh
[0.620s] -- Up-to-date symlink: /home/raghav/turtlebot4_ws/install/empty_shelf_msgs/share/empty_shelf_msgs/environment/library_path.dsv
[0.621s] -- Up-to-date symlink: /home/raghav/turtlebot4_ws/install/empty_shelf_msgs/include/empty_shelf_msgs/empty_shelf_msgs/msg/detail/empty_shelf_alert__rosidl_typesupport_fastrtps_c.h
[0.621s] -- Up-to-date symlink: /home/raghav/turtlebot4_ws/install/empty_shelf_msgs/include/empty_shelf_msgs/empty_shelf_msgs/msg/rosidl_typesupport_fastrtps_c__visibility_control.h
[0.621s] -- Up-to-date symlink: /home/raghav/turtlebot4_ws/install/empty_shelf_msgs/include/empty_shelf_msgs/empty_shelf_msgs/msg/detail/empty_shelf_alert__builder.hpp
[0.622s] -- Up-to-date symlink: /home/raghav/turtlebot4_ws/install/empty_shelf_msgs/include/empty_shelf_msgs/empty_shelf_msgs/msg/detail/empty_shelf_alert__struct.hpp
[0.622s] -- Up-to-date symlink: /home/raghav/turtlebot4_ws/install/empty_shelf_msgs/include/empty_shelf_msgs/empty_shelf_msgs/msg/detail/empty_shelf_alert__traits.hpp
[0.622s] -- Up-to-date symlink: /home/raghav/turtlebot4_ws/install/empty_shelf_msgs/include/empty_shelf_msgs/empty_shelf_msgs/msg/detail/empty_shelf_alert__type_support.hpp
[0.623s] -- Up-to-date symlink: /home/raghav/turtlebot4_ws/install/empty_shelf_msgs/include/empty_shelf_msgs/empty_shelf_msgs/msg/empty_shelf_alert.hpp
[0.623s] -- Up-to-date symlink: /home/raghav/turtlebot4_ws/install/empty_shelf_msgs/include/empty_shelf_msgs/empty_shelf_msgs/msg/rosidl_generator_cpp__visibility_control.hpp
[0.623s] -- Up-to-date symlink: /home/raghav/turtlebot4_ws/install/empty_shelf_msgs/include/empty_shelf_msgs/empty_shelf_msgs/msg/detail/empty_shelf_alert__rosidl_typesupport_fastrtps_cpp.hpp
[0.624s] -- Up-to-date symlink: /home/raghav/turtlebot4_ws/install/empty_shelf_msgs/include/empty_shelf_msgs/empty_shelf_msgs/msg/rosidl_typesupport_fastrtps_cpp__visibility_control.h
[0.624s] -- Up-to-date symlink: /home/raghav/turtlebot4_ws/install/empty_shelf_msgs/include/empty_shelf_msgs/empty_shelf_msgs/msg/detail/empty_shelf_alert__rosidl_typesupport_introspection_c.h
[0.624s] -- Up-to-date symlink: /home/raghav/turtlebot4_ws/install/empty_shelf_msgs/include/empty_shelf_msgs/empty_shelf_msgs/msg/rosidl_typesupport_introspection_c__visibility_control.h
[0.625s] -- Up-to-date symlink: /home/raghav/turtlebot4_ws/install/empty_shelf_msgs/include/empty_shelf_msgs/empty_shelf_msgs/msg/detail/empty_shelf_alert__rosidl_typesupport_introspection_cpp.hpp
[0.625s] -- Up-to-date symlink: /home/raghav/turtlebot4_ws/install/empty_shelf_msgs/share/empty_shelf_msgs/environment/pythonpath.sh
[0.626s] -- Up-to-date symlink: /home/raghav/turtlebot4_ws/install/empty_shelf_msgs/share/empty_shelf_msgs/environment/pythonpath.dsv
[0.626s] -- Up-to-date symlink: /home/raghav/turtlebot4_ws/install/empty_shelf_msgs/local/lib/python3.10/dist-packages/empty_shelf_msgs-0.1.0-py3.10.egg-info/PKG-INFO
[0.626s] -- Up-to-date symlink: /home/raghav/turtlebot4_ws/install/empty_shelf_msgs/local/lib/python3.10/dist-packages/empty_shelf_msgs-0.1.0-py3.10.egg-info/SOURCES.txt
[0.626s] -- Up-to-date symlink: /home/raghav/turtlebot4_ws/install/empty_shelf_msgs/local/lib/python3.10/dist-packages/empty_shelf_msgs-0.1.0-py3.10.egg-info/dependency_links.txt
[0.626s] -- Up-to-date symlink: /home/raghav/turtlebot4_ws/install/empty_shelf_msgs/local/lib/python3.10/dist-packages/empty_shelf_msgs-0.1.0-py3.10.egg-info/top_level.txt
[0.627s] -- Up-to-date symlink: /home/raghav/turtlebot4_ws/install/empty_shelf_msgs/local/lib/python3.10/dist-packages/empty_shelf_msgs/__init__.py
[0.627s] -- Up-to-date symlink: /home/raghav/turtlebot4_ws/install/empty_shelf_msgs/local/lib/python3.10/dist-packages/empty_shelf_msgs/_empty_shelf_msgs_s.ep.rosidl_typesupport_c.c
[0.628s] -- Up-to-date symlink: /home/raghav/turtlebot4_ws/install/empty_shelf_msgs/local/lib/python3.10/dist-packages/empty_shelf_msgs/_empty_shelf_msgs_s.ep.rosidl_typesupport_fastrtps_c.c
[0.628s] -- Up-to-date symlink: /home/raghav/turtlebot4_ws/install/empty_shelf_msgs/local/lib/python3.10/dist-packages/empty_shelf_msgs/_empty_shelf_msgs_s.ep.rosidl_typesupport_introspection_c.c
[0.628s] -- Up-to-date symlink: /home/raghav/turtlebot4_ws/install/empty_shelf_msgs/local/lib/python3.10/dist-packages/empty_shelf_msgs/empty_shelf_msgs_s__rosidl_typesupport_c.cpython-310-x86_64-linux-gnu.so
[0.629s] -- Up-to-date symlink: /home/raghav/turtlebot4_ws/install/empty_shelf_msgs/local/lib/python3.10/dist-packages/empty_shelf_msgs/empty_shelf_msgs_s__rosidl_typesupport_fastrtps_c.cpython-310-x86_64-linux-gnu.so
[0.629s] -- Up-to-date symlink: /home/raghav/turtlebot4_ws/install/empty_shelf_msgs/local/lib/python3.10/dist-packages/empty_shelf_msgs/empty_shelf_msgs_s__rosidl_typesupport_introspection_c.cpython-310-x86_64-linux-gnu.so
[0.629s] -- Up-to-date symlink: /home/raghav/turtlebot4_ws/install/empty_shelf_msgs/local/lib/python3.10/dist-packages/empty_shelf_msgs/libempty_shelf_msgs__rosidl_generator_py.so
[0.630s] -- Up-to-date symlink: /home/raghav/turtlebot4_ws/install/empty_shelf_msgs/local/lib/python3.10/dist-packages/empty_shelf_msgs/msg/__init__.py
[0.630s] -- Up-to-date symlink: /home/raghav/turtlebot4_ws/install/empty_shelf_msgs/local/lib/python3.10/dist-packages/empty_shelf_msgs/msg/_empty_shelf_alert.py
[0.630s] -- Up-to-date symlink: /home/raghav/turtlebot4_ws/install/empty_shelf_msgs/local/lib/python3.10/dist-packages/empty_shelf_msgs/msg/_empty_shelf_alert_s.c
[0.630s] -- Up-to-date symlink: /home/raghav/turtlebot4_ws/install/empty_shelf_msgs/local/lib/python3.10/dist-packages/empty_shelf_msgs/empty_shelf_msgs_s__rosidl_typesupport_fastrtps_c.cpython-310-x86_64-linux-gnu.so
[0.631s] -- Up-to-date symlink: /home/raghav/turtlebot4_ws/install/empty_shelf_msgs/local/lib/python3.10/dist-packages/empty_shelf_msgs/empty_shelf_msgs_s__rosidl_typesupport_introspection_c.cpython-310-x86_64-linux-gnu.so
[0.631s] -- Up-to-date symlink: /home/raghav/turtlebot4_ws/install/empty_shelf_msgs/local/lib/python3.10/dist-packages/empty_shelf_msgs/empty_shelf_msgs_s__rosidl_typesupport_c.cpython-310-x86_64-linux-gnu.so
[0.631s] -- Up-to-date symlink: /home/raghav/turtlebot4_ws/install/empty_shelf_msgs/share/empty_shelf_msgs/msg/EmptyShelfAlert.idl
[0.632s] -- Up-to-date symlink: /home/raghav/turtlebot4_ws/install/empty_shelf_msgs/share/empty_shelf_msgs/msg/EmptyShelfAlert.msg
[0.632s] -- Up-to-date symlink: /home/raghav/turtlebot4_ws/install/empty_shelf_msgs/share/empty_shelf_msgs/msg/EmptyShelfAlert.msg
[0.632s] -- Up-to-date symlink: /home/raghav/turtlebot4_ws/install/empty_shelf_msgs/share/ament_index/resource_index/package_run_dependencies/empty_shelf_msgs
[0.633s] -- Up-to-date symlink: /home/raghav/turtlebot4_ws/install/empty_shelf_msgs/share/ament_index/resource_index/parent_prefix_path/empty_shelf_msgs
[0.633s] -- Up-to-date symlink: /home/raghav/turtlebot4_ws/install/empty_shelf_msgs/share/empty_shelf_msgs/environment/ament_prefix_path.sh
[0.633s] -- Up-to-date symlink: /home/raghav/turtlebot4_ws/install/empty_shelf_msgs/share/empty_shelf_msgs/environment/ament_prefix_path.dsv
[0.633s] -- Up-to-date symlink: /home/raghav/turtlebot4_ws/install/empty_shelf_msgs/share/empty_shelf_msgs/environment/path.sh
[0.634s] -- Up-to-date symlink: /home/raghav/turtlebot4_ws/install/empty_shelf_msgs/share/empty_shelf_msgs/environment/path.dsv
[0.634s] -- Up-to-date symlink: /home/raghav/turtlebot4_ws/install/empty_shelf_msgs/share/empty_shelf_msgs/local_setup.bash
[0.634s] -- Up-to-date symlink: /home/raghav/turtlebot4_ws/install/empty_shelf_msgs/share/empty_shelf_msgs/local_setup.sh
[0.634s] -- Up-to-date symlink: /home/raghav/turtlebot4_ws/install/empty_shelf_msgs/share/empty_shelf_msgs/local_setup.zsh
[0.635s] -- Up-to-date symlink: /home/raghav/turtlebot4_ws/install/empty_shelf_msgs/share/empty_shelf_msgs/local_setup.dsv
[0.635s] -- Symlinking: /home/raghav/turtlebot4_ws/install/empty_shelf_msgs/share/empty_shelf_msgs/package.dsv
[0.648s] -- Up-to-date symlink: /home/raghav/turtlebot4_ws/install/empty_shelf_msgs/share/ament_index/resource_index/packages/empty_shelf_msgs
[0.648s] -- Up-to-date symlink: /home/raghav/turtlebot4_ws/install/empty_shelf_msgs/share/empty_shelf_msgs/cmake/rosidl_cmake-extras.cmake
[0.649s] -- Up-to-date symlink: /home/raghav/turtlebot4_ws/install/empty_shelf_msgs/share/empty_shelf_msgs/cmake/ament_cmake_export_dependencies-extras.cmake
[0.649s] -- Up-to-date symlink: /home/raghav/turtlebot4_ws/install/empty_shelf_msgs/share/empty_shelf_msgs/cmake/ament_cmake_export_include_directories-extras.cmake
[0.649s] -- Up-to-date symlink: /home/raghav/turtlebot4_ws/install/empty_shelf_msgs/share/empty_shelf_msgs/cmake/ament_cmake_export_libraries-extras.cmake
[0.649s] -- Up-to-date symlink: /home/raghav/turtlebot4_ws/install/empty_shelf_msgs/share/empty_shelf_msgs/cmake/ament_cmake_export_targets-extras.cmake
[0.650s] -- Up-to-date symlink: /home/raghav/turtlebot4_ws/install/empty_shelf_msgs/share/empty_shelf_msgs/cmake/rosidl_cmake_export_typesupport_targets-extras.cmake
[0.650s] -- Up-to-date symlink: /home/raghav/turtlebot4_ws/install/empty_shelf_msgs/share/empty_shelf_msgs/cmake/rosidl_cmake_export_typesupport_libraries-extras.cmake
[0.650s] -- Up-to-date symlink: /home/raghav/turtlebot4_ws/install/empty_shelf_msgs/share/empty_shelf_msgs/cmake/empty_shelf_msgsConfig.cmake
[0.650s] -- Up-to-date symlink: /home/raghav/turtlebot4_ws/install/empty_shelf_msgs/share/empty_shelf_msgs/cmake/empty_shelf_msgsConfig-version.cmake
[0.650s] -- Up-to-date symlink: /home/raghav/turtlebot4_ws/install/empty_shelf_msgs/share/empty_shelf_msgs/package.xml
[0.651s] -- Up-to-date: /home/raghav/turtlebot4_ws/install/empty_shelf_msgs/lib/libempty_shelf_msgs__rosidl_generator_c.so
[0.652s] -- Up-to-date: /home/raghav/turtlebot4_ws/install/empty_shelf_msgs/lib/libempty_shelf_msgs__rosidl_typesupport_fastrtps_c.so
[0.652s] -- Up-to-date: /home/raghav/turtlebot4_ws/install/empty_shelf_msgs/lib/libempty_shelf_msgs__rosidl_typesupport_fastrtps_cpp.so
[0.653s] -- Up-to-date: /home/raghav/turtlebot4_ws/install/empty_shelf_msgs/lib/libempty_shelf_msgs__rosidl_typesupport_introspection_c.so
[0.653s] -- Up-to-date: /home/raghav/turtlebot4_ws/install/empty_shelf_msgs/lib/libempty_shelf_msgs__rosidl_typesupport_c.so
[0.654s] -- Up-to-date: /home/raghav/turtlebot4_ws/install/empty_shelf_msgs/lib/libempty_shelf_msgs__rosidl_typesupport_introspection_cpp.so
[0.654s] -- Up-to-date: /home/raghav/turtlebot4_ws/install/empty_shelf_msgs/lib/libempty_shelf_msgs__rosidl_typesupport_cpp.so
[0.694s] Listing '/home/raghav/turtlebot4_ws/install/empty_shelf_msgs/local/lib/python3.10/dist-packages/empty_shelf_msgs'...
[0.694s] Listing '/home/raghav/turtlebot4_ws/install/empty_shelf_msgs/local/lib/python3.10/dist-packages/empty_shelf_msgs/msg'...
[0.701s] -- Up-to-date: /home/raghav/turtlebot4_ws/install/empty_shelf_msgs/lib/libempty_shelf_msgs__rosidl_generator_py.so
[0.702s] -- Up-to-date: /home/raghav/turtlebot4_ws/install/empty_shelf_msgs/share/empty_shelf_msgs/cmake/export_empty_shelf_msgs__rosidl_generator_cExport.cmake
[0.703s] -- Up-to-date: /home/raghav/turtlebot4_ws/install/empty_shelf_msgs/share/empty_shelf_msgs/cmake/export_empty_shelf_msgs__rosidl_generator_cExport-noconfig.cmake
[0.703s] -- Up-to-date: /home/raghav/turtlebot4_ws/install/empty_shelf_msgs/share/empty_shelf_msgs/cmake/export_empty_shelf_msgs__rosidl_typesupport_fastrtps_cExport.cmake
[0.703s] -- Up-to-date: /home/raghav/turtlebot4_ws/install/empty_shelf_msgs/share/empty_shelf_msgs/cmake/export_empty_shelf_msgs__rosidl_typesupport_fastrtps_cExport-noconfig.cmake
[0.703s] -- Up-to-date: /home/raghav/turtlebot4_ws/install/empty_shelf_msgs/share/empty_shelf_msgs/cmake/export_empty_shelf_msgs__rosidl_generator_cppExport.cmake
[0.704s] -- Up-to-date: /home/raghav/turtlebot4_ws/install/empty_shelf_msgs/share/empty_shelf_msgs/cmake/export_empty_shelf_msgs__rosidl_typesupport_fastrtps_cppExport.cmake
[0.704s] -- Up-to-date: /home/raghav/turtlebot4_ws/install/empty_shelf_msgs/share/empty_shelf_msgs/cmake/export_empty_shelf_msgs__rosidl_typesupport_fastrtps_cppExport-noconfig.cmake
[0.704s] -- Up-to-date: /home/raghav/turtlebot4_ws/install/empty_shelf_msgs/share/empty_shelf_msgs/cmake/empty_shelf_msgs__rosidl_typesupport_introspection_cExport.cmake
[0.704s] -- Up-to-date: /home/raghav/turtlebot4_ws/install/empty_shelf_msgs/share/empty_shelf_msgs/cmake/empty_shelf_msgs__rosidl_typesupport_introspection_cExport-noconfig.cmake
[0.704s] -- Up-to-date: /home/raghav/turtlebot4_ws/install/empty_shelf_msgs/share/empty_shelf_msgs/cmake/empty_shelf_msgs__rosidl_typesupport_cExport.cmake
[0.705s] -- Up-to-date: /home/raghav/turtlebot4_ws/install/empty_shelf_msgs/share/empty_shelf_msgs/cmake/empty_shelf_msgs__rosidl_typesupport_cExport-noconfig.cmake
[0.705s] -- Up-to-date: /home/raghav/turtlebot4_ws/install/empty_shelf_msgs/share/empty_shelf_msgs/cmake/empty_shelf_msgs__rosidl_typesupport_introspection_cppExport.cmake
[0.705s] -- Up-to-date: /home/raghav/turtlebot4_ws/install/empty_shelf_msgs/share/empty_shelf_msgs/cmake/empty_shelf_msgs__rosidl_typesupport_introspection_cppExport-noconfig.cmake
[0.705s] -- Up-to-date: /home/raghav/turtlebot4_ws/install/empty_shelf_msgs/share/empty_shelf_msgs/cmake/empty_shelf_msgs__rosidl_typesupport_cppExport.cmake
[0.705s] -- Up-to-date: /home/raghav/turtlebot4_ws/install/empty_shelf_msgs/share/empty_shelf_msgs/cmake/empty_shelf_msgs__rosidl_typesupport_cppExport-noconfig.cmake
[0.706s] -- Up-to-date: /home/raghav/turtlebot4_ws/install/empty_shelf_msgs/share/empty_shelf_msgs/cmake/export_empty_shelf_msgs__rosidl_generator_pyExport.cmake
[0.706s] -- Up-to-date: /home/raghav/turtlebot4_ws/install/empty_shelf_msgs/share/empty_shelf_msgs/cmake/export_empty_shelf_msgs__rosidl_generator_pyExport-noconfig.cmake
[0.710s] Invoked command in '/home/raghav/turtlebot4_ws/build/empty_shelf_msgs' returned '0': CMAKE_PREFIX_PATH=${CMAKE_PREFIX_PATH}:/opt/ros/humble /usr/bin/cmake --install /home/raghav/turtlebot4_ws/build/empty_shelf_msgs
