[0.021s] Invoking command in '/home/raghav/turtlebot4_ws/build/turtlebot4_simulator': CMAKE_PREFIX_PATH=/home/raghav/turtlebot4_ws/install/turtlebot4_ignition_bringup:/home/raghav/turtlebot4_ws/install/turtlebot4_ignition_toolbox:/home/raghav/turtlebot4_ws/install/turtlebot4_ignition_gui_plugins:/home/raghav/turtlebot4_ws/install/empty_shelf_detector:/home/raghav/turtlebot4_ws/install/empty_shelf_msgs:/home/raghav/turtlebot4_ws/install/turtlebot4_simulator:/opt/ros/humble /usr/bin/cmake /home/raghav/turtlebot4_ws/src/turtlebot4_simulator/turtlebot4_simulator -DCMAKE_INSTALL_PREFIX=/home/raghav/turtlebot4_ws/install/turtlebot4_simulator
[0.140s] -- The C compiler identification is GNU 11.4.0
[0.253s] -- The CXX compiler identification is GNU 11.4.0
[0.266s] -- Detecting C compiler ABI info
[0.397s] -- Detecting C compiler ABI info - done
[0.412s] -- Check for working C compiler: /usr/bin/cc - skipped
[0.412s] -- Detecting C compile features
[0.413s] -- Detecting C compile features - done
[0.419s] -- Detecting CXX compiler ABI info
[0.602s] -- Detecting CXX compiler ABI info - done
[0.620s] -- Check for working CXX compiler: /usr/bin/c++ - skipped
[0.621s] -- Detecting CXX compile features
[0.621s] -- Detecting CXX compile features - done
[0.631s] -- Found ament_cmake: 1.3.11 (/opt/ros/humble/share/ament_cmake/cmake)
[1.011s] -- Found Python3: /usr/bin/python3 (found version "3.10.12") found components: Interpreter 
[1.462s] -- Configuring done
[1.466s] -- Generating done
[1.470s] -- Build files have been written to: /home/raghav/turtlebot4_ws/build/turtlebot4_simulator
[1.482s] Invoked command in '/home/raghav/turtlebot4_ws/build/turtlebot4_simulator' returned '0': CMAKE_PREFIX_PATH=/home/raghav/turtlebot4_ws/install/turtlebot4_ignition_bringup:/home/raghav/turtlebot4_ws/install/turtlebot4_ignition_toolbox:/home/raghav/turtlebot4_ws/install/turtlebot4_ignition_gui_plugins:/home/raghav/turtlebot4_ws/install/empty_shelf_detector:/home/raghav/turtlebot4_ws/install/empty_shelf_msgs:/home/raghav/turtlebot4_ws/install/turtlebot4_simulator:/opt/ros/humble /usr/bin/cmake /home/raghav/turtlebot4_ws/src/turtlebot4_simulator/turtlebot4_simulator -DCMAKE_INSTALL_PREFIX=/home/raghav/turtlebot4_ws/install/turtlebot4_simulator
[1.482s] Invoking command in '/home/raghav/turtlebot4_ws/build/turtlebot4_simulator': CMAKE_PREFIX_PATH=/home/raghav/turtlebot4_ws/install/turtlebot4_ignition_bringup:/home/raghav/turtlebot4_ws/install/turtlebot4_ignition_toolbox:/home/raghav/turtlebot4_ws/install/turtlebot4_ignition_gui_plugins:/home/raghav/turtlebot4_ws/install/empty_shelf_detector:/home/raghav/turtlebot4_ws/install/empty_shelf_msgs:/home/raghav/turtlebot4_ws/install/turtlebot4_simulator:/opt/ros/humble /usr/bin/cmake --build /home/raghav/turtlebot4_ws/build/turtlebot4_simulator -- -j8 -l8
[1.576s] Invoked command in '/home/raghav/turtlebot4_ws/build/turtlebot4_simulator' returned '0': CMAKE_PREFIX_PATH=/home/raghav/turtlebot4_ws/install/turtlebot4_ignition_bringup:/home/raghav/turtlebot4_ws/install/turtlebot4_ignition_toolbox:/home/raghav/turtlebot4_ws/install/turtlebot4_ignition_gui_plugins:/home/raghav/turtlebot4_ws/install/empty_shelf_detector:/home/raghav/turtlebot4_ws/install/empty_shelf_msgs:/home/raghav/turtlebot4_ws/install/turtlebot4_simulator:/opt/ros/humble /usr/bin/cmake --build /home/raghav/turtlebot4_ws/build/turtlebot4_simulator -- -j8 -l8
[1.582s] Invoking command in '/home/raghav/turtlebot4_ws/build/turtlebot4_simulator': CMAKE_PREFIX_PATH=/home/raghav/turtlebot4_ws/install/turtlebot4_ignition_bringup:/home/raghav/turtlebot4_ws/install/turtlebot4_ignition_toolbox:/home/raghav/turtlebot4_ws/install/turtlebot4_ignition_gui_plugins:/home/raghav/turtlebot4_ws/install/empty_shelf_detector:/home/raghav/turtlebot4_ws/install/empty_shelf_msgs:/home/raghav/turtlebot4_ws/install/turtlebot4_simulator:/opt/ros/humble /usr/bin/cmake --install /home/raghav/turtlebot4_ws/build/turtlebot4_simulator
[1.595s] -- Install configuration: ""
[1.595s] -- Installing: /home/raghav/turtlebot4_ws/install/turtlebot4_simulator/share/ament_index/resource_index/package_run_dependencies/turtlebot4_simulator
[1.595s] -- Installing: /home/raghav/turtlebot4_ws/install/turtlebot4_simulator/share/ament_index/resource_index/parent_prefix_path/turtlebot4_simulator
[1.599s] -- Installing: /home/raghav/turtlebot4_ws/install/turtlebot4_simulator/share/turtlebot4_simulator/environment/ament_prefix_path.sh
[1.600s] -- Installing: /home/raghav/turtlebot4_ws/install/turtlebot4_simulator/share/turtlebot4_simulator/environment/ament_prefix_path.dsv
[1.600s] -- Installing: /home/raghav/turtlebot4_ws/install/turtlebot4_simulator/share/turtlebot4_simulator/environment/path.sh
[1.600s] -- Installing: /home/raghav/turtlebot4_ws/install/turtlebot4_simulator/share/turtlebot4_simulator/environment/path.dsv
[1.603s] -- Installing: /home/raghav/turtlebot4_ws/install/turtlebot4_simulator/share/turtlebot4_simulator/local_setup.bash
[1.603s] -- Installing: /home/raghav/turtlebot4_ws/install/turtlebot4_simulator/share/turtlebot4_simulator/local_setup.sh
[1.604s] -- Installing: /home/raghav/turtlebot4_ws/install/turtlebot4_simulator/share/turtlebot4_simulator/local_setup.zsh
[1.605s] -- Installing: /home/raghav/turtlebot4_ws/install/turtlebot4_simulator/share/turtlebot4_simulator/local_setup.dsv
[1.606s] -- Installing: /home/raghav/turtlebot4_ws/install/turtlebot4_simulator/share/turtlebot4_simulator/package.dsv
[1.606s] -- Installing: /home/raghav/turtlebot4_ws/install/turtlebot4_simulator/share/ament_index/resource_index/packages/turtlebot4_simulator
[1.609s] -- Installing: /home/raghav/turtlebot4_ws/install/turtlebot4_simulator/share/turtlebot4_simulator/cmake/turtlebot4_simulatorConfig.cmake
[1.609s] -- Installing: /home/raghav/turtlebot4_ws/install/turtlebot4_simulator/share/turtlebot4_simulator/cmake/turtlebot4_simulatorConfig-version.cmake
[1.609s] -- Installing: /home/raghav/turtlebot4_ws/install/turtlebot4_simulator/share/turtlebot4_simulator/package.xml
[1.609s] Invoked command in '/home/raghav/turtlebot4_ws/build/turtlebot4_simulator' returned '0': CMAKE_PREFIX_PATH=/home/raghav/turtlebot4_ws/install/turtlebot4_ignition_bringup:/home/raghav/turtlebot4_ws/install/turtlebot4_ignition_toolbox:/home/raghav/turtlebot4_ws/install/turtlebot4_ignition_gui_plugins:/home/raghav/turtlebot4_ws/install/empty_shelf_detector:/home/raghav/turtlebot4_ws/install/empty_shelf_msgs:/home/raghav/turtlebot4_ws/install/turtlebot4_simulator:/opt/ros/humble /usr/bin/cmake --install /home/raghav/turtlebot4_ws/build/turtlebot4_simulator
