[0.014s] Invoking command in '/home/raghav/turtlebot4_ws/src/build/turtlebot4_ignition_bringup': AMENT_PREFIX_PATH=/home/raghav/turtlebot4_ws/src/install/turtlebot4_ignition_toolbox:/home/raghav/turtlebot4_ws/src/install/turtlebot4_ignition_gui_plugins:${AMENT_PREFIX_PATH} CMAKE_PREFIX_PATH=/home/raghav/turtlebot4_ws/src/install/turtlebot4_ignition_toolbox:/home/raghav/turtlebot4_ws/src/install/turtlebot4_ignition_gui_plugins:/home/raghav/turtlebot4_ws/install/turtlebot4_simulator:/home/raghav/turtlebot4_ws/install/turtlebot4_ignition_bringup:/home/raghav/turtlebot4_ws/install/turtlebot4_ignition_toolbox:/home/raghav/turtlebot4_ws/install/turtlebot4_ignition_gui_plugins:/opt/ros/humble /usr/bin/cmake /home/raghav/turtlebot4_ws/src/turtlebot4_simulator/turtlebot4_ignition_bringup -DCMAKE_INSTALL_PREFIX=/home/raghav/turtlebot4_ws/src/install/turtlebot4_ignition_bringup
[0.085s] -- The C compiler identification is GNU 11.4.0
[0.144s] -- The CXX compiler identification is GNU 11.4.0
[0.158s] -- Detecting C compiler ABI info
[0.233s] -- Detecting C compiler ABI info - done
[0.251s] -- Check for working C compiler: /usr/bin/cc - skipped
[0.252s] -- Detecting C compile features
[0.253s] -- Detecting C compile features - done
[0.259s] -- Detecting CXX compiler ABI info
[0.351s] -- Detecting CXX compiler ABI info - done
[0.371s] -- Check for working CXX compiler: /usr/bin/c++ - skipped
[0.371s] -- Detecting CXX compile features
[0.372s] -- Detecting CXX compile features - done
[0.377s] -- Found ament_cmake: 1.3.11 (/opt/ros/humble/share/ament_cmake/cmake)
[0.549s] -- Found Python3: /usr/bin/python3 (found version "3.10.12") found components: Interpreter 
[0.663s] -- Found ros_ign_interfaces: 0.244.16 (/opt/ros/humble/share/ros_ign_interfaces/cmake)
[0.691s] -- Found rosidl_generator_c: 3.1.6 (/opt/ros/humble/share/rosidl_generator_c/cmake)
[0.695s] -- Found rosidl_adapter: 3.1.6 (/opt/ros/humble/share/rosidl_adapter/cmake)
[0.702s] -- Found rosidl_generator_cpp: 3.1.6 (/opt/ros/humble/share/rosidl_generator_cpp/cmake)
[0.712s] -- Using all available rosidl_typesupport_c: rosidl_typesupport_fastrtps_c;rosidl_typesupport_introspection_c
[0.726s] -- Using all available rosidl_typesupport_cpp: rosidl_typesupport_fastrtps_cpp;rosidl_typesupport_introspection_cpp
[0.799s] -- Found ament_lint_auto: 0.12.12 (/opt/ros/humble/share/ament_lint_auto/cmake)
[0.872s] -- Added test 'copyright' to check source files copyright and LICENSE
[0.874s] -- Added test 'flake8' to check Python code syntax and style conventions
[0.875s] -- Added test 'lint_cmake' to check CMake code style
[0.875s] -- Added test 'pep257' to check Python code against some of the docstring style conventions in PEP 257
[0.876s] -- Added test 'xmllint' to check XML markup files
[0.877s] -- Configuring done
[0.880s] -- Generating done
[0.882s] -- Build files have been written to: /home/raghav/turtlebot4_ws/src/build/turtlebot4_ignition_bringup
[0.888s] Invoked command in '/home/raghav/turtlebot4_ws/src/build/turtlebot4_ignition_bringup' returned '0': AMENT_PREFIX_PATH=/home/raghav/turtlebot4_ws/src/install/turtlebot4_ignition_toolbox:/home/raghav/turtlebot4_ws/src/install/turtlebot4_ignition_gui_plugins:${AMENT_PREFIX_PATH} CMAKE_PREFIX_PATH=/home/raghav/turtlebot4_ws/src/install/turtlebot4_ignition_toolbox:/home/raghav/turtlebot4_ws/src/install/turtlebot4_ignition_gui_plugins:/home/raghav/turtlebot4_ws/install/turtlebot4_simulator:/home/raghav/turtlebot4_ws/install/turtlebot4_ignition_bringup:/home/raghav/turtlebot4_ws/install/turtlebot4_ignition_toolbox:/home/raghav/turtlebot4_ws/install/turtlebot4_ignition_gui_plugins:/opt/ros/humble /usr/bin/cmake /home/raghav/turtlebot4_ws/src/turtlebot4_simulator/turtlebot4_ignition_bringup -DCMAKE_INSTALL_PREFIX=/home/raghav/turtlebot4_ws/src/install/turtlebot4_ignition_bringup
[0.892s] Invoking command in '/home/raghav/turtlebot4_ws/src/build/turtlebot4_ignition_bringup': AMENT_PREFIX_PATH=/home/raghav/turtlebot4_ws/src/install/turtlebot4_ignition_toolbox:/home/raghav/turtlebot4_ws/src/install/turtlebot4_ignition_gui_plugins:${AMENT_PREFIX_PATH} CMAKE_PREFIX_PATH=/home/raghav/turtlebot4_ws/src/install/turtlebot4_ignition_toolbox:/home/raghav/turtlebot4_ws/src/install/turtlebot4_ignition_gui_plugins:/home/raghav/turtlebot4_ws/install/turtlebot4_simulator:/home/raghav/turtlebot4_ws/install/turtlebot4_ignition_bringup:/home/raghav/turtlebot4_ws/install/turtlebot4_ignition_toolbox:/home/raghav/turtlebot4_ws/install/turtlebot4_ignition_gui_plugins:/opt/ros/humble /usr/bin/cmake --build /home/raghav/turtlebot4_ws/src/build/turtlebot4_ignition_bringup -- -j8 -l8
[0.947s] Invoked command in '/home/raghav/turtlebot4_ws/src/build/turtlebot4_ignition_bringup' returned '0': AMENT_PREFIX_PATH=/home/raghav/turtlebot4_ws/src/install/turtlebot4_ignition_toolbox:/home/raghav/turtlebot4_ws/src/install/turtlebot4_ignition_gui_plugins:${AMENT_PREFIX_PATH} CMAKE_PREFIX_PATH=/home/raghav/turtlebot4_ws/src/install/turtlebot4_ignition_toolbox:/home/raghav/turtlebot4_ws/src/install/turtlebot4_ignition_gui_plugins:/home/raghav/turtlebot4_ws/install/turtlebot4_simulator:/home/raghav/turtlebot4_ws/install/turtlebot4_ignition_bringup:/home/raghav/turtlebot4_ws/install/turtlebot4_ignition_toolbox:/home/raghav/turtlebot4_ws/install/turtlebot4_ignition_gui_plugins:/opt/ros/humble /usr/bin/cmake --build /home/raghav/turtlebot4_ws/src/build/turtlebot4_ignition_bringup -- -j8 -l8
[0.949s] Invoking command in '/home/raghav/turtlebot4_ws/src/build/turtlebot4_ignition_bringup': AMENT_PREFIX_PATH=/home/raghav/turtlebot4_ws/src/install/turtlebot4_ignition_toolbox:/home/raghav/turtlebot4_ws/src/install/turtlebot4_ignition_gui_plugins:${AMENT_PREFIX_PATH} CMAKE_PREFIX_PATH=/home/raghav/turtlebot4_ws/src/install/turtlebot4_ignition_toolbox:/home/raghav/turtlebot4_ws/src/install/turtlebot4_ignition_gui_plugins:/home/raghav/turtlebot4_ws/install/turtlebot4_simulator:/home/raghav/turtlebot4_ws/install/turtlebot4_ignition_bringup:/home/raghav/turtlebot4_ws/install/turtlebot4_ignition_toolbox:/home/raghav/turtlebot4_ws/install/turtlebot4_ignition_gui_plugins:/opt/ros/humble /usr/bin/cmake --install /home/raghav/turtlebot4_ws/src/build/turtlebot4_ignition_bringup
[0.955s] -- Install configuration: ""
[0.955s] -- Installing: /home/raghav/turtlebot4_ws/src/install/turtlebot4_ignition_bringup/share/turtlebot4_ignition_bringup/config
[0.955s] -- Installing: /home/raghav/turtlebot4_ws/src/install/turtlebot4_ignition_bringup/share/turtlebot4_ignition_bringup/config/turtlebot4_node.yaml
[0.955s] -- Installing: /home/raghav/turtlebot4_ws/src/install/turtlebot4_ignition_bringup/share/turtlebot4_ignition_bringup/gui
[0.956s] -- Installing: /home/raghav/turtlebot4_ws/src/install/turtlebot4_ignition_bringup/share/turtlebot4_ignition_bringup/gui/lite
[0.956s] -- Installing: /home/raghav/turtlebot4_ws/src/install/turtlebot4_ignition_bringup/share/turtlebot4_ignition_bringup/gui/lite/gui.config
[0.956s] -- Installing: /home/raghav/turtlebot4_ws/src/install/turtlebot4_ignition_bringup/share/turtlebot4_ignition_bringup/gui/standard
[0.956s] -- Installing: /home/raghav/turtlebot4_ws/src/install/turtlebot4_ignition_bringup/share/turtlebot4_ignition_bringup/gui/standard/gui.config
[0.956s] -- Installing: /home/raghav/turtlebot4_ws/src/install/turtlebot4_ignition_bringup/share/turtlebot4_ignition_bringup/launch
[0.956s] -- Installing: /home/raghav/turtlebot4_ws/src/install/turtlebot4_ignition_bringup/share/turtlebot4_ignition_bringup/launch/turtlebot4_spawn.launch.py
[0.957s] -- Installing: /home/raghav/turtlebot4_ws/src/install/turtlebot4_ignition_bringup/share/turtlebot4_ignition_bringup/launch/ros_ign_bridge.launch.py
[0.957s] -- Installing: /home/raghav/turtlebot4_ws/src/install/turtlebot4_ignition_bringup/share/turtlebot4_ignition_bringup/launch/turtlebot4_nodes.launch.py
[0.957s] -- Installing: /home/raghav/turtlebot4_ws/src/install/turtlebot4_ignition_bringup/share/turtlebot4_ignition_bringup/launch/ignition.launch.py
[0.957s] -- Installing: /home/raghav/turtlebot4_ws/src/install/turtlebot4_ignition_bringup/share/turtlebot4_ignition_bringup/launch/turtlebot4_ignition.launch.py
[0.957s] -- Installing: /home/raghav/turtlebot4_ws/src/install/turtlebot4_ignition_bringup/share/turtlebot4_ignition_bringup/worlds
[0.957s] -- Installing: /home/raghav/turtlebot4_ws/src/install/turtlebot4_ignition_bringup/share/turtlebot4_ignition_bringup/worlds/warehouse.sdf
[0.957s] -- Installing: /home/raghav/turtlebot4_ws/src/install/turtlebot4_ignition_bringup/share/turtlebot4_ignition_bringup/worlds/maze.sdf
[0.957s] -- Installing: /home/raghav/turtlebot4_ws/src/install/turtlebot4_ignition_bringup/share/turtlebot4_ignition_bringup/worlds/depot.sdf
[0.958s] -- Installing: /home/raghav/turtlebot4_ws/src/install/turtlebot4_ignition_bringup/share/ament_index/resource_index/package_run_dependencies/turtlebot4_ignition_bringup
[0.958s] -- Installing: /home/raghav/turtlebot4_ws/src/install/turtlebot4_ignition_bringup/share/ament_index/resource_index/parent_prefix_path/turtlebot4_ignition_bringup
[0.958s] -- Installing: /home/raghav/turtlebot4_ws/src/install/turtlebot4_ignition_bringup/share/turtlebot4_ignition_bringup/environment/ament_prefix_path.sh
[0.958s] -- Installing: /home/raghav/turtlebot4_ws/src/install/turtlebot4_ignition_bringup/share/turtlebot4_ignition_bringup/environment/ament_prefix_path.dsv
[0.958s] -- Installing: /home/raghav/turtlebot4_ws/src/install/turtlebot4_ignition_bringup/share/turtlebot4_ignition_bringup/environment/path.sh
[0.958s] -- Installing: /home/raghav/turtlebot4_ws/src/install/turtlebot4_ignition_bringup/share/turtlebot4_ignition_bringup/environment/path.dsv
[0.958s] -- Installing: /home/raghav/turtlebot4_ws/src/install/turtlebot4_ignition_bringup/share/turtlebot4_ignition_bringup/local_setup.bash
[0.958s] -- Installing: /home/raghav/turtlebot4_ws/src/install/turtlebot4_ignition_bringup/share/turtlebot4_ignition_bringup/local_setup.sh
[0.958s] -- Installing: /home/raghav/turtlebot4_ws/src/install/turtlebot4_ignition_bringup/share/turtlebot4_ignition_bringup/local_setup.zsh
[0.960s] -- Installing: /home/raghav/turtlebot4_ws/src/install/turtlebot4_ignition_bringup/share/turtlebot4_ignition_bringup/local_setup.dsv
[0.961s] -- Installing: /home/raghav/turtlebot4_ws/src/install/turtlebot4_ignition_bringup/share/turtlebot4_ignition_bringup/package.dsv
[0.961s] -- Installing: /home/raghav/turtlebot4_ws/src/install/turtlebot4_ignition_bringup/share/ament_index/resource_index/packages/turtlebot4_ignition_bringup
[0.961s] -- Installing: /home/raghav/turtlebot4_ws/src/install/turtlebot4_ignition_bringup/share/turtlebot4_ignition_bringup/cmake/turtlebot4_ignition_bringupConfig.cmake
[0.961s] -- Installing: /home/raghav/turtlebot4_ws/src/install/turtlebot4_ignition_bringup/share/turtlebot4_ignition_bringup/cmake/turtlebot4_ignition_bringupConfig-version.cmake
[0.961s] -- Installing: /home/raghav/turtlebot4_ws/src/install/turtlebot4_ignition_bringup/share/turtlebot4_ignition_bringup/package.xml
[0.961s] Invoked command in '/home/raghav/turtlebot4_ws/src/build/turtlebot4_ignition_bringup' returned '0': AMENT_PREFIX_PATH=/home/raghav/turtlebot4_ws/src/install/turtlebot4_ignition_toolbox:/home/raghav/turtlebot4_ws/src/install/turtlebot4_ignition_gui_plugins:${AMENT_PREFIX_PATH} CMAKE_PREFIX_PATH=/home/raghav/turtlebot4_ws/src/install/turtlebot4_ignition_toolbox:/home/raghav/turtlebot4_ws/src/install/turtlebot4_ignition_gui_plugins:/home/raghav/turtlebot4_ws/install/turtlebot4_simulator:/home/raghav/turtlebot4_ws/install/turtlebot4_ignition_bringup:/home/raghav/turtlebot4_ws/install/turtlebot4_ignition_toolbox:/home/raghav/turtlebot4_ws/install/turtlebot4_ignition_gui_plugins:/opt/ros/humble /usr/bin/cmake --install /home/raghav/turtlebot4_ws/src/build/turtlebot4_ignition_bringup
