Built target ament_cmake_python_symlink_empty_shelf_detector_setup
Built target ament_cmake_python_symlink_empty_shelf_detector
running egg_info
writing empty_shelf_detector.egg-info/PKG-INFO
writing dependency_links to empty_shelf_detector.egg-info/dependency_links.txt
writing top-level names to empty_shelf_detector.egg-info/top_level.txt
reading manifest file 'empty_shelf_detector.egg-info/SOURCES.txt'
writing manifest file 'empty_shelf_detector.egg-info/SOURCES.txt'
Built target ament_cmake_python_build_empty_shelf_detector_egg
-- Install configuration: "Release"
-- Execute custom install script
-- Up-to-date symlink: /home/raghav/turtlebot4_ws/install/empty_shelf_detector/share/empty_shelf_detector/environment/pythonpath.sh
-- Up-to-date symlink: /home/raghav/turtlebot4_ws/install/empty_shelf_detector/share/empty_shelf_detector/environment/pythonpath.dsv
-- Up-to-date symlink: /home/raghav/turtlebot4_ws/install/empty_shelf_detector/local/lib/python3.10/dist-packages/empty_shelf_detector-0.1.0-py3.10.egg-info/PKG-INFO
-- Up-to-date symlink: /home/raghav/turtlebot4_ws/install/empty_shelf_detector/local/lib/python3.10/dist-packages/empty_shelf_detector-0.1.0-py3.10.egg-info/SOURCES.txt
-- Up-to-date symlink: /home/raghav/turtlebot4_ws/install/empty_shelf_detector/local/lib/python3.10/dist-packages/empty_shelf_detector-0.1.0-py3.10.egg-info/dependency_links.txt
-- Up-to-date symlink: /home/raghav/turtlebot4_ws/install/empty_shelf_detector/local/lib/python3.10/dist-packages/empty_shelf_detector-0.1.0-py3.10.egg-info/top_level.txt
[33mCMake Warning (dev) at ament_cmake_symlink_install/ament_cmake_symlink_install.cmake:62 (file):
  Policy CMP0009 is not set: FILE GLOB_RECURSE calls should not follow
  symlinks by default.  Run "cmake --help-policy CMP0009" for policy details.
  Use the cmake_policy command to set the policy and suppress this warning.
Call Stack (most recent call first):
  ament_cmake_symlink_install/ament_cmake_symlink_install.cmake:323 (ament_cmake_symlink_install_directory)
  cmake_install.cmake:46 (include)
This warning is for project developers.  Use -Wno-dev to suppress it.
[0m
[33mCMake Warning (dev) at ament_cmake_symlink_install/ament_cmake_symlink_install.cmake:73 (file):
  Policy CMP0009 is not set: FILE GLOB_RECURSE calls should not follow
  symlinks by default.  Run "cmake --help-policy CMP0009" for policy details.
  Use the cmake_policy command to set the policy and suppress this warning.
Call Stack (most recent call first):
  ament_cmake_symlink_install/ament_cmake_symlink_install.cmake:323 (ament_cmake_symlink_install_directory)
  cmake_install.cmake:46 (include)
This warning is for project developers.  Use -Wno-dev to suppress it.
[0m
[33mCMake Warning (dev) at ament_cmake_symlink_install/ament_cmake_symlink_install.cmake:73 (file):
  Policy CMP0009 is not set: FILE GLOB_RECURSE calls should not follow
  symlinks by default.  Run "cmake --help-policy CMP0009" for policy details.
  Use the cmake_policy command to set the policy and suppress this warning.
Call Stack (most recent call first):
  ament_cmake_symlink_install/ament_cmake_symlink_install.cmake:323 (ament_cmake_symlink_install_directory)
  cmake_install.cmake:46 (include)
This warning is for project developers.  Use -Wno-dev to suppress it.
[0m
-- Up-to-date symlink: /home/raghav/turtlebot4_ws/install/empty_shelf_detector/local/lib/python3.10/dist-packages/empty_shelf_detector/__init__.py
-- Up-to-date symlink: /home/raghav/turtlebot4_ws/install/empty_shelf_detector/local/lib/python3.10/dist-packages/empty_shelf_detector/scripts/build/.built_by
-- Up-to-date symlink: /home/raghav/turtlebot4_ws/install/empty_shelf_detector/local/lib/python3.10/dist-packages/empty_shelf_detector/scripts/build/COLCON_IGNORE
-- Up-to-date symlink: /home/raghav/turtlebot4_ws/install/empty_shelf_detector/local/lib/python3.10/dist-packages/empty_shelf_detector/scripts/esd.py
-- Up-to-date symlink: /home/raghav/turtlebot4_ws/install/empty_shelf_detector/local/lib/python3.10/dist-packages/empty_shelf_detector/scripts/esd_subscriber.py
-- Up-to-date symlink: /home/raghav/turtlebot4_ws/install/empty_shelf_detector/local/lib/python3.10/dist-packages/empty_shelf_detector/scripts/install/.colcon_install_layout
-- Up-to-date symlink: /home/raghav/turtlebot4_ws/install/empty_shelf_detector/local/lib/python3.10/dist-packages/empty_shelf_detector/scripts/install/COLCON_IGNORE
-- Up-to-date symlink: /home/raghav/turtlebot4_ws/install/empty_shelf_detector/local/lib/python3.10/dist-packages/empty_shelf_detector/scripts/install/_local_setup_util_ps1.py
-- Up-to-date symlink: /home/raghav/turtlebot4_ws/install/empty_shelf_detector/local/lib/python3.10/dist-packages/empty_shelf_detector/scripts/install/_local_setup_util_sh.py
-- Up-to-date symlink: /home/raghav/turtlebot4_ws/install/empty_shelf_detector/local/lib/python3.10/dist-packages/empty_shelf_detector/scripts/install/local_setup.bash
-- Up-to-date symlink: /home/raghav/turtlebot4_ws/install/empty_shelf_detector/local/lib/python3.10/dist-packages/empty_shelf_detector/scripts/install/local_setup.ps1
-- Up-to-date symlink: /home/raghav/turtlebot4_ws/install/empty_shelf_detector/local/lib/python3.10/dist-packages/empty_shelf_detector/scripts/install/local_setup.sh
-- Up-to-date symlink: /home/raghav/turtlebot4_ws/install/empty_shelf_detector/local/lib/python3.10/dist-packages/empty_shelf_detector/scripts/install/local_setup.zsh
-- Up-to-date symlink: /home/raghav/turtlebot4_ws/install/empty_shelf_detector/local/lib/python3.10/dist-packages/empty_shelf_detector/scripts/install/setup.bash
-- Up-to-date symlink: /home/raghav/turtlebot4_ws/install/empty_shelf_detector/local/lib/python3.10/dist-packages/empty_shelf_detector/scripts/install/setup.ps1
-- Up-to-date symlink: /home/raghav/turtlebot4_ws/install/empty_shelf_detector/local/lib/python3.10/dist-packages/empty_shelf_detector/scripts/install/setup.sh
-- Up-to-date symlink: /home/raghav/turtlebot4_ws/install/empty_shelf_detector/local/lib/python3.10/dist-packages/empty_shelf_detector/scripts/install/setup.zsh
-- Up-to-date symlink: /home/raghav/turtlebot4_ws/install/empty_shelf_detector/local/lib/python3.10/dist-packages/empty_shelf_detector/scripts/log/COLCON_IGNORE
-- Up-to-date symlink: /home/raghav/turtlebot4_ws/install/empty_shelf_detector/local/lib/python3.10/dist-packages/empty_shelf_detector/scripts/log/build_2025-04-07_13-13-36/events.log
-- Up-to-date symlink: /home/raghav/turtlebot4_ws/install/empty_shelf_detector/local/lib/python3.10/dist-packages/empty_shelf_detector/scripts/log/build_2025-04-07_13-13-36/logger_all.log
-- Up-to-date symlink: /home/raghav/turtlebot4_ws/install/empty_shelf_detector/local/lib/python3.10/dist-packages/empty_shelf_detector/scripts/log/latest/events.log
-- Up-to-date symlink: /home/raghav/turtlebot4_ws/install/empty_shelf_detector/local/lib/python3.10/dist-packages/empty_shelf_detector/scripts/log/latest/logger_all.log
-- Up-to-date symlink: /home/raghav/turtlebot4_ws/install/empty_shelf_detector/local/lib/python3.10/dist-packages/empty_shelf_detector/scripts/log/latest_build/events.log
-- Up-to-date symlink: /home/raghav/turtlebot4_ws/install/empty_shelf_detector/local/lib/python3.10/dist-packages/empty_shelf_detector/scripts/log/latest_build/logger_all.log
-- Up-to-date symlink: /home/raghav/turtlebot4_ws/install/empty_shelf_detector/share/ament_index/resource_index/package_run_dependencies/empty_shelf_detector
-- Up-to-date symlink: /home/raghav/turtlebot4_ws/install/empty_shelf_detector/share/ament_index/resource_index/parent_prefix_path/empty_shelf_detector
-- Up-to-date symlink: /home/raghav/turtlebot4_ws/install/empty_shelf_detector/share/empty_shelf_detector/environment/ament_prefix_path.sh
-- Up-to-date symlink: /home/raghav/turtlebot4_ws/install/empty_shelf_detector/share/empty_shelf_detector/environment/ament_prefix_path.dsv
-- Up-to-date symlink: /home/raghav/turtlebot4_ws/install/empty_shelf_detector/share/empty_shelf_detector/environment/path.sh
-- Up-to-date symlink: /home/raghav/turtlebot4_ws/install/empty_shelf_detector/share/empty_shelf_detector/environment/path.dsv
-- Up-to-date symlink: /home/raghav/turtlebot4_ws/install/empty_shelf_detector/share/empty_shelf_detector/local_setup.bash
-- Up-to-date symlink: /home/raghav/turtlebot4_ws/install/empty_shelf_detector/share/empty_shelf_detector/local_setup.sh
-- Up-to-date symlink: /home/raghav/turtlebot4_ws/install/empty_shelf_detector/share/empty_shelf_detector/local_setup.zsh
-- Up-to-date symlink: /home/raghav/turtlebot4_ws/install/empty_shelf_detector/share/empty_shelf_detector/local_setup.dsv
-- Symlinking: /home/raghav/turtlebot4_ws/install/empty_shelf_detector/share/empty_shelf_detector/package.dsv
-- Up-to-date symlink: /home/raghav/turtlebot4_ws/install/empty_shelf_detector/share/ament_index/resource_index/packages/empty_shelf_detector
-- Up-to-date symlink: /home/raghav/turtlebot4_ws/install/empty_shelf_detector/share/empty_shelf_detector/cmake/empty_shelf_detectorConfig.cmake
-- Up-to-date symlink: /home/raghav/turtlebot4_ws/install/empty_shelf_detector/share/empty_shelf_detector/cmake/empty_shelf_detectorConfig-version.cmake
-- Up-to-date symlink: /home/raghav/turtlebot4_ws/install/empty_shelf_detector/share/empty_shelf_detector/package.xml
Listing '/home/raghav/turtlebot4_ws/install/empty_shelf_detector/local/lib/python3.10/dist-packages/empty_shelf_detector'...
Listing '/home/raghav/turtlebot4_ws/install/empty_shelf_detector/local/lib/python3.10/dist-packages/empty_shelf_detector/scripts'...
Listing '/home/raghav/turtlebot4_ws/install/empty_shelf_detector/local/lib/python3.10/dist-packages/empty_shelf_detector/scripts/build'...
Listing '/home/raghav/turtlebot4_ws/install/empty_shelf_detector/local/lib/python3.10/dist-packages/empty_shelf_detector/scripts/install'...
Listing '/home/raghav/turtlebot4_ws/install/empty_shelf_detector/local/lib/python3.10/dist-packages/empty_shelf_detector/scripts/log'...
Listing '/home/raghav/turtlebot4_ws/install/empty_shelf_detector/local/lib/python3.10/dist-packages/empty_shelf_detector/scripts/log/build_2025-04-07_13-13-36'...
Listing '/home/raghav/turtlebot4_ws/install/empty_shelf_detector/local/lib/python3.10/dist-packages/empty_shelf_detector/scripts/log/latest'...
Listing '/home/raghav/turtlebot4_ws/install/empty_shelf_detector/local/lib/python3.10/dist-packages/empty_shelf_detector/scripts/log/latest_build'...
