[0.018s] Invoking command in '/home/raghav/turtlebot4_ws/build/empty_shelf_detector': CMAKE_PREFIX_PATH=/home/raghav/turtlebot4_ws/install/empty_shelf_msgs:/home/raghav/turtlebot4_ws/install/turtlebot4_simulator:/home/raghav/turtlebot4_ws/install/turtlebot4_ignition_bringup:/home/raghav/turtlebot4_ws/install/turtlebot4_ignition_toolbox:/home/raghav/turtlebot4_ws/install/turtlebot4_ignition_gui_plugins:/home/raghav/turtlebot4_ws/install/empty_shelf_detector:/opt/ros/humble /usr/bin/cmake --build /home/raghav/turtlebot4_ws/build/empty_shelf_detector -- -j8 -l8
[0.100s] Built target ament_cmake_python_symlink_empty_shelf_detector_setup
[0.103s] Built target ament_cmake_python_symlink_empty_shelf_detector
[0.479s] running egg_info
[0.480s] writing empty_shelf_detector.egg-info/PKG-INFO
[0.480s] writing dependency_links to empty_shelf_detector.egg-info/dependency_links.txt
[0.481s] writing top-level names to empty_shelf_detector.egg-info/top_level.txt
[0.484s] reading manifest file 'empty_shelf_detector.egg-info/SOURCES.txt'
[0.485s] writing manifest file 'empty_shelf_detector.egg-info/SOURCES.txt'
[0.534s] Built target ament_cmake_python_build_empty_shelf_detector_egg
[0.554s] Invoked command in '/home/raghav/turtlebot4_ws/build/empty_shelf_detector' returned '0': CMAKE_PREFIX_PATH=/home/raghav/turtlebot4_ws/install/empty_shelf_msgs:/home/raghav/turtlebot4_ws/install/turtlebot4_simulator:/home/raghav/turtlebot4_ws/install/turtlebot4_ignition_bringup:/home/raghav/turtlebot4_ws/install/turtlebot4_ignition_toolbox:/home/raghav/turtlebot4_ws/install/turtlebot4_ignition_gui_plugins:/home/raghav/turtlebot4_ws/install/empty_shelf_detector:/opt/ros/humble /usr/bin/cmake --build /home/raghav/turtlebot4_ws/build/empty_shelf_detector -- -j8 -l8
[0.559s] Invoking command in '/home/raghav/turtlebot4_ws/build/empty_shelf_detector': CMAKE_PREFIX_PATH=/home/raghav/turtlebot4_ws/install/empty_shelf_msgs:/home/raghav/turtlebot4_ws/install/turtlebot4_simulator:/home/raghav/turtlebot4_ws/install/turtlebot4_ignition_bringup:/home/raghav/turtlebot4_ws/install/turtlebot4_ignition_toolbox:/home/raghav/turtlebot4_ws/install/turtlebot4_ignition_gui_plugins:/home/raghav/turtlebot4_ws/install/empty_shelf_detector:/opt/ros/humble /usr/bin/cmake --install /home/raghav/turtlebot4_ws/build/empty_shelf_detector
[0.572s] -- Install configuration: "Release"
[0.573s] -- Execute custom install script
[0.573s] -- Up-to-date symlink: /home/raghav/turtlebot4_ws/install/empty_shelf_detector/share/empty_shelf_detector/environment/pythonpath.sh
[0.574s] -- Up-to-date symlink: /home/raghav/turtlebot4_ws/install/empty_shelf_detector/share/empty_shelf_detector/environment/pythonpath.dsv
[0.575s] -- Up-to-date symlink: /home/raghav/turtlebot4_ws/install/empty_shelf_detector/local/lib/python3.10/dist-packages/empty_shelf_detector-0.1.0-py3.10.egg-info/PKG-INFO
[0.575s] -- Up-to-date symlink: /home/raghav/turtlebot4_ws/install/empty_shelf_detector/local/lib/python3.10/dist-packages/empty_shelf_detector-0.1.0-py3.10.egg-info/SOURCES.txt
[0.576s] -- Up-to-date symlink: /home/raghav/turtlebot4_ws/install/empty_shelf_detector/local/lib/python3.10/dist-packages/empty_shelf_detector-0.1.0-py3.10.egg-info/dependency_links.txt
[0.576s] -- Up-to-date symlink: /home/raghav/turtlebot4_ws/install/empty_shelf_detector/local/lib/python3.10/dist-packages/empty_shelf_detector-0.1.0-py3.10.egg-info/top_level.txt
[0.578s] [33mCMake Warning (dev) at ament_cmake_symlink_install/ament_cmake_symlink_install.cmake:62 (file):
[0.579s]   Policy CMP0009 is not set: FILE GLOB_RECURSE calls should not follow
[0.579s]   symlinks by default.  Run "cmake --help-policy CMP0009" for policy details.
[0.579s]   Use the cmake_policy command to set the policy and suppress this warning.
[0.579s] Call Stack (most recent call first):
[0.579s]   ament_cmake_symlink_install/ament_cmake_symlink_install.cmake:323 (ament_cmake_symlink_install_directory)
[0.579s]   cmake_install.cmake:46 (include)
[0.579s] This warning is for project developers.  Use -Wno-dev to suppress it.
[0.580s] [0m
[0.580s] [33mCMake Warning (dev) at ament_cmake_symlink_install/ament_cmake_symlink_install.cmake:73 (file):
[0.580s]   Policy CMP0009 is not set: FILE GLOB_RECURSE calls should not follow
[0.580s]   symlinks by default.  Run "cmake --help-policy CMP0009" for policy details.
[0.580s]   Use the cmake_policy command to set the policy and suppress this warning.
[0.580s] Call Stack (most recent call first):
[0.581s]   ament_cmake_symlink_install/ament_cmake_symlink_install.cmake:323 (ament_cmake_symlink_install_directory)
[0.581s]   cmake_install.cmake:46 (include)
[0.581s] This warning is for project developers.  Use -Wno-dev to suppress it.
[0.581s] [0m
[0.581s] [33mCMake Warning (dev) at ament_cmake_symlink_install/ament_cmake_symlink_install.cmake:73 (file):
[0.581s]   Policy CMP0009 is not set: FILE GLOB_RECURSE calls should not follow
[0.581s]   symlinks by default.  Run "cmake --help-policy CMP0009" for policy details.
[0.581s]   Use the cmake_policy command to set the policy and suppress this warning.
[0.582s] Call Stack (most recent call first):
[0.582s]   ament_cmake_symlink_install/ament_cmake_symlink_install.cmake:323 (ament_cmake_symlink_install_directory)
[0.582s]   cmake_install.cmake:46 (include)
[0.582s] This warning is for project developers.  Use -Wno-dev to suppress it.
[0.582s] [0m
[0.582s] -- Up-to-date symlink: /home/raghav/turtlebot4_ws/install/empty_shelf_detector/local/lib/python3.10/dist-packages/empty_shelf_detector/__init__.py
[0.582s] -- Up-to-date symlink: /home/raghav/turtlebot4_ws/install/empty_shelf_detector/local/lib/python3.10/dist-packages/empty_shelf_detector/scripts/build/.built_by
[0.582s] -- Up-to-date symlink: /home/raghav/turtlebot4_ws/install/empty_shelf_detector/local/lib/python3.10/dist-packages/empty_shelf_detector/scripts/build/COLCON_IGNORE
[0.583s] -- Up-to-date symlink: /home/raghav/turtlebot4_ws/install/empty_shelf_detector/local/lib/python3.10/dist-packages/empty_shelf_detector/scripts/esd.py
[0.583s] -- Up-to-date symlink: /home/raghav/turtlebot4_ws/install/empty_shelf_detector/local/lib/python3.10/dist-packages/empty_shelf_detector/scripts/esd_subscriber.py
[0.583s] -- Up-to-date symlink: /home/raghav/turtlebot4_ws/install/empty_shelf_detector/local/lib/python3.10/dist-packages/empty_shelf_detector/scripts/install/.colcon_install_layout
[0.583s] -- Up-to-date symlink: /home/raghav/turtlebot4_ws/install/empty_shelf_detector/local/lib/python3.10/dist-packages/empty_shelf_detector/scripts/install/COLCON_IGNORE
[0.583s] -- Up-to-date symlink: /home/raghav/turtlebot4_ws/install/empty_shelf_detector/local/lib/python3.10/dist-packages/empty_shelf_detector/scripts/install/_local_setup_util_ps1.py
[0.584s] -- Up-to-date symlink: /home/raghav/turtlebot4_ws/install/empty_shelf_detector/local/lib/python3.10/dist-packages/empty_shelf_detector/scripts/install/_local_setup_util_sh.py
[0.584s] -- Up-to-date symlink: /home/raghav/turtlebot4_ws/install/empty_shelf_detector/local/lib/python3.10/dist-packages/empty_shelf_detector/scripts/install/local_setup.bash
[0.584s] -- Up-to-date symlink: /home/raghav/turtlebot4_ws/install/empty_shelf_detector/local/lib/python3.10/dist-packages/empty_shelf_detector/scripts/install/local_setup.ps1
[0.584s] -- Up-to-date symlink: /home/raghav/turtlebot4_ws/install/empty_shelf_detector/local/lib/python3.10/dist-packages/empty_shelf_detector/scripts/install/local_setup.sh
[0.584s] -- Up-to-date symlink: /home/raghav/turtlebot4_ws/install/empty_shelf_detector/local/lib/python3.10/dist-packages/empty_shelf_detector/scripts/install/local_setup.zsh
[0.584s] -- Up-to-date symlink: /home/raghav/turtlebot4_ws/install/empty_shelf_detector/local/lib/python3.10/dist-packages/empty_shelf_detector/scripts/install/setup.bash
[0.584s] -- Up-to-date symlink: /home/raghav/turtlebot4_ws/install/empty_shelf_detector/local/lib/python3.10/dist-packages/empty_shelf_detector/scripts/install/setup.ps1
[0.585s] -- Up-to-date symlink: /home/raghav/turtlebot4_ws/install/empty_shelf_detector/local/lib/python3.10/dist-packages/empty_shelf_detector/scripts/install/setup.sh
[0.585s] -- Up-to-date symlink: /home/raghav/turtlebot4_ws/install/empty_shelf_detector/local/lib/python3.10/dist-packages/empty_shelf_detector/scripts/install/setup.zsh
[0.585s] -- Up-to-date symlink: /home/raghav/turtlebot4_ws/install/empty_shelf_detector/local/lib/python3.10/dist-packages/empty_shelf_detector/scripts/log/COLCON_IGNORE
[0.585s] -- Up-to-date symlink: /home/raghav/turtlebot4_ws/install/empty_shelf_detector/local/lib/python3.10/dist-packages/empty_shelf_detector/scripts/log/build_2025-04-07_13-13-36/events.log
[0.585s] -- Up-to-date symlink: /home/raghav/turtlebot4_ws/install/empty_shelf_detector/local/lib/python3.10/dist-packages/empty_shelf_detector/scripts/log/build_2025-04-07_13-13-36/logger_all.log
[0.585s] -- Up-to-date symlink: /home/raghav/turtlebot4_ws/install/empty_shelf_detector/local/lib/python3.10/dist-packages/empty_shelf_detector/scripts/log/latest/events.log
[0.585s] -- Up-to-date symlink: /home/raghav/turtlebot4_ws/install/empty_shelf_detector/local/lib/python3.10/dist-packages/empty_shelf_detector/scripts/log/latest/logger_all.log
[0.586s] -- Up-to-date symlink: /home/raghav/turtlebot4_ws/install/empty_shelf_detector/local/lib/python3.10/dist-packages/empty_shelf_detector/scripts/log/latest_build/events.log
[0.586s] -- Up-to-date symlink: /home/raghav/turtlebot4_ws/install/empty_shelf_detector/local/lib/python3.10/dist-packages/empty_shelf_detector/scripts/log/latest_build/logger_all.log
[0.586s] -- Up-to-date symlink: /home/raghav/turtlebot4_ws/install/empty_shelf_detector/share/ament_index/resource_index/package_run_dependencies/empty_shelf_detector
[0.586s] -- Up-to-date symlink: /home/raghav/turtlebot4_ws/install/empty_shelf_detector/share/ament_index/resource_index/parent_prefix_path/empty_shelf_detector
[0.586s] -- Up-to-date symlink: /home/raghav/turtlebot4_ws/install/empty_shelf_detector/share/empty_shelf_detector/environment/ament_prefix_path.sh
[0.586s] -- Up-to-date symlink: /home/raghav/turtlebot4_ws/install/empty_shelf_detector/share/empty_shelf_detector/environment/ament_prefix_path.dsv
[0.586s] -- Up-to-date symlink: /home/raghav/turtlebot4_ws/install/empty_shelf_detector/share/empty_shelf_detector/environment/path.sh
[0.587s] -- Up-to-date symlink: /home/raghav/turtlebot4_ws/install/empty_shelf_detector/share/empty_shelf_detector/environment/path.dsv
[0.587s] -- Up-to-date symlink: /home/raghav/turtlebot4_ws/install/empty_shelf_detector/share/empty_shelf_detector/local_setup.bash
[0.587s] -- Up-to-date symlink: /home/raghav/turtlebot4_ws/install/empty_shelf_detector/share/empty_shelf_detector/local_setup.sh
[0.587s] -- Up-to-date symlink: /home/raghav/turtlebot4_ws/install/empty_shelf_detector/share/empty_shelf_detector/local_setup.zsh
[0.587s] -- Up-to-date symlink: /home/raghav/turtlebot4_ws/install/empty_shelf_detector/share/empty_shelf_detector/local_setup.dsv
[0.588s] -- Symlinking: /home/raghav/turtlebot4_ws/install/empty_shelf_detector/share/empty_shelf_detector/package.dsv
[0.601s] -- Up-to-date symlink: /home/raghav/turtlebot4_ws/install/empty_shelf_detector/share/ament_index/resource_index/packages/empty_shelf_detector
[0.601s] -- Up-to-date symlink: /home/raghav/turtlebot4_ws/install/empty_shelf_detector/share/empty_shelf_detector/cmake/empty_shelf_detectorConfig.cmake
[0.601s] -- Up-to-date symlink: /home/raghav/turtlebot4_ws/install/empty_shelf_detector/share/empty_shelf_detector/cmake/empty_shelf_detectorConfig-version.cmake
[0.602s] -- Up-to-date symlink: /home/raghav/turtlebot4_ws/install/empty_shelf_detector/share/empty_shelf_detector/package.xml
[0.643s] Listing '/home/raghav/turtlebot4_ws/install/empty_shelf_detector/local/lib/python3.10/dist-packages/empty_shelf_detector'...
[0.643s] Listing '/home/raghav/turtlebot4_ws/install/empty_shelf_detector/local/lib/python3.10/dist-packages/empty_shelf_detector/scripts'...
[0.643s] Listing '/home/raghav/turtlebot4_ws/install/empty_shelf_detector/local/lib/python3.10/dist-packages/empty_shelf_detector/scripts/build'...
[0.643s] Listing '/home/raghav/turtlebot4_ws/install/empty_shelf_detector/local/lib/python3.10/dist-packages/empty_shelf_detector/scripts/install'...
[0.644s] Listing '/home/raghav/turtlebot4_ws/install/empty_shelf_detector/local/lib/python3.10/dist-packages/empty_shelf_detector/scripts/log'...
[0.644s] Listing '/home/raghav/turtlebot4_ws/install/empty_shelf_detector/local/lib/python3.10/dist-packages/empty_shelf_detector/scripts/log/build_2025-04-07_13-13-36'...
[0.644s] Listing '/home/raghav/turtlebot4_ws/install/empty_shelf_detector/local/lib/python3.10/dist-packages/empty_shelf_detector/scripts/log/latest'...
[0.644s] Listing '/home/raghav/turtlebot4_ws/install/empty_shelf_detector/local/lib/python3.10/dist-packages/empty_shelf_detector/scripts/log/latest_build'...
[0.653s] Invoked command in '/home/raghav/turtlebot4_ws/build/empty_shelf_detector' returned '0': CMAKE_PREFIX_PATH=/home/raghav/turtlebot4_ws/install/empty_shelf_msgs:/home/raghav/turtlebot4_ws/install/turtlebot4_simulator:/home/raghav/turtlebot4_ws/install/turtlebot4_ignition_bringup:/home/raghav/turtlebot4_ws/install/turtlebot4_ignition_toolbox:/home/raghav/turtlebot4_ws/install/turtlebot4_ignition_gui_plugins:/home/raghav/turtlebot4_ws/install/empty_shelf_detector:/opt/ros/humble /usr/bin/cmake --install /home/raghav/turtlebot4_ws/build/empty_shelf_detector
