[0.667s] Invoking command in '/home/raghav/turtlebot4_ws/src/empty_shelf_detector': PYTHONPATH=/home/raghav/turtlebot4_ws/src/build/empty_shelf_detector/prefix_override:/home/raghav/.local/lib/python3.10/site-packages/colcon_core/task/python/colcon_distutils_commands:/home/raghav/turtlebot4_ws/src/install/empty_shelf_detector/lib/python3.10/site-packages:${PYTHONPATH} /usr/bin/python3 -W ignore:setup.py install is deprecated -W ignore:easy_install command is deprecated setup.py egg_info --egg-base ../build/empty_shelf_detector build --build-base /home/raghav/turtlebot4_ws/src/build/empty_shelf_detector/build install --record /home/raghav/turtlebot4_ws/src/build/empty_shelf_detector/install.log --single-version-externally-managed install_data
[0.902s] running egg_info
[0.902s] creating ../build/empty_shelf_detector/empty_shelf_detector.egg-info
[0.903s] writing ../build/empty_shelf_detector/empty_shelf_detector.egg-info/PKG-INFO
[0.903s] writing dependency_links to ../build/empty_shelf_detector/empty_shelf_detector.egg-info/dependency_links.txt
[0.903s] writing entry points to ../build/empty_shelf_detector/empty_shelf_detector.egg-info/entry_points.txt
[0.903s] writing requirements to ../build/empty_shelf_detector/empty_shelf_detector.egg-info/requires.txt
[0.903s] writing top-level names to ../build/empty_shelf_detector/empty_shelf_detector.egg-info/top_level.txt
[0.903s] writing manifest file '../build/empty_shelf_detector/empty_shelf_detector.egg-info/SOURCES.txt'
[0.905s] reading manifest file '../build/empty_shelf_detector/empty_shelf_detector.egg-info/SOURCES.txt'
[0.905s] adding license file 'LICENSE'
[0.906s] writing manifest file '../build/empty_shelf_detector/empty_shelf_detector.egg-info/SOURCES.txt'
[0.906s] running build
[0.906s] running build_py
[0.906s] creating /home/raghav/turtlebot4_ws/src/build/empty_shelf_detector/build
[0.906s] creating /home/raghav/turtlebot4_ws/src/build/empty_shelf_detector/build/lib
[0.906s] creating /home/raghav/turtlebot4_ws/src/build/empty_shelf_detector/build/lib/empty_shelf_detector
[0.906s] copying empty_shelf_detector/__init__.py -> /home/raghav/turtlebot4_ws/src/build/empty_shelf_detector/build/lib/empty_shelf_detector
[0.907s] copying empty_shelf_detector/esd.py -> /home/raghav/turtlebot4_ws/src/build/empty_shelf_detector/build/lib/empty_shelf_detector
[0.907s] running install
[0.907s] running install_lib
[0.907s] creating /home/raghav/turtlebot4_ws/src/install/empty_shelf_detector/lib/python3.10/site-packages/empty_shelf_detector
[0.908s] copying /home/raghav/turtlebot4_ws/src/build/empty_shelf_detector/build/lib/empty_shelf_detector/__init__.py -> /home/raghav/turtlebot4_ws/src/install/empty_shelf_detector/lib/python3.10/site-packages/empty_shelf_detector
[0.908s] copying /home/raghav/turtlebot4_ws/src/build/empty_shelf_detector/build/lib/empty_shelf_detector/esd.py -> /home/raghav/turtlebot4_ws/src/install/empty_shelf_detector/lib/python3.10/site-packages/empty_shelf_detector
[0.908s] byte-compiling /home/raghav/turtlebot4_ws/src/install/empty_shelf_detector/lib/python3.10/site-packages/empty_shelf_detector/__init__.py to __init__.cpython-310.pyc
[0.908s] byte-compiling /home/raghav/turtlebot4_ws/src/install/empty_shelf_detector/lib/python3.10/site-packages/empty_shelf_detector/esd.py to esd.cpython-310.pyc
[0.909s] running install_data
[0.909s] creating /home/raghav/turtlebot4_ws/src/install/empty_shelf_detector/share/ament_index
[0.909s] creating /home/raghav/turtlebot4_ws/src/install/empty_shelf_detector/share/ament_index/resource_index
[0.909s] creating /home/raghav/turtlebot4_ws/src/install/empty_shelf_detector/share/ament_index/resource_index/packages
[0.909s] copying resource/empty_shelf_detector -> /home/raghav/turtlebot4_ws/src/install/empty_shelf_detector/share/ament_index/resource_index/packages
[0.909s] copying package.xml -> /home/raghav/turtlebot4_ws/src/install/empty_shelf_detector/share/empty_shelf_detector
[0.910s] running install_egg_info
[0.911s] Copying ../build/empty_shelf_detector/empty_shelf_detector.egg-info to /home/raghav/turtlebot4_ws/src/install/empty_shelf_detector/lib/python3.10/site-packages/empty_shelf_detector-0.0.0-py3.10.egg-info
[0.912s] running install_scripts
[0.929s] Installing esd script to /home/raghav/turtlebot4_ws/src/install/empty_shelf_detector/lib/empty_shelf_detector
[0.930s] writing list of installed files to '/home/raghav/turtlebot4_ws/src/build/empty_shelf_detector/install.log'
[0.971s] Invoked command in '/home/raghav/turtlebot4_ws/src/empty_shelf_detector' returned '0': PYTHONPATH=/home/raghav/turtlebot4_ws/src/build/empty_shelf_detector/prefix_override:/home/raghav/.local/lib/python3.10/site-packages/colcon_core/task/python/colcon_distutils_commands:/home/raghav/turtlebot4_ws/src/install/empty_shelf_detector/lib/python3.10/site-packages:${PYTHONPATH} /usr/bin/python3 -W ignore:setup.py install is deprecated -W ignore:easy_install command is deprecated setup.py egg_info --egg-base ../build/empty_shelf_detector build --build-base /home/raghav/turtlebot4_ws/src/build/empty_shelf_detector/build install --record /home/raghav/turtlebot4_ws/src/build/empty_shelf_detector/install.log --single-version-externally-managed install_data
