[0.015s] Invoking command in '/home/raghav/turtlebot4_ws/build/turtlebot4_ignition_bringup': AMENT_PREFIX_PATH=/home/raghav/turtlebot4_ws/install/turtlebot4_ignition_toolbox:/home/raghav/turtlebot4_ws/install/turtlebot4_ignition_gui_plugins:${AMENT_PREFIX_PATH} CMAKE_PREFIX_PATH=/home/raghav/turtlebot4_ws/install/turtlebot4_ignition_toolbox:/home/raghav/turtlebot4_ws/install/turtlebot4_ignition_gui_plugins:/opt/ros/humble /usr/bin/cmake --build /home/raghav/turtlebot4_ws/build/turtlebot4_ignition_bringup -- -j8 -l8
[0.079s] Invoked command in '/home/raghav/turtlebot4_ws/build/turtlebot4_ignition_bringup' returned '0': AMENT_PREFIX_PATH=/home/raghav/turtlebot4_ws/install/turtlebot4_ignition_toolbox:/home/raghav/turtlebot4_ws/install/turtlebot4_ignition_gui_plugins:${AMENT_PREFIX_PATH} CMAKE_PREFIX_PATH=/home/raghav/turtlebot4_ws/install/turtlebot4_ignition_toolbox:/home/raghav/turtlebot4_ws/install/turtlebot4_ignition_gui_plugins:/opt/ros/humble /usr/bin/cmake --build /home/raghav/turtlebot4_ws/build/turtlebot4_ignition_bringup -- -j8 -l8
[0.081s] Invoking command in '/home/raghav/turtlebot4_ws/build/turtlebot4_ignition_bringup': AMENT_PREFIX_PATH=/home/raghav/turtlebot4_ws/install/turtlebot4_ignition_toolbox:/home/raghav/turtlebot4_ws/install/turtlebot4_ignition_gui_plugins:${AMENT_PREFIX_PATH} CMAKE_PREFIX_PATH=/home/raghav/turtlebot4_ws/install/turtlebot4_ignition_toolbox:/home/raghav/turtlebot4_ws/install/turtlebot4_ignition_gui_plugins:/opt/ros/humble /usr/bin/cmake --install /home/raghav/turtlebot4_ws/build/turtlebot4_ignition_bringup
[0.094s] -- Install configuration: ""
[0.094s] -- Up-to-date: /home/raghav/turtlebot4_ws/install/turtlebot4_ignition_bringup/share/turtlebot4_ignition_bringup/config
[0.094s] -- Up-to-date: /home/raghav/turtlebot4_ws/install/turtlebot4_ignition_bringup/share/turtlebot4_ignition_bringup/config/turtlebot4_node.yaml
[0.094s] -- Up-to-date: /home/raghav/turtlebot4_ws/install/turtlebot4_ignition_bringup/share/turtlebot4_ignition_bringup/gui
[0.094s] -- Up-to-date: /home/raghav/turtlebot4_ws/install/turtlebot4_ignition_bringup/share/turtlebot4_ignition_bringup/gui/lite
[0.094s] -- Up-to-date: /home/raghav/turtlebot4_ws/install/turtlebot4_ignition_bringup/share/turtlebot4_ignition_bringup/gui/lite/gui.config
[0.094s] -- Up-to-date: /home/raghav/turtlebot4_ws/install/turtlebot4_ignition_bringup/share/turtlebot4_ignition_bringup/gui/standard
[0.094s] -- Up-to-date: /home/raghav/turtlebot4_ws/install/turtlebot4_ignition_bringup/share/turtlebot4_ignition_bringup/gui/standard/gui.config
[0.095s] -- Up-to-date: /home/raghav/turtlebot4_ws/install/turtlebot4_ignition_bringup/share/turtlebot4_ignition_bringup/launch
[0.095s] -- Up-to-date: /home/raghav/turtlebot4_ws/install/turtlebot4_ignition_bringup/share/turtlebot4_ignition_bringup/launch/turtlebot4_spawn.launch.py
[0.095s] -- Up-to-date: /home/raghav/turtlebot4_ws/install/turtlebot4_ignition_bringup/share/turtlebot4_ignition_bringup/launch/ros_ign_bridge.launch.py
[0.095s] -- Up-to-date: /home/raghav/turtlebot4_ws/install/turtlebot4_ignition_bringup/share/turtlebot4_ignition_bringup/launch/turtlebot4_nodes.launch.py
[0.095s] -- Up-to-date: /home/raghav/turtlebot4_ws/install/turtlebot4_ignition_bringup/share/turtlebot4_ignition_bringup/launch/ignition.launch.py
[0.095s] -- Up-to-date: /home/raghav/turtlebot4_ws/install/turtlebot4_ignition_bringup/share/turtlebot4_ignition_bringup/launch/turtlebot4_ignition.launch.py
[0.095s] -- Up-to-date: /home/raghav/turtlebot4_ws/install/turtlebot4_ignition_bringup/share/turtlebot4_ignition_bringup/worlds
[0.095s] -- Up-to-date: /home/raghav/turtlebot4_ws/install/turtlebot4_ignition_bringup/share/turtlebot4_ignition_bringup/worlds/warehouse.sdf
[0.095s] -- Up-to-date: /home/raghav/turtlebot4_ws/install/turtlebot4_ignition_bringup/share/turtlebot4_ignition_bringup/worlds/empty_shelf_detection_world.sdf
[0.095s] -- Up-to-date: /home/raghav/turtlebot4_ws/install/turtlebot4_ignition_bringup/share/turtlebot4_ignition_bringup/worlds/maze.sdf
[0.095s] -- Up-to-date: /home/raghav/turtlebot4_ws/install/turtlebot4_ignition_bringup/share/turtlebot4_ignition_bringup/worlds/depot.sdf
[0.095s] -- Up-to-date: /home/raghav/turtlebot4_ws/install/turtlebot4_ignition_bringup/share/ament_index/resource_index/package_run_dependencies/turtlebot4_ignition_bringup
[0.095s] -- Up-to-date: /home/raghav/turtlebot4_ws/install/turtlebot4_ignition_bringup/share/ament_index/resource_index/parent_prefix_path/turtlebot4_ignition_bringup
[0.095s] -- Up-to-date: /home/raghav/turtlebot4_ws/install/turtlebot4_ignition_bringup/share/turtlebot4_ignition_bringup/environment/ament_prefix_path.sh
[0.095s] -- Up-to-date: /home/raghav/turtlebot4_ws/install/turtlebot4_ignition_bringup/share/turtlebot4_ignition_bringup/environment/ament_prefix_path.dsv
[0.096s] -- Up-to-date: /home/raghav/turtlebot4_ws/install/turtlebot4_ignition_bringup/share/turtlebot4_ignition_bringup/environment/path.sh
[0.096s] -- Up-to-date: /home/raghav/turtlebot4_ws/install/turtlebot4_ignition_bringup/share/turtlebot4_ignition_bringup/environment/path.dsv
[0.096s] -- Up-to-date: /home/raghav/turtlebot4_ws/install/turtlebot4_ignition_bringup/share/turtlebot4_ignition_bringup/local_setup.bash
[0.096s] -- Up-to-date: /home/raghav/turtlebot4_ws/install/turtlebot4_ignition_bringup/share/turtlebot4_ignition_bringup/local_setup.sh
[0.096s] -- Up-to-date: /home/raghav/turtlebot4_ws/install/turtlebot4_ignition_bringup/share/turtlebot4_ignition_bringup/local_setup.zsh
[0.096s] -- Up-to-date: /home/raghav/turtlebot4_ws/install/turtlebot4_ignition_bringup/share/turtlebot4_ignition_bringup/local_setup.dsv
[0.096s] -- Installing: /home/raghav/turtlebot4_ws/install/turtlebot4_ignition_bringup/share/turtlebot4_ignition_bringup/package.dsv
[0.096s] -- Up-to-date: /home/raghav/turtlebot4_ws/install/turtlebot4_ignition_bringup/share/ament_index/resource_index/packages/turtlebot4_ignition_bringup
[0.096s] -- Up-to-date: /home/raghav/turtlebot4_ws/install/turtlebot4_ignition_bringup/share/turtlebot4_ignition_bringup/cmake/turtlebot4_ignition_bringupConfig.cmake
[0.096s] -- Up-to-date: /home/raghav/turtlebot4_ws/install/turtlebot4_ignition_bringup/share/turtlebot4_ignition_bringup/cmake/turtlebot4_ignition_bringupConfig-version.cmake
[0.096s] -- Up-to-date: /home/raghav/turtlebot4_ws/install/turtlebot4_ignition_bringup/share/turtlebot4_ignition_bringup/package.xml
[0.100s] Invoked command in '/home/raghav/turtlebot4_ws/build/turtlebot4_ignition_bringup' returned '0': AMENT_PREFIX_PATH=/home/raghav/turtlebot4_ws/install/turtlebot4_ignition_toolbox:/home/raghav/turtlebot4_ws/install/turtlebot4_ignition_gui_plugins:${AMENT_PREFIX_PATH} CMAKE_PREFIX_PATH=/home/raghav/turtlebot4_ws/install/turtlebot4_ignition_toolbox:/home/raghav/turtlebot4_ws/install/turtlebot4_ignition_gui_plugins:/opt/ros/humble /usr/bin/cmake --install /home/raghav/turtlebot4_ws/build/turtlebot4_ignition_bringup
