-- Found ament_cmake: 1.3.11 (/opt/ros/humble/share/ament_cmake/cmake)
-- Override CMake install command with custom implementation using symlinks instead of copying resources
-- Found rclpy: 3.3.16 (/opt/ros/humble/share/rclpy/cmake)
-- Found std_msgs: 4.8.0 (/opt/ros/humble/share/std_msgs/cmake)
-- Found rosidl_generator_c: 3.1.6 (/opt/ros/humble/share/rosidl_generator_c/cmake)
-- Found rosidl_adapter: 3.1.6 (/opt/ros/humble/share/rosidl_adapter/cmake)
-- Found rosidl_generator_cpp: 3.1.6 (/opt/ros/humble/share/rosidl_generator_cpp/cmake)
-- Using all available rosidl_typesupport_c: rosidl_typesupport_fastrtps_c;rosidl_typesupport_introspection_c
-- Using all available rosidl_typesupport_cpp: rosidl_typesupport_fastrtps_cpp;rosidl_typesupport_introspection_cpp
-- Found sensor_msgs: 4.8.0 (/opt/ros/humble/share/sensor_msgs/cmake)
-- Found empty_shelf_msgs: 0.1.0 (/home/raghav/turtlebot4_ws/install/empty_shelf_msgs/share/empty_shelf_msgs/cmake)
-- Configuring done
-- Generating done
-- Build files have been written to: /home/raghav/turtlebot4_ws/build/empty_shelf_detector
Built target ament_cmake_python_symlink_empty_shelf_detector
Built target ament_cmake_python_symlink_empty_shelf_detector_setup
running egg_info
writing empty_shelf_detector.egg-info/PKG-INFO
writing dependency_links to empty_shelf_detector.egg-info/dependency_links.txt
writing top-level names to empty_shelf_detector.egg-info/top_level.txt
reading manifest file 'empty_shelf_detector.egg-info/SOURCES.txt'
writing manifest file 'empty_shelf_detector.egg-info/SOURCES.txt'
Built target ament_cmake_python_build_empty_shelf_detector_egg
-- Install configuration: "Release"
-- Execute custom install script
-- Up-to-date symlink: /home/raghav/turtlebot4_ws/install/empty_shelf_detector/share/empty_shelf_detector/environment/pythonpath.sh
-- Up-to-date symlink: /home/raghav/turtlebot4_ws/install/empty_shelf_detector/share/empty_shelf_detector/environment/pythonpath.dsv
-- Up-to-date symlink: /home/raghav/turtlebot4_ws/install/empty_shelf_detector/local/lib/python3.10/dist-packages/empty_shelf_detector-0.1.0-py3.10.egg-info/PKG-INFO
-- Up-to-date symlink: /home/raghav/turtlebot4_ws/install/empty_shelf_detector/local/lib/python3.10/dist-packages/empty_shelf_detector-0.1.0-py3.10.egg-info/SOURCES.txt
-- Up-to-date symlink: /home/raghav/turtlebot4_ws/install/empty_shelf_detector/local/lib/python3.10/dist-packages/empty_shelf_detector-0.1.0-py3.10.egg-info/dependency_links.txt
-- Up-to-date symlink: /home/raghav/turtlebot4_ws/install/empty_shelf_detector/local/lib/python3.10/dist-packages/empty_shelf_detector-0.1.0-py3.10.egg-info/top_level.txt
-- Up-to-date symlink: /home/raghav/turtlebot4_ws/install/empty_shelf_detector/local/lib/python3.10/dist-packages/empty_shelf_detector/__init__.py
-- Symlinking: /home/raghav/turtlebot4_ws/install/empty_shelf_detector/local/lib/python3.10/dist-packages/empty_shelf_detector/scripts/build/.built_by
-- Symlinking: /home/raghav/turtlebot4_ws/install/empty_shelf_detector/local/lib/python3.10/dist-packages/empty_shelf_detector/scripts/build/COLCON_IGNORE
-- Up-to-date symlink: /home/raghav/turtlebot4_ws/install/empty_shelf_detector/local/lib/python3.10/dist-packages/empty_shelf_detector/scripts/esd.py
-- Up-to-date symlink: /home/raghav/turtlebot4_ws/install/empty_shelf_detector/local/lib/python3.10/dist-packages/empty_shelf_detector/scripts/esd_subscriber.py
-- Symlinking: /home/raghav/turtlebot4_ws/install/empty_shelf_detector/local/lib/python3.10/dist-packages/empty_shelf_detector/scripts/install/.colcon_install_layout
-- Symlinking: /home/raghav/turtlebot4_ws/install/empty_shelf_detector/local/lib/python3.10/dist-packages/empty_shelf_detector/scripts/install/COLCON_IGNORE
-- Symlinking: /home/raghav/turtlebot4_ws/install/empty_shelf_detector/local/lib/python3.10/dist-packages/empty_shelf_detector/scripts/install/_local_setup_util_ps1.py
-- Symlinking: /home/raghav/turtlebot4_ws/install/empty_shelf_detector/local/lib/python3.10/dist-packages/empty_shelf_detector/scripts/install/_local_setup_util_sh.py
-- Symlinking: /home/raghav/turtlebot4_ws/install/empty_shelf_detector/local/lib/python3.10/dist-packages/empty_shelf_detector/scripts/install/local_setup.bash
-- Symlinking: /home/raghav/turtlebot4_ws/install/empty_shelf_detector/local/lib/python3.10/dist-packages/empty_shelf_detector/scripts/install/local_setup.ps1
-- Symlinking: /home/raghav/turtlebot4_ws/install/empty_shelf_detector/local/lib/python3.10/dist-packages/empty_shelf_detector/scripts/install/local_setup.sh
-- Symlinking: /home/raghav/turtlebot4_ws/install/empty_shelf_detector/local/lib/python3.10/dist-packages/empty_shelf_detector/scripts/install/local_setup.zsh
-- Symlinking: /home/raghav/turtlebot4_ws/install/empty_shelf_detector/local/lib/python3.10/dist-packages/empty_shelf_detector/scripts/install/setup.bash
-- Symlinking: /home/raghav/turtlebot4_ws/install/empty_shelf_detector/local/lib/python3.10/dist-packages/empty_shelf_detector/scripts/install/setup.ps1
-- Symlinking: /home/raghav/turtlebot4_ws/install/empty_shelf_detector/local/lib/python3.10/dist-packages/empty_shelf_detector/scripts/install/setup.sh
-- Symlinking: /home/raghav/turtlebot4_ws/install/empty_shelf_detector/local/lib/python3.10/dist-packages/empty_shelf_detector/scripts/install/setup.zsh
-- Symlinking: /home/raghav/turtlebot4_ws/install/empty_shelf_detector/local/lib/python3.10/dist-packages/empty_shelf_detector/scripts/log/COLCON_IGNORE
-- Symlinking: /home/raghav/turtlebot4_ws/install/empty_shelf_detector/local/lib/python3.10/dist-packages/empty_shelf_detector/scripts/log/build_2025-04-07_13-13-36/events.log
-- Symlinking: /home/raghav/turtlebot4_ws/install/empty_shelf_detector/local/lib/python3.10/dist-packages/empty_shelf_detector/scripts/log/build_2025-04-07_13-13-36/logger_all.log
-- Symlinking: /home/raghav/turtlebot4_ws/install/empty_shelf_detector/local/lib/python3.10/dist-packages/empty_shelf_detector/scripts/log/latest/events.log
-- Symlinking: /home/raghav/turtlebot4_ws/install/empty_shelf_detector/local/lib/python3.10/dist-packages/empty_shelf_detector/scripts/log/latest/logger_all.log
-- Symlinking: /home/raghav/turtlebot4_ws/install/empty_shelf_detector/local/lib/python3.10/dist-packages/empty_shelf_detector/scripts/log/latest_build/events.log
-- Symlinking: /home/raghav/turtlebot4_ws/install/empty_shelf_detector/local/lib/python3.10/dist-packages/empty_shelf_detector/scripts/log/latest_build/logger_all.log
-- Up-to-date symlink: /home/raghav/turtlebot4_ws/install/empty_shelf_detector/share/ament_index/resource_index/package_run_dependencies/empty_shelf_detector
-- Up-to-date symlink: /home/raghav/turtlebot4_ws/install/empty_shelf_detector/share/ament_index/resource_index/parent_prefix_path/empty_shelf_detector
-- Up-to-date symlink: /home/raghav/turtlebot4_ws/install/empty_shelf_detector/share/empty_shelf_detector/environment/ament_prefix_path.sh
-- Up-to-date symlink: /home/raghav/turtlebot4_ws/install/empty_shelf_detector/share/empty_shelf_detector/environment/ament_prefix_path.dsv
-- Up-to-date symlink: /home/raghav/turtlebot4_ws/install/empty_shelf_detector/share/empty_shelf_detector/environment/path.sh
-- Up-to-date symlink: /home/raghav/turtlebot4_ws/install/empty_shelf_detector/share/empty_shelf_detector/environment/path.dsv
-- Up-to-date symlink: /home/raghav/turtlebot4_ws/install/empty_shelf_detector/share/empty_shelf_detector/local_setup.bash
-- Up-to-date symlink: /home/raghav/turtlebot4_ws/install/empty_shelf_detector/share/empty_shelf_detector/local_setup.sh
-- Up-to-date symlink: /home/raghav/turtlebot4_ws/install/empty_shelf_detector/share/empty_shelf_detector/local_setup.zsh
-- Up-to-date symlink: /home/raghav/turtlebot4_ws/install/empty_shelf_detector/share/empty_shelf_detector/local_setup.dsv
-- Symlinking: /home/raghav/turtlebot4_ws/install/empty_shelf_detector/share/empty_shelf_detector/package.dsv
-- Up-to-date symlink: /home/raghav/turtlebot4_ws/install/empty_shelf_detector/share/ament_index/resource_index/packages/empty_shelf_detector
-- Up-to-date symlink: /home/raghav/turtlebot4_ws/install/empty_shelf_detector/share/empty_shelf_detector/cmake/empty_shelf_detectorConfig.cmake
-- Up-to-date symlink: /home/raghav/turtlebot4_ws/install/empty_shelf_detector/share/empty_shelf_detector/cmake/empty_shelf_detectorConfig-version.cmake
-- Up-to-date symlink: /home/raghav/turtlebot4_ws/install/empty_shelf_detector/share/empty_shelf_detector/package.xml
Listing '/home/raghav/turtlebot4_ws/install/empty_shelf_detector/local/lib/python3.10/dist-packages/empty_shelf_detector'...
Listing '/home/raghav/turtlebot4_ws/install/empty_shelf_detector/local/lib/python3.10/dist-packages/empty_shelf_detector/scripts'...
Listing '/home/raghav/turtlebot4_ws/install/empty_shelf_detector/local/lib/python3.10/dist-packages/empty_shelf_detector/scripts/build'...
Compiling '/home/raghav/turtlebot4_ws/install/empty_shelf_detector/local/lib/python3.10/dist-packages/empty_shelf_detector/scripts/esd_subscriber.py'...
Listing '/home/raghav/turtlebot4_ws/install/empty_shelf_detector/local/lib/python3.10/dist-packages/empty_shelf_detector/scripts/install'...
Compiling '/home/raghav/turtlebot4_ws/install/empty_shelf_detector/local/lib/python3.10/dist-packages/empty_shelf_detector/scripts/install/_local_setup_util_ps1.py'...
Compiling '/home/raghav/turtlebot4_ws/install/empty_shelf_detector/local/lib/python3.10/dist-packages/empty_shelf_detector/scripts/install/_local_setup_util_sh.py'...
Listing '/home/raghav/turtlebot4_ws/install/empty_shelf_detector/local/lib/python3.10/dist-packages/empty_shelf_detector/scripts/log'...
Listing '/home/raghav/turtlebot4_ws/install/empty_shelf_detector/local/lib/python3.10/dist-packages/empty_shelf_detector/scripts/log/build_2025-04-07_13-13-36'...
Listing '/home/raghav/turtlebot4_ws/install/empty_shelf_detector/local/lib/python3.10/dist-packages/empty_shelf_detector/scripts/log/latest'...
Listing '/home/raghav/turtlebot4_ws/install/empty_shelf_detector/local/lib/python3.10/dist-packages/empty_shelf_detector/scripts/log/latest_build'...
