[0.245s] DEBUG:colcon:Command line arguments: ['/home/raghav/.local/bin/colcon', 'build']
[0.245s] DEBUG:colcon:Parsed command line arguments: Namespace(log_base=None, log_level=None, verb_name='build', build_base='build', install_base='install', merge_install=False, symlink_install=False, test_result_base=None, continue_on_error=False, executor='parallel', parallel_workers=8, event_handlers=None, ignore_user_meta=False, metas=['./colcon.meta'], base_paths=['.'], packages_ignore=None, packages_ignore_regex=None, paths=None, packages_up_to=None, packages_up_to_regex=None, packages_above=None, packages_above_and_dependencies=None, packages_above_depth=None, packages_select_by_dep=None, packages_skip_by_dep=None, packages_skip_up_to=None, packages_select_build_failed=False, packages_skip_build_finished=False, packages_select_test_failures=False, packages_skip_test_passed=False, packages_select=None, packages_skip=None, packages_select_regex=None, packages_skip_regex=None, packages_start=None, packages_end=None, allow_overriding=[], cmake_args=None, cmake_target=None, cmake_target_skip_unavailable=False, cmake_clean_cache=False, cmake_clean_first=False, cmake_force_configure=False, ament_cmake_args=None, catkin_cmake_args=None, catkin_skip_building_tests=False, mixin_files=None, mixin=None, verb_parser=<colcon_mixin.mixin.mixin_argument.MixinArgumentDecorator object at 0x7dd11a451ea0>, verb_extension=<colcon_core.verb.build.BuildVerb object at 0x7dd11a53eda0>, main=<bound method BuildVerb.main of <colcon_core.verb.build.BuildVerb object at 0x7dd11a53eda0>>, mixin_verb=('build',))
[0.620s] Level 1:colcon.colcon_core.package_discovery:discover_packages(colcon_meta) check parameters
[0.620s] Level 1:colcon.colcon_core.package_discovery:discover_packages(recursive) check parameters
[0.621s] Level 1:colcon.colcon_core.package_discovery:discover_packages(ignore) check parameters
[0.621s] Level 1:colcon.colcon_core.package_discovery:discover_packages(path) check parameters
[0.621s] Level 1:colcon.colcon_core.package_discovery:discover_packages(colcon_meta) discover
[0.621s] Level 1:colcon.colcon_core.package_discovery:discover_packages(recursive) discover
[0.621s] INFO:colcon.colcon_core.package_discovery:Crawling recursively for packages in '/home/raghav/turtlebot4_ws'
[0.621s] Level 1:colcon.colcon_core.package_identification:_identify(.) by extensions ['ignore', 'ignore_ament_install']
[0.621s] Level 1:colcon.colcon_core.package_identification:_identify(.) by extension 'ignore'
[0.621s] Level 1:colcon.colcon_core.package_identification:_identify(.) by extension 'ignore_ament_install'
[0.621s] Level 1:colcon.colcon_core.package_identification:_identify(.) by extensions ['colcon_pkg']
[0.621s] Level 1:colcon.colcon_core.package_identification:_identify(.) by extension 'colcon_pkg'
[0.621s] Level 1:colcon.colcon_core.package_identification:_identify(.) by extensions ['colcon_meta']
[0.621s] Level 1:colcon.colcon_core.package_identification:_identify(.) by extension 'colcon_meta'
[0.621s] Level 1:colcon.colcon_core.package_identification:_identify(.) by extensions ['ros']
[0.621s] Level 1:colcon.colcon_core.package_identification:_identify(.) by extension 'ros'
[0.637s] Level 1:colcon.colcon_core.package_identification:_identify(.) by extensions ['cmake', 'python']
[0.637s] Level 1:colcon.colcon_core.package_identification:_identify(.) by extension 'cmake'
[0.637s] Level 1:colcon.colcon_core.package_identification:_identify(.) by extension 'python'
[0.637s] Level 1:colcon.colcon_core.package_identification:_identify(.) by extensions ['python_setup_py']
[0.637s] Level 1:colcon.colcon_core.package_identification:_identify(.) by extension 'python_setup_py'
[0.637s] Level 1:colcon.colcon_core.package_identification:_identify(build) by extensions ['ignore', 'ignore_ament_install']
[0.637s] Level 1:colcon.colcon_core.package_identification:_identify(build) by extension 'ignore'
[0.638s] Level 1:colcon.colcon_core.package_identification:_identify(build) ignored
[0.644s] Level 1:colcon.colcon_core.package_identification:_identify(images) by extensions ['ignore', 'ignore_ament_install']
[0.644s] Level 1:colcon.colcon_core.package_identification:_identify(images) by extension 'ignore'
[0.645s] Level 1:colcon.colcon_core.package_identification:_identify(images) by extension 'ignore_ament_install'
[0.645s] Level 1:colcon.colcon_core.package_identification:_identify(images) by extensions ['colcon_pkg']
[0.645s] Level 1:colcon.colcon_core.package_identification:_identify(images) by extension 'colcon_pkg'
[0.645s] Level 1:colcon.colcon_core.package_identification:_identify(images) by extensions ['colcon_meta']
[0.645s] Level 1:colcon.colcon_core.package_identification:_identify(images) by extension 'colcon_meta'
[0.645s] Level 1:colcon.colcon_core.package_identification:_identify(images) by extensions ['ros']
[0.645s] Level 1:colcon.colcon_core.package_identification:_identify(images) by extension 'ros'
[0.645s] Level 1:colcon.colcon_core.package_identification:_identify(images) by extensions ['cmake', 'python']
[0.645s] Level 1:colcon.colcon_core.package_identification:_identify(images) by extension 'cmake'
[0.645s] Level 1:colcon.colcon_core.package_identification:_identify(images) by extension 'python'
[0.645s] Level 1:colcon.colcon_core.package_identification:_identify(images) by extensions ['python_setup_py']
[0.645s] Level 1:colcon.colcon_core.package_identification:_identify(images) by extension 'python_setup_py'
[0.645s] Level 1:colcon.colcon_core.package_identification:_identify(images/empty_crops) by extensions ['ignore', 'ignore_ament_install']
[0.645s] Level 1:colcon.colcon_core.package_identification:_identify(images/empty_crops) by extension 'ignore'
[0.645s] Level 1:colcon.colcon_core.package_identification:_identify(images/empty_crops) by extension 'ignore_ament_install'
[0.645s] Level 1:colcon.colcon_core.package_identification:_identify(images/empty_crops) by extensions ['colcon_pkg']
[0.646s] Level 1:colcon.colcon_core.package_identification:_identify(images/empty_crops) by extension 'colcon_pkg'
[0.646s] Level 1:colcon.colcon_core.package_identification:_identify(images/empty_crops) by extensions ['colcon_meta']
[0.646s] Level 1:colcon.colcon_core.package_identification:_identify(images/empty_crops) by extension 'colcon_meta'
[0.646s] Level 1:colcon.colcon_core.package_identification:_identify(images/empty_crops) by extensions ['ros']
[0.646s] Level 1:colcon.colcon_core.package_identification:_identify(images/empty_crops) by extension 'ros'
[0.646s] Level 1:colcon.colcon_core.package_identification:_identify(images/empty_crops) by extensions ['cmake', 'python']
[0.646s] Level 1:colcon.colcon_core.package_identification:_identify(images/empty_crops) by extension 'cmake'
[0.646s] Level 1:colcon.colcon_core.package_identification:_identify(images/empty_crops) by extension 'python'
[0.646s] Level 1:colcon.colcon_core.package_identification:_identify(images/empty_crops) by extensions ['python_setup_py']
[0.646s] Level 1:colcon.colcon_core.package_identification:_identify(images/empty_crops) by extension 'python_setup_py'
[0.646s] Level 1:colcon.colcon_core.package_identification:_identify(install) by extensions ['ignore', 'ignore_ament_install']
[0.646s] Level 1:colcon.colcon_core.package_identification:_identify(install) by extension 'ignore'
[0.647s] Level 1:colcon.colcon_core.package_identification:_identify(install) ignored
[0.647s] Level 1:colcon.colcon_core.package_identification:_identify(log) by extensions ['ignore', 'ignore_ament_install']
[0.647s] Level 1:colcon.colcon_core.package_identification:_identify(log) by extension 'ignore'
[0.647s] Level 1:colcon.colcon_core.package_identification:_identify(log) ignored
[0.647s] Level 1:colcon.colcon_core.package_identification:_identify(resource) by extensions ['ignore', 'ignore_ament_install']
[0.647s] Level 1:colcon.colcon_core.package_identification:_identify(resource) by extension 'ignore'
[0.647s] Level 1:colcon.colcon_core.package_identification:_identify(resource) by extension 'ignore_ament_install'
[0.647s] Level 1:colcon.colcon_core.package_identification:_identify(resource) by extensions ['colcon_pkg']
[0.647s] Level 1:colcon.colcon_core.package_identification:_identify(resource) by extension 'colcon_pkg'
[0.647s] Level 1:colcon.colcon_core.package_identification:_identify(resource) by extensions ['colcon_meta']
[0.647s] Level 1:colcon.colcon_core.package_identification:_identify(resource) by extension 'colcon_meta'
[0.647s] Level 1:colcon.colcon_core.package_identification:_identify(resource) by extensions ['ros']
[0.647s] Level 1:colcon.colcon_core.package_identification:_identify(resource) by extension 'ros'
[0.648s] Level 1:colcon.colcon_core.package_identification:_identify(resource) by extensions ['cmake', 'python']
[0.648s] Level 1:colcon.colcon_core.package_identification:_identify(resource) by extension 'cmake'
[0.648s] Level 1:colcon.colcon_core.package_identification:_identify(resource) by extension 'python'
[0.648s] Level 1:colcon.colcon_core.package_identification:_identify(resource) by extensions ['python_setup_py']
[0.648s] Level 1:colcon.colcon_core.package_identification:_identify(resource) by extension 'python_setup_py'
[0.648s] Level 1:colcon.colcon_core.package_identification:_identify(src) by extensions ['ignore', 'ignore_ament_install']
[0.648s] Level 1:colcon.colcon_core.package_identification:_identify(src) by extension 'ignore'
[0.648s] Level 1:colcon.colcon_core.package_identification:_identify(src) by extension 'ignore_ament_install'
[0.648s] Level 1:colcon.colcon_core.package_identification:_identify(src) by extensions ['colcon_pkg']
[0.648s] Level 1:colcon.colcon_core.package_identification:_identify(src) by extension 'colcon_pkg'
[0.648s] Level 1:colcon.colcon_core.package_identification:_identify(src) by extensions ['colcon_meta']
[0.648s] Level 1:colcon.colcon_core.package_identification:_identify(src) by extension 'colcon_meta'
[0.648s] Level 1:colcon.colcon_core.package_identification:_identify(src) by extensions ['ros']
[0.648s] Level 1:colcon.colcon_core.package_identification:_identify(src) by extension 'ros'
[0.648s] Level 1:colcon.colcon_core.package_identification:_identify(src) by extensions ['cmake', 'python']
[0.648s] Level 1:colcon.colcon_core.package_identification:_identify(src) by extension 'cmake'
[0.648s] Level 1:colcon.colcon_core.package_identification:_identify(src) by extension 'python'
[0.648s] Level 1:colcon.colcon_core.package_identification:_identify(src) by extensions ['python_setup_py']
[0.648s] Level 1:colcon.colcon_core.package_identification:_identify(src) by extension 'python_setup_py'
[0.649s] Level 1:colcon.colcon_core.package_identification:_identify(src/build) by extensions ['ignore', 'ignore_ament_install']
[0.649s] Level 1:colcon.colcon_core.package_identification:_identify(src/build) by extension 'ignore'
[0.649s] Level 1:colcon.colcon_core.package_identification:_identify(src/build) ignored
[0.649s] Level 1:colcon.colcon_core.package_identification:_identify(src/empty_shelf_detector) by extensions ['ignore', 'ignore_ament_install']
[0.649s] Level 1:colcon.colcon_core.package_identification:_identify(src/empty_shelf_detector) by extension 'ignore'
[0.649s] Level 1:colcon.colcon_core.package_identification:_identify(src/empty_shelf_detector) by extension 'ignore_ament_install'
[0.649s] Level 1:colcon.colcon_core.package_identification:_identify(src/empty_shelf_detector) by extensions ['colcon_pkg']
[0.649s] Level 1:colcon.colcon_core.package_identification:_identify(src/empty_shelf_detector) by extension 'colcon_pkg'
[0.650s] Level 1:colcon.colcon_core.package_identification:_identify(src/empty_shelf_detector) by extensions ['colcon_meta']
[0.650s] Level 1:colcon.colcon_core.package_identification:_identify(src/empty_shelf_detector) by extension 'colcon_meta'
[0.650s] Level 1:colcon.colcon_core.package_identification:_identify(src/empty_shelf_detector) by extensions ['ros']
[0.650s] Level 1:colcon.colcon_core.package_identification:_identify(src/empty_shelf_detector) by extension 'ros'
[0.656s] DEBUG:colcon.colcon_core.package_identification:Package 'src/empty_shelf_detector' with type 'ros.ament_cmake' and name 'empty_shelf_detector'
[0.656s] Level 1:colcon.colcon_core.package_identification:_identify(src/empty_shelf_msgs) by extensions ['ignore', 'ignore_ament_install']
[0.656s] Level 1:colcon.colcon_core.package_identification:_identify(src/empty_shelf_msgs) by extension 'ignore'
[0.657s] Level 1:colcon.colcon_core.package_identification:_identify(src/empty_shelf_msgs) by extension 'ignore_ament_install'
[0.657s] Level 1:colcon.colcon_core.package_identification:_identify(src/empty_shelf_msgs) by extensions ['colcon_pkg']
[0.657s] Level 1:colcon.colcon_core.package_identification:_identify(src/empty_shelf_msgs) by extension 'colcon_pkg'
[0.657s] Level 1:colcon.colcon_core.package_identification:_identify(src/empty_shelf_msgs) by extensions ['colcon_meta']
[0.657s] Level 1:colcon.colcon_core.package_identification:_identify(src/empty_shelf_msgs) by extension 'colcon_meta'
[0.657s] Level 1:colcon.colcon_core.package_identification:_identify(src/empty_shelf_msgs) by extensions ['ros']
[0.657s] Level 1:colcon.colcon_core.package_identification:_identify(src/empty_shelf_msgs) by extension 'ros'
[0.658s] DEBUG:colcon.colcon_core.package_identification:Package 'src/empty_shelf_msgs' with type 'ros.ament_cmake' and name 'empty_shelf_msgs'
[0.659s] Level 1:colcon.colcon_core.package_identification:_identify(src/install) by extensions ['ignore', 'ignore_ament_install']
[0.659s] Level 1:colcon.colcon_core.package_identification:_identify(src/install) by extension 'ignore'
[0.659s] Level 1:colcon.colcon_core.package_identification:_identify(src/install) ignored
[0.659s] Level 1:colcon.colcon_core.package_identification:_identify(src/log) by extensions ['ignore', 'ignore_ament_install']
[0.659s] Level 1:colcon.colcon_core.package_identification:_identify(src/log) by extension 'ignore'
[0.659s] Level 1:colcon.colcon_core.package_identification:_identify(src/log) ignored
[0.659s] Level 1:colcon.colcon_core.package_identification:_identify(src/turtlebot4_simulator) by extensions ['ignore', 'ignore_ament_install']
[0.659s] Level 1:colcon.colcon_core.package_identification:_identify(src/turtlebot4_simulator) by extension 'ignore'
[0.660s] Level 1:colcon.colcon_core.package_identification:_identify(src/turtlebot4_simulator) by extension 'ignore_ament_install'
[0.660s] Level 1:colcon.colcon_core.package_identification:_identify(src/turtlebot4_simulator) by extensions ['colcon_pkg']
[0.660s] Level 1:colcon.colcon_core.package_identification:_identify(src/turtlebot4_simulator) by extension 'colcon_pkg'
[0.660s] Level 1:colcon.colcon_core.package_identification:_identify(src/turtlebot4_simulator) by extensions ['colcon_meta']
[0.660s] Level 1:colcon.colcon_core.package_identification:_identify(src/turtlebot4_simulator) by extension 'colcon_meta'
[0.660s] Level 1:colcon.colcon_core.package_identification:_identify(src/turtlebot4_simulator) by extensions ['ros']
[0.660s] Level 1:colcon.colcon_core.package_identification:_identify(src/turtlebot4_simulator) by extension 'ros'
[0.660s] Level 1:colcon.colcon_core.package_identification:_identify(src/turtlebot4_simulator) by extensions ['cmake', 'python']
[0.660s] Level 1:colcon.colcon_core.package_identification:_identify(src/turtlebot4_simulator) by extension 'cmake'
[0.660s] Level 1:colcon.colcon_core.package_identification:_identify(src/turtlebot4_simulator) by extension 'python'
[0.660s] Level 1:colcon.colcon_core.package_identification:_identify(src/turtlebot4_simulator) by extensions ['python_setup_py']
[0.660s] Level 1:colcon.colcon_core.package_identification:_identify(src/turtlebot4_simulator) by extension 'python_setup_py'
[0.660s] Level 1:colcon.colcon_core.package_identification:_identify(src/turtlebot4_simulator/turtlebot4_ignition_bringup) by extensions ['ignore', 'ignore_ament_install']
[0.660s] Level 1:colcon.colcon_core.package_identification:_identify(src/turtlebot4_simulator/turtlebot4_ignition_bringup) by extension 'ignore'
[0.661s] Level 1:colcon.colcon_core.package_identification:_identify(src/turtlebot4_simulator/turtlebot4_ignition_bringup) by extension 'ignore_ament_install'
[0.661s] Level 1:colcon.colcon_core.package_identification:_identify(src/turtlebot4_simulator/turtlebot4_ignition_bringup) by extensions ['colcon_pkg']
[0.661s] Level 1:colcon.colcon_core.package_identification:_identify(src/turtlebot4_simulator/turtlebot4_ignition_bringup) by extension 'colcon_pkg'
[0.661s] Level 1:colcon.colcon_core.package_identification:_identify(src/turtlebot4_simulator/turtlebot4_ignition_bringup) by extensions ['colcon_meta']
[0.661s] Level 1:colcon.colcon_core.package_identification:_identify(src/turtlebot4_simulator/turtlebot4_ignition_bringup) by extension 'colcon_meta'
[0.661s] Level 1:colcon.colcon_core.package_identification:_identify(src/turtlebot4_simulator/turtlebot4_ignition_bringup) by extensions ['ros']
[0.661s] Level 1:colcon.colcon_core.package_identification:_identify(src/turtlebot4_simulator/turtlebot4_ignition_bringup) by extension 'ros'
[0.664s] DEBUG:colcon.colcon_core.package_identification:Package 'src/turtlebot4_simulator/turtlebot4_ignition_bringup' with type 'ros.ament_cmake' and name 'turtlebot4_ignition_bringup'
[0.664s] Level 1:colcon.colcon_core.package_identification:_identify(src/turtlebot4_simulator/turtlebot4_ignition_gui_plugins) by extensions ['ignore', 'ignore_ament_install']
[0.664s] Level 1:colcon.colcon_core.package_identification:_identify(src/turtlebot4_simulator/turtlebot4_ignition_gui_plugins) by extension 'ignore'
[0.664s] Level 1:colcon.colcon_core.package_identification:_identify(src/turtlebot4_simulator/turtlebot4_ignition_gui_plugins) by extension 'ignore_ament_install'
[0.665s] Level 1:colcon.colcon_core.package_identification:_identify(src/turtlebot4_simulator/turtlebot4_ignition_gui_plugins) by extensions ['colcon_pkg']
[0.665s] Level 1:colcon.colcon_core.package_identification:_identify(src/turtlebot4_simulator/turtlebot4_ignition_gui_plugins) by extension 'colcon_pkg'
[0.665s] Level 1:colcon.colcon_core.package_identification:_identify(src/turtlebot4_simulator/turtlebot4_ignition_gui_plugins) by extensions ['colcon_meta']
[0.665s] Level 1:colcon.colcon_core.package_identification:_identify(src/turtlebot4_simulator/turtlebot4_ignition_gui_plugins) by extension 'colcon_meta'
[0.665s] Level 1:colcon.colcon_core.package_identification:_identify(src/turtlebot4_simulator/turtlebot4_ignition_gui_plugins) by extensions ['ros']
[0.665s] Level 1:colcon.colcon_core.package_identification:_identify(src/turtlebot4_simulator/turtlebot4_ignition_gui_plugins) by extension 'ros'
[0.666s] DEBUG:colcon.colcon_core.package_identification:Package 'src/turtlebot4_simulator/turtlebot4_ignition_gui_plugins' with type 'ros.ament_cmake' and name 'turtlebot4_ignition_gui_plugins'
[0.666s] Level 1:colcon.colcon_core.package_identification:_identify(src/turtlebot4_simulator/turtlebot4_ignition_toolbox) by extensions ['ignore', 'ignore_ament_install']
[0.666s] Level 1:colcon.colcon_core.package_identification:_identify(src/turtlebot4_simulator/turtlebot4_ignition_toolbox) by extension 'ignore'
[0.666s] Level 1:colcon.colcon_core.package_identification:_identify(src/turtlebot4_simulator/turtlebot4_ignition_toolbox) by extension 'ignore_ament_install'
[0.666s] Level 1:colcon.colcon_core.package_identification:_identify(src/turtlebot4_simulator/turtlebot4_ignition_toolbox) by extensions ['colcon_pkg']
[0.666s] Level 1:colcon.colcon_core.package_identification:_identify(src/turtlebot4_simulator/turtlebot4_ignition_toolbox) by extension 'colcon_pkg'
[0.666s] Level 1:colcon.colcon_core.package_identification:_identify(src/turtlebot4_simulator/turtlebot4_ignition_toolbox) by extensions ['colcon_meta']
[0.666s] Level 1:colcon.colcon_core.package_identification:_identify(src/turtlebot4_simulator/turtlebot4_ignition_toolbox) by extension 'colcon_meta'
[0.666s] Level 1:colcon.colcon_core.package_identification:_identify(src/turtlebot4_simulator/turtlebot4_ignition_toolbox) by extensions ['ros']
[0.666s] Level 1:colcon.colcon_core.package_identification:_identify(src/turtlebot4_simulator/turtlebot4_ignition_toolbox) by extension 'ros'
[0.668s] DEBUG:colcon.colcon_core.package_identification:Package 'src/turtlebot4_simulator/turtlebot4_ignition_toolbox' with type 'ros.ament_cmake' and name 'turtlebot4_ignition_toolbox'
[0.668s] Level 1:colcon.colcon_core.package_identification:_identify(src/turtlebot4_simulator/turtlebot4_simulator) by extensions ['ignore', 'ignore_ament_install']
[0.668s] Level 1:colcon.colcon_core.package_identification:_identify(src/turtlebot4_simulator/turtlebot4_simulator) by extension 'ignore'
[0.668s] Level 1:colcon.colcon_core.package_identification:_identify(src/turtlebot4_simulator/turtlebot4_simulator) by extension 'ignore_ament_install'
[0.668s] Level 1:colcon.colcon_core.package_identification:_identify(src/turtlebot4_simulator/turtlebot4_simulator) by extensions ['colcon_pkg']
[0.668s] Level 1:colcon.colcon_core.package_identification:_identify(src/turtlebot4_simulator/turtlebot4_simulator) by extension 'colcon_pkg'
[0.668s] Level 1:colcon.colcon_core.package_identification:_identify(src/turtlebot4_simulator/turtlebot4_simulator) by extensions ['colcon_meta']
[0.668s] Level 1:colcon.colcon_core.package_identification:_identify(src/turtlebot4_simulator/turtlebot4_simulator) by extension 'colcon_meta'
[0.668s] Level 1:colcon.colcon_core.package_identification:_identify(src/turtlebot4_simulator/turtlebot4_simulator) by extensions ['ros']
[0.668s] Level 1:colcon.colcon_core.package_identification:_identify(src/turtlebot4_simulator/turtlebot4_simulator) by extension 'ros'
[0.669s] DEBUG:colcon.colcon_core.package_identification:Package 'src/turtlebot4_simulator/turtlebot4_simulator' with type 'ros.ament_cmake' and name 'turtlebot4_simulator'
[0.669s] Level 1:colcon.colcon_core.package_discovery:discover_packages(recursive) using defaults
[0.669s] Level 1:colcon.colcon_core.package_discovery:discover_packages(ignore) discover
[0.669s] Level 1:colcon.colcon_core.package_discovery:discover_packages(ignore) using defaults
[0.669s] Level 1:colcon.colcon_core.package_discovery:discover_packages(path) discover
[0.669s] Level 1:colcon.colcon_core.package_discovery:discover_packages(path) using defaults
[0.708s] Level 1:colcon.colcon_core.package_discovery:discover_packages(prefix_path) check parameters
[0.709s] Level 1:colcon.colcon_core.package_discovery:discover_packages(prefix_path) discover
[0.713s] DEBUG:colcon.colcon_installed_package_information.package_discovery:Found 6 installed packages in /home/raghav/turtlebot4_ws/install
[0.715s] DEBUG:colcon.colcon_installed_package_information.package_discovery:Found 384 installed packages in /opt/ros/humble
[0.719s] Level 1:colcon.colcon_core.package_discovery:discover_packages(prefix_path) using defaults
[0.815s] Level 5:colcon.colcon_core.verb:set package 'empty_shelf_msgs' build argument 'cmake_args' from command line to 'None'
[0.815s] Level 5:colcon.colcon_core.verb:set package 'empty_shelf_msgs' build argument 'cmake_target' from command line to 'None'
[0.815s] Level 5:colcon.colcon_core.verb:set package 'empty_shelf_msgs' build argument 'cmake_target_skip_unavailable' from command line to 'False'
[0.816s] Level 5:colcon.colcon_core.verb:set package 'empty_shelf_msgs' build argument 'cmake_clean_cache' from command line to 'False'
[0.816s] Level 5:colcon.colcon_core.verb:set package 'empty_shelf_msgs' build argument 'cmake_clean_first' from command line to 'False'
[0.816s] Level 5:colcon.colcon_core.verb:set package 'empty_shelf_msgs' build argument 'cmake_force_configure' from command line to 'False'
[0.816s] Level 5:colcon.colcon_core.verb:set package 'empty_shelf_msgs' build argument 'ament_cmake_args' from command line to 'None'
[0.816s] Level 5:colcon.colcon_core.verb:set package 'empty_shelf_msgs' build argument 'catkin_cmake_args' from command line to 'None'
[0.816s] Level 5:colcon.colcon_core.verb:set package 'empty_shelf_msgs' build argument 'catkin_skip_building_tests' from command line to 'False'
[0.816s] DEBUG:colcon.colcon_core.verb:Building package 'empty_shelf_msgs' with the following arguments: {'ament_cmake_args': None, 'build_base': '/home/raghav/turtlebot4_ws/build/empty_shelf_msgs', 'catkin_cmake_args': None, 'catkin_skip_building_tests': False, 'cmake_args': None, 'cmake_clean_cache': False, 'cmake_clean_first': False, 'cmake_force_configure': False, 'cmake_target': None, 'cmake_target_skip_unavailable': False, 'install_base': '/home/raghav/turtlebot4_ws/install/empty_shelf_msgs', 'merge_install': False, 'path': '/home/raghav/turtlebot4_ws/src/empty_shelf_msgs', 'symlink_install': False, 'test_result_base': None}
[0.817s] Level 5:colcon.colcon_core.verb:set package 'turtlebot4_ignition_gui_plugins' build argument 'cmake_args' from command line to 'None'
[0.817s] Level 5:colcon.colcon_core.verb:set package 'turtlebot4_ignition_gui_plugins' build argument 'cmake_target' from command line to 'None'
[0.817s] Level 5:colcon.colcon_core.verb:set package 'turtlebot4_ignition_gui_plugins' build argument 'cmake_target_skip_unavailable' from command line to 'False'
[0.817s] Level 5:colcon.colcon_core.verb:set package 'turtlebot4_ignition_gui_plugins' build argument 'cmake_clean_cache' from command line to 'False'
[0.817s] Level 5:colcon.colcon_core.verb:set package 'turtlebot4_ignition_gui_plugins' build argument 'cmake_clean_first' from command line to 'False'
[0.817s] Level 5:colcon.colcon_core.verb:set package 'turtlebot4_ignition_gui_plugins' build argument 'cmake_force_configure' from command line to 'False'
[0.817s] Level 5:colcon.colcon_core.verb:set package 'turtlebot4_ignition_gui_plugins' build argument 'ament_cmake_args' from command line to 'None'
[0.817s] Level 5:colcon.colcon_core.verb:set package 'turtlebot4_ignition_gui_plugins' build argument 'catkin_cmake_args' from command line to 'None'
[0.817s] Level 5:colcon.colcon_core.verb:set package 'turtlebot4_ignition_gui_plugins' build argument 'catkin_skip_building_tests' from command line to 'False'
[0.817s] DEBUG:colcon.colcon_core.verb:Building package 'turtlebot4_ignition_gui_plugins' with the following arguments: {'ament_cmake_args': None, 'build_base': '/home/raghav/turtlebot4_ws/build/turtlebot4_ignition_gui_plugins', 'catkin_cmake_args': None, 'catkin_skip_building_tests': False, 'cmake_args': None, 'cmake_clean_cache': False, 'cmake_clean_first': False, 'cmake_force_configure': False, 'cmake_target': None, 'cmake_target_skip_unavailable': False, 'install_base': '/home/raghav/turtlebot4_ws/install/turtlebot4_ignition_gui_plugins', 'merge_install': False, 'path': '/home/raghav/turtlebot4_ws/src/turtlebot4_simulator/turtlebot4_ignition_gui_plugins', 'symlink_install': False, 'test_result_base': None}
[0.817s] Level 5:colcon.colcon_core.verb:set package 'turtlebot4_ignition_toolbox' build argument 'cmake_args' from command line to 'None'
[0.817s] Level 5:colcon.colcon_core.verb:set package 'turtlebot4_ignition_toolbox' build argument 'cmake_target' from command line to 'None'
[0.817s] Level 5:colcon.colcon_core.verb:set package 'turtlebot4_ignition_toolbox' build argument 'cmake_target_skip_unavailable' from command line to 'False'
[0.817s] Level 5:colcon.colcon_core.verb:set package 'turtlebot4_ignition_toolbox' build argument 'cmake_clean_cache' from command line to 'False'
[0.817s] Level 5:colcon.colcon_core.verb:set package 'turtlebot4_ignition_toolbox' build argument 'cmake_clean_first' from command line to 'False'
[0.817s] Level 5:colcon.colcon_core.verb:set package 'turtlebot4_ignition_toolbox' build argument 'cmake_force_configure' from command line to 'False'
[0.817s] Level 5:colcon.colcon_core.verb:set package 'turtlebot4_ignition_toolbox' build argument 'ament_cmake_args' from command line to 'None'
[0.817s] Level 5:colcon.colcon_core.verb:set package 'turtlebot4_ignition_toolbox' build argument 'catkin_cmake_args' from command line to 'None'
[0.817s] Level 5:colcon.colcon_core.verb:set package 'turtlebot4_ignition_toolbox' build argument 'catkin_skip_building_tests' from command line to 'False'
[0.818s] DEBUG:colcon.colcon_core.verb:Building package 'turtlebot4_ignition_toolbox' with the following arguments: {'ament_cmake_args': None, 'build_base': '/home/raghav/turtlebot4_ws/build/turtlebot4_ignition_toolbox', 'catkin_cmake_args': None, 'catkin_skip_building_tests': False, 'cmake_args': None, 'cmake_clean_cache': False, 'cmake_clean_first': False, 'cmake_force_configure': False, 'cmake_target': None, 'cmake_target_skip_unavailable': False, 'install_base': '/home/raghav/turtlebot4_ws/install/turtlebot4_ignition_toolbox', 'merge_install': False, 'path': '/home/raghav/turtlebot4_ws/src/turtlebot4_simulator/turtlebot4_ignition_toolbox', 'symlink_install': False, 'test_result_base': None}
[0.818s] Level 5:colcon.colcon_core.verb:set package 'empty_shelf_detector' build argument 'cmake_args' from command line to 'None'
[0.818s] Level 5:colcon.colcon_core.verb:set package 'empty_shelf_detector' build argument 'cmake_target' from command line to 'None'
[0.818s] Level 5:colcon.colcon_core.verb:set package 'empty_shelf_detector' build argument 'cmake_target_skip_unavailable' from command line to 'False'
[0.818s] Level 5:colcon.colcon_core.verb:set package 'empty_shelf_detector' build argument 'cmake_clean_cache' from command line to 'False'
[0.818s] Level 5:colcon.colcon_core.verb:set package 'empty_shelf_detector' build argument 'cmake_clean_first' from command line to 'False'
[0.818s] Level 5:colcon.colcon_core.verb:set package 'empty_shelf_detector' build argument 'cmake_force_configure' from command line to 'False'
[0.818s] Level 5:colcon.colcon_core.verb:set package 'empty_shelf_detector' build argument 'ament_cmake_args' from command line to 'None'
[0.818s] Level 5:colcon.colcon_core.verb:set package 'empty_shelf_detector' build argument 'catkin_cmake_args' from command line to 'None'
[0.818s] Level 5:colcon.colcon_core.verb:set package 'empty_shelf_detector' build argument 'catkin_skip_building_tests' from command line to 'False'
[0.818s] DEBUG:colcon.colcon_core.verb:Building package 'empty_shelf_detector' with the following arguments: {'ament_cmake_args': None, 'build_base': '/home/raghav/turtlebot4_ws/build/empty_shelf_detector', 'catkin_cmake_args': None, 'catkin_skip_building_tests': False, 'cmake_args': None, 'cmake_clean_cache': False, 'cmake_clean_first': False, 'cmake_force_configure': False, 'cmake_target': None, 'cmake_target_skip_unavailable': False, 'install_base': '/home/raghav/turtlebot4_ws/install/empty_shelf_detector', 'merge_install': False, 'path': '/home/raghav/turtlebot4_ws/src/empty_shelf_detector', 'symlink_install': False, 'test_result_base': None}
[0.819s] Level 5:colcon.colcon_core.verb:set package 'turtlebot4_ignition_bringup' build argument 'cmake_args' from command line to 'None'
[0.819s] Level 5:colcon.colcon_core.verb:set package 'turtlebot4_ignition_bringup' build argument 'cmake_target' from command line to 'None'
[0.819s] Level 5:colcon.colcon_core.verb:set package 'turtlebot4_ignition_bringup' build argument 'cmake_target_skip_unavailable' from command line to 'False'
[0.819s] Level 5:colcon.colcon_core.verb:set package 'turtlebot4_ignition_bringup' build argument 'cmake_clean_cache' from command line to 'False'
[0.819s] Level 5:colcon.colcon_core.verb:set package 'turtlebot4_ignition_bringup' build argument 'cmake_clean_first' from command line to 'False'
[0.819s] Level 5:colcon.colcon_core.verb:set package 'turtlebot4_ignition_bringup' build argument 'cmake_force_configure' from command line to 'False'
[0.819s] Level 5:colcon.colcon_core.verb:set package 'turtlebot4_ignition_bringup' build argument 'ament_cmake_args' from command line to 'None'
[0.819s] Level 5:colcon.colcon_core.verb:set package 'turtlebot4_ignition_bringup' build argument 'catkin_cmake_args' from command line to 'None'
[0.819s] Level 5:colcon.colcon_core.verb:set package 'turtlebot4_ignition_bringup' build argument 'catkin_skip_building_tests' from command line to 'False'
[0.819s] DEBUG:colcon.colcon_core.verb:Building package 'turtlebot4_ignition_bringup' with the following arguments: {'ament_cmake_args': None, 'build_base': '/home/raghav/turtlebot4_ws/build/turtlebot4_ignition_bringup', 'catkin_cmake_args': None, 'catkin_skip_building_tests': False, 'cmake_args': None, 'cmake_clean_cache': False, 'cmake_clean_first': False, 'cmake_force_configure': False, 'cmake_target': None, 'cmake_target_skip_unavailable': False, 'install_base': '/home/raghav/turtlebot4_ws/install/turtlebot4_ignition_bringup', 'merge_install': False, 'path': '/home/raghav/turtlebot4_ws/src/turtlebot4_simulator/turtlebot4_ignition_bringup', 'symlink_install': False, 'test_result_base': None}
[0.819s] Level 5:colcon.colcon_core.verb:set package 'turtlebot4_simulator' build argument 'cmake_args' from command line to 'None'
[0.819s] Level 5:colcon.colcon_core.verb:set package 'turtlebot4_simulator' build argument 'cmake_target' from command line to 'None'
[0.819s] Level 5:colcon.colcon_core.verb:set package 'turtlebot4_simulator' build argument 'cmake_target_skip_unavailable' from command line to 'False'
[0.819s] Level 5:colcon.colcon_core.verb:set package 'turtlebot4_simulator' build argument 'cmake_clean_cache' from command line to 'False'
[0.820s] Level 5:colcon.colcon_core.verb:set package 'turtlebot4_simulator' build argument 'cmake_clean_first' from command line to 'False'
[0.820s] Level 5:colcon.colcon_core.verb:set package 'turtlebot4_simulator' build argument 'cmake_force_configure' from command line to 'False'
[0.820s] Level 5:colcon.colcon_core.verb:set package 'turtlebot4_simulator' build argument 'ament_cmake_args' from command line to 'None'
[0.820s] Level 5:colcon.colcon_core.verb:set package 'turtlebot4_simulator' build argument 'catkin_cmake_args' from command line to 'None'
[0.820s] Level 5:colcon.colcon_core.verb:set package 'turtlebot4_simulator' build argument 'catkin_skip_building_tests' from command line to 'False'
[0.820s] DEBUG:colcon.colcon_core.verb:Building package 'turtlebot4_simulator' with the following arguments: {'ament_cmake_args': None, 'build_base': '/home/raghav/turtlebot4_ws/build/turtlebot4_simulator', 'catkin_cmake_args': None, 'catkin_skip_building_tests': False, 'cmake_args': None, 'cmake_clean_cache': False, 'cmake_clean_first': False, 'cmake_force_configure': False, 'cmake_target': None, 'cmake_target_skip_unavailable': False, 'install_base': '/home/raghav/turtlebot4_ws/install/turtlebot4_simulator', 'merge_install': False, 'path': '/home/raghav/turtlebot4_ws/src/turtlebot4_simulator/turtlebot4_simulator', 'symlink_install': False, 'test_result_base': None}
[0.820s] INFO:colcon.colcon_core.executor:Executing jobs using 'parallel' executor
[0.822s] DEBUG:colcon.colcon_parallel_executor.executor.parallel:run_until_complete
[0.822s] INFO:colcon.colcon_ros.task.ament_cmake.build:Building ROS package in '/home/raghav/turtlebot4_ws/src/turtlebot4_simulator/turtlebot4_ignition_gui_plugins' with build type 'ament_cmake'
[0.823s] INFO:colcon.colcon_cmake.task.cmake.build:Building CMake package in '/home/raghav/turtlebot4_ws/src/turtlebot4_simulator/turtlebot4_ignition_gui_plugins'
[0.827s] INFO:colcon.colcon_core.plugin_system:Skipping extension 'colcon_core.shell.bat': Not used on non-Windows systems
[0.828s] INFO:colcon.colcon_core.shell:Skip shell extension 'powershell' for command environment: Not usable outside of PowerShell
[0.828s] DEBUG:colcon.colcon_core.shell:Skip shell extension 'dsv' for command environment
[0.834s] INFO:colcon.colcon_ros.task.ament_cmake.build:Building ROS package in '/home/raghav/turtlebot4_ws/src/turtlebot4_simulator/turtlebot4_ignition_toolbox' with build type 'ament_cmake'
[0.835s] INFO:colcon.colcon_cmake.task.cmake.build:Building CMake package in '/home/raghav/turtlebot4_ws/src/turtlebot4_simulator/turtlebot4_ignition_toolbox'
[0.836s] INFO:colcon.colcon_core.shell:Skip shell extension 'powershell' for command environment: Not usable outside of PowerShell
[0.836s] DEBUG:colcon.colcon_core.shell:Skip shell extension 'dsv' for command environment
[0.842s] INFO:colcon.colcon_ros.task.ament_cmake.build:Building ROS package in '/home/raghav/turtlebot4_ws/src/empty_shelf_msgs' with build type 'ament_cmake'
[0.843s] INFO:colcon.colcon_cmake.task.cmake.build:Building CMake package in '/home/raghav/turtlebot4_ws/src/empty_shelf_msgs'
[0.844s] INFO:colcon.colcon_core.shell:Skip shell extension 'powershell' for command environment: Not usable outside of PowerShell
[0.844s] DEBUG:colcon.colcon_core.shell:Skip shell extension 'dsv' for command environment
[0.862s] DEBUG:colcon.colcon_core.event_handler.log_command:Invoking command in '/home/raghav/turtlebot4_ws/build/turtlebot4_ignition_gui_plugins': CMAKE_PREFIX_PATH=${CMAKE_PREFIX_PATH}:/opt/ros/humble /usr/bin/cmake --build /home/raghav/turtlebot4_ws/build/turtlebot4_ignition_gui_plugins -- -j8 -l8
[0.869s] DEBUG:colcon.colcon_core.event_handler.log_command:Invoking command in '/home/raghav/turtlebot4_ws/build/turtlebot4_ignition_toolbox': CMAKE_PREFIX_PATH=${CMAKE_PREFIX_PATH}:/opt/ros/humble /usr/bin/cmake --build /home/raghav/turtlebot4_ws/build/turtlebot4_ignition_toolbox -- -j8 -l8
[0.878s] DEBUG:colcon.colcon_core.event_handler.log_command:Invoking command in '/home/raghav/turtlebot4_ws/build/empty_shelf_msgs': CMAKE_PREFIX_PATH=${CMAKE_PREFIX_PATH}:/opt/ros/humble /usr/bin/cmake --build /home/raghav/turtlebot4_ws/build/empty_shelf_msgs -- -j8 -l8
[1.071s] DEBUG:colcon.colcon_core.event_handler.log_command:Invoked command in '/home/raghav/turtlebot4_ws/build/turtlebot4_ignition_toolbox' returned '0': CMAKE_PREFIX_PATH=${CMAKE_PREFIX_PATH}:/opt/ros/humble /usr/bin/cmake --build /home/raghav/turtlebot4_ws/build/turtlebot4_ignition_toolbox -- -j8 -l8
[1.090s] DEBUG:colcon.colcon_core.event_handler.log_command:Invoking command in '/home/raghav/turtlebot4_ws/build/turtlebot4_ignition_toolbox': CMAKE_PREFIX_PATH=${CMAKE_PREFIX_PATH}:/opt/ros/humble /usr/bin/cmake --install /home/raghav/turtlebot4_ws/build/turtlebot4_ignition_toolbox
[1.095s] DEBUG:colcon.colcon_core.event_handler.log_command:Invoked command in '/home/raghav/turtlebot4_ws/build/turtlebot4_ignition_gui_plugins' returned '0': CMAKE_PREFIX_PATH=${CMAKE_PREFIX_PATH}:/opt/ros/humble /usr/bin/cmake --build /home/raghav/turtlebot4_ws/build/turtlebot4_ignition_gui_plugins -- -j8 -l8
[1.102s] DEBUG:colcon.colcon_core.event_handler.log_command:Invoking command in '/home/raghav/turtlebot4_ws/build/turtlebot4_ignition_gui_plugins': CMAKE_PREFIX_PATH=${CMAKE_PREFIX_PATH}:/opt/ros/humble /usr/bin/cmake --install /home/raghav/turtlebot4_ws/build/turtlebot4_ignition_gui_plugins
[1.118s] Level 1:colcon.colcon_core.environment:create_environment_scripts_only(turtlebot4_ignition_toolbox)
[1.123s] DEBUG:colcon.colcon_core.event_handler.log_command:Invoked command in '/home/raghav/turtlebot4_ws/build/turtlebot4_ignition_toolbox' returned '0': CMAKE_PREFIX_PATH=${CMAKE_PREFIX_PATH}:/opt/ros/humble /usr/bin/cmake --install /home/raghav/turtlebot4_ws/build/turtlebot4_ignition_toolbox
[1.130s] Level 1:colcon.colcon_core.environment:checking '/home/raghav/turtlebot4_ws/install/turtlebot4_ignition_toolbox' for CMake module files
[1.131s] Level 1:colcon.colcon_core.environment:checking '/home/raghav/turtlebot4_ws/install/turtlebot4_ignition_toolbox' for CMake config files
[1.132s] Level 1:colcon.colcon_core.shell:create_environment_hook('turtlebot4_ignition_toolbox', 'cmake_prefix_path')
[1.133s] INFO:colcon.colcon_core.shell:Creating environment hook '/home/raghav/turtlebot4_ws/install/turtlebot4_ignition_toolbox/share/turtlebot4_ignition_toolbox/hook/cmake_prefix_path.ps1'
[1.135s] INFO:colcon.colcon_core.shell:Creating environment descriptor '/home/raghav/turtlebot4_ws/install/turtlebot4_ignition_toolbox/share/turtlebot4_ignition_toolbox/hook/cmake_prefix_path.dsv'
[1.136s] INFO:colcon.colcon_core.shell:Creating environment hook '/home/raghav/turtlebot4_ws/install/turtlebot4_ignition_toolbox/share/turtlebot4_ignition_toolbox/hook/cmake_prefix_path.sh'
[1.138s] Level 1:colcon.colcon_core.environment:checking '/home/raghav/turtlebot4_ws/install/turtlebot4_ignition_toolbox/lib'
[1.139s] Level 1:colcon.colcon_core.environment:checking '/home/raghav/turtlebot4_ws/install/turtlebot4_ignition_toolbox/bin'
[1.139s] Level 1:colcon.colcon_core.environment:checking '/home/raghav/turtlebot4_ws/install/turtlebot4_ignition_toolbox/lib/pkgconfig/turtlebot4_ignition_toolbox.pc'
[1.139s] Level 1:colcon.colcon_core.environment:checking '/home/raghav/turtlebot4_ws/install/turtlebot4_ignition_toolbox/lib/python3.10/site-packages'
[1.140s] Level 1:colcon.colcon_core.environment:checking '/home/raghav/turtlebot4_ws/install/turtlebot4_ignition_toolbox/bin'
[1.140s] INFO:colcon.colcon_core.shell:Creating package script '/home/raghav/turtlebot4_ws/install/turtlebot4_ignition_toolbox/share/turtlebot4_ignition_toolbox/package.ps1'
[1.142s] INFO:colcon.colcon_core.shell:Creating package descriptor '/home/raghav/turtlebot4_ws/install/turtlebot4_ignition_toolbox/share/turtlebot4_ignition_toolbox/package.dsv'
[1.144s] INFO:colcon.colcon_core.shell:Creating package script '/home/raghav/turtlebot4_ws/install/turtlebot4_ignition_toolbox/share/turtlebot4_ignition_toolbox/package.sh'
[1.146s] INFO:colcon.colcon_core.shell:Creating package script '/home/raghav/turtlebot4_ws/install/turtlebot4_ignition_toolbox/share/turtlebot4_ignition_toolbox/package.bash'
[1.148s] INFO:colcon.colcon_core.shell:Creating package script '/home/raghav/turtlebot4_ws/install/turtlebot4_ignition_toolbox/share/turtlebot4_ignition_toolbox/package.zsh'
[1.150s] Level 1:colcon.colcon_core.environment:create_file_with_runtime_dependencies(/home/raghav/turtlebot4_ws/install/turtlebot4_ignition_toolbox/share/colcon-core/packages/turtlebot4_ignition_toolbox)
[1.152s] Level 1:colcon.colcon_core.environment:create_environment_scripts_only(turtlebot4_ignition_toolbox)
[1.152s] Level 1:colcon.colcon_core.environment:checking '/home/raghav/turtlebot4_ws/install/turtlebot4_ignition_toolbox' for CMake module files
[1.153s] Level 1:colcon.colcon_core.environment:checking '/home/raghav/turtlebot4_ws/install/turtlebot4_ignition_toolbox' for CMake config files
[1.153s] Level 1:colcon.colcon_core.shell:create_environment_hook('turtlebot4_ignition_toolbox', 'cmake_prefix_path')
[1.153s] INFO:colcon.colcon_core.shell:Creating environment hook '/home/raghav/turtlebot4_ws/install/turtlebot4_ignition_toolbox/share/turtlebot4_ignition_toolbox/hook/cmake_prefix_path.ps1'
[1.154s] INFO:colcon.colcon_core.shell:Creating environment descriptor '/home/raghav/turtlebot4_ws/install/turtlebot4_ignition_toolbox/share/turtlebot4_ignition_toolbox/hook/cmake_prefix_path.dsv'
[1.155s] INFO:colcon.colcon_core.shell:Creating environment hook '/home/raghav/turtlebot4_ws/install/turtlebot4_ignition_toolbox/share/turtlebot4_ignition_toolbox/hook/cmake_prefix_path.sh'
[1.155s] Level 1:colcon.colcon_core.environment:checking '/home/raghav/turtlebot4_ws/install/turtlebot4_ignition_toolbox/lib'
[1.156s] Level 1:colcon.colcon_core.environment:checking '/home/raghav/turtlebot4_ws/install/turtlebot4_ignition_toolbox/bin'
[1.156s] Level 1:colcon.colcon_core.environment:checking '/home/raghav/turtlebot4_ws/install/turtlebot4_ignition_toolbox/lib/pkgconfig/turtlebot4_ignition_toolbox.pc'
[1.156s] Level 1:colcon.colcon_core.environment:checking '/home/raghav/turtlebot4_ws/install/turtlebot4_ignition_toolbox/lib/python3.10/site-packages'
[1.156s] Level 1:colcon.colcon_core.environment:checking '/home/raghav/turtlebot4_ws/install/turtlebot4_ignition_toolbox/bin'
[1.157s] INFO:colcon.colcon_core.shell:Creating package script '/home/raghav/turtlebot4_ws/install/turtlebot4_ignition_toolbox/share/turtlebot4_ignition_toolbox/package.ps1'
[1.158s] INFO:colcon.colcon_core.shell:Creating package descriptor '/home/raghav/turtlebot4_ws/install/turtlebot4_ignition_toolbox/share/turtlebot4_ignition_toolbox/package.dsv'
[1.160s] INFO:colcon.colcon_core.shell:Creating package script '/home/raghav/turtlebot4_ws/install/turtlebot4_ignition_toolbox/share/turtlebot4_ignition_toolbox/package.sh'
[1.161s] INFO:colcon.colcon_core.shell:Creating package script '/home/raghav/turtlebot4_ws/install/turtlebot4_ignition_toolbox/share/turtlebot4_ignition_toolbox/package.bash'
[1.161s] INFO:colcon.colcon_core.shell:Creating package script '/home/raghav/turtlebot4_ws/install/turtlebot4_ignition_toolbox/share/turtlebot4_ignition_toolbox/package.zsh'
[1.162s] Level 1:colcon.colcon_core.environment:create_file_with_runtime_dependencies(/home/raghav/turtlebot4_ws/install/turtlebot4_ignition_toolbox/share/colcon-core/packages/turtlebot4_ignition_toolbox)
[1.165s] Level 1:colcon.colcon_core.environment:create_environment_scripts_only(turtlebot4_ignition_gui_plugins)
[1.166s] Level 1:colcon.colcon_core.environment:checking '/home/raghav/turtlebot4_ws/install/turtlebot4_ignition_gui_plugins' for CMake module files
[1.167s] DEBUG:colcon.colcon_core.event_handler.log_command:Invoked command in '/home/raghav/turtlebot4_ws/build/turtlebot4_ignition_gui_plugins' returned '0': CMAKE_PREFIX_PATH=${CMAKE_PREFIX_PATH}:/opt/ros/humble /usr/bin/cmake --install /home/raghav/turtlebot4_ws/build/turtlebot4_ignition_gui_plugins
[1.167s] Level 1:colcon.colcon_core.environment:checking '/home/raghav/turtlebot4_ws/install/turtlebot4_ignition_gui_plugins' for CMake config files
[1.168s] Level 1:colcon.colcon_core.shell:create_environment_hook('turtlebot4_ignition_gui_plugins', 'cmake_prefix_path')
[1.169s] INFO:colcon.colcon_core.shell:Creating environment hook '/home/raghav/turtlebot4_ws/install/turtlebot4_ignition_gui_plugins/share/turtlebot4_ignition_gui_plugins/hook/cmake_prefix_path.ps1'
[1.170s] INFO:colcon.colcon_core.shell:Creating environment descriptor '/home/raghav/turtlebot4_ws/install/turtlebot4_ignition_gui_plugins/share/turtlebot4_ignition_gui_plugins/hook/cmake_prefix_path.dsv'
[1.171s] INFO:colcon.colcon_core.shell:Creating environment hook '/home/raghav/turtlebot4_ws/install/turtlebot4_ignition_gui_plugins/share/turtlebot4_ignition_gui_plugins/hook/cmake_prefix_path.sh'
[1.173s] Level 1:colcon.colcon_core.environment:checking '/home/raghav/turtlebot4_ws/install/turtlebot4_ignition_gui_plugins/bin'
[1.173s] Level 1:colcon.colcon_core.environment:checking '/home/raghav/turtlebot4_ws/install/turtlebot4_ignition_gui_plugins/lib/pkgconfig/turtlebot4_ignition_gui_plugins.pc'
[1.173s] Level 1:colcon.colcon_core.environment:checking '/home/raghav/turtlebot4_ws/install/turtlebot4_ignition_gui_plugins/lib/python3.10/site-packages'
[1.173s] Level 1:colcon.colcon_core.environment:checking '/home/raghav/turtlebot4_ws/install/turtlebot4_ignition_gui_plugins/bin'
[1.174s] INFO:colcon.colcon_core.shell:Creating package script '/home/raghav/turtlebot4_ws/install/turtlebot4_ignition_gui_plugins/share/turtlebot4_ignition_gui_plugins/package.ps1'
[1.175s] INFO:colcon.colcon_core.shell:Creating package descriptor '/home/raghav/turtlebot4_ws/install/turtlebot4_ignition_gui_plugins/share/turtlebot4_ignition_gui_plugins/package.dsv'
[1.175s] INFO:colcon.colcon_core.shell:Creating package script '/home/raghav/turtlebot4_ws/install/turtlebot4_ignition_gui_plugins/share/turtlebot4_ignition_gui_plugins/package.sh'
[1.177s] INFO:colcon.colcon_core.shell:Creating package script '/home/raghav/turtlebot4_ws/install/turtlebot4_ignition_gui_plugins/share/turtlebot4_ignition_gui_plugins/package.bash'
[1.178s] INFO:colcon.colcon_core.shell:Creating package script '/home/raghav/turtlebot4_ws/install/turtlebot4_ignition_gui_plugins/share/turtlebot4_ignition_gui_plugins/package.zsh'
[1.181s] Level 1:colcon.colcon_core.environment:create_file_with_runtime_dependencies(/home/raghav/turtlebot4_ws/install/turtlebot4_ignition_gui_plugins/share/colcon-core/packages/turtlebot4_ignition_gui_plugins)
[1.183s] Level 1:colcon.colcon_core.environment:create_environment_scripts_only(turtlebot4_ignition_gui_plugins)
[1.184s] Level 1:colcon.colcon_core.environment:checking '/home/raghav/turtlebot4_ws/install/turtlebot4_ignition_gui_plugins' for CMake module files
[1.185s] Level 1:colcon.colcon_core.environment:checking '/home/raghav/turtlebot4_ws/install/turtlebot4_ignition_gui_plugins' for CMake config files
[1.185s] Level 1:colcon.colcon_core.shell:create_environment_hook('turtlebot4_ignition_gui_plugins', 'cmake_prefix_path')
[1.186s] INFO:colcon.colcon_core.shell:Creating environment hook '/home/raghav/turtlebot4_ws/install/turtlebot4_ignition_gui_plugins/share/turtlebot4_ignition_gui_plugins/hook/cmake_prefix_path.ps1'
[1.187s] INFO:colcon.colcon_core.shell:Creating environment descriptor '/home/raghav/turtlebot4_ws/install/turtlebot4_ignition_gui_plugins/share/turtlebot4_ignition_gui_plugins/hook/cmake_prefix_path.dsv'
[1.189s] INFO:colcon.colcon_core.shell:Creating environment hook '/home/raghav/turtlebot4_ws/install/turtlebot4_ignition_gui_plugins/share/turtlebot4_ignition_gui_plugins/hook/cmake_prefix_path.sh'
[1.190s] Level 1:colcon.colcon_core.environment:checking '/home/raghav/turtlebot4_ws/install/turtlebot4_ignition_gui_plugins/bin'
[1.191s] Level 1:colcon.colcon_core.environment:checking '/home/raghav/turtlebot4_ws/install/turtlebot4_ignition_gui_plugins/lib/pkgconfig/turtlebot4_ignition_gui_plugins.pc'
[1.191s] Level 1:colcon.colcon_core.environment:checking '/home/raghav/turtlebot4_ws/install/turtlebot4_ignition_gui_plugins/lib/python3.10/site-packages'
[1.191s] Level 1:colcon.colcon_core.environment:checking '/home/raghav/turtlebot4_ws/install/turtlebot4_ignition_gui_plugins/bin'
[1.192s] INFO:colcon.colcon_core.shell:Creating package script '/home/raghav/turtlebot4_ws/install/turtlebot4_ignition_gui_plugins/share/turtlebot4_ignition_gui_plugins/package.ps1'
[1.194s] INFO:colcon.colcon_core.shell:Creating package descriptor '/home/raghav/turtlebot4_ws/install/turtlebot4_ignition_gui_plugins/share/turtlebot4_ignition_gui_plugins/package.dsv'
[1.195s] INFO:colcon.colcon_core.shell:Creating package script '/home/raghav/turtlebot4_ws/install/turtlebot4_ignition_gui_plugins/share/turtlebot4_ignition_gui_plugins/package.sh'
[1.195s] INFO:colcon.colcon_core.shell:Creating package script '/home/raghav/turtlebot4_ws/install/turtlebot4_ignition_gui_plugins/share/turtlebot4_ignition_gui_plugins/package.bash'
[1.196s] INFO:colcon.colcon_core.shell:Creating package script '/home/raghav/turtlebot4_ws/install/turtlebot4_ignition_gui_plugins/share/turtlebot4_ignition_gui_plugins/package.zsh'
[1.197s] Level 1:colcon.colcon_core.environment:create_file_with_runtime_dependencies(/home/raghav/turtlebot4_ws/install/turtlebot4_ignition_gui_plugins/share/colcon-core/packages/turtlebot4_ignition_gui_plugins)
[1.198s] INFO:colcon.colcon_ros.task.ament_cmake.build:Building ROS package in '/home/raghav/turtlebot4_ws/src/turtlebot4_simulator/turtlebot4_ignition_bringup' with build type 'ament_cmake'
[1.198s] INFO:colcon.colcon_cmake.task.cmake.build:Building CMake package in '/home/raghav/turtlebot4_ws/src/turtlebot4_simulator/turtlebot4_ignition_bringup'
[1.199s] INFO:colcon.colcon_core.shell:Skip shell extension 'powershell' for command environment: Not usable outside of PowerShell
[1.199s] DEBUG:colcon.colcon_core.shell:Skip shell extension 'dsv' for command environment
[1.222s] DEBUG:colcon.colcon_core.event_handler.log_command:Invoking command in '/home/raghav/turtlebot4_ws/build/turtlebot4_ignition_bringup': CMAKE_PREFIX_PATH=/home/raghav/turtlebot4_ws/install/turtlebot4_ignition_toolbox:/home/raghav/turtlebot4_ws/install/turtlebot4_ignition_gui_plugins:/home/raghav/turtlebot4_ws/install/turtlebot4_simulator:/home/raghav/turtlebot4_ws/install/turtlebot4_ignition_bringup:/home/raghav/turtlebot4_ws/install/empty_shelf_detector:/home/raghav/turtlebot4_ws/install/empty_shelf_msgs:/opt/ros/humble /usr/bin/cmake --build /home/raghav/turtlebot4_ws/build/turtlebot4_ignition_bringup -- -j8 -l8
[1.281s] DEBUG:colcon.colcon_core.event_handler.log_command:Invoked command in '/home/raghav/turtlebot4_ws/build/turtlebot4_ignition_bringup' returned '0': CMAKE_PREFIX_PATH=/home/raghav/turtlebot4_ws/install/turtlebot4_ignition_toolbox:/home/raghav/turtlebot4_ws/install/turtlebot4_ignition_gui_plugins:/home/raghav/turtlebot4_ws/install/turtlebot4_simulator:/home/raghav/turtlebot4_ws/install/turtlebot4_ignition_bringup:/home/raghav/turtlebot4_ws/install/empty_shelf_detector:/home/raghav/turtlebot4_ws/install/empty_shelf_msgs:/opt/ros/humble /usr/bin/cmake --build /home/raghav/turtlebot4_ws/build/turtlebot4_ignition_bringup -- -j8 -l8
[1.284s] DEBUG:colcon.colcon_core.event_handler.log_command:Invoking command in '/home/raghav/turtlebot4_ws/build/turtlebot4_ignition_bringup': CMAKE_PREFIX_PATH=/home/raghav/turtlebot4_ws/install/turtlebot4_ignition_toolbox:/home/raghav/turtlebot4_ws/install/turtlebot4_ignition_gui_plugins:/home/raghav/turtlebot4_ws/install/turtlebot4_simulator:/home/raghav/turtlebot4_ws/install/turtlebot4_ignition_bringup:/home/raghav/turtlebot4_ws/install/empty_shelf_detector:/home/raghav/turtlebot4_ws/install/empty_shelf_msgs:/opt/ros/humble /usr/bin/cmake --install /home/raghav/turtlebot4_ws/build/turtlebot4_ignition_bringup
[1.302s] Level 1:colcon.colcon_core.environment:create_environment_scripts_only(turtlebot4_ignition_bringup)
[1.302s] Level 1:colcon.colcon_core.environment:checking '/home/raghav/turtlebot4_ws/install/turtlebot4_ignition_bringup' for CMake module files
[1.303s] DEBUG:colcon.colcon_core.event_handler.log_command:Invoked command in '/home/raghav/turtlebot4_ws/build/turtlebot4_ignition_bringup' returned '0': CMAKE_PREFIX_PATH=/home/raghav/turtlebot4_ws/install/turtlebot4_ignition_toolbox:/home/raghav/turtlebot4_ws/install/turtlebot4_ignition_gui_plugins:/home/raghav/turtlebot4_ws/install/turtlebot4_simulator:/home/raghav/turtlebot4_ws/install/turtlebot4_ignition_bringup:/home/raghav/turtlebot4_ws/install/empty_shelf_detector:/home/raghav/turtlebot4_ws/install/empty_shelf_msgs:/opt/ros/humble /usr/bin/cmake --install /home/raghav/turtlebot4_ws/build/turtlebot4_ignition_bringup
[1.304s] Level 1:colcon.colcon_core.environment:checking '/home/raghav/turtlebot4_ws/install/turtlebot4_ignition_bringup' for CMake config files
[1.304s] Level 1:colcon.colcon_core.shell:create_environment_hook('turtlebot4_ignition_bringup', 'cmake_prefix_path')
[1.305s] INFO:colcon.colcon_core.shell:Creating environment hook '/home/raghav/turtlebot4_ws/install/turtlebot4_ignition_bringup/share/turtlebot4_ignition_bringup/hook/cmake_prefix_path.ps1'
[1.306s] INFO:colcon.colcon_core.shell:Creating environment descriptor '/home/raghav/turtlebot4_ws/install/turtlebot4_ignition_bringup/share/turtlebot4_ignition_bringup/hook/cmake_prefix_path.dsv'
[1.306s] INFO:colcon.colcon_core.shell:Creating environment hook '/home/raghav/turtlebot4_ws/install/turtlebot4_ignition_bringup/share/turtlebot4_ignition_bringup/hook/cmake_prefix_path.sh'
[1.307s] Level 1:colcon.colcon_core.environment:checking '/home/raghav/turtlebot4_ws/install/turtlebot4_ignition_bringup/bin'
[1.307s] Level 1:colcon.colcon_core.environment:checking '/home/raghav/turtlebot4_ws/install/turtlebot4_ignition_bringup/lib/pkgconfig/turtlebot4_ignition_bringup.pc'
[1.307s] Level 1:colcon.colcon_core.environment:checking '/home/raghav/turtlebot4_ws/install/turtlebot4_ignition_bringup/lib/python3.10/site-packages'
[1.308s] Level 1:colcon.colcon_core.environment:checking '/home/raghav/turtlebot4_ws/install/turtlebot4_ignition_bringup/bin'
[1.308s] INFO:colcon.colcon_core.shell:Creating package script '/home/raghav/turtlebot4_ws/install/turtlebot4_ignition_bringup/share/turtlebot4_ignition_bringup/package.ps1'
[1.309s] INFO:colcon.colcon_core.shell:Creating package descriptor '/home/raghav/turtlebot4_ws/install/turtlebot4_ignition_bringup/share/turtlebot4_ignition_bringup/package.dsv'
[1.310s] INFO:colcon.colcon_core.shell:Creating package script '/home/raghav/turtlebot4_ws/install/turtlebot4_ignition_bringup/share/turtlebot4_ignition_bringup/package.sh'
[1.310s] INFO:colcon.colcon_core.shell:Creating package script '/home/raghav/turtlebot4_ws/install/turtlebot4_ignition_bringup/share/turtlebot4_ignition_bringup/package.bash'
[1.311s] INFO:colcon.colcon_core.shell:Creating package script '/home/raghav/turtlebot4_ws/install/turtlebot4_ignition_bringup/share/turtlebot4_ignition_bringup/package.zsh'
[1.311s] Level 1:colcon.colcon_core.environment:create_file_with_runtime_dependencies(/home/raghav/turtlebot4_ws/install/turtlebot4_ignition_bringup/share/colcon-core/packages/turtlebot4_ignition_bringup)
[1.312s] Level 1:colcon.colcon_core.environment:create_environment_scripts_only(turtlebot4_ignition_bringup)
[1.312s] Level 1:colcon.colcon_core.environment:checking '/home/raghav/turtlebot4_ws/install/turtlebot4_ignition_bringup' for CMake module files
[1.313s] Level 1:colcon.colcon_core.environment:checking '/home/raghav/turtlebot4_ws/install/turtlebot4_ignition_bringup' for CMake config files
[1.313s] Level 1:colcon.colcon_core.shell:create_environment_hook('turtlebot4_ignition_bringup', 'cmake_prefix_path')
[1.313s] INFO:colcon.colcon_core.shell:Creating environment hook '/home/raghav/turtlebot4_ws/install/turtlebot4_ignition_bringup/share/turtlebot4_ignition_bringup/hook/cmake_prefix_path.ps1'
[1.314s] INFO:colcon.colcon_core.shell:Creating environment descriptor '/home/raghav/turtlebot4_ws/install/turtlebot4_ignition_bringup/share/turtlebot4_ignition_bringup/hook/cmake_prefix_path.dsv'
[1.315s] INFO:colcon.colcon_core.shell:Creating environment hook '/home/raghav/turtlebot4_ws/install/turtlebot4_ignition_bringup/share/turtlebot4_ignition_bringup/hook/cmake_prefix_path.sh'
[1.316s] Level 1:colcon.colcon_core.environment:checking '/home/raghav/turtlebot4_ws/install/turtlebot4_ignition_bringup/bin'
[1.316s] Level 1:colcon.colcon_core.environment:checking '/home/raghav/turtlebot4_ws/install/turtlebot4_ignition_bringup/lib/pkgconfig/turtlebot4_ignition_bringup.pc'
[1.316s] Level 1:colcon.colcon_core.environment:checking '/home/raghav/turtlebot4_ws/install/turtlebot4_ignition_bringup/lib/python3.10/site-packages'
[1.316s] Level 1:colcon.colcon_core.environment:checking '/home/raghav/turtlebot4_ws/install/turtlebot4_ignition_bringup/bin'
[1.317s] INFO:colcon.colcon_core.shell:Creating package script '/home/raghav/turtlebot4_ws/install/turtlebot4_ignition_bringup/share/turtlebot4_ignition_bringup/package.ps1'
[1.318s] INFO:colcon.colcon_core.shell:Creating package descriptor '/home/raghav/turtlebot4_ws/install/turtlebot4_ignition_bringup/share/turtlebot4_ignition_bringup/package.dsv'
[1.319s] INFO:colcon.colcon_core.shell:Creating package script '/home/raghav/turtlebot4_ws/install/turtlebot4_ignition_bringup/share/turtlebot4_ignition_bringup/package.sh'
[1.319s] INFO:colcon.colcon_core.shell:Creating package script '/home/raghav/turtlebot4_ws/install/turtlebot4_ignition_bringup/share/turtlebot4_ignition_bringup/package.bash'
[1.320s] INFO:colcon.colcon_core.shell:Creating package script '/home/raghav/turtlebot4_ws/install/turtlebot4_ignition_bringup/share/turtlebot4_ignition_bringup/package.zsh'
[1.321s] Level 1:colcon.colcon_core.environment:create_file_with_runtime_dependencies(/home/raghav/turtlebot4_ws/install/turtlebot4_ignition_bringup/share/colcon-core/packages/turtlebot4_ignition_bringup)
[1.321s] INFO:colcon.colcon_ros.task.ament_cmake.build:Building ROS package in '/home/raghav/turtlebot4_ws/src/turtlebot4_simulator/turtlebot4_simulator' with build type 'ament_cmake'
[1.322s] INFO:colcon.colcon_cmake.task.cmake.build:Building CMake package in '/home/raghav/turtlebot4_ws/src/turtlebot4_simulator/turtlebot4_simulator'
[1.322s] INFO:colcon.colcon_core.shell:Skip shell extension 'powershell' for command environment: Not usable outside of PowerShell
[1.322s] DEBUG:colcon.colcon_core.shell:Skip shell extension 'dsv' for command environment
[1.345s] DEBUG:colcon.colcon_core.event_handler.log_command:Invoking command in '/home/raghav/turtlebot4_ws/build/turtlebot4_simulator': CMAKE_PREFIX_PATH=/home/raghav/turtlebot4_ws/install/turtlebot4_ignition_bringup:/home/raghav/turtlebot4_ws/install/turtlebot4_ignition_toolbox:/home/raghav/turtlebot4_ws/install/turtlebot4_ignition_gui_plugins:/home/raghav/turtlebot4_ws/install/turtlebot4_simulator:/home/raghav/turtlebot4_ws/install/empty_shelf_detector:/home/raghav/turtlebot4_ws/install/empty_shelf_msgs:/opt/ros/humble /usr/bin/cmake --build /home/raghav/turtlebot4_ws/build/turtlebot4_simulator -- -j8 -l8
[1.407s] DEBUG:colcon.colcon_core.event_handler.log_command:Invoked command in '/home/raghav/turtlebot4_ws/build/turtlebot4_simulator' returned '0': CMAKE_PREFIX_PATH=/home/raghav/turtlebot4_ws/install/turtlebot4_ignition_bringup:/home/raghav/turtlebot4_ws/install/turtlebot4_ignition_toolbox:/home/raghav/turtlebot4_ws/install/turtlebot4_ignition_gui_plugins:/home/raghav/turtlebot4_ws/install/turtlebot4_simulator:/home/raghav/turtlebot4_ws/install/empty_shelf_detector:/home/raghav/turtlebot4_ws/install/empty_shelf_msgs:/opt/ros/humble /usr/bin/cmake --build /home/raghav/turtlebot4_ws/build/turtlebot4_simulator -- -j8 -l8
[1.413s] DEBUG:colcon.colcon_core.event_handler.log_command:Invoking command in '/home/raghav/turtlebot4_ws/build/turtlebot4_simulator': CMAKE_PREFIX_PATH=/home/raghav/turtlebot4_ws/install/turtlebot4_ignition_bringup:/home/raghav/turtlebot4_ws/install/turtlebot4_ignition_toolbox:/home/raghav/turtlebot4_ws/install/turtlebot4_ignition_gui_plugins:/home/raghav/turtlebot4_ws/install/turtlebot4_simulator:/home/raghav/turtlebot4_ws/install/empty_shelf_detector:/home/raghav/turtlebot4_ws/install/empty_shelf_msgs:/opt/ros/humble /usr/bin/cmake --install /home/raghav/turtlebot4_ws/build/turtlebot4_simulator
[1.431s] Level 1:colcon.colcon_core.environment:create_environment_scripts_only(turtlebot4_simulator)
[1.432s] Level 1:colcon.colcon_core.environment:checking '/home/raghav/turtlebot4_ws/install/turtlebot4_simulator' for CMake module files
[1.432s] DEBUG:colcon.colcon_core.event_handler.log_command:Invoked command in '/home/raghav/turtlebot4_ws/build/turtlebot4_simulator' returned '0': CMAKE_PREFIX_PATH=/home/raghav/turtlebot4_ws/install/turtlebot4_ignition_bringup:/home/raghav/turtlebot4_ws/install/turtlebot4_ignition_toolbox:/home/raghav/turtlebot4_ws/install/turtlebot4_ignition_gui_plugins:/home/raghav/turtlebot4_ws/install/turtlebot4_simulator:/home/raghav/turtlebot4_ws/install/empty_shelf_detector:/home/raghav/turtlebot4_ws/install/empty_shelf_msgs:/opt/ros/humble /usr/bin/cmake --install /home/raghav/turtlebot4_ws/build/turtlebot4_simulator
[1.433s] Level 1:colcon.colcon_core.environment:checking '/home/raghav/turtlebot4_ws/install/turtlebot4_simulator' for CMake config files
[1.434s] Level 1:colcon.colcon_core.shell:create_environment_hook('turtlebot4_simulator', 'cmake_prefix_path')
[1.435s] INFO:colcon.colcon_core.shell:Creating environment hook '/home/raghav/turtlebot4_ws/install/turtlebot4_simulator/share/turtlebot4_simulator/hook/cmake_prefix_path.ps1'
[1.436s] INFO:colcon.colcon_core.shell:Creating environment descriptor '/home/raghav/turtlebot4_ws/install/turtlebot4_simulator/share/turtlebot4_simulator/hook/cmake_prefix_path.dsv'
[1.437s] INFO:colcon.colcon_core.shell:Creating environment hook '/home/raghav/turtlebot4_ws/install/turtlebot4_simulator/share/turtlebot4_simulator/hook/cmake_prefix_path.sh'
[1.439s] Level 1:colcon.colcon_core.environment:checking '/home/raghav/turtlebot4_ws/install/turtlebot4_simulator/bin'
[1.439s] Level 1:colcon.colcon_core.environment:checking '/home/raghav/turtlebot4_ws/install/turtlebot4_simulator/lib/pkgconfig/turtlebot4_simulator.pc'
[1.440s] Level 1:colcon.colcon_core.environment:checking '/home/raghav/turtlebot4_ws/install/turtlebot4_simulator/lib/python3.10/site-packages'
[1.440s] Level 1:colcon.colcon_core.environment:checking '/home/raghav/turtlebot4_ws/install/turtlebot4_simulator/bin'
[1.440s] INFO:colcon.colcon_core.shell:Creating package script '/home/raghav/turtlebot4_ws/install/turtlebot4_simulator/share/turtlebot4_simulator/package.ps1'
[1.441s] INFO:colcon.colcon_core.shell:Creating package descriptor '/home/raghav/turtlebot4_ws/install/turtlebot4_simulator/share/turtlebot4_simulator/package.dsv'
[1.442s] INFO:colcon.colcon_core.shell:Creating package script '/home/raghav/turtlebot4_ws/install/turtlebot4_simulator/share/turtlebot4_simulator/package.sh'
[1.443s] INFO:colcon.colcon_core.shell:Creating package script '/home/raghav/turtlebot4_ws/install/turtlebot4_simulator/share/turtlebot4_simulator/package.bash'
[1.443s] INFO:colcon.colcon_core.shell:Creating package script '/home/raghav/turtlebot4_ws/install/turtlebot4_simulator/share/turtlebot4_simulator/package.zsh'
[1.444s] Level 1:colcon.colcon_core.environment:create_file_with_runtime_dependencies(/home/raghav/turtlebot4_ws/install/turtlebot4_simulator/share/colcon-core/packages/turtlebot4_simulator)
[1.445s] Level 1:colcon.colcon_core.environment:create_environment_scripts_only(turtlebot4_simulator)
[1.445s] Level 1:colcon.colcon_core.environment:checking '/home/raghav/turtlebot4_ws/install/turtlebot4_simulator' for CMake module files
[1.446s] Level 1:colcon.colcon_core.environment:checking '/home/raghav/turtlebot4_ws/install/turtlebot4_simulator' for CMake config files
[1.446s] Level 1:colcon.colcon_core.shell:create_environment_hook('turtlebot4_simulator', 'cmake_prefix_path')
[1.446s] INFO:colcon.colcon_core.shell:Creating environment hook '/home/raghav/turtlebot4_ws/install/turtlebot4_simulator/share/turtlebot4_simulator/hook/cmake_prefix_path.ps1'
[1.447s] INFO:colcon.colcon_core.shell:Creating environment descriptor '/home/raghav/turtlebot4_ws/install/turtlebot4_simulator/share/turtlebot4_simulator/hook/cmake_prefix_path.dsv'
[1.448s] INFO:colcon.colcon_core.shell:Creating environment hook '/home/raghav/turtlebot4_ws/install/turtlebot4_simulator/share/turtlebot4_simulator/hook/cmake_prefix_path.sh'
[1.448s] Level 1:colcon.colcon_core.environment:checking '/home/raghav/turtlebot4_ws/install/turtlebot4_simulator/bin'
[1.449s] Level 1:colcon.colcon_core.environment:checking '/home/raghav/turtlebot4_ws/install/turtlebot4_simulator/lib/pkgconfig/turtlebot4_simulator.pc'
[1.449s] Level 1:colcon.colcon_core.environment:checking '/home/raghav/turtlebot4_ws/install/turtlebot4_simulator/lib/python3.10/site-packages'
[1.449s] Level 1:colcon.colcon_core.environment:checking '/home/raghav/turtlebot4_ws/install/turtlebot4_simulator/bin'
[1.450s] INFO:colcon.colcon_core.shell:Creating package script '/home/raghav/turtlebot4_ws/install/turtlebot4_simulator/share/turtlebot4_simulator/package.ps1'
[1.451s] INFO:colcon.colcon_core.shell:Creating package descriptor '/home/raghav/turtlebot4_ws/install/turtlebot4_simulator/share/turtlebot4_simulator/package.dsv'
[1.451s] INFO:colcon.colcon_core.shell:Creating package script '/home/raghav/turtlebot4_ws/install/turtlebot4_simulator/share/turtlebot4_simulator/package.sh'
[1.453s] INFO:colcon.colcon_core.shell:Creating package script '/home/raghav/turtlebot4_ws/install/turtlebot4_simulator/share/turtlebot4_simulator/package.bash'
[1.454s] INFO:colcon.colcon_core.shell:Creating package script '/home/raghav/turtlebot4_ws/install/turtlebot4_simulator/share/turtlebot4_simulator/package.zsh'
[1.455s] Level 1:colcon.colcon_core.environment:create_file_with_runtime_dependencies(/home/raghav/turtlebot4_ws/install/turtlebot4_simulator/share/colcon-core/packages/turtlebot4_simulator)
[1.609s] DEBUG:colcon.colcon_core.event_handler.log_command:Invoked command in '/home/raghav/turtlebot4_ws/build/empty_shelf_msgs' returned '0': CMAKE_PREFIX_PATH=${CMAKE_PREFIX_PATH}:/opt/ros/humble /usr/bin/cmake --build /home/raghav/turtlebot4_ws/build/empty_shelf_msgs -- -j8 -l8
[1.620s] DEBUG:colcon.colcon_core.event_handler.log_command:Invoking command in '/home/raghav/turtlebot4_ws/build/empty_shelf_msgs': CMAKE_PREFIX_PATH=${CMAKE_PREFIX_PATH}:/opt/ros/humble /usr/bin/cmake --install /home/raghav/turtlebot4_ws/build/empty_shelf_msgs
[1.749s] Level 1:colcon.colcon_core.environment:create_environment_scripts_only(empty_shelf_msgs)
[1.750s] Level 1:colcon.colcon_core.environment:checking '/home/raghav/turtlebot4_ws/install/empty_shelf_msgs' for CMake module files
[1.752s] DEBUG:colcon.colcon_core.event_handler.log_command:Invoked command in '/home/raghav/turtlebot4_ws/build/empty_shelf_msgs' returned '0': CMAKE_PREFIX_PATH=${CMAKE_PREFIX_PATH}:/opt/ros/humble /usr/bin/cmake --install /home/raghav/turtlebot4_ws/build/empty_shelf_msgs
[1.752s] Level 1:colcon.colcon_core.environment:checking '/home/raghav/turtlebot4_ws/install/empty_shelf_msgs' for CMake config files
[1.755s] Level 1:colcon.colcon_core.shell:create_environment_hook('empty_shelf_msgs', 'cmake_prefix_path')
[1.756s] INFO:colcon.colcon_core.shell:Creating environment hook '/home/raghav/turtlebot4_ws/install/empty_shelf_msgs/share/empty_shelf_msgs/hook/cmake_prefix_path.ps1'
[1.757s] INFO:colcon.colcon_core.shell:Creating environment descriptor '/home/raghav/turtlebot4_ws/install/empty_shelf_msgs/share/empty_shelf_msgs/hook/cmake_prefix_path.dsv'
[1.758s] INFO:colcon.colcon_core.shell:Creating environment hook '/home/raghav/turtlebot4_ws/install/empty_shelf_msgs/share/empty_shelf_msgs/hook/cmake_prefix_path.sh'
[1.760s] Level 1:colcon.colcon_core.environment:checking '/home/raghav/turtlebot4_ws/install/empty_shelf_msgs/lib'
[1.760s] Level 1:colcon.colcon_core.shell:create_environment_hook('empty_shelf_msgs', 'ld_library_path_lib')
[1.761s] INFO:colcon.colcon_core.shell:Creating environment hook '/home/raghav/turtlebot4_ws/install/empty_shelf_msgs/share/empty_shelf_msgs/hook/ld_library_path_lib.ps1'
[1.762s] INFO:colcon.colcon_core.shell:Creating environment descriptor '/home/raghav/turtlebot4_ws/install/empty_shelf_msgs/share/empty_shelf_msgs/hook/ld_library_path_lib.dsv'
[1.762s] INFO:colcon.colcon_core.shell:Creating environment hook '/home/raghav/turtlebot4_ws/install/empty_shelf_msgs/share/empty_shelf_msgs/hook/ld_library_path_lib.sh'
[1.763s] Level 1:colcon.colcon_core.environment:checking '/home/raghav/turtlebot4_ws/install/empty_shelf_msgs/bin'
[1.764s] Level 1:colcon.colcon_core.environment:checking '/home/raghav/turtlebot4_ws/install/empty_shelf_msgs/lib/pkgconfig/empty_shelf_msgs.pc'
[1.764s] Level 1:colcon.colcon_core.environment:checking '/home/raghav/turtlebot4_ws/install/empty_shelf_msgs/lib/python3.10/site-packages'
[1.765s] Level 1:colcon.colcon_core.environment:checking '/home/raghav/turtlebot4_ws/install/empty_shelf_msgs/bin'
[1.765s] INFO:colcon.colcon_core.shell:Creating package script '/home/raghav/turtlebot4_ws/install/empty_shelf_msgs/share/empty_shelf_msgs/package.ps1'
[1.767s] INFO:colcon.colcon_core.shell:Creating package descriptor '/home/raghav/turtlebot4_ws/install/empty_shelf_msgs/share/empty_shelf_msgs/package.dsv'
[1.768s] INFO:colcon.colcon_core.shell:Creating package script '/home/raghav/turtlebot4_ws/install/empty_shelf_msgs/share/empty_shelf_msgs/package.sh'
[1.769s] INFO:colcon.colcon_core.shell:Creating package script '/home/raghav/turtlebot4_ws/install/empty_shelf_msgs/share/empty_shelf_msgs/package.bash'
[1.770s] INFO:colcon.colcon_core.shell:Creating package script '/home/raghav/turtlebot4_ws/install/empty_shelf_msgs/share/empty_shelf_msgs/package.zsh'
[1.771s] Level 1:colcon.colcon_core.environment:create_file_with_runtime_dependencies(/home/raghav/turtlebot4_ws/install/empty_shelf_msgs/share/colcon-core/packages/empty_shelf_msgs)
[1.772s] Level 1:colcon.colcon_core.environment:create_environment_scripts_only(empty_shelf_msgs)
[1.773s] Level 1:colcon.colcon_core.environment:checking '/home/raghav/turtlebot4_ws/install/empty_shelf_msgs' for CMake module files
[1.774s] Level 1:colcon.colcon_core.environment:checking '/home/raghav/turtlebot4_ws/install/empty_shelf_msgs' for CMake config files
[1.775s] Level 1:colcon.colcon_core.shell:create_environment_hook('empty_shelf_msgs', 'cmake_prefix_path')
[1.776s] INFO:colcon.colcon_core.shell:Creating environment hook '/home/raghav/turtlebot4_ws/install/empty_shelf_msgs/share/empty_shelf_msgs/hook/cmake_prefix_path.ps1'
[1.777s] INFO:colcon.colcon_core.shell:Creating environment descriptor '/home/raghav/turtlebot4_ws/install/empty_shelf_msgs/share/empty_shelf_msgs/hook/cmake_prefix_path.dsv'
[1.779s] INFO:colcon.colcon_core.shell:Creating environment hook '/home/raghav/turtlebot4_ws/install/empty_shelf_msgs/share/empty_shelf_msgs/hook/cmake_prefix_path.sh'
[1.780s] Level 1:colcon.colcon_core.environment:checking '/home/raghav/turtlebot4_ws/install/empty_shelf_msgs/lib'
[1.781s] Level 1:colcon.colcon_core.shell:create_environment_hook('empty_shelf_msgs', 'ld_library_path_lib')
[1.781s] INFO:colcon.colcon_core.shell:Creating environment hook '/home/raghav/turtlebot4_ws/install/empty_shelf_msgs/share/empty_shelf_msgs/hook/ld_library_path_lib.ps1'
[1.782s] INFO:colcon.colcon_core.shell:Creating environment descriptor '/home/raghav/turtlebot4_ws/install/empty_shelf_msgs/share/empty_shelf_msgs/hook/ld_library_path_lib.dsv'
[1.783s] INFO:colcon.colcon_core.shell:Creating environment hook '/home/raghav/turtlebot4_ws/install/empty_shelf_msgs/share/empty_shelf_msgs/hook/ld_library_path_lib.sh'
[1.785s] Level 1:colcon.colcon_core.environment:checking '/home/raghav/turtlebot4_ws/install/empty_shelf_msgs/bin'
[1.785s] Level 1:colcon.colcon_core.environment:checking '/home/raghav/turtlebot4_ws/install/empty_shelf_msgs/lib/pkgconfig/empty_shelf_msgs.pc'
[1.786s] Level 1:colcon.colcon_core.environment:checking '/home/raghav/turtlebot4_ws/install/empty_shelf_msgs/lib/python3.10/site-packages'
[1.786s] Level 1:colcon.colcon_core.environment:checking '/home/raghav/turtlebot4_ws/install/empty_shelf_msgs/bin'
[1.787s] INFO:colcon.colcon_core.shell:Creating package script '/home/raghav/turtlebot4_ws/install/empty_shelf_msgs/share/empty_shelf_msgs/package.ps1'
[1.789s] INFO:colcon.colcon_core.shell:Creating package descriptor '/home/raghav/turtlebot4_ws/install/empty_shelf_msgs/share/empty_shelf_msgs/package.dsv'
[1.791s] INFO:colcon.colcon_core.shell:Creating package script '/home/raghav/turtlebot4_ws/install/empty_shelf_msgs/share/empty_shelf_msgs/package.sh'
[1.792s] INFO:colcon.colcon_core.shell:Creating package script '/home/raghav/turtlebot4_ws/install/empty_shelf_msgs/share/empty_shelf_msgs/package.bash'
[1.794s] INFO:colcon.colcon_core.shell:Creating package script '/home/raghav/turtlebot4_ws/install/empty_shelf_msgs/share/empty_shelf_msgs/package.zsh'
[1.795s] Level 1:colcon.colcon_core.environment:create_file_with_runtime_dependencies(/home/raghav/turtlebot4_ws/install/empty_shelf_msgs/share/colcon-core/packages/empty_shelf_msgs)
[1.796s] INFO:colcon.colcon_ros.task.ament_cmake.build:Building ROS package in '/home/raghav/turtlebot4_ws/src/empty_shelf_detector' with build type 'ament_cmake'
[1.796s] INFO:colcon.colcon_cmake.task.cmake.build:Building CMake package in '/home/raghav/turtlebot4_ws/src/empty_shelf_detector'
[1.799s] INFO:colcon.colcon_core.shell:Skip shell extension 'powershell' for command environment: Not usable outside of PowerShell
[1.800s] DEBUG:colcon.colcon_core.shell:Skip shell extension 'dsv' for command environment
[1.823s] DEBUG:colcon.colcon_core.event_handler.log_command:Invoking command in '/home/raghav/turtlebot4_ws/build/empty_shelf_detector': CMAKE_PREFIX_PATH=/home/raghav/turtlebot4_ws/install/empty_shelf_msgs:/home/raghav/turtlebot4_ws/install/turtlebot4_simulator:/home/raghav/turtlebot4_ws/install/turtlebot4_ignition_bringup:/home/raghav/turtlebot4_ws/install/turtlebot4_ignition_toolbox:/home/raghav/turtlebot4_ws/install/turtlebot4_ignition_gui_plugins:/home/raghav/turtlebot4_ws/install/empty_shelf_detector:/opt/ros/humble /usr/bin/cmake --build /home/raghav/turtlebot4_ws/build/empty_shelf_detector -- -j8 -l8
[2.470s] DEBUG:colcon.colcon_core.event_handler.log_command:Invoked command in '/home/raghav/turtlebot4_ws/build/empty_shelf_detector' returned '0': CMAKE_PREFIX_PATH=/home/raghav/turtlebot4_ws/install/empty_shelf_msgs:/home/raghav/turtlebot4_ws/install/turtlebot4_simulator:/home/raghav/turtlebot4_ws/install/turtlebot4_ignition_bringup:/home/raghav/turtlebot4_ws/install/turtlebot4_ignition_toolbox:/home/raghav/turtlebot4_ws/install/turtlebot4_ignition_gui_plugins:/home/raghav/turtlebot4_ws/install/empty_shelf_detector:/opt/ros/humble /usr/bin/cmake --build /home/raghav/turtlebot4_ws/build/empty_shelf_detector -- -j8 -l8
[2.474s] DEBUG:colcon.colcon_core.event_handler.log_command:Invoking command in '/home/raghav/turtlebot4_ws/build/empty_shelf_detector': CMAKE_PREFIX_PATH=/home/raghav/turtlebot4_ws/install/empty_shelf_msgs:/home/raghav/turtlebot4_ws/install/turtlebot4_simulator:/home/raghav/turtlebot4_ws/install/turtlebot4_ignition_bringup:/home/raghav/turtlebot4_ws/install/turtlebot4_ignition_toolbox:/home/raghav/turtlebot4_ws/install/turtlebot4_ignition_gui_plugins:/home/raghav/turtlebot4_ws/install/empty_shelf_detector:/opt/ros/humble /usr/bin/cmake --install /home/raghav/turtlebot4_ws/build/empty_shelf_detector
[2.585s] Level 1:colcon.colcon_core.environment:create_environment_scripts_only(empty_shelf_detector)
[2.586s] Level 1:colcon.colcon_core.environment:checking '/home/raghav/turtlebot4_ws/install/empty_shelf_detector' for CMake module files
[2.587s] DEBUG:colcon.colcon_core.event_handler.log_command:Invoked command in '/home/raghav/turtlebot4_ws/build/empty_shelf_detector' returned '0': CMAKE_PREFIX_PATH=/home/raghav/turtlebot4_ws/install/empty_shelf_msgs:/home/raghav/turtlebot4_ws/install/turtlebot4_simulator:/home/raghav/turtlebot4_ws/install/turtlebot4_ignition_bringup:/home/raghav/turtlebot4_ws/install/turtlebot4_ignition_toolbox:/home/raghav/turtlebot4_ws/install/turtlebot4_ignition_gui_plugins:/home/raghav/turtlebot4_ws/install/empty_shelf_detector:/opt/ros/humble /usr/bin/cmake --install /home/raghav/turtlebot4_ws/build/empty_shelf_detector
[2.588s] Level 1:colcon.colcon_core.environment:checking '/home/raghav/turtlebot4_ws/install/empty_shelf_detector' for CMake config files
[2.589s] Level 1:colcon.colcon_core.shell:create_environment_hook('empty_shelf_detector', 'cmake_prefix_path')
[2.589s] INFO:colcon.colcon_core.shell:Creating environment hook '/home/raghav/turtlebot4_ws/install/empty_shelf_detector/share/empty_shelf_detector/hook/cmake_prefix_path.ps1'
[2.591s] INFO:colcon.colcon_core.shell:Creating environment descriptor '/home/raghav/turtlebot4_ws/install/empty_shelf_detector/share/empty_shelf_detector/hook/cmake_prefix_path.dsv'
[2.592s] INFO:colcon.colcon_core.shell:Creating environment hook '/home/raghav/turtlebot4_ws/install/empty_shelf_detector/share/empty_shelf_detector/hook/cmake_prefix_path.sh'
[2.593s] Level 1:colcon.colcon_core.environment:checking '/home/raghav/turtlebot4_ws/install/empty_shelf_detector/lib'
[2.593s] Level 1:colcon.colcon_core.environment:checking '/home/raghav/turtlebot4_ws/install/empty_shelf_detector/bin'
[2.594s] Level 1:colcon.colcon_core.environment:checking '/home/raghav/turtlebot4_ws/install/empty_shelf_detector/lib/pkgconfig/empty_shelf_detector.pc'
[2.594s] Level 1:colcon.colcon_core.environment:checking '/home/raghav/turtlebot4_ws/install/empty_shelf_detector/lib/python3.10/site-packages'
[2.595s] Level 1:colcon.colcon_core.environment:checking '/home/raghav/turtlebot4_ws/install/empty_shelf_detector/bin'
[2.595s] INFO:colcon.colcon_core.shell:Creating package script '/home/raghav/turtlebot4_ws/install/empty_shelf_detector/share/empty_shelf_detector/package.ps1'
[2.597s] INFO:colcon.colcon_core.shell:Creating package descriptor '/home/raghav/turtlebot4_ws/install/empty_shelf_detector/share/empty_shelf_detector/package.dsv'
[2.598s] INFO:colcon.colcon_core.shell:Creating package script '/home/raghav/turtlebot4_ws/install/empty_shelf_detector/share/empty_shelf_detector/package.sh'
[2.599s] INFO:colcon.colcon_core.shell:Creating package script '/home/raghav/turtlebot4_ws/install/empty_shelf_detector/share/empty_shelf_detector/package.bash'
[2.600s] INFO:colcon.colcon_core.shell:Creating package script '/home/raghav/turtlebot4_ws/install/empty_shelf_detector/share/empty_shelf_detector/package.zsh'
[2.601s] Level 1:colcon.colcon_core.environment:create_file_with_runtime_dependencies(/home/raghav/turtlebot4_ws/install/empty_shelf_detector/share/colcon-core/packages/empty_shelf_detector)
[2.602s] Level 1:colcon.colcon_core.environment:create_environment_scripts_only(empty_shelf_detector)
[2.603s] Level 1:colcon.colcon_core.environment:checking '/home/raghav/turtlebot4_ws/install/empty_shelf_detector' for CMake module files
[2.604s] Level 1:colcon.colcon_core.environment:checking '/home/raghav/turtlebot4_ws/install/empty_shelf_detector' for CMake config files
[2.604s] Level 1:colcon.colcon_core.shell:create_environment_hook('empty_shelf_detector', 'cmake_prefix_path')
[2.605s] INFO:colcon.colcon_core.shell:Creating environment hook '/home/raghav/turtlebot4_ws/install/empty_shelf_detector/share/empty_shelf_detector/hook/cmake_prefix_path.ps1'
[2.606s] INFO:colcon.colcon_core.shell:Creating environment descriptor '/home/raghav/turtlebot4_ws/install/empty_shelf_detector/share/empty_shelf_detector/hook/cmake_prefix_path.dsv'
[2.607s] INFO:colcon.colcon_core.shell:Creating environment hook '/home/raghav/turtlebot4_ws/install/empty_shelf_detector/share/empty_shelf_detector/hook/cmake_prefix_path.sh'
[2.608s] Level 1:colcon.colcon_core.environment:checking '/home/raghav/turtlebot4_ws/install/empty_shelf_detector/lib'
[2.608s] Level 1:colcon.colcon_core.environment:checking '/home/raghav/turtlebot4_ws/install/empty_shelf_detector/bin'
[2.609s] Level 1:colcon.colcon_core.environment:checking '/home/raghav/turtlebot4_ws/install/empty_shelf_detector/lib/pkgconfig/empty_shelf_detector.pc'
[2.609s] Level 1:colcon.colcon_core.environment:checking '/home/raghav/turtlebot4_ws/install/empty_shelf_detector/lib/python3.10/site-packages'
[2.609s] Level 1:colcon.colcon_core.environment:checking '/home/raghav/turtlebot4_ws/install/empty_shelf_detector/bin'
[2.610s] INFO:colcon.colcon_core.shell:Creating package script '/home/raghav/turtlebot4_ws/install/empty_shelf_detector/share/empty_shelf_detector/package.ps1'
[2.611s] INFO:colcon.colcon_core.shell:Creating package descriptor '/home/raghav/turtlebot4_ws/install/empty_shelf_detector/share/empty_shelf_detector/package.dsv'
[2.612s] INFO:colcon.colcon_core.shell:Creating package script '/home/raghav/turtlebot4_ws/install/empty_shelf_detector/share/empty_shelf_detector/package.sh'
[2.614s] INFO:colcon.colcon_core.shell:Creating package script '/home/raghav/turtlebot4_ws/install/empty_shelf_detector/share/empty_shelf_detector/package.bash'
[2.615s] INFO:colcon.colcon_core.shell:Creating package script '/home/raghav/turtlebot4_ws/install/empty_shelf_detector/share/empty_shelf_detector/package.zsh'
[2.616s] Level 1:colcon.colcon_core.environment:create_file_with_runtime_dependencies(/home/raghav/turtlebot4_ws/install/empty_shelf_detector/share/colcon-core/packages/empty_shelf_detector)
[2.617s] DEBUG:colcon.colcon_parallel_executor.executor.parallel:closing loop
[2.617s] DEBUG:colcon.colcon_parallel_executor.executor.parallel:loop closed
[2.618s] DEBUG:colcon.colcon_parallel_executor.executor.parallel:run_until_complete finished with '0'
[2.618s] DEBUG:colcon.colcon_core.event_reactor:joining thread
[2.634s] INFO:colcon.colcon_core.plugin_system:Skipping extension 'colcon_notification.desktop_notification.terminal_notifier': Not used on non-Darwin systems
[2.635s] INFO:colcon.colcon_core.plugin_system:Skipping extension 'colcon_notification.desktop_notification.win32': Not used on non-Windows systems
[2.635s] INFO:colcon.colcon_notification.desktop_notification:Sending desktop notification using 'notify2'
[2.665s] DEBUG:colcon.colcon_core.event_reactor:joined thread
[2.666s] INFO:colcon.colcon_core.shell:Creating prefix script '/home/raghav/turtlebot4_ws/install/local_setup.ps1'
[2.668s] INFO:colcon.colcon_core.shell:Creating prefix util module '/home/raghav/turtlebot4_ws/install/_local_setup_util_ps1.py'
[2.671s] INFO:colcon.colcon_core.shell:Creating prefix chain script '/home/raghav/turtlebot4_ws/install/setup.ps1'
[2.673s] INFO:colcon.colcon_core.shell:Creating prefix script '/home/raghav/turtlebot4_ws/install/local_setup.sh'
[2.675s] INFO:colcon.colcon_core.shell:Creating prefix util module '/home/raghav/turtlebot4_ws/install/_local_setup_util_sh.py'
[2.677s] INFO:colcon.colcon_core.shell:Creating prefix chain script '/home/raghav/turtlebot4_ws/install/setup.sh'
[2.679s] INFO:colcon.colcon_core.shell:Creating prefix script '/home/raghav/turtlebot4_ws/install/local_setup.bash'
[2.681s] INFO:colcon.colcon_core.shell:Creating prefix chain script '/home/raghav/turtlebot4_ws/install/setup.bash'
[2.684s] INFO:colcon.colcon_core.shell:Creating prefix script '/home/raghav/turtlebot4_ws/install/local_setup.zsh'
[2.685s] INFO:colcon.colcon_core.shell:Creating prefix chain script '/home/raghav/turtlebot4_ws/install/setup.zsh'
