[0.290s] DEBUG:colcon:Command line arguments: ['/home/raghav/.local/bin/colcon', 'build', '--packages-select', 'empty_shelf_msgs', '--symlink-install']
[0.290s] DEBUG:colcon:Parsed command line arguments: Namespace(log_base=None, log_level=None, verb_name='build', build_base='build', install_base='install', merge_install=False, symlink_install=True, test_result_base=None, continue_on_error=False, executor='parallel', parallel_workers=8, event_handlers=None, ignore_user_meta=False, metas=['./colcon.meta'], base_paths=['.'], packages_ignore=None, packages_ignore_regex=None, paths=None, packages_up_to=None, packages_up_to_regex=None, packages_above=None, packages_above_and_dependencies=None, packages_above_depth=None, packages_select_by_dep=None, packages_skip_by_dep=None, packages_skip_up_to=None, packages_select_build_failed=False, packages_skip_build_finished=False, packages_select_test_failures=False, packages_skip_test_passed=False, packages_select=['empty_shelf_msgs'], packages_skip=None, packages_select_regex=None, packages_skip_regex=None, packages_start=None, packages_end=None, allow_overriding=[], cmake_args=None, cmake_target=None, cmake_target_skip_unavailable=False, cmake_clean_cache=False, cmake_clean_first=False, cmake_force_configure=False, ament_cmake_args=None, catkin_cmake_args=None, catkin_skip_building_tests=False, mixin_files=None, mixin=None, verb_parser=<colcon_mixin.mixin.mixin_argument.MixinArgumentDecorator object at 0x7818c1202290>, verb_extension=<colcon_core.verb.build.BuildVerb object at 0x7818c12eb190>, main=<bound method BuildVerb.main of <colcon_core.verb.build.BuildVerb object at 0x7818c12eb190>>, mixin_verb=('build',))
[0.561s] Level 1:colcon.colcon_core.package_discovery:discover_packages(colcon_meta) check parameters
[0.561s] Level 1:colcon.colcon_core.package_discovery:discover_packages(recursive) check parameters
[0.561s] Level 1:colcon.colcon_core.package_discovery:discover_packages(ignore) check parameters
[0.561s] Level 1:colcon.colcon_core.package_discovery:discover_packages(path) check parameters
[0.562s] Level 1:colcon.colcon_core.package_discovery:discover_packages(colcon_meta) discover
[0.562s] Level 1:colcon.colcon_core.package_discovery:discover_packages(recursive) discover
[0.562s] INFO:colcon.colcon_core.package_discovery:Crawling recursively for packages in '/home/raghav/turtlebot4_ws'
[0.562s] Level 1:colcon.colcon_core.package_identification:_identify(.) by extensions ['ignore', 'ignore_ament_install']
[0.562s] Level 1:colcon.colcon_core.package_identification:_identify(.) by extension 'ignore'
[0.562s] Level 1:colcon.colcon_core.package_identification:_identify(.) by extension 'ignore_ament_install'
[0.562s] Level 1:colcon.colcon_core.package_identification:_identify(.) by extensions ['colcon_pkg']
[0.562s] Level 1:colcon.colcon_core.package_identification:_identify(.) by extension 'colcon_pkg'
[0.562s] Level 1:colcon.colcon_core.package_identification:_identify(.) by extensions ['colcon_meta']
[0.562s] Level 1:colcon.colcon_core.package_identification:_identify(.) by extension 'colcon_meta'
[0.562s] Level 1:colcon.colcon_core.package_identification:_identify(.) by extensions ['ros']
[0.562s] Level 1:colcon.colcon_core.package_identification:_identify(.) by extension 'ros'
[0.580s] Level 1:colcon.colcon_core.package_identification:_identify(.) by extensions ['cmake', 'python']
[0.581s] Level 1:colcon.colcon_core.package_identification:_identify(.) by extension 'cmake'
[0.581s] Level 1:colcon.colcon_core.package_identification:_identify(.) by extension 'python'
[0.581s] Level 1:colcon.colcon_core.package_identification:_identify(.) by extensions ['python_setup_py']
[0.581s] Level 1:colcon.colcon_core.package_identification:_identify(.) by extension 'python_setup_py'
[0.581s] Level 1:colcon.colcon_core.package_identification:_identify(build) by extensions ['ignore', 'ignore_ament_install']
[0.581s] Level 1:colcon.colcon_core.package_identification:_identify(build) by extension 'ignore'
[0.581s] Level 1:colcon.colcon_core.package_identification:_identify(build) ignored
[0.581s] Level 1:colcon.colcon_core.package_identification:_identify(empty_shelf_detector) by extensions ['ignore', 'ignore_ament_install']
[0.582s] Level 1:colcon.colcon_core.package_identification:_identify(empty_shelf_detector) by extension 'ignore'
[0.582s] Level 1:colcon.colcon_core.package_identification:_identify(empty_shelf_detector) by extension 'ignore_ament_install'
[0.582s] Level 1:colcon.colcon_core.package_identification:_identify(empty_shelf_detector) by extensions ['colcon_pkg']
[0.582s] Level 1:colcon.colcon_core.package_identification:_identify(empty_shelf_detector) by extension 'colcon_pkg'
[0.582s] Level 1:colcon.colcon_core.package_identification:_identify(empty_shelf_detector) by extensions ['colcon_meta']
[0.582s] Level 1:colcon.colcon_core.package_identification:_identify(empty_shelf_detector) by extension 'colcon_meta'
[0.582s] Level 1:colcon.colcon_core.package_identification:_identify(empty_shelf_detector) by extensions ['ros']
[0.582s] Level 1:colcon.colcon_core.package_identification:_identify(empty_shelf_detector) by extension 'ros'
[0.582s] Level 1:colcon.colcon_core.package_identification:_identify(empty_shelf_detector) by extensions ['cmake', 'python']
[0.582s] Level 1:colcon.colcon_core.package_identification:_identify(empty_shelf_detector) by extension 'cmake'
[0.582s] Level 1:colcon.colcon_core.package_identification:_identify(empty_shelf_detector) by extension 'python'
[0.582s] Level 1:colcon.colcon_core.package_identification:_identify(empty_shelf_detector) by extensions ['python_setup_py']
[0.582s] Level 1:colcon.colcon_core.package_identification:_identify(empty_shelf_detector) by extension 'python_setup_py'
[0.582s] Level 1:colcon.colcon_core.package_identification:_identify(empty_shelf_detector/resource) by extensions ['ignore', 'ignore_ament_install']
[0.583s] Level 1:colcon.colcon_core.package_identification:_identify(empty_shelf_detector/resource) by extension 'ignore'
[0.583s] Level 1:colcon.colcon_core.package_identification:_identify(empty_shelf_detector/resource) by extension 'ignore_ament_install'
[0.583s] Level 1:colcon.colcon_core.package_identification:_identify(empty_shelf_detector/resource) by extensions ['colcon_pkg']
[0.583s] Level 1:colcon.colcon_core.package_identification:_identify(empty_shelf_detector/resource) by extension 'colcon_pkg'
[0.583s] Level 1:colcon.colcon_core.package_identification:_identify(empty_shelf_detector/resource) by extensions ['colcon_meta']
[0.583s] Level 1:colcon.colcon_core.package_identification:_identify(empty_shelf_detector/resource) by extension 'colcon_meta'
[0.583s] Level 1:colcon.colcon_core.package_identification:_identify(empty_shelf_detector/resource) by extensions ['ros']
[0.583s] Level 1:colcon.colcon_core.package_identification:_identify(empty_shelf_detector/resource) by extension 'ros'
[0.583s] Level 1:colcon.colcon_core.package_identification:_identify(empty_shelf_detector/resource) by extensions ['cmake', 'python']
[0.583s] Level 1:colcon.colcon_core.package_identification:_identify(empty_shelf_detector/resource) by extension 'cmake'
[0.583s] Level 1:colcon.colcon_core.package_identification:_identify(empty_shelf_detector/resource) by extension 'python'
[0.583s] Level 1:colcon.colcon_core.package_identification:_identify(empty_shelf_detector/resource) by extensions ['python_setup_py']
[0.583s] Level 1:colcon.colcon_core.package_identification:_identify(empty_shelf_detector/resource) by extension 'python_setup_py'
[0.591s] Level 1:colcon.colcon_core.package_identification:_identify(images) by extensions ['ignore', 'ignore_ament_install']
[0.591s] Level 1:colcon.colcon_core.package_identification:_identify(images) by extension 'ignore'
[0.591s] Level 1:colcon.colcon_core.package_identification:_identify(images) by extension 'ignore_ament_install'
[0.591s] Level 1:colcon.colcon_core.package_identification:_identify(images) by extensions ['colcon_pkg']
[0.591s] Level 1:colcon.colcon_core.package_identification:_identify(images) by extension 'colcon_pkg'
[0.591s] Level 1:colcon.colcon_core.package_identification:_identify(images) by extensions ['colcon_meta']
[0.591s] Level 1:colcon.colcon_core.package_identification:_identify(images) by extension 'colcon_meta'
[0.591s] Level 1:colcon.colcon_core.package_identification:_identify(images) by extensions ['ros']
[0.591s] Level 1:colcon.colcon_core.package_identification:_identify(images) by extension 'ros'
[0.592s] Level 1:colcon.colcon_core.package_identification:_identify(images) by extensions ['cmake', 'python']
[0.592s] Level 1:colcon.colcon_core.package_identification:_identify(images) by extension 'cmake'
[0.592s] Level 1:colcon.colcon_core.package_identification:_identify(images) by extension 'python'
[0.592s] Level 1:colcon.colcon_core.package_identification:_identify(images) by extensions ['python_setup_py']
[0.592s] Level 1:colcon.colcon_core.package_identification:_identify(images) by extension 'python_setup_py'
[0.592s] Level 1:colcon.colcon_core.package_identification:_identify(images/empty_crops) by extensions ['ignore', 'ignore_ament_install']
[0.592s] Level 1:colcon.colcon_core.package_identification:_identify(images/empty_crops) by extension 'ignore'
[0.592s] Level 1:colcon.colcon_core.package_identification:_identify(images/empty_crops) by extension 'ignore_ament_install'
[0.592s] Level 1:colcon.colcon_core.package_identification:_identify(images/empty_crops) by extensions ['colcon_pkg']
[0.592s] Level 1:colcon.colcon_core.package_identification:_identify(images/empty_crops) by extension 'colcon_pkg'
[0.592s] Level 1:colcon.colcon_core.package_identification:_identify(images/empty_crops) by extensions ['colcon_meta']
[0.592s] Level 1:colcon.colcon_core.package_identification:_identify(images/empty_crops) by extension 'colcon_meta'
[0.592s] Level 1:colcon.colcon_core.package_identification:_identify(images/empty_crops) by extensions ['ros']
[0.592s] Level 1:colcon.colcon_core.package_identification:_identify(images/empty_crops) by extension 'ros'
[0.593s] Level 1:colcon.colcon_core.package_identification:_identify(images/empty_crops) by extensions ['cmake', 'python']
[0.593s] Level 1:colcon.colcon_core.package_identification:_identify(images/empty_crops) by extension 'cmake'
[0.593s] Level 1:colcon.colcon_core.package_identification:_identify(images/empty_crops) by extension 'python'
[0.593s] Level 1:colcon.colcon_core.package_identification:_identify(images/empty_crops) by extensions ['python_setup_py']
[0.593s] Level 1:colcon.colcon_core.package_identification:_identify(images/empty_crops) by extension 'python_setup_py'
[0.593s] Level 1:colcon.colcon_core.package_identification:_identify(install) by extensions ['ignore', 'ignore_ament_install']
[0.593s] Level 1:colcon.colcon_core.package_identification:_identify(install) by extension 'ignore'
[0.593s] Level 1:colcon.colcon_core.package_identification:_identify(install) ignored
[0.593s] Level 1:colcon.colcon_core.package_identification:_identify(log) by extensions ['ignore', 'ignore_ament_install']
[0.593s] Level 1:colcon.colcon_core.package_identification:_identify(log) by extension 'ignore'
[0.594s] Level 1:colcon.colcon_core.package_identification:_identify(log) ignored
[0.594s] Level 1:colcon.colcon_core.package_identification:_identify(resource) by extensions ['ignore', 'ignore_ament_install']
[0.594s] Level 1:colcon.colcon_core.package_identification:_identify(resource) by extension 'ignore'
[0.594s] Level 1:colcon.colcon_core.package_identification:_identify(resource) by extension 'ignore_ament_install'
[0.594s] Level 1:colcon.colcon_core.package_identification:_identify(resource) by extensions ['colcon_pkg']
[0.594s] Level 1:colcon.colcon_core.package_identification:_identify(resource) by extension 'colcon_pkg'
[0.594s] Level 1:colcon.colcon_core.package_identification:_identify(resource) by extensions ['colcon_meta']
[0.594s] Level 1:colcon.colcon_core.package_identification:_identify(resource) by extension 'colcon_meta'
[0.594s] Level 1:colcon.colcon_core.package_identification:_identify(resource) by extensions ['ros']
[0.594s] Level 1:colcon.colcon_core.package_identification:_identify(resource) by extension 'ros'
[0.594s] Level 1:colcon.colcon_core.package_identification:_identify(resource) by extensions ['cmake', 'python']
[0.594s] Level 1:colcon.colcon_core.package_identification:_identify(resource) by extension 'cmake'
[0.594s] Level 1:colcon.colcon_core.package_identification:_identify(resource) by extension 'python'
[0.594s] Level 1:colcon.colcon_core.package_identification:_identify(resource) by extensions ['python_setup_py']
[0.594s] Level 1:colcon.colcon_core.package_identification:_identify(resource) by extension 'python_setup_py'
[0.595s] Level 1:colcon.colcon_core.package_identification:_identify(src) by extensions ['ignore', 'ignore_ament_install']
[0.595s] Level 1:colcon.colcon_core.package_identification:_identify(src) by extension 'ignore'
[0.595s] Level 1:colcon.colcon_core.package_identification:_identify(src) by extension 'ignore_ament_install'
[0.595s] Level 1:colcon.colcon_core.package_identification:_identify(src) by extensions ['colcon_pkg']
[0.595s] Level 1:colcon.colcon_core.package_identification:_identify(src) by extension 'colcon_pkg'
[0.595s] Level 1:colcon.colcon_core.package_identification:_identify(src) by extensions ['colcon_meta']
[0.595s] Level 1:colcon.colcon_core.package_identification:_identify(src) by extension 'colcon_meta'
[0.595s] Level 1:colcon.colcon_core.package_identification:_identify(src) by extensions ['ros']
[0.595s] Level 1:colcon.colcon_core.package_identification:_identify(src) by extension 'ros'
[0.595s] Level 1:colcon.colcon_core.package_identification:_identify(src) by extensions ['cmake', 'python']
[0.595s] Level 1:colcon.colcon_core.package_identification:_identify(src) by extension 'cmake'
[0.595s] Level 1:colcon.colcon_core.package_identification:_identify(src) by extension 'python'
[0.595s] Level 1:colcon.colcon_core.package_identification:_identify(src) by extensions ['python_setup_py']
[0.595s] Level 1:colcon.colcon_core.package_identification:_identify(src) by extension 'python_setup_py'
[0.596s] Level 1:colcon.colcon_core.package_identification:_identify(src/build) by extensions ['ignore', 'ignore_ament_install']
[0.596s] Level 1:colcon.colcon_core.package_identification:_identify(src/build) by extension 'ignore'
[0.596s] Level 1:colcon.colcon_core.package_identification:_identify(src/build) ignored
[0.596s] Level 1:colcon.colcon_core.package_identification:_identify(src/empty_shelf_detector) by extensions ['ignore', 'ignore_ament_install']
[0.596s] Level 1:colcon.colcon_core.package_identification:_identify(src/empty_shelf_detector) by extension 'ignore'
[0.596s] Level 1:colcon.colcon_core.package_identification:_identify(src/empty_shelf_detector) by extension 'ignore_ament_install'
[0.596s] Level 1:colcon.colcon_core.package_identification:_identify(src/empty_shelf_detector) by extensions ['colcon_pkg']
[0.596s] Level 1:colcon.colcon_core.package_identification:_identify(src/empty_shelf_detector) by extension 'colcon_pkg'
[0.596s] Level 1:colcon.colcon_core.package_identification:_identify(src/empty_shelf_detector) by extensions ['colcon_meta']
[0.596s] Level 1:colcon.colcon_core.package_identification:_identify(src/empty_shelf_detector) by extension 'colcon_meta'
[0.596s] Level 1:colcon.colcon_core.package_identification:_identify(src/empty_shelf_detector) by extensions ['ros']
[0.596s] Level 1:colcon.colcon_core.package_identification:_identify(src/empty_shelf_detector) by extension 'ros'
[0.604s] DEBUG:colcon.colcon_core.package_identification:Package 'src/empty_shelf_detector' with type 'ros.ament_cmake' and name 'empty_shelf_detector'
[0.604s] Level 1:colcon.colcon_core.package_identification:_identify(src/empty_shelf_msgs) by extensions ['ignore', 'ignore_ament_install']
[0.604s] Level 1:colcon.colcon_core.package_identification:_identify(src/empty_shelf_msgs) by extension 'ignore'
[0.604s] Level 1:colcon.colcon_core.package_identification:_identify(src/empty_shelf_msgs) by extension 'ignore_ament_install'
[0.604s] Level 1:colcon.colcon_core.package_identification:_identify(src/empty_shelf_msgs) by extensions ['colcon_pkg']
[0.604s] Level 1:colcon.colcon_core.package_identification:_identify(src/empty_shelf_msgs) by extension 'colcon_pkg'
[0.605s] Level 1:colcon.colcon_core.package_identification:_identify(src/empty_shelf_msgs) by extensions ['colcon_meta']
[0.605s] Level 1:colcon.colcon_core.package_identification:_identify(src/empty_shelf_msgs) by extension 'colcon_meta'
[0.605s] Level 1:colcon.colcon_core.package_identification:_identify(src/empty_shelf_msgs) by extensions ['ros']
[0.605s] Level 1:colcon.colcon_core.package_identification:_identify(src/empty_shelf_msgs) by extension 'ros'
[0.606s] DEBUG:colcon.colcon_core.package_identification:Package 'src/empty_shelf_msgs' with type 'ros.ament_cmake' and name 'empty_shelf_msgs'
[0.606s] Level 1:colcon.colcon_core.package_identification:_identify(src/install) by extensions ['ignore', 'ignore_ament_install']
[0.607s] Level 1:colcon.colcon_core.package_identification:_identify(src/install) by extension 'ignore'
[0.607s] Level 1:colcon.colcon_core.package_identification:_identify(src/install) ignored
[0.607s] Level 1:colcon.colcon_core.package_identification:_identify(src/log) by extensions ['ignore', 'ignore_ament_install']
[0.607s] Level 1:colcon.colcon_core.package_identification:_identify(src/log) by extension 'ignore'
[0.607s] Level 1:colcon.colcon_core.package_identification:_identify(src/log) ignored
[0.607s] Level 1:colcon.colcon_core.package_identification:_identify(src/turtlebot4_simulator) by extensions ['ignore', 'ignore_ament_install']
[0.607s] Level 1:colcon.colcon_core.package_identification:_identify(src/turtlebot4_simulator) by extension 'ignore'
[0.607s] Level 1:colcon.colcon_core.package_identification:_identify(src/turtlebot4_simulator) by extension 'ignore_ament_install'
[0.607s] Level 1:colcon.colcon_core.package_identification:_identify(src/turtlebot4_simulator) by extensions ['colcon_pkg']
[0.607s] Level 1:colcon.colcon_core.package_identification:_identify(src/turtlebot4_simulator) by extension 'colcon_pkg'
[0.607s] Level 1:colcon.colcon_core.package_identification:_identify(src/turtlebot4_simulator) by extensions ['colcon_meta']
[0.607s] Level 1:colcon.colcon_core.package_identification:_identify(src/turtlebot4_simulator) by extension 'colcon_meta'
[0.608s] Level 1:colcon.colcon_core.package_identification:_identify(src/turtlebot4_simulator) by extensions ['ros']
[0.608s] Level 1:colcon.colcon_core.package_identification:_identify(src/turtlebot4_simulator) by extension 'ros'
[0.608s] Level 1:colcon.colcon_core.package_identification:_identify(src/turtlebot4_simulator) by extensions ['cmake', 'python']
[0.608s] Level 1:colcon.colcon_core.package_identification:_identify(src/turtlebot4_simulator) by extension 'cmake'
[0.608s] Level 1:colcon.colcon_core.package_identification:_identify(src/turtlebot4_simulator) by extension 'python'
[0.608s] Level 1:colcon.colcon_core.package_identification:_identify(src/turtlebot4_simulator) by extensions ['python_setup_py']
[0.608s] Level 1:colcon.colcon_core.package_identification:_identify(src/turtlebot4_simulator) by extension 'python_setup_py'
[0.608s] Level 1:colcon.colcon_core.package_identification:_identify(src/turtlebot4_simulator/turtlebot4_ignition_bringup) by extensions ['ignore', 'ignore_ament_install']
[0.608s] Level 1:colcon.colcon_core.package_identification:_identify(src/turtlebot4_simulator/turtlebot4_ignition_bringup) by extension 'ignore'
[0.608s] Level 1:colcon.colcon_core.package_identification:_identify(src/turtlebot4_simulator/turtlebot4_ignition_bringup) by extension 'ignore_ament_install'
[0.608s] Level 1:colcon.colcon_core.package_identification:_identify(src/turtlebot4_simulator/turtlebot4_ignition_bringup) by extensions ['colcon_pkg']
[0.608s] Level 1:colcon.colcon_core.package_identification:_identify(src/turtlebot4_simulator/turtlebot4_ignition_bringup) by extension 'colcon_pkg'
[0.608s] Level 1:colcon.colcon_core.package_identification:_identify(src/turtlebot4_simulator/turtlebot4_ignition_bringup) by extensions ['colcon_meta']
[0.608s] Level 1:colcon.colcon_core.package_identification:_identify(src/turtlebot4_simulator/turtlebot4_ignition_bringup) by extension 'colcon_meta'
[0.609s] Level 1:colcon.colcon_core.package_identification:_identify(src/turtlebot4_simulator/turtlebot4_ignition_bringup) by extensions ['ros']
[0.609s] Level 1:colcon.colcon_core.package_identification:_identify(src/turtlebot4_simulator/turtlebot4_ignition_bringup) by extension 'ros'
[0.612s] DEBUG:colcon.colcon_core.package_identification:Package 'src/turtlebot4_simulator/turtlebot4_ignition_bringup' with type 'ros.ament_cmake' and name 'turtlebot4_ignition_bringup'
[0.613s] Level 1:colcon.colcon_core.package_identification:_identify(src/turtlebot4_simulator/turtlebot4_ignition_gui_plugins) by extensions ['ignore', 'ignore_ament_install']
[0.613s] Level 1:colcon.colcon_core.package_identification:_identify(src/turtlebot4_simulator/turtlebot4_ignition_gui_plugins) by extension 'ignore'
[0.613s] Level 1:colcon.colcon_core.package_identification:_identify(src/turtlebot4_simulator/turtlebot4_ignition_gui_plugins) by extension 'ignore_ament_install'
[0.613s] Level 1:colcon.colcon_core.package_identification:_identify(src/turtlebot4_simulator/turtlebot4_ignition_gui_plugins) by extensions ['colcon_pkg']
[0.613s] Level 1:colcon.colcon_core.package_identification:_identify(src/turtlebot4_simulator/turtlebot4_ignition_gui_plugins) by extension 'colcon_pkg'
[0.613s] Level 1:colcon.colcon_core.package_identification:_identify(src/turtlebot4_simulator/turtlebot4_ignition_gui_plugins) by extensions ['colcon_meta']
[0.613s] Level 1:colcon.colcon_core.package_identification:_identify(src/turtlebot4_simulator/turtlebot4_ignition_gui_plugins) by extension 'colcon_meta'
[0.613s] Level 1:colcon.colcon_core.package_identification:_identify(src/turtlebot4_simulator/turtlebot4_ignition_gui_plugins) by extensions ['ros']
[0.613s] Level 1:colcon.colcon_core.package_identification:_identify(src/turtlebot4_simulator/turtlebot4_ignition_gui_plugins) by extension 'ros'
[0.615s] DEBUG:colcon.colcon_core.package_identification:Package 'src/turtlebot4_simulator/turtlebot4_ignition_gui_plugins' with type 'ros.ament_cmake' and name 'turtlebot4_ignition_gui_plugins'
[0.615s] Level 1:colcon.colcon_core.package_identification:_identify(src/turtlebot4_simulator/turtlebot4_ignition_toolbox) by extensions ['ignore', 'ignore_ament_install']
[0.615s] Level 1:colcon.colcon_core.package_identification:_identify(src/turtlebot4_simulator/turtlebot4_ignition_toolbox) by extension 'ignore'
[0.615s] Level 1:colcon.colcon_core.package_identification:_identify(src/turtlebot4_simulator/turtlebot4_ignition_toolbox) by extension 'ignore_ament_install'
[0.615s] Level 1:colcon.colcon_core.package_identification:_identify(src/turtlebot4_simulator/turtlebot4_ignition_toolbox) by extensions ['colcon_pkg']
[0.616s] Level 1:colcon.colcon_core.package_identification:_identify(src/turtlebot4_simulator/turtlebot4_ignition_toolbox) by extension 'colcon_pkg'
[0.616s] Level 1:colcon.colcon_core.package_identification:_identify(src/turtlebot4_simulator/turtlebot4_ignition_toolbox) by extensions ['colcon_meta']
[0.616s] Level 1:colcon.colcon_core.package_identification:_identify(src/turtlebot4_simulator/turtlebot4_ignition_toolbox) by extension 'colcon_meta'
[0.616s] Level 1:colcon.colcon_core.package_identification:_identify(src/turtlebot4_simulator/turtlebot4_ignition_toolbox) by extensions ['ros']
[0.616s] Level 1:colcon.colcon_core.package_identification:_identify(src/turtlebot4_simulator/turtlebot4_ignition_toolbox) by extension 'ros'
[0.618s] DEBUG:colcon.colcon_core.package_identification:Package 'src/turtlebot4_simulator/turtlebot4_ignition_toolbox' with type 'ros.ament_cmake' and name 'turtlebot4_ignition_toolbox'
[0.618s] Level 1:colcon.colcon_core.package_identification:_identify(src/turtlebot4_simulator/turtlebot4_simulator) by extensions ['ignore', 'ignore_ament_install']
[0.619s] Level 1:colcon.colcon_core.package_identification:_identify(src/turtlebot4_simulator/turtlebot4_simulator) by extension 'ignore'
[0.619s] Level 1:colcon.colcon_core.package_identification:_identify(src/turtlebot4_simulator/turtlebot4_simulator) by extension 'ignore_ament_install'
[0.619s] Level 1:colcon.colcon_core.package_identification:_identify(src/turtlebot4_simulator/turtlebot4_simulator) by extensions ['colcon_pkg']
[0.619s] Level 1:colcon.colcon_core.package_identification:_identify(src/turtlebot4_simulator/turtlebot4_simulator) by extension 'colcon_pkg'
[0.619s] Level 1:colcon.colcon_core.package_identification:_identify(src/turtlebot4_simulator/turtlebot4_simulator) by extensions ['colcon_meta']
[0.619s] Level 1:colcon.colcon_core.package_identification:_identify(src/turtlebot4_simulator/turtlebot4_simulator) by extension 'colcon_meta'
[0.619s] Level 1:colcon.colcon_core.package_identification:_identify(src/turtlebot4_simulator/turtlebot4_simulator) by extensions ['ros']
[0.619s] Level 1:colcon.colcon_core.package_identification:_identify(src/turtlebot4_simulator/turtlebot4_simulator) by extension 'ros'
[0.621s] DEBUG:colcon.colcon_core.package_identification:Package 'src/turtlebot4_simulator/turtlebot4_simulator' with type 'ros.ament_cmake' and name 'turtlebot4_simulator'
[0.621s] Level 1:colcon.colcon_core.package_discovery:discover_packages(recursive) using defaults
[0.621s] Level 1:colcon.colcon_core.package_discovery:discover_packages(ignore) discover
[0.621s] Level 1:colcon.colcon_core.package_discovery:discover_packages(ignore) using defaults
[0.621s] Level 1:colcon.colcon_core.package_discovery:discover_packages(path) discover
[0.621s] Level 1:colcon.colcon_core.package_discovery:discover_packages(path) using defaults
[0.662s] INFO:colcon.colcon_core.package_selection:Skipping not selected package 'turtlebot4_ignition_gui_plugins' in 'src/turtlebot4_simulator/turtlebot4_ignition_gui_plugins'
[0.662s] INFO:colcon.colcon_core.package_selection:Skipping not selected package 'turtlebot4_ignition_toolbox' in 'src/turtlebot4_simulator/turtlebot4_ignition_toolbox'
[0.662s] INFO:colcon.colcon_core.package_selection:Skipping not selected package 'empty_shelf_detector' in 'src/empty_shelf_detector'
[0.662s] INFO:colcon.colcon_core.package_selection:Skipping not selected package 'turtlebot4_ignition_bringup' in 'src/turtlebot4_simulator/turtlebot4_ignition_bringup'
[0.662s] INFO:colcon.colcon_core.package_selection:Skipping not selected package 'turtlebot4_simulator' in 'src/turtlebot4_simulator/turtlebot4_simulator'
[0.663s] Level 1:colcon.colcon_core.package_discovery:discover_packages(prefix_path) check parameters
[0.663s] Level 1:colcon.colcon_core.package_discovery:discover_packages(prefix_path) discover
[0.665s] WARNING:colcon.colcon_ros.prefix_path.ament:The path '/home/raghav/turtlebot4_ws/install/empty_shelf_msgs' in the environment variable AMENT_PREFIX_PATH doesn't exist
[0.665s] WARNING:colcon.colcon_ros.prefix_path.ament:The path '/home/raghav/turtlebot4_ws/install/turtlebot4_simulator' in the environment variable AMENT_PREFIX_PATH doesn't exist
[0.665s] WARNING:colcon.colcon_ros.prefix_path.ament:The path '/home/raghav/turtlebot4_ws/install/turtlebot4_ignition_bringup' in the environment variable AMENT_PREFIX_PATH doesn't exist
[0.665s] WARNING:colcon.colcon_ros.prefix_path.ament:The path '/home/raghav/turtlebot4_ws/install/turtlebot4_ignition_toolbox' in the environment variable AMENT_PREFIX_PATH doesn't exist
[0.665s] WARNING:colcon.colcon_ros.prefix_path.ament:The path '/home/raghav/turtlebot4_ws/install/turtlebot4_ignition_gui_plugins' in the environment variable AMENT_PREFIX_PATH doesn't exist
[0.665s] WARNING:colcon.colcon_ros.prefix_path.catkin:The path '/home/raghav/turtlebot4_ws/install/empty_shelf_msgs' in the environment variable CMAKE_PREFIX_PATH doesn't exist
[0.665s] WARNING:colcon.colcon_ros.prefix_path.catkin:The path '/home/raghav/turtlebot4_ws/install/turtlebot4_simulator' in the environment variable CMAKE_PREFIX_PATH doesn't exist
[0.665s] WARNING:colcon.colcon_ros.prefix_path.catkin:The path '/home/raghav/turtlebot4_ws/install/turtlebot4_ignition_bringup' in the environment variable CMAKE_PREFIX_PATH doesn't exist
[0.665s] WARNING:colcon.colcon_ros.prefix_path.catkin:The path '/home/raghav/turtlebot4_ws/install/turtlebot4_ignition_toolbox' in the environment variable CMAKE_PREFIX_PATH doesn't exist
[0.665s] WARNING:colcon.colcon_ros.prefix_path.catkin:The path '/home/raghav/turtlebot4_ws/install/turtlebot4_ignition_gui_plugins' in the environment variable CMAKE_PREFIX_PATH doesn't exist
[0.666s] DEBUG:colcon.colcon_installed_package_information.package_discovery:Found 1 installed packages in /home/raghav/turtlebot4_ws/install
[0.669s] DEBUG:colcon.colcon_installed_package_information.package_discovery:Found 384 installed packages in /opt/ros/humble
[0.674s] Level 1:colcon.colcon_core.package_discovery:discover_packages(prefix_path) using defaults
[0.782s] Level 5:colcon.colcon_core.verb:set package 'empty_shelf_msgs' build argument 'cmake_args' from command line to 'None'
[0.782s] Level 5:colcon.colcon_core.verb:set package 'empty_shelf_msgs' build argument 'cmake_target' from command line to 'None'
[0.782s] Level 5:colcon.colcon_core.verb:set package 'empty_shelf_msgs' build argument 'cmake_target_skip_unavailable' from command line to 'False'
[0.782s] Level 5:colcon.colcon_core.verb:set package 'empty_shelf_msgs' build argument 'cmake_clean_cache' from command line to 'False'
[0.782s] Level 5:colcon.colcon_core.verb:set package 'empty_shelf_msgs' build argument 'cmake_clean_first' from command line to 'False'
[0.782s] Level 5:colcon.colcon_core.verb:set package 'empty_shelf_msgs' build argument 'cmake_force_configure' from command line to 'False'
[0.782s] Level 5:colcon.colcon_core.verb:set package 'empty_shelf_msgs' build argument 'ament_cmake_args' from command line to 'None'
[0.782s] Level 5:colcon.colcon_core.verb:set package 'empty_shelf_msgs' build argument 'catkin_cmake_args' from command line to 'None'
[0.782s] Level 5:colcon.colcon_core.verb:set package 'empty_shelf_msgs' build argument 'catkin_skip_building_tests' from command line to 'False'
[0.782s] DEBUG:colcon.colcon_core.verb:Building package 'empty_shelf_msgs' with the following arguments: {'ament_cmake_args': None, 'build_base': '/home/raghav/turtlebot4_ws/build/empty_shelf_msgs', 'catkin_cmake_args': None, 'catkin_skip_building_tests': False, 'cmake_args': None, 'cmake_clean_cache': False, 'cmake_clean_first': False, 'cmake_force_configure': False, 'cmake_target': None, 'cmake_target_skip_unavailable': False, 'install_base': '/home/raghav/turtlebot4_ws/install/empty_shelf_msgs', 'merge_install': False, 'path': '/home/raghav/turtlebot4_ws/src/empty_shelf_msgs', 'symlink_install': True, 'test_result_base': None}
[0.783s] INFO:colcon.colcon_core.executor:Executing jobs using 'parallel' executor
[0.785s] DEBUG:colcon.colcon_parallel_executor.executor.parallel:run_until_complete
[0.786s] INFO:colcon.colcon_ros.task.ament_cmake.build:Building ROS package in '/home/raghav/turtlebot4_ws/src/empty_shelf_msgs' with build type 'ament_cmake'
[0.786s] INFO:colcon.colcon_cmake.task.cmake.build:Building CMake package in '/home/raghav/turtlebot4_ws/src/empty_shelf_msgs'
[0.790s] INFO:colcon.colcon_core.plugin_system:Skipping extension 'colcon_core.shell.bat': Not used on non-Windows systems
[0.790s] INFO:colcon.colcon_core.shell:Skip shell extension 'powershell' for command environment: Not usable outside of PowerShell
[0.790s] DEBUG:colcon.colcon_core.shell:Skip shell extension 'dsv' for command environment
[0.808s] DEBUG:colcon.colcon_core.event_handler.log_command:Invoking command in '/home/raghav/turtlebot4_ws/build/empty_shelf_msgs': CMAKE_PREFIX_PATH=${CMAKE_PREFIX_PATH}:/opt/ros/humble /usr/bin/cmake /home/raghav/turtlebot4_ws/src/empty_shelf_msgs -DAMENT_CMAKE_SYMLINK_INSTALL=1 -DCMAKE_INSTALL_PREFIX=/home/raghav/turtlebot4_ws/install/empty_shelf_msgs
[4.551s] DEBUG:colcon.colcon_core.event_handler.log_command:Invoked command in '/home/raghav/turtlebot4_ws/build/empty_shelf_msgs' returned '0': CMAKE_PREFIX_PATH=${CMAKE_PREFIX_PATH}:/opt/ros/humble /usr/bin/cmake /home/raghav/turtlebot4_ws/src/empty_shelf_msgs -DAMENT_CMAKE_SYMLINK_INSTALL=1 -DCMAKE_INSTALL_PREFIX=/home/raghav/turtlebot4_ws/install/empty_shelf_msgs
[4.556s] DEBUG:colcon.colcon_core.event_handler.log_command:Invoking command in '/home/raghav/turtlebot4_ws/build/empty_shelf_msgs': CMAKE_PREFIX_PATH=${CMAKE_PREFIX_PATH}:/opt/ros/humble /usr/bin/cmake --build /home/raghav/turtlebot4_ws/build/empty_shelf_msgs -- -j8 -l8
[15.816s] DEBUG:colcon.colcon_core.event_handler.log_command:Invoked command in '/home/raghav/turtlebot4_ws/build/empty_shelf_msgs' returned '0': CMAKE_PREFIX_PATH=${CMAKE_PREFIX_PATH}:/opt/ros/humble /usr/bin/cmake --build /home/raghav/turtlebot4_ws/build/empty_shelf_msgs -- -j8 -l8
[15.835s] DEBUG:colcon.colcon_core.event_handler.log_command:Invoking command in '/home/raghav/turtlebot4_ws/build/empty_shelf_msgs': CMAKE_PREFIX_PATH=${CMAKE_PREFIX_PATH}:/opt/ros/humble /usr/bin/cmake --install /home/raghav/turtlebot4_ws/build/empty_shelf_msgs
[17.109s] Level 1:colcon.colcon_core.environment:create_environment_scripts_only(empty_shelf_msgs)
[17.109s] DEBUG:colcon.colcon_core.event_handler.log_command:Invoked command in '/home/raghav/turtlebot4_ws/build/empty_shelf_msgs' returned '0': CMAKE_PREFIX_PATH=${CMAKE_PREFIX_PATH}:/opt/ros/humble /usr/bin/cmake --install /home/raghav/turtlebot4_ws/build/empty_shelf_msgs
[17.117s] Level 1:colcon.colcon_core.environment:checking '/home/raghav/turtlebot4_ws/install/empty_shelf_msgs' for CMake module files
[17.119s] Level 1:colcon.colcon_core.environment:checking '/home/raghav/turtlebot4_ws/install/empty_shelf_msgs' for CMake config files
[17.120s] Level 1:colcon.colcon_core.shell:create_environment_hook('empty_shelf_msgs', 'cmake_prefix_path')
[17.121s] INFO:colcon.colcon_core.shell:Creating environment hook '/home/raghav/turtlebot4_ws/install/empty_shelf_msgs/share/empty_shelf_msgs/hook/cmake_prefix_path.ps1'
[17.122s] INFO:colcon.colcon_core.shell:Creating environment descriptor '/home/raghav/turtlebot4_ws/install/empty_shelf_msgs/share/empty_shelf_msgs/hook/cmake_prefix_path.dsv'
[17.124s] INFO:colcon.colcon_core.shell:Creating environment hook '/home/raghav/turtlebot4_ws/install/empty_shelf_msgs/share/empty_shelf_msgs/hook/cmake_prefix_path.sh'
[17.127s] Level 1:colcon.colcon_core.environment:checking '/home/raghav/turtlebot4_ws/install/empty_shelf_msgs/lib'
[17.127s] Level 1:colcon.colcon_core.shell:create_environment_hook('empty_shelf_msgs', 'ld_library_path_lib')
[17.128s] INFO:colcon.colcon_core.shell:Creating environment hook '/home/raghav/turtlebot4_ws/install/empty_shelf_msgs/share/empty_shelf_msgs/hook/ld_library_path_lib.ps1'
[17.129s] INFO:colcon.colcon_core.shell:Creating environment descriptor '/home/raghav/turtlebot4_ws/install/empty_shelf_msgs/share/empty_shelf_msgs/hook/ld_library_path_lib.dsv'
[17.130s] INFO:colcon.colcon_core.shell:Creating environment hook '/home/raghav/turtlebot4_ws/install/empty_shelf_msgs/share/empty_shelf_msgs/hook/ld_library_path_lib.sh'
[17.132s] Level 1:colcon.colcon_core.environment:checking '/home/raghav/turtlebot4_ws/install/empty_shelf_msgs/bin'
[17.132s] Level 1:colcon.colcon_core.environment:checking '/home/raghav/turtlebot4_ws/install/empty_shelf_msgs/lib/pkgconfig/empty_shelf_msgs.pc'
[17.132s] Level 1:colcon.colcon_core.environment:checking '/home/raghav/turtlebot4_ws/install/empty_shelf_msgs/lib/python3.10/site-packages'
[17.133s] Level 1:colcon.colcon_core.environment:checking '/home/raghav/turtlebot4_ws/install/empty_shelf_msgs/bin'
[17.134s] INFO:colcon.colcon_core.shell:Creating package script '/home/raghav/turtlebot4_ws/install/empty_shelf_msgs/share/empty_shelf_msgs/package.ps1'
[17.136s] INFO:colcon.colcon_core.shell:Creating package descriptor '/home/raghav/turtlebot4_ws/install/empty_shelf_msgs/share/empty_shelf_msgs/package.dsv'
[17.138s] INFO:colcon.colcon_core.shell:Creating package script '/home/raghav/turtlebot4_ws/install/empty_shelf_msgs/share/empty_shelf_msgs/package.sh'
[17.139s] INFO:colcon.colcon_core.shell:Creating package script '/home/raghav/turtlebot4_ws/install/empty_shelf_msgs/share/empty_shelf_msgs/package.bash'
[17.141s] INFO:colcon.colcon_core.shell:Creating package script '/home/raghav/turtlebot4_ws/install/empty_shelf_msgs/share/empty_shelf_msgs/package.zsh'
[17.144s] Level 1:colcon.colcon_core.environment:create_file_with_runtime_dependencies(/home/raghav/turtlebot4_ws/install/empty_shelf_msgs/share/colcon-core/packages/empty_shelf_msgs)
[17.146s] Level 1:colcon.colcon_core.environment:create_environment_scripts_only(empty_shelf_msgs)
[17.146s] Level 1:colcon.colcon_core.environment:checking '/home/raghav/turtlebot4_ws/install/empty_shelf_msgs' for CMake module files
[17.147s] Level 1:colcon.colcon_core.environment:checking '/home/raghav/turtlebot4_ws/install/empty_shelf_msgs' for CMake config files
[17.148s] Level 1:colcon.colcon_core.shell:create_environment_hook('empty_shelf_msgs', 'cmake_prefix_path')
[17.149s] INFO:colcon.colcon_core.shell:Creating environment hook '/home/raghav/turtlebot4_ws/install/empty_shelf_msgs/share/empty_shelf_msgs/hook/cmake_prefix_path.ps1'
[17.150s] INFO:colcon.colcon_core.shell:Creating environment descriptor '/home/raghav/turtlebot4_ws/install/empty_shelf_msgs/share/empty_shelf_msgs/hook/cmake_prefix_path.dsv'
[17.151s] INFO:colcon.colcon_core.shell:Creating environment hook '/home/raghav/turtlebot4_ws/install/empty_shelf_msgs/share/empty_shelf_msgs/hook/cmake_prefix_path.sh'
[17.153s] Level 1:colcon.colcon_core.environment:checking '/home/raghav/turtlebot4_ws/install/empty_shelf_msgs/lib'
[17.154s] Level 1:colcon.colcon_core.shell:create_environment_hook('empty_shelf_msgs', 'ld_library_path_lib')
[17.154s] INFO:colcon.colcon_core.shell:Creating environment hook '/home/raghav/turtlebot4_ws/install/empty_shelf_msgs/share/empty_shelf_msgs/hook/ld_library_path_lib.ps1'
[17.155s] INFO:colcon.colcon_core.shell:Creating environment descriptor '/home/raghav/turtlebot4_ws/install/empty_shelf_msgs/share/empty_shelf_msgs/hook/ld_library_path_lib.dsv'
[17.156s] INFO:colcon.colcon_core.shell:Creating environment hook '/home/raghav/turtlebot4_ws/install/empty_shelf_msgs/share/empty_shelf_msgs/hook/ld_library_path_lib.sh'
[17.157s] Level 1:colcon.colcon_core.environment:checking '/home/raghav/turtlebot4_ws/install/empty_shelf_msgs/bin'
[17.157s] Level 1:colcon.colcon_core.environment:checking '/home/raghav/turtlebot4_ws/install/empty_shelf_msgs/lib/pkgconfig/empty_shelf_msgs.pc'
[17.157s] Level 1:colcon.colcon_core.environment:checking '/home/raghav/turtlebot4_ws/install/empty_shelf_msgs/lib/python3.10/site-packages'
[17.158s] Level 1:colcon.colcon_core.environment:checking '/home/raghav/turtlebot4_ws/install/empty_shelf_msgs/bin'
[17.159s] INFO:colcon.colcon_core.shell:Creating package script '/home/raghav/turtlebot4_ws/install/empty_shelf_msgs/share/empty_shelf_msgs/package.ps1'
[17.160s] INFO:colcon.colcon_core.shell:Creating package descriptor '/home/raghav/turtlebot4_ws/install/empty_shelf_msgs/share/empty_shelf_msgs/package.dsv'
[17.161s] INFO:colcon.colcon_core.shell:Creating package script '/home/raghav/turtlebot4_ws/install/empty_shelf_msgs/share/empty_shelf_msgs/package.sh'
[17.162s] INFO:colcon.colcon_core.shell:Creating package script '/home/raghav/turtlebot4_ws/install/empty_shelf_msgs/share/empty_shelf_msgs/package.bash'
[17.164s] INFO:colcon.colcon_core.shell:Creating package script '/home/raghav/turtlebot4_ws/install/empty_shelf_msgs/share/empty_shelf_msgs/package.zsh'
[17.165s] Level 1:colcon.colcon_core.environment:create_file_with_runtime_dependencies(/home/raghav/turtlebot4_ws/install/empty_shelf_msgs/share/colcon-core/packages/empty_shelf_msgs)
[17.166s] DEBUG:colcon.colcon_parallel_executor.executor.parallel:closing loop
[17.167s] DEBUG:colcon.colcon_parallel_executor.executor.parallel:loop closed
[17.167s] DEBUG:colcon.colcon_parallel_executor.executor.parallel:run_until_complete finished with '0'
[17.167s] DEBUG:colcon.colcon_core.event_reactor:joining thread
[17.184s] INFO:colcon.colcon_core.plugin_system:Skipping extension 'colcon_notification.desktop_notification.terminal_notifier': Not used on non-Darwin systems
[17.185s] INFO:colcon.colcon_core.plugin_system:Skipping extension 'colcon_notification.desktop_notification.win32': Not used on non-Windows systems
[17.185s] INFO:colcon.colcon_notification.desktop_notification:Sending desktop notification using 'notify2'
[17.212s] DEBUG:colcon.colcon_core.event_reactor:joined thread
[17.213s] INFO:colcon.colcon_core.shell:Creating prefix script '/home/raghav/turtlebot4_ws/install/local_setup.ps1'
[17.217s] INFO:colcon.colcon_core.shell:Creating prefix util module '/home/raghav/turtlebot4_ws/install/_local_setup_util_ps1.py'
[17.221s] INFO:colcon.colcon_core.shell:Creating prefix chain script '/home/raghav/turtlebot4_ws/install/setup.ps1'
[17.223s] INFO:colcon.colcon_core.shell:Creating prefix script '/home/raghav/turtlebot4_ws/install/local_setup.sh'
[17.225s] INFO:colcon.colcon_core.shell:Creating prefix util module '/home/raghav/turtlebot4_ws/install/_local_setup_util_sh.py'
[17.226s] INFO:colcon.colcon_core.shell:Creating prefix chain script '/home/raghav/turtlebot4_ws/install/setup.sh'
[17.228s] INFO:colcon.colcon_core.shell:Creating prefix script '/home/raghav/turtlebot4_ws/install/local_setup.bash'
[17.230s] INFO:colcon.colcon_core.shell:Creating prefix chain script '/home/raghav/turtlebot4_ws/install/setup.bash'
[17.232s] INFO:colcon.colcon_core.shell:Creating prefix script '/home/raghav/turtlebot4_ws/install/local_setup.zsh'
[17.233s] INFO:colcon.colcon_core.shell:Creating prefix chain script '/home/raghav/turtlebot4_ws/install/setup.zsh'
