[0.016s] Invoking command in '/home/raghav/turtlebot4_ws/src/build/turtlebot4_ignition_toolbox': CMAKE_PREFIX_PATH=${CMAKE_PREFIX_PATH}:/opt/ros/humble /usr/bin/cmake /home/raghav/turtlebot4_ws/src/turtlebot4_simulator/turtlebot4_ignition_toolbox -DCMAKE_INSTALL_PREFIX=/home/raghav/turtlebot4_ws/src/install/turtlebot4_ignition_toolbox
[0.068s] -- The C compiler identification is GNU 11.4.0
[0.120s] -- The CXX compiler identification is GNU 11.4.0
[0.130s] -- Detecting C compiler ABI info
[0.193s] -- Detecting C compiler ABI info - done
[0.207s] -- Check for working C compiler: /usr/bin/cc - skipped
[0.207s] -- Detecting C compile features
[0.208s] -- Detecting C compile features - done
[0.213s] -- Detecting CXX compiler ABI info
[0.286s] -- Detecting CXX compiler ABI info - done
[0.292s] -- Check for working CXX compiler: /usr/bin/c++ - skipped
[0.292s] -- Detecting CXX compile features
[0.293s] -- Detecting CXX compile features - done
[0.295s] -- Found ament_cmake: 1.3.11 (/opt/ros/humble/share/ament_cmake/cmake)
[0.436s] -- Found Python3: /usr/bin/python3 (found version "3.10.12") found components: Interpreter 
[0.538s] -- Found rclcpp: 16.0.12 (/opt/ros/humble/share/rclcpp/cmake)
[0.573s] -- Found rosidl_generator_c: 3.1.6 (/opt/ros/humble/share/rosidl_generator_c/cmake)
[0.577s] -- Found rosidl_adapter: 3.1.6 (/opt/ros/humble/share/rosidl_adapter/cmake)
[0.584s] -- Found rosidl_generator_cpp: 3.1.6 (/opt/ros/humble/share/rosidl_generator_cpp/cmake)
[0.593s] -- Using all available rosidl_typesupport_c: rosidl_typesupport_fastrtps_c;rosidl_typesupport_introspection_c
[0.607s] -- Using all available rosidl_typesupport_cpp: rosidl_typesupport_fastrtps_cpp;rosidl_typesupport_introspection_cpp
[0.642s] -- Found rmw_implementation_cmake: 6.1.2 (/opt/ros/humble/share/rmw_implementation_cmake/cmake)
[0.644s] -- Found rmw_fastrtps_cpp: 6.2.7 (/opt/ros/humble/share/rmw_fastrtps_cpp/cmake)
[0.729s] -- Found OpenSSL: /usr/lib/x86_64-linux-gnu/libcrypto.so (found version "3.0.2")  
[0.755s] -- Found FastRTPS: /opt/ros/humble/include  
[0.793s] -- Using RMW implementation 'rmw_fastrtps_cpp' as default
[0.801s] -- Looking for pthread.h
[0.872s] -- Looking for pthread.h - found
[0.873s] -- Performing Test CMAKE_HAVE_LIBC_PTHREAD
[0.937s] -- Performing Test CMAKE_HAVE_LIBC_PTHREAD - Success
[0.938s] -- Found Threads: TRUE  
[1.002s] -- Found rclcpp_action: 16.0.12 (/opt/ros/humble/share/rclcpp_action/cmake)
[1.033s] -- Found sensor_msgs: 4.8.0 (/opt/ros/humble/share/sensor_msgs/cmake)
[1.058s] -- Found turtlebot4_msgs: 1.0.5 (/opt/ros/humble/share/turtlebot4_msgs/cmake)
[1.070s] -- Found ament_lint_auto: 0.12.12 (/opt/ros/humble/share/ament_lint_auto/cmake)
[1.143s] -- Added test 'cppcheck' to perform static code analysis on C / C++ code
[1.143s] -- Configured cppcheck include dirs: /home/raghav/turtlebot4_ws/src/turtlebot4_simulator/turtlebot4_ignition_toolbox/include
[1.143s] -- Configured cppcheck exclude dirs and/or files: 
[1.144s] -- Added test 'cpplint' to check C / C++ code against the Google style
[1.144s] -- Configured cpplint exclude dirs and/or files: 
[1.144s] -- Added test 'lint_cmake' to check CMake code style
[1.145s] -- Added test 'uncrustify' to check C / C++ code style
[1.145s] -- Configured uncrustify additional arguments: 
[1.145s] -- Added test 'xmllint' to check XML markup files
[1.147s] -- Configuring done
[1.158s] -- Generating done
[1.163s] -- Build files have been written to: /home/raghav/turtlebot4_ws/src/build/turtlebot4_ignition_toolbox
[1.172s] Invoked command in '/home/raghav/turtlebot4_ws/src/build/turtlebot4_ignition_toolbox' returned '0': CMAKE_PREFIX_PATH=${CMAKE_PREFIX_PATH}:/opt/ros/humble /usr/bin/cmake /home/raghav/turtlebot4_ws/src/turtlebot4_simulator/turtlebot4_ignition_toolbox -DCMAKE_INSTALL_PREFIX=/home/raghav/turtlebot4_ws/src/install/turtlebot4_ignition_toolbox
[1.174s] Invoking command in '/home/raghav/turtlebot4_ws/src/build/turtlebot4_ignition_toolbox': CMAKE_PREFIX_PATH=${CMAKE_PREFIX_PATH}:/opt/ros/humble /usr/bin/cmake --build /home/raghav/turtlebot4_ws/src/build/turtlebot4_ignition_toolbox -- -j8 -l8
[1.218s] [ 40%] [32mBuilding CXX object CMakeFiles/turtlebot4_ignition_toolbox_lib.dir/src/hmi_main.cpp.o[0m
[1.218s] [ 40%] [32mBuilding CXX object CMakeFiles/turtlebot4_ignition_toolbox_lib.dir/src/hmi_node.cpp.o[0m
[11.955s] [ 60%] [32m[1mLinking CXX static library libturtlebot4_ignition_toolbox_lib.a[0m
[12.143s] [ 60%] Built target turtlebot4_ignition_toolbox_lib
[12.162s] [ 80%] [32mBuilding CXX object CMakeFiles/turtlebot4_ignition_hmi_node.dir/src/hmi_main.cpp.o[0m
[14.509s] [100%] [32m[1mLinking CXX executable turtlebot4_ignition_hmi_node[0m
[15.192s] [100%] Built target turtlebot4_ignition_hmi_node
[15.210s] Invoked command in '/home/raghav/turtlebot4_ws/src/build/turtlebot4_ignition_toolbox' returned '0': CMAKE_PREFIX_PATH=${CMAKE_PREFIX_PATH}:/opt/ros/humble /usr/bin/cmake --build /home/raghav/turtlebot4_ws/src/build/turtlebot4_ignition_toolbox -- -j8 -l8
[15.213s] Invoking command in '/home/raghav/turtlebot4_ws/src/build/turtlebot4_ignition_toolbox': CMAKE_PREFIX_PATH=${CMAKE_PREFIX_PATH}:/opt/ros/humble /usr/bin/cmake --install /home/raghav/turtlebot4_ws/src/build/turtlebot4_ignition_toolbox
[15.224s] -- Install configuration: ""
[15.225s] -- Installing: /home/raghav/turtlebot4_ws/src/install/turtlebot4_ignition_toolbox/lib/turtlebot4_ignition_toolbox/turtlebot4_ignition_hmi_node
[15.231s] -- Set runtime path of "/home/raghav/turtlebot4_ws/src/install/turtlebot4_ignition_toolbox/lib/turtlebot4_ignition_toolbox/turtlebot4_ignition_hmi_node" to ""
[15.231s] -- Installing: /home/raghav/turtlebot4_ws/src/install/turtlebot4_ignition_toolbox/share/ament_index/resource_index/package_run_dependencies/turtlebot4_ignition_toolbox
[15.232s] -- Installing: /home/raghav/turtlebot4_ws/src/install/turtlebot4_ignition_toolbox/share/ament_index/resource_index/parent_prefix_path/turtlebot4_ignition_toolbox
[15.232s] -- Installing: /home/raghav/turtlebot4_ws/src/install/turtlebot4_ignition_toolbox/share/turtlebot4_ignition_toolbox/environment/ament_prefix_path.sh
[15.232s] -- Installing: /home/raghav/turtlebot4_ws/src/install/turtlebot4_ignition_toolbox/share/turtlebot4_ignition_toolbox/environment/ament_prefix_path.dsv
[15.232s] -- Installing: /home/raghav/turtlebot4_ws/src/install/turtlebot4_ignition_toolbox/share/turtlebot4_ignition_toolbox/environment/path.sh
[15.232s] -- Installing: /home/raghav/turtlebot4_ws/src/install/turtlebot4_ignition_toolbox/share/turtlebot4_ignition_toolbox/environment/path.dsv
[15.232s] -- Installing: /home/raghav/turtlebot4_ws/src/install/turtlebot4_ignition_toolbox/share/turtlebot4_ignition_toolbox/local_setup.bash
[15.233s] -- Installing: /home/raghav/turtlebot4_ws/src/install/turtlebot4_ignition_toolbox/share/turtlebot4_ignition_toolbox/local_setup.sh
[15.233s] -- Installing: /home/raghav/turtlebot4_ws/src/install/turtlebot4_ignition_toolbox/share/turtlebot4_ignition_toolbox/local_setup.zsh
[15.233s] -- Installing: /home/raghav/turtlebot4_ws/src/install/turtlebot4_ignition_toolbox/share/turtlebot4_ignition_toolbox/local_setup.dsv
[15.233s] -- Installing: /home/raghav/turtlebot4_ws/src/install/turtlebot4_ignition_toolbox/share/turtlebot4_ignition_toolbox/package.dsv
[15.233s] -- Installing: /home/raghav/turtlebot4_ws/src/install/turtlebot4_ignition_toolbox/share/ament_index/resource_index/packages/turtlebot4_ignition_toolbox
[15.233s] -- Installing: /home/raghav/turtlebot4_ws/src/install/turtlebot4_ignition_toolbox/share/turtlebot4_ignition_toolbox/cmake/ament_cmake_export_include_directories-extras.cmake
[15.233s] -- Installing: /home/raghav/turtlebot4_ws/src/install/turtlebot4_ignition_toolbox/share/turtlebot4_ignition_toolbox/cmake/turtlebot4_ignition_toolboxConfig.cmake
[15.234s] -- Installing: /home/raghav/turtlebot4_ws/src/install/turtlebot4_ignition_toolbox/share/turtlebot4_ignition_toolbox/cmake/turtlebot4_ignition_toolboxConfig-version.cmake
[15.234s] -- Installing: /home/raghav/turtlebot4_ws/src/install/turtlebot4_ignition_toolbox/share/turtlebot4_ignition_toolbox/package.xml
[15.236s] Invoked command in '/home/raghav/turtlebot4_ws/src/build/turtlebot4_ignition_toolbox' returned '0': CMAKE_PREFIX_PATH=${CMAKE_PREFIX_PATH}:/opt/ros/humble /usr/bin/cmake --install /home/raghav/turtlebot4_ws/src/build/turtlebot4_ignition_toolbox
