[0.036s] Invoking command in '/home/raghav/turtlebot4_ws/build/empty_shelf_msgs': CMAKE_PREFIX_PATH=${CMAKE_PREFIX_PATH}:/opt/ros/humble /usr/bin/cmake --build /home/raghav/turtlebot4_ws/build/empty_shelf_msgs -- -j8 -l8
[0.114s] [  3%] Built target empty_shelf_msgs__cpp
[0.116s] [ 12%] Built target empty_shelf_msgs__rosidl_generator_c
[0.139s] [ 12%] Built target ament_cmake_python_symlink_empty_shelf_msgs
[0.178s] [ 25%] Built target empty_shelf_msgs__rosidl_typesupport_cpp
[0.178s] [ 32%] Built target empty_shelf_msgs__rosidl_typesupport_fastrtps_c
[0.184s] [ 41%] Built target empty_shelf_msgs__rosidl_typesupport_fastrtps_cpp
[0.187s] [ 51%] Built target empty_shelf_msgs__rosidl_typesupport_introspection_c
[0.190s] [ 61%] Built target empty_shelf_msgs__rosidl_typesupport_introspection_cpp
[0.192s] [ 70%] Built target empty_shelf_msgs__rosidl_typesupport_c
[0.232s] [ 70%] Built target empty_shelf_msgs
[0.278s] [ 74%] Built target empty_shelf_msgs__py
[0.317s] [ 80%] Built target empty_shelf_msgs__rosidl_generator_py
[0.363s] [ 87%] Built target empty_shelf_msgs__rosidl_typesupport_c__pyext
[0.364s] [ 93%] Built target empty_shelf_msgs__rosidl_typesupport_introspection_c__pyext
[0.365s] [100%] Built target empty_shelf_msgs__rosidl_typesupport_fastrtps_c__pyext
[0.647s] running egg_info
[0.649s] writing empty_shelf_msgs.egg-info/PKG-INFO
[0.650s] writing dependency_links to empty_shelf_msgs.egg-info/dependency_links.txt
[0.650s] writing top-level names to empty_shelf_msgs.egg-info/top_level.txt
[0.656s] reading manifest file 'empty_shelf_msgs.egg-info/SOURCES.txt'
[0.657s] writing manifest file 'empty_shelf_msgs.egg-info/SOURCES.txt'
[0.746s] [100%] Built target ament_cmake_python_build_empty_shelf_msgs_egg
[0.766s] Invoked command in '/home/raghav/turtlebot4_ws/build/empty_shelf_msgs' returned '0': CMAKE_PREFIX_PATH=${CMAKE_PREFIX_PATH}:/opt/ros/humble /usr/bin/cmake --build /home/raghav/turtlebot4_ws/build/empty_shelf_msgs -- -j8 -l8
[0.777s] Invoking command in '/home/raghav/turtlebot4_ws/build/empty_shelf_msgs': CMAKE_PREFIX_PATH=${CMAKE_PREFIX_PATH}:/opt/ros/humble /usr/bin/cmake --install /home/raghav/turtlebot4_ws/build/empty_shelf_msgs
[0.789s] -- Install configuration: ""
[0.790s] -- Execute custom install script
[0.790s] -- Up-to-date symlink: /home/raghav/turtlebot4_ws/install/empty_shelf_msgs/share/ament_index/resource_index/rosidl_interfaces/empty_shelf_msgs
[0.791s] -- Up-to-date symlink: /home/raghav/turtlebot4_ws/install/empty_shelf_msgs/include/empty_shelf_msgs/empty_shelf_msgs/msg/detail/empty_shelf_alert__functions.h
[0.791s] -- Up-to-date symlink: /home/raghav/turtlebot4_ws/install/empty_shelf_msgs/include/empty_shelf_msgs/empty_shelf_msgs/msg/detail/empty_shelf_alert__struct.h
[0.792s] -- Up-to-date symlink: /home/raghav/turtlebot4_ws/install/empty_shelf_msgs/include/empty_shelf_msgs/empty_shelf_msgs/msg/detail/empty_shelf_alert__type_support.h
[0.792s] -- Up-to-date symlink: /home/raghav/turtlebot4_ws/install/empty_shelf_msgs/include/empty_shelf_msgs/empty_shelf_msgs/msg/empty_shelf_alert.h
[0.792s] -- Up-to-date symlink: /home/raghav/turtlebot4_ws/install/empty_shelf_msgs/include/empty_shelf_msgs/empty_shelf_msgs/msg/rosidl_generator_c__visibility_control.h
[0.793s] -- Up-to-date symlink: /home/raghav/turtlebot4_ws/install/empty_shelf_msgs/share/empty_shelf_msgs/environment/library_path.sh
[0.793s] -- Up-to-date symlink: /home/raghav/turtlebot4_ws/install/empty_shelf_msgs/share/empty_shelf_msgs/environment/library_path.dsv
[0.794s] -- Up-to-date symlink: /home/raghav/turtlebot4_ws/install/empty_shelf_msgs/include/empty_shelf_msgs/empty_shelf_msgs/msg/detail/empty_shelf_alert__rosidl_typesupport_fastrtps_c.h
[0.794s] -- Up-to-date symlink: /home/raghav/turtlebot4_ws/install/empty_shelf_msgs/include/empty_shelf_msgs/empty_shelf_msgs/msg/rosidl_typesupport_fastrtps_c__visibility_control.h
[0.795s] -- Up-to-date symlink: /home/raghav/turtlebot4_ws/install/empty_shelf_msgs/include/empty_shelf_msgs/empty_shelf_msgs/msg/detail/empty_shelf_alert__builder.hpp
[0.795s] -- Up-to-date symlink: /home/raghav/turtlebot4_ws/install/empty_shelf_msgs/include/empty_shelf_msgs/empty_shelf_msgs/msg/detail/empty_shelf_alert__struct.hpp
[0.795s] -- Up-to-date symlink: /home/raghav/turtlebot4_ws/install/empty_shelf_msgs/include/empty_shelf_msgs/empty_shelf_msgs/msg/detail/empty_shelf_alert__traits.hpp
[0.796s] -- Up-to-date symlink: /home/raghav/turtlebot4_ws/install/empty_shelf_msgs/include/empty_shelf_msgs/empty_shelf_msgs/msg/detail/empty_shelf_alert__type_support.hpp
[0.796s] -- Up-to-date symlink: /home/raghav/turtlebot4_ws/install/empty_shelf_msgs/include/empty_shelf_msgs/empty_shelf_msgs/msg/empty_shelf_alert.hpp
[0.796s] -- Up-to-date symlink: /home/raghav/turtlebot4_ws/install/empty_shelf_msgs/include/empty_shelf_msgs/empty_shelf_msgs/msg/rosidl_generator_cpp__visibility_control.hpp
[0.798s] -- Up-to-date symlink: /home/raghav/turtlebot4_ws/install/empty_shelf_msgs/include/empty_shelf_msgs/empty_shelf_msgs/msg/detail/empty_shelf_alert__rosidl_typesupport_fastrtps_cpp.hpp
[0.798s] -- Up-to-date symlink: /home/raghav/turtlebot4_ws/install/empty_shelf_msgs/include/empty_shelf_msgs/empty_shelf_msgs/msg/rosidl_typesupport_fastrtps_cpp__visibility_control.h
[0.799s] -- Up-to-date symlink: /home/raghav/turtlebot4_ws/install/empty_shelf_msgs/include/empty_shelf_msgs/empty_shelf_msgs/msg/detail/empty_shelf_alert__rosidl_typesupport_introspection_c.h
[0.799s] -- Up-to-date symlink: /home/raghav/turtlebot4_ws/install/empty_shelf_msgs/include/empty_shelf_msgs/empty_shelf_msgs/msg/rosidl_typesupport_introspection_c__visibility_control.h
[0.800s] -- Up-to-date symlink: /home/raghav/turtlebot4_ws/install/empty_shelf_msgs/include/empty_shelf_msgs/empty_shelf_msgs/msg/detail/empty_shelf_alert__rosidl_typesupport_introspection_cpp.hpp
[0.801s] -- Up-to-date symlink: /home/raghav/turtlebot4_ws/install/empty_shelf_msgs/share/empty_shelf_msgs/environment/pythonpath.sh
[0.801s] -- Up-to-date symlink: /home/raghav/turtlebot4_ws/install/empty_shelf_msgs/share/empty_shelf_msgs/environment/pythonpath.dsv
[0.802s] -- Up-to-date symlink: /home/raghav/turtlebot4_ws/install/empty_shelf_msgs/local/lib/python3.10/dist-packages/empty_shelf_msgs-0.1.0-py3.10.egg-info/PKG-INFO
[0.802s] -- Up-to-date symlink: /home/raghav/turtlebot4_ws/install/empty_shelf_msgs/local/lib/python3.10/dist-packages/empty_shelf_msgs-0.1.0-py3.10.egg-info/SOURCES.txt
[0.802s] -- Up-to-date symlink: /home/raghav/turtlebot4_ws/install/empty_shelf_msgs/local/lib/python3.10/dist-packages/empty_shelf_msgs-0.1.0-py3.10.egg-info/dependency_links.txt
[0.803s] -- Up-to-date symlink: /home/raghav/turtlebot4_ws/install/empty_shelf_msgs/local/lib/python3.10/dist-packages/empty_shelf_msgs-0.1.0-py3.10.egg-info/top_level.txt
[0.803s] -- Up-to-date symlink: /home/raghav/turtlebot4_ws/install/empty_shelf_msgs/local/lib/python3.10/dist-packages/empty_shelf_msgs/__init__.py
[0.803s] -- Up-to-date symlink: /home/raghav/turtlebot4_ws/install/empty_shelf_msgs/local/lib/python3.10/dist-packages/empty_shelf_msgs/_empty_shelf_msgs_s.ep.rosidl_typesupport_c.c
[0.804s] -- Up-to-date symlink: /home/raghav/turtlebot4_ws/install/empty_shelf_msgs/local/lib/python3.10/dist-packages/empty_shelf_msgs/_empty_shelf_msgs_s.ep.rosidl_typesupport_fastrtps_c.c
[0.804s] -- Up-to-date symlink: /home/raghav/turtlebot4_ws/install/empty_shelf_msgs/local/lib/python3.10/dist-packages/empty_shelf_msgs/_empty_shelf_msgs_s.ep.rosidl_typesupport_introspection_c.c
[0.804s] -- Up-to-date symlink: /home/raghav/turtlebot4_ws/install/empty_shelf_msgs/local/lib/python3.10/dist-packages/empty_shelf_msgs/empty_shelf_msgs_s__rosidl_typesupport_c.cpython-310-x86_64-linux-gnu.so
[0.804s] -- Up-to-date symlink: /home/raghav/turtlebot4_ws/install/empty_shelf_msgs/local/lib/python3.10/dist-packages/empty_shelf_msgs/empty_shelf_msgs_s__rosidl_typesupport_fastrtps_c.cpython-310-x86_64-linux-gnu.so
[0.804s] -- Up-to-date symlink: /home/raghav/turtlebot4_ws/install/empty_shelf_msgs/local/lib/python3.10/dist-packages/empty_shelf_msgs/empty_shelf_msgs_s__rosidl_typesupport_introspection_c.cpython-310-x86_64-linux-gnu.so
[0.805s] -- Up-to-date symlink: /home/raghav/turtlebot4_ws/install/empty_shelf_msgs/local/lib/python3.10/dist-packages/empty_shelf_msgs/libempty_shelf_msgs__rosidl_generator_py.so
[0.805s] -- Up-to-date symlink: /home/raghav/turtlebot4_ws/install/empty_shelf_msgs/local/lib/python3.10/dist-packages/empty_shelf_msgs/msg/__init__.py
[0.806s] -- Up-to-date symlink: /home/raghav/turtlebot4_ws/install/empty_shelf_msgs/local/lib/python3.10/dist-packages/empty_shelf_msgs/msg/_empty_shelf_alert.py
[0.806s] -- Up-to-date symlink: /home/raghav/turtlebot4_ws/install/empty_shelf_msgs/local/lib/python3.10/dist-packages/empty_shelf_msgs/msg/_empty_shelf_alert_s.c
[0.807s] -- Up-to-date symlink: /home/raghav/turtlebot4_ws/install/empty_shelf_msgs/local/lib/python3.10/dist-packages/empty_shelf_msgs/empty_shelf_msgs_s__rosidl_typesupport_fastrtps_c.cpython-310-x86_64-linux-gnu.so
[0.807s] -- Up-to-date symlink: /home/raghav/turtlebot4_ws/install/empty_shelf_msgs/local/lib/python3.10/dist-packages/empty_shelf_msgs/empty_shelf_msgs_s__rosidl_typesupport_introspection_c.cpython-310-x86_64-linux-gnu.so
[0.808s] -- Up-to-date symlink: /home/raghav/turtlebot4_ws/install/empty_shelf_msgs/local/lib/python3.10/dist-packages/empty_shelf_msgs/empty_shelf_msgs_s__rosidl_typesupport_c.cpython-310-x86_64-linux-gnu.so
[0.808s] -- Up-to-date symlink: /home/raghav/turtlebot4_ws/install/empty_shelf_msgs/share/empty_shelf_msgs/msg/EmptyShelfAlert.idl
[0.808s] -- Up-to-date symlink: /home/raghav/turtlebot4_ws/install/empty_shelf_msgs/share/empty_shelf_msgs/msg/EmptyShelfAlert.msg
[0.809s] -- Up-to-date symlink: /home/raghav/turtlebot4_ws/install/empty_shelf_msgs/share/empty_shelf_msgs/msg/EmptyShelfAlert.msg
[0.809s] -- Up-to-date symlink: /home/raghav/turtlebot4_ws/install/empty_shelf_msgs/share/ament_index/resource_index/package_run_dependencies/empty_shelf_msgs
[0.810s] -- Up-to-date symlink: /home/raghav/turtlebot4_ws/install/empty_shelf_msgs/share/ament_index/resource_index/parent_prefix_path/empty_shelf_msgs
[0.810s] -- Up-to-date symlink: /home/raghav/turtlebot4_ws/install/empty_shelf_msgs/share/empty_shelf_msgs/environment/ament_prefix_path.sh
[0.810s] -- Up-to-date symlink: /home/raghav/turtlebot4_ws/install/empty_shelf_msgs/share/empty_shelf_msgs/environment/ament_prefix_path.dsv
[0.810s] -- Up-to-date symlink: /home/raghav/turtlebot4_ws/install/empty_shelf_msgs/share/empty_shelf_msgs/environment/path.sh
[0.811s] -- Up-to-date symlink: /home/raghav/turtlebot4_ws/install/empty_shelf_msgs/share/empty_shelf_msgs/environment/path.dsv
[0.811s] -- Up-to-date symlink: /home/raghav/turtlebot4_ws/install/empty_shelf_msgs/share/empty_shelf_msgs/local_setup.bash
[0.811s] -- Up-to-date symlink: /home/raghav/turtlebot4_ws/install/empty_shelf_msgs/share/empty_shelf_msgs/local_setup.sh
[0.811s] -- Up-to-date symlink: /home/raghav/turtlebot4_ws/install/empty_shelf_msgs/share/empty_shelf_msgs/local_setup.zsh
[0.811s] -- Up-to-date symlink: /home/raghav/turtlebot4_ws/install/empty_shelf_msgs/share/empty_shelf_msgs/local_setup.dsv
[0.811s] -- Symlinking: /home/raghav/turtlebot4_ws/install/empty_shelf_msgs/share/empty_shelf_msgs/package.dsv
[0.827s] -- Up-to-date symlink: /home/raghav/turtlebot4_ws/install/empty_shelf_msgs/share/ament_index/resource_index/packages/empty_shelf_msgs
[0.828s] -- Up-to-date symlink: /home/raghav/turtlebot4_ws/install/empty_shelf_msgs/share/empty_shelf_msgs/cmake/rosidl_cmake-extras.cmake
[0.828s] -- Up-to-date symlink: /home/raghav/turtlebot4_ws/install/empty_shelf_msgs/share/empty_shelf_msgs/cmake/ament_cmake_export_dependencies-extras.cmake
[0.828s] -- Up-to-date symlink: /home/raghav/turtlebot4_ws/install/empty_shelf_msgs/share/empty_shelf_msgs/cmake/ament_cmake_export_include_directories-extras.cmake
[0.828s] -- Up-to-date symlink: /home/raghav/turtlebot4_ws/install/empty_shelf_msgs/share/empty_shelf_msgs/cmake/ament_cmake_export_libraries-extras.cmake
[0.829s] -- Up-to-date symlink: /home/raghav/turtlebot4_ws/install/empty_shelf_msgs/share/empty_shelf_msgs/cmake/ament_cmake_export_targets-extras.cmake
[0.829s] -- Up-to-date symlink: /home/raghav/turtlebot4_ws/install/empty_shelf_msgs/share/empty_shelf_msgs/cmake/rosidl_cmake_export_typesupport_targets-extras.cmake
[0.829s] -- Up-to-date symlink: /home/raghav/turtlebot4_ws/install/empty_shelf_msgs/share/empty_shelf_msgs/cmake/rosidl_cmake_export_typesupport_libraries-extras.cmake
[0.830s] -- Up-to-date symlink: /home/raghav/turtlebot4_ws/install/empty_shelf_msgs/share/empty_shelf_msgs/cmake/empty_shelf_msgsConfig.cmake
[0.831s] -- Up-to-date symlink: /home/raghav/turtlebot4_ws/install/empty_shelf_msgs/share/empty_shelf_msgs/cmake/empty_shelf_msgsConfig-version.cmake
[0.832s] -- Up-to-date symlink: /home/raghav/turtlebot4_ws/install/empty_shelf_msgs/share/empty_shelf_msgs/package.xml
[0.832s] -- Up-to-date: /home/raghav/turtlebot4_ws/install/empty_shelf_msgs/lib/libempty_shelf_msgs__rosidl_generator_c.so
[0.832s] -- Up-to-date: /home/raghav/turtlebot4_ws/install/empty_shelf_msgs/lib/libempty_shelf_msgs__rosidl_typesupport_fastrtps_c.so
[0.832s] -- Up-to-date: /home/raghav/turtlebot4_ws/install/empty_shelf_msgs/lib/libempty_shelf_msgs__rosidl_typesupport_fastrtps_cpp.so
[0.832s] -- Up-to-date: /home/raghav/turtlebot4_ws/install/empty_shelf_msgs/lib/libempty_shelf_msgs__rosidl_typesupport_introspection_c.so
[0.833s] -- Up-to-date: /home/raghav/turtlebot4_ws/install/empty_shelf_msgs/lib/libempty_shelf_msgs__rosidl_typesupport_c.so
[0.834s] -- Up-to-date: /home/raghav/turtlebot4_ws/install/empty_shelf_msgs/lib/libempty_shelf_msgs__rosidl_typesupport_introspection_cpp.so
[0.834s] -- Up-to-date: /home/raghav/turtlebot4_ws/install/empty_shelf_msgs/lib/libempty_shelf_msgs__rosidl_typesupport_cpp.so
[0.889s] Listing '/home/raghav/turtlebot4_ws/install/empty_shelf_msgs/local/lib/python3.10/dist-packages/empty_shelf_msgs'...
[0.889s] Listing '/home/raghav/turtlebot4_ws/install/empty_shelf_msgs/local/lib/python3.10/dist-packages/empty_shelf_msgs/msg'...
[0.899s] -- Up-to-date: /home/raghav/turtlebot4_ws/install/empty_shelf_msgs/lib/libempty_shelf_msgs__rosidl_generator_py.so
[0.899s] -- Up-to-date: /home/raghav/turtlebot4_ws/install/empty_shelf_msgs/share/empty_shelf_msgs/cmake/export_empty_shelf_msgs__rosidl_generator_cExport.cmake
[0.899s] -- Up-to-date: /home/raghav/turtlebot4_ws/install/empty_shelf_msgs/share/empty_shelf_msgs/cmake/export_empty_shelf_msgs__rosidl_generator_cExport-noconfig.cmake
[0.899s] -- Up-to-date: /home/raghav/turtlebot4_ws/install/empty_shelf_msgs/share/empty_shelf_msgs/cmake/export_empty_shelf_msgs__rosidl_typesupport_fastrtps_cExport.cmake
[0.900s] -- Up-to-date: /home/raghav/turtlebot4_ws/install/empty_shelf_msgs/share/empty_shelf_msgs/cmake/export_empty_shelf_msgs__rosidl_typesupport_fastrtps_cExport-noconfig.cmake
[0.900s] -- Up-to-date: /home/raghav/turtlebot4_ws/install/empty_shelf_msgs/share/empty_shelf_msgs/cmake/export_empty_shelf_msgs__rosidl_generator_cppExport.cmake
[0.900s] -- Up-to-date: /home/raghav/turtlebot4_ws/install/empty_shelf_msgs/share/empty_shelf_msgs/cmake/export_empty_shelf_msgs__rosidl_typesupport_fastrtps_cppExport.cmake
[0.900s] -- Up-to-date: /home/raghav/turtlebot4_ws/install/empty_shelf_msgs/share/empty_shelf_msgs/cmake/export_empty_shelf_msgs__rosidl_typesupport_fastrtps_cppExport-noconfig.cmake
[0.901s] -- Up-to-date: /home/raghav/turtlebot4_ws/install/empty_shelf_msgs/share/empty_shelf_msgs/cmake/empty_shelf_msgs__rosidl_typesupport_introspection_cExport.cmake
[0.901s] -- Up-to-date: /home/raghav/turtlebot4_ws/install/empty_shelf_msgs/share/empty_shelf_msgs/cmake/empty_shelf_msgs__rosidl_typesupport_introspection_cExport-noconfig.cmake
[0.901s] -- Up-to-date: /home/raghav/turtlebot4_ws/install/empty_shelf_msgs/share/empty_shelf_msgs/cmake/empty_shelf_msgs__rosidl_typesupport_cExport.cmake
[0.901s] -- Up-to-date: /home/raghav/turtlebot4_ws/install/empty_shelf_msgs/share/empty_shelf_msgs/cmake/empty_shelf_msgs__rosidl_typesupport_cExport-noconfig.cmake
[0.902s] -- Up-to-date: /home/raghav/turtlebot4_ws/install/empty_shelf_msgs/share/empty_shelf_msgs/cmake/empty_shelf_msgs__rosidl_typesupport_introspection_cppExport.cmake
[0.902s] -- Up-to-date: /home/raghav/turtlebot4_ws/install/empty_shelf_msgs/share/empty_shelf_msgs/cmake/empty_shelf_msgs__rosidl_typesupport_introspection_cppExport-noconfig.cmake
[0.902s] -- Up-to-date: /home/raghav/turtlebot4_ws/install/empty_shelf_msgs/share/empty_shelf_msgs/cmake/empty_shelf_msgs__rosidl_typesupport_cppExport.cmake
[0.902s] -- Up-to-date: /home/raghav/turtlebot4_ws/install/empty_shelf_msgs/share/empty_shelf_msgs/cmake/empty_shelf_msgs__rosidl_typesupport_cppExport-noconfig.cmake
[0.903s] -- Up-to-date: /home/raghav/turtlebot4_ws/install/empty_shelf_msgs/share/empty_shelf_msgs/cmake/export_empty_shelf_msgs__rosidl_generator_pyExport.cmake
[0.903s] -- Up-to-date: /home/raghav/turtlebot4_ws/install/empty_shelf_msgs/share/empty_shelf_msgs/cmake/export_empty_shelf_msgs__rosidl_generator_pyExport-noconfig.cmake
[0.909s] Invoked command in '/home/raghav/turtlebot4_ws/build/empty_shelf_msgs' returned '0': CMAKE_PREFIX_PATH=${CMAKE_PREFIX_PATH}:/opt/ros/humble /usr/bin/cmake --install /home/raghav/turtlebot4_ws/build/empty_shelf_msgs
