[0.016s] Invoking command in '/home/raghav/turtlebot4_ws/build/empty_shelf_msgs': CMAKE_PREFIX_PATH=${CMAKE_PREFIX_PATH}:/opt/ros/humble /usr/bin/cmake --build /home/raghav/turtlebot4_ws/build/empty_shelf_msgs -- -j8 -l8
[0.058s] [  9%] Built target empty_shelf_msgs__rosidl_generator_c
[0.060s] [ 12%] Built target empty_shelf_msgs__cpp
[0.068s] [ 12%] Built target ament_cmake_python_symlink_empty_shelf_msgs
[0.080s] [ 22%] Built target empty_shelf_msgs__rosidl_typesupport_introspection_c
[0.086s] [ 32%] Built target empty_shelf_msgs__rosidl_typesupport_c
[0.086s] [ 41%] Built target empty_shelf_msgs__rosidl_typesupport_fastrtps_c
[0.086s] [ 61%] Built target empty_shelf_msgs__rosidl_typesupport_cpp
[0.087s] [ 61%] Built target empty_shelf_msgs__rosidl_typesupport_introspection_cpp
[0.087s] [ 70%] Built target empty_shelf_msgs__rosidl_typesupport_fastrtps_cpp
[0.104s] [ 70%] Built target empty_shelf_msgs
[0.122s] [ 74%] Built target empty_shelf_msgs__py
[0.140s] [ 80%] Built target empty_shelf_msgs__rosidl_generator_py
[0.159s] [ 93%] Built target empty_shelf_msgs__rosidl_typesupport_fastrtps_c__pyext
[0.159s] [ 93%] Built target empty_shelf_msgs__rosidl_typesupport_c__pyext
[0.163s] [100%] Built target empty_shelf_msgs__rosidl_typesupport_introspection_c__pyext
[0.310s] running egg_info
[0.310s] writing empty_shelf_msgs.egg-info/PKG-INFO
[0.311s] writing dependency_links to empty_shelf_msgs.egg-info/dependency_links.txt
[0.311s] writing top-level names to empty_shelf_msgs.egg-info/top_level.txt
[0.312s] reading manifest file 'empty_shelf_msgs.egg-info/SOURCES.txt'
[0.313s] writing manifest file 'empty_shelf_msgs.egg-info/SOURCES.txt'
[0.348s] [100%] Built target ament_cmake_python_build_empty_shelf_msgs_egg
[0.366s] Invoked command in '/home/raghav/turtlebot4_ws/build/empty_shelf_msgs' returned '0': CMAKE_PREFIX_PATH=${CMAKE_PREFIX_PATH}:/opt/ros/humble /usr/bin/cmake --build /home/raghav/turtlebot4_ws/build/empty_shelf_msgs -- -j8 -l8
[0.368s] Invoking command in '/home/raghav/turtlebot4_ws/build/empty_shelf_msgs': CMAKE_PREFIX_PATH=${CMAKE_PREFIX_PATH}:/opt/ros/humble /usr/bin/cmake --install /home/raghav/turtlebot4_ws/build/empty_shelf_msgs
[0.374s] -- Install configuration: ""
[0.374s] -- Execute custom install script
[0.374s] -- Up-to-date symlink: /home/raghav/turtlebot4_ws/install/empty_shelf_msgs/share/ament_index/resource_index/rosidl_interfaces/empty_shelf_msgs
[0.375s] -- Up-to-date symlink: /home/raghav/turtlebot4_ws/install/empty_shelf_msgs/include/empty_shelf_msgs/empty_shelf_msgs/msg/detail/empty_shelf_alert__functions.h
[0.375s] -- Up-to-date symlink: /home/raghav/turtlebot4_ws/install/empty_shelf_msgs/include/empty_shelf_msgs/empty_shelf_msgs/msg/detail/empty_shelf_alert__struct.h
[0.375s] -- Up-to-date symlink: /home/raghav/turtlebot4_ws/install/empty_shelf_msgs/include/empty_shelf_msgs/empty_shelf_msgs/msg/detail/empty_shelf_alert__type_support.h
[0.375s] -- Up-to-date symlink: /home/raghav/turtlebot4_ws/install/empty_shelf_msgs/include/empty_shelf_msgs/empty_shelf_msgs/msg/empty_shelf_alert.h
[0.375s] -- Up-to-date symlink: /home/raghav/turtlebot4_ws/install/empty_shelf_msgs/include/empty_shelf_msgs/empty_shelf_msgs/msg/rosidl_generator_c__visibility_control.h
[0.375s] -- Up-to-date symlink: /home/raghav/turtlebot4_ws/install/empty_shelf_msgs/share/empty_shelf_msgs/environment/library_path.sh
[0.375s] -- Up-to-date symlink: /home/raghav/turtlebot4_ws/install/empty_shelf_msgs/share/empty_shelf_msgs/environment/library_path.dsv
[0.376s] -- Up-to-date symlink: /home/raghav/turtlebot4_ws/install/empty_shelf_msgs/include/empty_shelf_msgs/empty_shelf_msgs/msg/detail/empty_shelf_alert__rosidl_typesupport_fastrtps_c.h
[0.376s] -- Up-to-date symlink: /home/raghav/turtlebot4_ws/install/empty_shelf_msgs/include/empty_shelf_msgs/empty_shelf_msgs/msg/rosidl_typesupport_fastrtps_c__visibility_control.h
[0.376s] -- Up-to-date symlink: /home/raghav/turtlebot4_ws/install/empty_shelf_msgs/include/empty_shelf_msgs/empty_shelf_msgs/msg/detail/empty_shelf_alert__builder.hpp
[0.376s] -- Up-to-date symlink: /home/raghav/turtlebot4_ws/install/empty_shelf_msgs/include/empty_shelf_msgs/empty_shelf_msgs/msg/detail/empty_shelf_alert__struct.hpp
[0.376s] -- Up-to-date symlink: /home/raghav/turtlebot4_ws/install/empty_shelf_msgs/include/empty_shelf_msgs/empty_shelf_msgs/msg/detail/empty_shelf_alert__traits.hpp
[0.376s] -- Up-to-date symlink: /home/raghav/turtlebot4_ws/install/empty_shelf_msgs/include/empty_shelf_msgs/empty_shelf_msgs/msg/detail/empty_shelf_alert__type_support.hpp
[0.376s] -- Up-to-date symlink: /home/raghav/turtlebot4_ws/install/empty_shelf_msgs/include/empty_shelf_msgs/empty_shelf_msgs/msg/empty_shelf_alert.hpp
[0.376s] -- Up-to-date symlink: /home/raghav/turtlebot4_ws/install/empty_shelf_msgs/include/empty_shelf_msgs/empty_shelf_msgs/msg/rosidl_generator_cpp__visibility_control.hpp
[0.377s] -- Up-to-date symlink: /home/raghav/turtlebot4_ws/install/empty_shelf_msgs/include/empty_shelf_msgs/empty_shelf_msgs/msg/detail/empty_shelf_alert__rosidl_typesupport_fastrtps_cpp.hpp
[0.377s] -- Up-to-date symlink: /home/raghav/turtlebot4_ws/install/empty_shelf_msgs/include/empty_shelf_msgs/empty_shelf_msgs/msg/rosidl_typesupport_fastrtps_cpp__visibility_control.h
[0.377s] -- Up-to-date symlink: /home/raghav/turtlebot4_ws/install/empty_shelf_msgs/include/empty_shelf_msgs/empty_shelf_msgs/msg/detail/empty_shelf_alert__rosidl_typesupport_introspection_c.h
[0.377s] -- Up-to-date symlink: /home/raghav/turtlebot4_ws/install/empty_shelf_msgs/include/empty_shelf_msgs/empty_shelf_msgs/msg/rosidl_typesupport_introspection_c__visibility_control.h
[0.377s] -- Up-to-date symlink: /home/raghav/turtlebot4_ws/install/empty_shelf_msgs/include/empty_shelf_msgs/empty_shelf_msgs/msg/detail/empty_shelf_alert__rosidl_typesupport_introspection_cpp.hpp
[0.377s] -- Up-to-date symlink: /home/raghav/turtlebot4_ws/install/empty_shelf_msgs/share/empty_shelf_msgs/environment/pythonpath.sh
[0.377s] -- Up-to-date symlink: /home/raghav/turtlebot4_ws/install/empty_shelf_msgs/share/empty_shelf_msgs/environment/pythonpath.dsv
[0.377s] -- Up-to-date symlink: /home/raghav/turtlebot4_ws/install/empty_shelf_msgs/local/lib/python3.10/dist-packages/empty_shelf_msgs-0.1.0-py3.10.egg-info/PKG-INFO
[0.378s] -- Up-to-date symlink: /home/raghav/turtlebot4_ws/install/empty_shelf_msgs/local/lib/python3.10/dist-packages/empty_shelf_msgs-0.1.0-py3.10.egg-info/SOURCES.txt
[0.378s] -- Up-to-date symlink: /home/raghav/turtlebot4_ws/install/empty_shelf_msgs/local/lib/python3.10/dist-packages/empty_shelf_msgs-0.1.0-py3.10.egg-info/dependency_links.txt
[0.378s] -- Up-to-date symlink: /home/raghav/turtlebot4_ws/install/empty_shelf_msgs/local/lib/python3.10/dist-packages/empty_shelf_msgs-0.1.0-py3.10.egg-info/top_level.txt
[0.378s] -- Up-to-date symlink: /home/raghav/turtlebot4_ws/install/empty_shelf_msgs/local/lib/python3.10/dist-packages/empty_shelf_msgs/__init__.py
[0.378s] -- Up-to-date symlink: /home/raghav/turtlebot4_ws/install/empty_shelf_msgs/local/lib/python3.10/dist-packages/empty_shelf_msgs/_empty_shelf_msgs_s.ep.rosidl_typesupport_c.c
[0.379s] -- Up-to-date symlink: /home/raghav/turtlebot4_ws/install/empty_shelf_msgs/local/lib/python3.10/dist-packages/empty_shelf_msgs/_empty_shelf_msgs_s.ep.rosidl_typesupport_fastrtps_c.c
[0.379s] -- Up-to-date symlink: /home/raghav/turtlebot4_ws/install/empty_shelf_msgs/local/lib/python3.10/dist-packages/empty_shelf_msgs/_empty_shelf_msgs_s.ep.rosidl_typesupport_introspection_c.c
[0.380s] -- Up-to-date symlink: /home/raghav/turtlebot4_ws/install/empty_shelf_msgs/local/lib/python3.10/dist-packages/empty_shelf_msgs/empty_shelf_msgs_s__rosidl_typesupport_c.cpython-310-x86_64-linux-gnu.so
[0.380s] -- Up-to-date symlink: /home/raghav/turtlebot4_ws/install/empty_shelf_msgs/local/lib/python3.10/dist-packages/empty_shelf_msgs/empty_shelf_msgs_s__rosidl_typesupport_fastrtps_c.cpython-310-x86_64-linux-gnu.so
[0.380s] -- Up-to-date symlink: /home/raghav/turtlebot4_ws/install/empty_shelf_msgs/local/lib/python3.10/dist-packages/empty_shelf_msgs/empty_shelf_msgs_s__rosidl_typesupport_introspection_c.cpython-310-x86_64-linux-gnu.so
[0.380s] -- Up-to-date symlink: /home/raghav/turtlebot4_ws/install/empty_shelf_msgs/local/lib/python3.10/dist-packages/empty_shelf_msgs/libempty_shelf_msgs__rosidl_generator_py.so
[0.380s] -- Up-to-date symlink: /home/raghav/turtlebot4_ws/install/empty_shelf_msgs/local/lib/python3.10/dist-packages/empty_shelf_msgs/msg/__init__.py
[0.380s] -- Up-to-date symlink: /home/raghav/turtlebot4_ws/install/empty_shelf_msgs/local/lib/python3.10/dist-packages/empty_shelf_msgs/msg/_empty_shelf_alert.py
[0.381s] -- Up-to-date symlink: /home/raghav/turtlebot4_ws/install/empty_shelf_msgs/local/lib/python3.10/dist-packages/empty_shelf_msgs/msg/_empty_shelf_alert_s.c
[0.381s] -- Up-to-date symlink: /home/raghav/turtlebot4_ws/install/empty_shelf_msgs/local/lib/python3.10/dist-packages/empty_shelf_msgs/empty_shelf_msgs_s__rosidl_typesupport_fastrtps_c.cpython-310-x86_64-linux-gnu.so
[0.381s] -- Up-to-date symlink: /home/raghav/turtlebot4_ws/install/empty_shelf_msgs/local/lib/python3.10/dist-packages/empty_shelf_msgs/empty_shelf_msgs_s__rosidl_typesupport_introspection_c.cpython-310-x86_64-linux-gnu.so
[0.381s] -- Up-to-date symlink: /home/raghav/turtlebot4_ws/install/empty_shelf_msgs/local/lib/python3.10/dist-packages/empty_shelf_msgs/empty_shelf_msgs_s__rosidl_typesupport_c.cpython-310-x86_64-linux-gnu.so
[0.381s] -- Up-to-date symlink: /home/raghav/turtlebot4_ws/install/empty_shelf_msgs/share/empty_shelf_msgs/msg/EmptyShelfAlert.idl
[0.382s] -- Up-to-date symlink: /home/raghav/turtlebot4_ws/install/empty_shelf_msgs/share/empty_shelf_msgs/msg/EmptyShelfAlert.msg
[0.382s] -- Up-to-date symlink: /home/raghav/turtlebot4_ws/install/empty_shelf_msgs/share/empty_shelf_msgs/msg/EmptyShelfAlert.msg
[0.382s] -- Up-to-date symlink: /home/raghav/turtlebot4_ws/install/empty_shelf_msgs/share/ament_index/resource_index/package_run_dependencies/empty_shelf_msgs
[0.382s] -- Up-to-date symlink: /home/raghav/turtlebot4_ws/install/empty_shelf_msgs/share/ament_index/resource_index/parent_prefix_path/empty_shelf_msgs
[0.382s] -- Up-to-date symlink: /home/raghav/turtlebot4_ws/install/empty_shelf_msgs/share/empty_shelf_msgs/environment/ament_prefix_path.sh
[0.382s] -- Up-to-date symlink: /home/raghav/turtlebot4_ws/install/empty_shelf_msgs/share/empty_shelf_msgs/environment/ament_prefix_path.dsv
[0.382s] -- Up-to-date symlink: /home/raghav/turtlebot4_ws/install/empty_shelf_msgs/share/empty_shelf_msgs/environment/path.sh
[0.382s] -- Up-to-date symlink: /home/raghav/turtlebot4_ws/install/empty_shelf_msgs/share/empty_shelf_msgs/environment/path.dsv
[0.382s] -- Up-to-date symlink: /home/raghav/turtlebot4_ws/install/empty_shelf_msgs/share/empty_shelf_msgs/local_setup.bash
[0.382s] -- Up-to-date symlink: /home/raghav/turtlebot4_ws/install/empty_shelf_msgs/share/empty_shelf_msgs/local_setup.sh
[0.383s] -- Up-to-date symlink: /home/raghav/turtlebot4_ws/install/empty_shelf_msgs/share/empty_shelf_msgs/local_setup.zsh
[0.383s] -- Up-to-date symlink: /home/raghav/turtlebot4_ws/install/empty_shelf_msgs/share/empty_shelf_msgs/local_setup.dsv
[0.383s] -- Symlinking: /home/raghav/turtlebot4_ws/install/empty_shelf_msgs/share/empty_shelf_msgs/package.dsv
[0.390s] -- Up-to-date symlink: /home/raghav/turtlebot4_ws/install/empty_shelf_msgs/share/ament_index/resource_index/packages/empty_shelf_msgs
[0.390s] -- Up-to-date symlink: /home/raghav/turtlebot4_ws/install/empty_shelf_msgs/share/empty_shelf_msgs/cmake/rosidl_cmake-extras.cmake
[0.391s] -- Up-to-date symlink: /home/raghav/turtlebot4_ws/install/empty_shelf_msgs/share/empty_shelf_msgs/cmake/ament_cmake_export_dependencies-extras.cmake
[0.391s] -- Up-to-date symlink: /home/raghav/turtlebot4_ws/install/empty_shelf_msgs/share/empty_shelf_msgs/cmake/ament_cmake_export_include_directories-extras.cmake
[0.391s] -- Up-to-date symlink: /home/raghav/turtlebot4_ws/install/empty_shelf_msgs/share/empty_shelf_msgs/cmake/ament_cmake_export_libraries-extras.cmake
[0.391s] -- Up-to-date symlink: /home/raghav/turtlebot4_ws/install/empty_shelf_msgs/share/empty_shelf_msgs/cmake/ament_cmake_export_targets-extras.cmake
[0.391s] -- Up-to-date symlink: /home/raghav/turtlebot4_ws/install/empty_shelf_msgs/share/empty_shelf_msgs/cmake/rosidl_cmake_export_typesupport_targets-extras.cmake
[0.391s] -- Up-to-date symlink: /home/raghav/turtlebot4_ws/install/empty_shelf_msgs/share/empty_shelf_msgs/cmake/rosidl_cmake_export_typesupport_libraries-extras.cmake
[0.391s] -- Up-to-date symlink: /home/raghav/turtlebot4_ws/install/empty_shelf_msgs/share/empty_shelf_msgs/cmake/empty_shelf_msgsConfig.cmake
[0.391s] -- Up-to-date symlink: /home/raghav/turtlebot4_ws/install/empty_shelf_msgs/share/empty_shelf_msgs/cmake/empty_shelf_msgsConfig-version.cmake
[0.392s] -- Up-to-date symlink: /home/raghav/turtlebot4_ws/install/empty_shelf_msgs/share/empty_shelf_msgs/package.xml
[0.392s] -- Up-to-date: /home/raghav/turtlebot4_ws/install/empty_shelf_msgs/lib/libempty_shelf_msgs__rosidl_generator_c.so
[0.392s] -- Up-to-date: /home/raghav/turtlebot4_ws/install/empty_shelf_msgs/lib/libempty_shelf_msgs__rosidl_typesupport_fastrtps_c.so
[0.392s] -- Up-to-date: /home/raghav/turtlebot4_ws/install/empty_shelf_msgs/lib/libempty_shelf_msgs__rosidl_typesupport_fastrtps_cpp.so
[0.392s] -- Up-to-date: /home/raghav/turtlebot4_ws/install/empty_shelf_msgs/lib/libempty_shelf_msgs__rosidl_typesupport_introspection_c.so
[0.392s] -- Up-to-date: /home/raghav/turtlebot4_ws/install/empty_shelf_msgs/lib/libempty_shelf_msgs__rosidl_typesupport_c.so
[0.392s] -- Up-to-date: /home/raghav/turtlebot4_ws/install/empty_shelf_msgs/lib/libempty_shelf_msgs__rosidl_typesupport_introspection_cpp.so
[0.392s] -- Up-to-date: /home/raghav/turtlebot4_ws/install/empty_shelf_msgs/lib/libempty_shelf_msgs__rosidl_typesupport_cpp.so
[0.419s] Listing '/home/raghav/turtlebot4_ws/install/empty_shelf_msgs/local/lib/python3.10/dist-packages/empty_shelf_msgs'...
[0.419s] Listing '/home/raghav/turtlebot4_ws/install/empty_shelf_msgs/local/lib/python3.10/dist-packages/empty_shelf_msgs/msg'...
[0.424s] -- Up-to-date: /home/raghav/turtlebot4_ws/install/empty_shelf_msgs/lib/libempty_shelf_msgs__rosidl_generator_py.so
[0.424s] -- Up-to-date: /home/raghav/turtlebot4_ws/install/empty_shelf_msgs/share/empty_shelf_msgs/cmake/export_empty_shelf_msgs__rosidl_generator_cExport.cmake
[0.424s] -- Up-to-date: /home/raghav/turtlebot4_ws/install/empty_shelf_msgs/share/empty_shelf_msgs/cmake/export_empty_shelf_msgs__rosidl_generator_cExport-noconfig.cmake
[0.424s] -- Up-to-date: /home/raghav/turtlebot4_ws/install/empty_shelf_msgs/share/empty_shelf_msgs/cmake/export_empty_shelf_msgs__rosidl_typesupport_fastrtps_cExport.cmake
[0.425s] -- Up-to-date: /home/raghav/turtlebot4_ws/install/empty_shelf_msgs/share/empty_shelf_msgs/cmake/export_empty_shelf_msgs__rosidl_typesupport_fastrtps_cExport-noconfig.cmake
[0.425s] -- Up-to-date: /home/raghav/turtlebot4_ws/install/empty_shelf_msgs/share/empty_shelf_msgs/cmake/export_empty_shelf_msgs__rosidl_generator_cppExport.cmake
[0.425s] -- Up-to-date: /home/raghav/turtlebot4_ws/install/empty_shelf_msgs/share/empty_shelf_msgs/cmake/export_empty_shelf_msgs__rosidl_typesupport_fastrtps_cppExport.cmake
[0.425s] -- Up-to-date: /home/raghav/turtlebot4_ws/install/empty_shelf_msgs/share/empty_shelf_msgs/cmake/export_empty_shelf_msgs__rosidl_typesupport_fastrtps_cppExport-noconfig.cmake
[0.425s] -- Up-to-date: /home/raghav/turtlebot4_ws/install/empty_shelf_msgs/share/empty_shelf_msgs/cmake/empty_shelf_msgs__rosidl_typesupport_introspection_cExport.cmake
[0.425s] -- Up-to-date: /home/raghav/turtlebot4_ws/install/empty_shelf_msgs/share/empty_shelf_msgs/cmake/empty_shelf_msgs__rosidl_typesupport_introspection_cExport-noconfig.cmake
[0.425s] -- Up-to-date: /home/raghav/turtlebot4_ws/install/empty_shelf_msgs/share/empty_shelf_msgs/cmake/empty_shelf_msgs__rosidl_typesupport_cExport.cmake
[0.426s] -- Up-to-date: /home/raghav/turtlebot4_ws/install/empty_shelf_msgs/share/empty_shelf_msgs/cmake/empty_shelf_msgs__rosidl_typesupport_cExport-noconfig.cmake
[0.426s] -- Up-to-date: /home/raghav/turtlebot4_ws/install/empty_shelf_msgs/share/empty_shelf_msgs/cmake/empty_shelf_msgs__rosidl_typesupport_introspection_cppExport.cmake
[0.426s] -- Up-to-date: /home/raghav/turtlebot4_ws/install/empty_shelf_msgs/share/empty_shelf_msgs/cmake/empty_shelf_msgs__rosidl_typesupport_introspection_cppExport-noconfig.cmake
[0.426s] -- Up-to-date: /home/raghav/turtlebot4_ws/install/empty_shelf_msgs/share/empty_shelf_msgs/cmake/empty_shelf_msgs__rosidl_typesupport_cppExport.cmake
[0.426s] -- Up-to-date: /home/raghav/turtlebot4_ws/install/empty_shelf_msgs/share/empty_shelf_msgs/cmake/empty_shelf_msgs__rosidl_typesupport_cppExport-noconfig.cmake
[0.426s] -- Up-to-date: /home/raghav/turtlebot4_ws/install/empty_shelf_msgs/share/empty_shelf_msgs/cmake/export_empty_shelf_msgs__rosidl_generator_pyExport.cmake
[0.426s] -- Up-to-date: /home/raghav/turtlebot4_ws/install/empty_shelf_msgs/share/empty_shelf_msgs/cmake/export_empty_shelf_msgs__rosidl_generator_pyExport-noconfig.cmake
[0.429s] Invoked command in '/home/raghav/turtlebot4_ws/build/empty_shelf_msgs' returned '0': CMAKE_PREFIX_PATH=${CMAKE_PREFIX_PATH}:/opt/ros/humble /usr/bin/cmake --install /home/raghav/turtlebot4_ws/build/empty_shelf_msgs
