[0.019s] Invoking command in '/home/raghav/turtlebot4_ws/build/turtlebot4_ignition_gui_plugins': CMAKE_PREFIX_PATH=/opt/ros/humble /usr/bin/cmake --build /home/raghav/turtlebot4_ws/build/turtlebot4_ignition_gui_plugins -- -j8 -l8
[0.076s] [ 16%] [34m[1mAutomatic MOC for target Turtlebot4Hmi[0m
[0.115s] [ 16%] Built target Turtlebot4Hmi_autogen
[0.143s] [100%] Built target Turtlebot4Hmi
[0.152s] Invoked command in '/home/raghav/turtlebot4_ws/build/turtlebot4_ignition_gui_plugins' returned '0': CMAKE_PREFIX_PATH=/opt/ros/humble /usr/bin/cmake --build /home/raghav/turtlebot4_ws/build/turtlebot4_ignition_gui_plugins -- -j8 -l8
[0.154s] Invoking command in '/home/raghav/turtlebot4_ws/build/turtlebot4_ignition_gui_plugins': CMAKE_PREFIX_PATH=/opt/ros/humble /usr/bin/cmake --install /home/raghav/turtlebot4_ws/build/turtlebot4_ignition_gui_plugins
[0.161s] -- Install configuration: ""
[0.161s] -- Up-to-date: /home/raghav/turtlebot4_ws/install/turtlebot4_ignition_gui_plugins/share/ament_index/resource_index/package_run_dependencies/turtlebot4_ignition_gui_plugins
[0.161s] -- Up-to-date: /home/raghav/turtlebot4_ws/install/turtlebot4_ignition_gui_plugins/share/ament_index/resource_index/parent_prefix_path/turtlebot4_ignition_gui_plugins
[0.161s] -- Up-to-date: /home/raghav/turtlebot4_ws/install/turtlebot4_ignition_gui_plugins/share/turtlebot4_ignition_gui_plugins/environment/ament_prefix_path.sh
[0.161s] -- Up-to-date: /home/raghav/turtlebot4_ws/install/turtlebot4_ignition_gui_plugins/share/turtlebot4_ignition_gui_plugins/environment/ament_prefix_path.dsv
[0.161s] -- Up-to-date: /home/raghav/turtlebot4_ws/install/turtlebot4_ignition_gui_plugins/share/turtlebot4_ignition_gui_plugins/environment/path.sh
[0.161s] -- Up-to-date: /home/raghav/turtlebot4_ws/install/turtlebot4_ignition_gui_plugins/share/turtlebot4_ignition_gui_plugins/environment/path.dsv
[0.161s] -- Up-to-date: /home/raghav/turtlebot4_ws/install/turtlebot4_ignition_gui_plugins/share/turtlebot4_ignition_gui_plugins/local_setup.bash
[0.161s] -- Up-to-date: /home/raghav/turtlebot4_ws/install/turtlebot4_ignition_gui_plugins/share/turtlebot4_ignition_gui_plugins/local_setup.sh
[0.161s] -- Up-to-date: /home/raghav/turtlebot4_ws/install/turtlebot4_ignition_gui_plugins/share/turtlebot4_ignition_gui_plugins/local_setup.zsh
[0.161s] -- Up-to-date: /home/raghav/turtlebot4_ws/install/turtlebot4_ignition_gui_plugins/share/turtlebot4_ignition_gui_plugins/local_setup.dsv
[0.161s] -- Installing: /home/raghav/turtlebot4_ws/install/turtlebot4_ignition_gui_plugins/share/turtlebot4_ignition_gui_plugins/package.dsv
[0.162s] -- Up-to-date: /home/raghav/turtlebot4_ws/install/turtlebot4_ignition_gui_plugins/share/ament_index/resource_index/packages/turtlebot4_ignition_gui_plugins
[0.162s] -- Up-to-date: /home/raghav/turtlebot4_ws/install/turtlebot4_ignition_gui_plugins/share/turtlebot4_ignition_gui_plugins/cmake/turtlebot4_ignition_gui_pluginsConfig.cmake
[0.162s] -- Up-to-date: /home/raghav/turtlebot4_ws/install/turtlebot4_ignition_gui_plugins/share/turtlebot4_ignition_gui_plugins/cmake/turtlebot4_ignition_gui_pluginsConfig-version.cmake
[0.162s] -- Up-to-date: /home/raghav/turtlebot4_ws/install/turtlebot4_ignition_gui_plugins/share/turtlebot4_ignition_gui_plugins/package.xml
[0.162s] -- Up-to-date: /home/raghav/turtlebot4_ws/install/turtlebot4_ignition_gui_plugins/share/turtlebot4_ignition_gui_plugins/lib/libTurtlebot4Hmi.so
[0.179s] Invoked command in '/home/raghav/turtlebot4_ws/build/turtlebot4_ignition_gui_plugins' returned '0': CMAKE_PREFIX_PATH=/opt/ros/humble /usr/bin/cmake --install /home/raghav/turtlebot4_ws/build/turtlebot4_ignition_gui_plugins
