[0.021s] Invoking command in '/home/raghav/turtlebot4_ws/build/turtlebot4_ignition_bringup': CMAKE_PREFIX_PATH=/home/raghav/turtlebot4_ws/install/turtlebot4_ignition_toolbox:/home/raghav/turtlebot4_ws/install/turtlebot4_ignition_gui_plugins:/home/raghav/turtlebot4_ws/install/empty_shelf_detector:/home/raghav/turtlebot4_ws/install/empty_shelf_msgs:/home/raghav/turtlebot4_ws/install/turtlebot4_simulator:/home/raghav/turtlebot4_ws/install/turtlebot4_ignition_bringup:/opt/ros/humble /usr/bin/cmake /home/raghav/turtlebot4_ws/src/turtlebot4_simulator/turtlebot4_ignition_bringup -DCMAKE_INSTALL_PREFIX=/home/raghav/turtlebot4_ws/install/turtlebot4_ignition_bringup
[0.159s] -- The C compiler identification is GNU 11.4.0
[0.288s] -- The CXX compiler identification is GNU 11.4.0
[0.303s] -- Detecting C compiler ABI info
[0.489s] -- Detecting C compiler ABI info - done
[0.509s] -- Check for working C compiler: /usr/bin/cc - skipped
[0.510s] -- Detecting C compile features
[0.510s] -- Detecting C compile features - done
[0.516s] -- Detecting CXX compiler ABI info
[0.680s] -- Detecting CXX compiler ABI info - done
[0.695s] -- Check for working CXX compiler: /usr/bin/c++ - skipped
[0.695s] -- Detecting CXX compile features
[0.696s] -- Detecting CXX compile features - done
[0.710s] -- Found ament_cmake: 1.3.11 (/opt/ros/humble/share/ament_cmake/cmake)
[1.089s] -- Found Python3: /usr/bin/python3 (found version "3.10.12") found components: Interpreter 
[1.346s] -- Found ros_ign_interfaces: 0.244.16 (/opt/ros/humble/share/ros_ign_interfaces/cmake)
[1.437s] -- Found rosidl_generator_c: 3.1.6 (/opt/ros/humble/share/rosidl_generator_c/cmake)
[1.453s] -- Found rosidl_adapter: 3.1.6 (/opt/ros/humble/share/rosidl_adapter/cmake)
[1.476s] -- Found rosidl_generator_cpp: 3.1.6 (/opt/ros/humble/share/rosidl_generator_cpp/cmake)
[1.511s] -- Using all available rosidl_typesupport_c: rosidl_typesupport_fastrtps_c;rosidl_typesupport_introspection_c
[1.559s] -- Using all available rosidl_typesupport_cpp: rosidl_typesupport_fastrtps_cpp;rosidl_typesupport_introspection_cpp
[1.808s] -- Found ament_lint_auto: 0.12.12 (/opt/ros/humble/share/ament_lint_auto/cmake)
[2.027s] -- Added test 'copyright' to check source files copyright and LICENSE
[2.032s] -- Added test 'flake8' to check Python code syntax and style conventions
[2.033s] -- Added test 'lint_cmake' to check CMake code style
[2.034s] -- Added test 'pep257' to check Python code against some of the docstring style conventions in PEP 257
[2.037s] -- Added test 'xmllint' to check XML markup files
[2.039s] -- Configuring done
[2.045s] -- Generating done
[2.050s] -- Build files have been written to: /home/raghav/turtlebot4_ws/build/turtlebot4_ignition_bringup
[2.066s] Invoked command in '/home/raghav/turtlebot4_ws/build/turtlebot4_ignition_bringup' returned '0': CMAKE_PREFIX_PATH=/home/raghav/turtlebot4_ws/install/turtlebot4_ignition_toolbox:/home/raghav/turtlebot4_ws/install/turtlebot4_ignition_gui_plugins:/home/raghav/turtlebot4_ws/install/empty_shelf_detector:/home/raghav/turtlebot4_ws/install/empty_shelf_msgs:/home/raghav/turtlebot4_ws/install/turtlebot4_simulator:/home/raghav/turtlebot4_ws/install/turtlebot4_ignition_bringup:/opt/ros/humble /usr/bin/cmake /home/raghav/turtlebot4_ws/src/turtlebot4_simulator/turtlebot4_ignition_bringup -DCMAKE_INSTALL_PREFIX=/home/raghav/turtlebot4_ws/install/turtlebot4_ignition_bringup
[2.070s] Invoking command in '/home/raghav/turtlebot4_ws/build/turtlebot4_ignition_bringup': CMAKE_PREFIX_PATH=/home/raghav/turtlebot4_ws/install/turtlebot4_ignition_toolbox:/home/raghav/turtlebot4_ws/install/turtlebot4_ignition_gui_plugins:/home/raghav/turtlebot4_ws/install/empty_shelf_detector:/home/raghav/turtlebot4_ws/install/empty_shelf_msgs:/home/raghav/turtlebot4_ws/install/turtlebot4_simulator:/home/raghav/turtlebot4_ws/install/turtlebot4_ignition_bringup:/opt/ros/humble /usr/bin/cmake --build /home/raghav/turtlebot4_ws/build/turtlebot4_ignition_bringup -- -j8 -l8
[2.148s] Invoked command in '/home/raghav/turtlebot4_ws/build/turtlebot4_ignition_bringup' returned '0': CMAKE_PREFIX_PATH=/home/raghav/turtlebot4_ws/install/turtlebot4_ignition_toolbox:/home/raghav/turtlebot4_ws/install/turtlebot4_ignition_gui_plugins:/home/raghav/turtlebot4_ws/install/empty_shelf_detector:/home/raghav/turtlebot4_ws/install/empty_shelf_msgs:/home/raghav/turtlebot4_ws/install/turtlebot4_simulator:/home/raghav/turtlebot4_ws/install/turtlebot4_ignition_bringup:/opt/ros/humble /usr/bin/cmake --build /home/raghav/turtlebot4_ws/build/turtlebot4_ignition_bringup -- -j8 -l8
[2.155s] Invoking command in '/home/raghav/turtlebot4_ws/build/turtlebot4_ignition_bringup': CMAKE_PREFIX_PATH=/home/raghav/turtlebot4_ws/install/turtlebot4_ignition_toolbox:/home/raghav/turtlebot4_ws/install/turtlebot4_ignition_gui_plugins:/home/raghav/turtlebot4_ws/install/empty_shelf_detector:/home/raghav/turtlebot4_ws/install/empty_shelf_msgs:/home/raghav/turtlebot4_ws/install/turtlebot4_simulator:/home/raghav/turtlebot4_ws/install/turtlebot4_ignition_bringup:/opt/ros/humble /usr/bin/cmake --install /home/raghav/turtlebot4_ws/build/turtlebot4_ignition_bringup
[2.167s] -- Install configuration: ""
[2.168s] -- Installing: /home/raghav/turtlebot4_ws/install/turtlebot4_ignition_bringup/share/turtlebot4_ignition_bringup/config
[2.168s] -- Installing: /home/raghav/turtlebot4_ws/install/turtlebot4_ignition_bringup/share/turtlebot4_ignition_bringup/config/turtlebot4_node.yaml
[2.170s] -- Installing: /home/raghav/turtlebot4_ws/install/turtlebot4_ignition_bringup/share/turtlebot4_ignition_bringup/gui
[2.170s] -- Installing: /home/raghav/turtlebot4_ws/install/turtlebot4_ignition_bringup/share/turtlebot4_ignition_bringup/gui/lite
[2.170s] -- Installing: /home/raghav/turtlebot4_ws/install/turtlebot4_ignition_bringup/share/turtlebot4_ignition_bringup/gui/lite/gui.config
[2.171s] -- Installing: /home/raghav/turtlebot4_ws/install/turtlebot4_ignition_bringup/share/turtlebot4_ignition_bringup/gui/standard
[2.172s] -- Installing: /home/raghav/turtlebot4_ws/install/turtlebot4_ignition_bringup/share/turtlebot4_ignition_bringup/gui/standard/gui.config
[2.172s] -- Installing: /home/raghav/turtlebot4_ws/install/turtlebot4_ignition_bringup/share/turtlebot4_ignition_bringup/launch
[2.172s] -- Installing: /home/raghav/turtlebot4_ws/install/turtlebot4_ignition_bringup/share/turtlebot4_ignition_bringup/launch/turtlebot4_spawn.launch.py
[2.173s] -- Installing: /home/raghav/turtlebot4_ws/install/turtlebot4_ignition_bringup/share/turtlebot4_ignition_bringup/launch/ros_ign_bridge.launch.py
[2.173s] -- Installing: /home/raghav/turtlebot4_ws/install/turtlebot4_ignition_bringup/share/turtlebot4_ignition_bringup/launch/turtlebot4_nodes.launch.py
[2.173s] -- Installing: /home/raghav/turtlebot4_ws/install/turtlebot4_ignition_bringup/share/turtlebot4_ignition_bringup/launch/ignition.launch.py
[2.174s] -- Installing: /home/raghav/turtlebot4_ws/install/turtlebot4_ignition_bringup/share/turtlebot4_ignition_bringup/launch/turtlebot4_ignition.launch.py
[2.174s] -- Installing: /home/raghav/turtlebot4_ws/install/turtlebot4_ignition_bringup/share/turtlebot4_ignition_bringup/worlds
[2.174s] -- Installing: /home/raghav/turtlebot4_ws/install/turtlebot4_ignition_bringup/share/turtlebot4_ignition_bringup/worlds/warehouse.sdf
[2.174s] -- Installing: /home/raghav/turtlebot4_ws/install/turtlebot4_ignition_bringup/share/turtlebot4_ignition_bringup/worlds/empty_shelf_detection_world.sdf
[2.175s] -- Installing: /home/raghav/turtlebot4_ws/install/turtlebot4_ignition_bringup/share/turtlebot4_ignition_bringup/worlds/maze.sdf
[2.175s] -- Installing: /home/raghav/turtlebot4_ws/install/turtlebot4_ignition_bringup/share/turtlebot4_ignition_bringup/worlds/depot.sdf
[2.175s] -- Installing: /home/raghav/turtlebot4_ws/install/turtlebot4_ignition_bringup/share/ament_index/resource_index/package_run_dependencies/turtlebot4_ignition_bringup
[2.175s] -- Installing: /home/raghav/turtlebot4_ws/install/turtlebot4_ignition_bringup/share/ament_index/resource_index/parent_prefix_path/turtlebot4_ignition_bringup
[2.176s] -- Installing: /home/raghav/turtlebot4_ws/install/turtlebot4_ignition_bringup/share/turtlebot4_ignition_bringup/environment/ament_prefix_path.sh
[2.176s] -- Installing: /home/raghav/turtlebot4_ws/install/turtlebot4_ignition_bringup/share/turtlebot4_ignition_bringup/environment/ament_prefix_path.dsv
[2.176s] -- Installing: /home/raghav/turtlebot4_ws/install/turtlebot4_ignition_bringup/share/turtlebot4_ignition_bringup/environment/path.sh
[2.176s] -- Installing: /home/raghav/turtlebot4_ws/install/turtlebot4_ignition_bringup/share/turtlebot4_ignition_bringup/environment/path.dsv
[2.176s] -- Installing: /home/raghav/turtlebot4_ws/install/turtlebot4_ignition_bringup/share/turtlebot4_ignition_bringup/local_setup.bash
[2.176s] -- Installing: /home/raghav/turtlebot4_ws/install/turtlebot4_ignition_bringup/share/turtlebot4_ignition_bringup/local_setup.sh
[2.177s] -- Installing: /home/raghav/turtlebot4_ws/install/turtlebot4_ignition_bringup/share/turtlebot4_ignition_bringup/local_setup.zsh
[2.177s] -- Installing: /home/raghav/turtlebot4_ws/install/turtlebot4_ignition_bringup/share/turtlebot4_ignition_bringup/local_setup.dsv
[2.178s] -- Installing: /home/raghav/turtlebot4_ws/install/turtlebot4_ignition_bringup/share/turtlebot4_ignition_bringup/package.dsv
[2.178s] -- Installing: /home/raghav/turtlebot4_ws/install/turtlebot4_ignition_bringup/share/ament_index/resource_index/packages/turtlebot4_ignition_bringup
[2.178s] -- Installing: /home/raghav/turtlebot4_ws/install/turtlebot4_ignition_bringup/share/turtlebot4_ignition_bringup/cmake/turtlebot4_ignition_bringupConfig.cmake
[2.179s] -- Installing: /home/raghav/turtlebot4_ws/install/turtlebot4_ignition_bringup/share/turtlebot4_ignition_bringup/cmake/turtlebot4_ignition_bringupConfig-version.cmake
[2.179s] -- Installing: /home/raghav/turtlebot4_ws/install/turtlebot4_ignition_bringup/share/turtlebot4_ignition_bringup/package.xml
[2.181s] Invoked command in '/home/raghav/turtlebot4_ws/build/turtlebot4_ignition_bringup' returned '0': CMAKE_PREFIX_PATH=/home/raghav/turtlebot4_ws/install/turtlebot4_ignition_toolbox:/home/raghav/turtlebot4_ws/install/turtlebot4_ignition_gui_plugins:/home/raghav/turtlebot4_ws/install/empty_shelf_detector:/home/raghav/turtlebot4_ws/install/empty_shelf_msgs:/home/raghav/turtlebot4_ws/install/turtlebot4_simulator:/home/raghav/turtlebot4_ws/install/turtlebot4_ignition_bringup:/opt/ros/humble /usr/bin/cmake --install /home/raghav/turtlebot4_ws/build/turtlebot4_ignition_bringup
