[0.385s] DEBUG:colcon:Command line arguments: ['/home/raghav/.local/bin/colcon', 'build']
[0.385s] DEBUG:colcon:Parsed command line arguments: Namespace(log_base=None, log_level=None, verb_name='build', build_base='build', install_base='install', merge_install=False, symlink_install=False, test_result_base=None, continue_on_error=False, executor='parallel', parallel_workers=8, event_handlers=None, ignore_user_meta=False, metas=['./colcon.meta'], base_paths=['.'], packages_ignore=None, packages_ignore_regex=None, paths=None, packages_up_to=None, packages_up_to_regex=None, packages_above=None, packages_above_and_dependencies=None, packages_above_depth=None, packages_select_by_dep=None, packages_skip_by_dep=None, packages_skip_up_to=None, packages_select_build_failed=False, packages_skip_build_finished=False, packages_select_test_failures=False, packages_skip_test_passed=False, packages_select=None, packages_skip=None, packages_select_regex=None, packages_skip_regex=None, packages_start=None, packages_end=None, allow_overriding=[], cmake_args=None, cmake_target=None, cmake_target_skip_unavailable=False, cmake_clean_cache=False, cmake_clean_first=False, cmake_force_configure=False, ament_cmake_args=None, catkin_cmake_args=None, catkin_skip_building_tests=False, mixin_files=None, mixin=None, verb_parser=<colcon_mixin.mixin.mixin_argument.MixinArgumentDecorator object at 0x782dd8606890>, verb_extension=<colcon_core.verb.build.BuildVerb object at 0x782dd86eb820>, main=<bound method BuildVerb.main of <colcon_core.verb.build.BuildVerb object at 0x782dd86eb820>>, mixin_verb=('build',))
[0.871s] Level 1:colcon.colcon_core.package_discovery:discover_packages(colcon_meta) check parameters
[0.871s] Level 1:colcon.colcon_core.package_discovery:discover_packages(recursive) check parameters
[0.871s] Level 1:colcon.colcon_core.package_discovery:discover_packages(ignore) check parameters
[0.871s] Level 1:colcon.colcon_core.package_discovery:discover_packages(path) check parameters
[0.871s] Level 1:colcon.colcon_core.package_discovery:discover_packages(colcon_meta) discover
[0.871s] Level 1:colcon.colcon_core.package_discovery:discover_packages(recursive) discover
[0.871s] INFO:colcon.colcon_core.package_discovery:Crawling recursively for packages in '/home/raghav/turtlebot4_ws'
[0.872s] Level 1:colcon.colcon_core.package_identification:_identify(.) by extensions ['ignore', 'ignore_ament_install']
[0.872s] Level 1:colcon.colcon_core.package_identification:_identify(.) by extension 'ignore'
[0.872s] Level 1:colcon.colcon_core.package_identification:_identify(.) by extension 'ignore_ament_install'
[0.872s] Level 1:colcon.colcon_core.package_identification:_identify(.) by extensions ['colcon_pkg']
[0.872s] Level 1:colcon.colcon_core.package_identification:_identify(.) by extension 'colcon_pkg'
[0.872s] Level 1:colcon.colcon_core.package_identification:_identify(.) by extensions ['colcon_meta']
[0.872s] Level 1:colcon.colcon_core.package_identification:_identify(.) by extension 'colcon_meta'
[0.873s] Level 1:colcon.colcon_core.package_identification:_identify(.) by extensions ['ros']
[0.873s] Level 1:colcon.colcon_core.package_identification:_identify(.) by extension 'ros'
[0.900s] Level 1:colcon.colcon_core.package_identification:_identify(.) by extensions ['cmake', 'python']
[0.900s] Level 1:colcon.colcon_core.package_identification:_identify(.) by extension 'cmake'
[0.900s] Level 1:colcon.colcon_core.package_identification:_identify(.) by extension 'python'
[0.900s] Level 1:colcon.colcon_core.package_identification:_identify(.) by extensions ['python_setup_py']
[0.900s] Level 1:colcon.colcon_core.package_identification:_identify(.) by extension 'python_setup_py'
[0.900s] Level 1:colcon.colcon_core.package_identification:_identify(build) by extensions ['ignore', 'ignore_ament_install']
[0.901s] Level 1:colcon.colcon_core.package_identification:_identify(build) by extension 'ignore'
[0.901s] Level 1:colcon.colcon_core.package_identification:_identify(build) ignored
[0.901s] Level 1:colcon.colcon_core.package_identification:_identify(empty_shelf_detector) by extensions ['ignore', 'ignore_ament_install']
[0.901s] Level 1:colcon.colcon_core.package_identification:_identify(empty_shelf_detector) by extension 'ignore'
[0.901s] Level 1:colcon.colcon_core.package_identification:_identify(empty_shelf_detector) by extension 'ignore_ament_install'
[0.901s] Level 1:colcon.colcon_core.package_identification:_identify(empty_shelf_detector) by extensions ['colcon_pkg']
[0.902s] Level 1:colcon.colcon_core.package_identification:_identify(empty_shelf_detector) by extension 'colcon_pkg'
[0.902s] Level 1:colcon.colcon_core.package_identification:_identify(empty_shelf_detector) by extensions ['colcon_meta']
[0.902s] Level 1:colcon.colcon_core.package_identification:_identify(empty_shelf_detector) by extension 'colcon_meta'
[0.902s] Level 1:colcon.colcon_core.package_identification:_identify(empty_shelf_detector) by extensions ['ros']
[0.902s] Level 1:colcon.colcon_core.package_identification:_identify(empty_shelf_detector) by extension 'ros'
[0.902s] Level 1:colcon.colcon_core.package_identification:_identify(empty_shelf_detector) by extensions ['cmake', 'python']
[0.902s] Level 1:colcon.colcon_core.package_identification:_identify(empty_shelf_detector) by extension 'cmake'
[0.902s] Level 1:colcon.colcon_core.package_identification:_identify(empty_shelf_detector) by extension 'python'
[0.902s] Level 1:colcon.colcon_core.package_identification:_identify(empty_shelf_detector) by extensions ['python_setup_py']
[0.902s] Level 1:colcon.colcon_core.package_identification:_identify(empty_shelf_detector) by extension 'python_setup_py'
[0.903s] Level 1:colcon.colcon_core.package_identification:_identify(empty_shelf_detector/resource) by extensions ['ignore', 'ignore_ament_install']
[0.903s] Level 1:colcon.colcon_core.package_identification:_identify(empty_shelf_detector/resource) by extension 'ignore'
[0.903s] Level 1:colcon.colcon_core.package_identification:_identify(empty_shelf_detector/resource) by extension 'ignore_ament_install'
[0.903s] Level 1:colcon.colcon_core.package_identification:_identify(empty_shelf_detector/resource) by extensions ['colcon_pkg']
[0.903s] Level 1:colcon.colcon_core.package_identification:_identify(empty_shelf_detector/resource) by extension 'colcon_pkg'
[0.903s] Level 1:colcon.colcon_core.package_identification:_identify(empty_shelf_detector/resource) by extensions ['colcon_meta']
[0.903s] Level 1:colcon.colcon_core.package_identification:_identify(empty_shelf_detector/resource) by extension 'colcon_meta'
[0.903s] Level 1:colcon.colcon_core.package_identification:_identify(empty_shelf_detector/resource) by extensions ['ros']
[0.903s] Level 1:colcon.colcon_core.package_identification:_identify(empty_shelf_detector/resource) by extension 'ros'
[0.904s] Level 1:colcon.colcon_core.package_identification:_identify(empty_shelf_detector/resource) by extensions ['cmake', 'python']
[0.904s] Level 1:colcon.colcon_core.package_identification:_identify(empty_shelf_detector/resource) by extension 'cmake'
[0.904s] Level 1:colcon.colcon_core.package_identification:_identify(empty_shelf_detector/resource) by extension 'python'
[0.904s] Level 1:colcon.colcon_core.package_identification:_identify(empty_shelf_detector/resource) by extensions ['python_setup_py']
[0.904s] Level 1:colcon.colcon_core.package_identification:_identify(empty_shelf_detector/resource) by extension 'python_setup_py'
[0.916s] Level 1:colcon.colcon_core.package_identification:_identify(images) by extensions ['ignore', 'ignore_ament_install']
[0.916s] Level 1:colcon.colcon_core.package_identification:_identify(images) by extension 'ignore'
[0.917s] Level 1:colcon.colcon_core.package_identification:_identify(images) by extension 'ignore_ament_install'
[0.917s] Level 1:colcon.colcon_core.package_identification:_identify(images) by extensions ['colcon_pkg']
[0.917s] Level 1:colcon.colcon_core.package_identification:_identify(images) by extension 'colcon_pkg'
[0.917s] Level 1:colcon.colcon_core.package_identification:_identify(images) by extensions ['colcon_meta']
[0.917s] Level 1:colcon.colcon_core.package_identification:_identify(images) by extension 'colcon_meta'
[0.917s] Level 1:colcon.colcon_core.package_identification:_identify(images) by extensions ['ros']
[0.917s] Level 1:colcon.colcon_core.package_identification:_identify(images) by extension 'ros'
[0.917s] Level 1:colcon.colcon_core.package_identification:_identify(images) by extensions ['cmake', 'python']
[0.917s] Level 1:colcon.colcon_core.package_identification:_identify(images) by extension 'cmake'
[0.918s] Level 1:colcon.colcon_core.package_identification:_identify(images) by extension 'python'
[0.918s] Level 1:colcon.colcon_core.package_identification:_identify(images) by extensions ['python_setup_py']
[0.918s] Level 1:colcon.colcon_core.package_identification:_identify(images) by extension 'python_setup_py'
[0.918s] Level 1:colcon.colcon_core.package_identification:_identify(images/empty_crops) by extensions ['ignore', 'ignore_ament_install']
[0.918s] Level 1:colcon.colcon_core.package_identification:_identify(images/empty_crops) by extension 'ignore'
[0.918s] Level 1:colcon.colcon_core.package_identification:_identify(images/empty_crops) by extension 'ignore_ament_install'
[0.918s] Level 1:colcon.colcon_core.package_identification:_identify(images/empty_crops) by extensions ['colcon_pkg']
[0.918s] Level 1:colcon.colcon_core.package_identification:_identify(images/empty_crops) by extension 'colcon_pkg'
[0.919s] Level 1:colcon.colcon_core.package_identification:_identify(images/empty_crops) by extensions ['colcon_meta']
[0.919s] Level 1:colcon.colcon_core.package_identification:_identify(images/empty_crops) by extension 'colcon_meta'
[0.919s] Level 1:colcon.colcon_core.package_identification:_identify(images/empty_crops) by extensions ['ros']
[0.919s] Level 1:colcon.colcon_core.package_identification:_identify(images/empty_crops) by extension 'ros'
[0.919s] Level 1:colcon.colcon_core.package_identification:_identify(images/empty_crops) by extensions ['cmake', 'python']
[0.919s] Level 1:colcon.colcon_core.package_identification:_identify(images/empty_crops) by extension 'cmake'
[0.919s] Level 1:colcon.colcon_core.package_identification:_identify(images/empty_crops) by extension 'python'
[0.919s] Level 1:colcon.colcon_core.package_identification:_identify(images/empty_crops) by extensions ['python_setup_py']
[0.919s] Level 1:colcon.colcon_core.package_identification:_identify(images/empty_crops) by extension 'python_setup_py'
[0.920s] Level 1:colcon.colcon_core.package_identification:_identify(install) by extensions ['ignore', 'ignore_ament_install']
[0.920s] Level 1:colcon.colcon_core.package_identification:_identify(install) by extension 'ignore'
[0.920s] Level 1:colcon.colcon_core.package_identification:_identify(install) ignored
[0.920s] Level 1:colcon.colcon_core.package_identification:_identify(log) by extensions ['ignore', 'ignore_ament_install']
[0.921s] Level 1:colcon.colcon_core.package_identification:_identify(log) by extension 'ignore'
[0.921s] Level 1:colcon.colcon_core.package_identification:_identify(log) ignored
[0.921s] Level 1:colcon.colcon_core.package_identification:_identify(resource) by extensions ['ignore', 'ignore_ament_install']
[0.921s] Level 1:colcon.colcon_core.package_identification:_identify(resource) by extension 'ignore'
[0.921s] Level 1:colcon.colcon_core.package_identification:_identify(resource) by extension 'ignore_ament_install'
[0.921s] Level 1:colcon.colcon_core.package_identification:_identify(resource) by extensions ['colcon_pkg']
[0.921s] Level 1:colcon.colcon_core.package_identification:_identify(resource) by extension 'colcon_pkg'
[0.921s] Level 1:colcon.colcon_core.package_identification:_identify(resource) by extensions ['colcon_meta']
[0.921s] Level 1:colcon.colcon_core.package_identification:_identify(resource) by extension 'colcon_meta'
[0.922s] Level 1:colcon.colcon_core.package_identification:_identify(resource) by extensions ['ros']
[0.922s] Level 1:colcon.colcon_core.package_identification:_identify(resource) by extension 'ros'
[0.922s] Level 1:colcon.colcon_core.package_identification:_identify(resource) by extensions ['cmake', 'python']
[0.922s] Level 1:colcon.colcon_core.package_identification:_identify(resource) by extension 'cmake'
[0.922s] Level 1:colcon.colcon_core.package_identification:_identify(resource) by extension 'python'
[0.922s] Level 1:colcon.colcon_core.package_identification:_identify(resource) by extensions ['python_setup_py']
[0.922s] Level 1:colcon.colcon_core.package_identification:_identify(resource) by extension 'python_setup_py'
[0.923s] Level 1:colcon.colcon_core.package_identification:_identify(src) by extensions ['ignore', 'ignore_ament_install']
[0.923s] Level 1:colcon.colcon_core.package_identification:_identify(src) by extension 'ignore'
[0.923s] Level 1:colcon.colcon_core.package_identification:_identify(src) by extension 'ignore_ament_install'
[0.923s] Level 1:colcon.colcon_core.package_identification:_identify(src) by extensions ['colcon_pkg']
[0.923s] Level 1:colcon.colcon_core.package_identification:_identify(src) by extension 'colcon_pkg'
[0.923s] Level 1:colcon.colcon_core.package_identification:_identify(src) by extensions ['colcon_meta']
[0.923s] Level 1:colcon.colcon_core.package_identification:_identify(src) by extension 'colcon_meta'
[0.923s] Level 1:colcon.colcon_core.package_identification:_identify(src) by extensions ['ros']
[0.923s] Level 1:colcon.colcon_core.package_identification:_identify(src) by extension 'ros'
[0.924s] Level 1:colcon.colcon_core.package_identification:_identify(src) by extensions ['cmake', 'python']
[0.924s] Level 1:colcon.colcon_core.package_identification:_identify(src) by extension 'cmake'
[0.924s] Level 1:colcon.colcon_core.package_identification:_identify(src) by extension 'python'
[0.924s] Level 1:colcon.colcon_core.package_identification:_identify(src) by extensions ['python_setup_py']
[0.924s] Level 1:colcon.colcon_core.package_identification:_identify(src) by extension 'python_setup_py'
[0.924s] Level 1:colcon.colcon_core.package_identification:_identify(src/build) by extensions ['ignore', 'ignore_ament_install']
[0.925s] Level 1:colcon.colcon_core.package_identification:_identify(src/build) by extension 'ignore'
[0.925s] Level 1:colcon.colcon_core.package_identification:_identify(src/build) ignored
[0.925s] Level 1:colcon.colcon_core.package_identification:_identify(src/empty_shelf_detector) by extensions ['ignore', 'ignore_ament_install']
[0.925s] Level 1:colcon.colcon_core.package_identification:_identify(src/empty_shelf_detector) by extension 'ignore'
[0.925s] Level 1:colcon.colcon_core.package_identification:_identify(src/empty_shelf_detector) by extension 'ignore_ament_install'
[0.925s] Level 1:colcon.colcon_core.package_identification:_identify(src/empty_shelf_detector) by extensions ['colcon_pkg']
[0.925s] Level 1:colcon.colcon_core.package_identification:_identify(src/empty_shelf_detector) by extension 'colcon_pkg'
[0.926s] Level 1:colcon.colcon_core.package_identification:_identify(src/empty_shelf_detector) by extensions ['colcon_meta']
[0.926s] Level 1:colcon.colcon_core.package_identification:_identify(src/empty_shelf_detector) by extension 'colcon_meta'
[0.926s] Level 1:colcon.colcon_core.package_identification:_identify(src/empty_shelf_detector) by extensions ['ros']
[0.926s] Level 1:colcon.colcon_core.package_identification:_identify(src/empty_shelf_detector) by extension 'ros'
[0.935s] DEBUG:colcon.colcon_core.package_identification:Package 'src/empty_shelf_detector' with type 'ros.ament_cmake' and name 'empty_shelf_detector'
[0.936s] Level 1:colcon.colcon_core.package_identification:_identify(src/empty_shelf_msgs) by extensions ['ignore', 'ignore_ament_install']
[0.936s] Level 1:colcon.colcon_core.package_identification:_identify(src/empty_shelf_msgs) by extension 'ignore'
[0.936s] Level 1:colcon.colcon_core.package_identification:_identify(src/empty_shelf_msgs) by extension 'ignore_ament_install'
[0.937s] Level 1:colcon.colcon_core.package_identification:_identify(src/empty_shelf_msgs) by extensions ['colcon_pkg']
[0.937s] Level 1:colcon.colcon_core.package_identification:_identify(src/empty_shelf_msgs) by extension 'colcon_pkg'
[0.937s] Level 1:colcon.colcon_core.package_identification:_identify(src/empty_shelf_msgs) by extensions ['colcon_meta']
[0.937s] Level 1:colcon.colcon_core.package_identification:_identify(src/empty_shelf_msgs) by extension 'colcon_meta'
[0.937s] Level 1:colcon.colcon_core.package_identification:_identify(src/empty_shelf_msgs) by extensions ['ros']
[0.937s] Level 1:colcon.colcon_core.package_identification:_identify(src/empty_shelf_msgs) by extension 'ros'
[0.939s] DEBUG:colcon.colcon_core.package_identification:Package 'src/empty_shelf_msgs' with type 'ros.ament_cmake' and name 'empty_shelf_msgs'
[0.939s] Level 1:colcon.colcon_core.package_identification:_identify(src/install) by extensions ['ignore', 'ignore_ament_install']
[0.939s] Level 1:colcon.colcon_core.package_identification:_identify(src/install) by extension 'ignore'
[0.940s] Level 1:colcon.colcon_core.package_identification:_identify(src/install) ignored
[0.940s] Level 1:colcon.colcon_core.package_identification:_identify(src/log) by extensions ['ignore', 'ignore_ament_install']
[0.940s] Level 1:colcon.colcon_core.package_identification:_identify(src/log) by extension 'ignore'
[0.940s] Level 1:colcon.colcon_core.package_identification:_identify(src/log) ignored
[0.940s] Level 1:colcon.colcon_core.package_identification:_identify(src/turtlebot4_simulator) by extensions ['ignore', 'ignore_ament_install']
[0.941s] Level 1:colcon.colcon_core.package_identification:_identify(src/turtlebot4_simulator) by extension 'ignore'
[0.941s] Level 1:colcon.colcon_core.package_identification:_identify(src/turtlebot4_simulator) by extension 'ignore_ament_install'
[0.941s] Level 1:colcon.colcon_core.package_identification:_identify(src/turtlebot4_simulator) by extensions ['colcon_pkg']
[0.941s] Level 1:colcon.colcon_core.package_identification:_identify(src/turtlebot4_simulator) by extension 'colcon_pkg'
[0.941s] Level 1:colcon.colcon_core.package_identification:_identify(src/turtlebot4_simulator) by extensions ['colcon_meta']
[0.941s] Level 1:colcon.colcon_core.package_identification:_identify(src/turtlebot4_simulator) by extension 'colcon_meta'
[0.941s] Level 1:colcon.colcon_core.package_identification:_identify(src/turtlebot4_simulator) by extensions ['ros']
[0.941s] Level 1:colcon.colcon_core.package_identification:_identify(src/turtlebot4_simulator) by extension 'ros'
[0.942s] Level 1:colcon.colcon_core.package_identification:_identify(src/turtlebot4_simulator) by extensions ['cmake', 'python']
[0.942s] Level 1:colcon.colcon_core.package_identification:_identify(src/turtlebot4_simulator) by extension 'cmake'
[0.942s] Level 1:colcon.colcon_core.package_identification:_identify(src/turtlebot4_simulator) by extension 'python'
[0.942s] Level 1:colcon.colcon_core.package_identification:_identify(src/turtlebot4_simulator) by extensions ['python_setup_py']
[0.942s] Level 1:colcon.colcon_core.package_identification:_identify(src/turtlebot4_simulator) by extension 'python_setup_py'
[0.942s] Level 1:colcon.colcon_core.package_identification:_identify(src/turtlebot4_simulator/turtlebot4_ignition_bringup) by extensions ['ignore', 'ignore_ament_install']
[0.942s] Level 1:colcon.colcon_core.package_identification:_identify(src/turtlebot4_simulator/turtlebot4_ignition_bringup) by extension 'ignore'
[0.943s] Level 1:colcon.colcon_core.package_identification:_identify(src/turtlebot4_simulator/turtlebot4_ignition_bringup) by extension 'ignore_ament_install'
[0.943s] Level 1:colcon.colcon_core.package_identification:_identify(src/turtlebot4_simulator/turtlebot4_ignition_bringup) by extensions ['colcon_pkg']
[0.943s] Level 1:colcon.colcon_core.package_identification:_identify(src/turtlebot4_simulator/turtlebot4_ignition_bringup) by extension 'colcon_pkg'
[0.943s] Level 1:colcon.colcon_core.package_identification:_identify(src/turtlebot4_simulator/turtlebot4_ignition_bringup) by extensions ['colcon_meta']
[0.943s] Level 1:colcon.colcon_core.package_identification:_identify(src/turtlebot4_simulator/turtlebot4_ignition_bringup) by extension 'colcon_meta'
[0.943s] Level 1:colcon.colcon_core.package_identification:_identify(src/turtlebot4_simulator/turtlebot4_ignition_bringup) by extensions ['ros']
[0.943s] Level 1:colcon.colcon_core.package_identification:_identify(src/turtlebot4_simulator/turtlebot4_ignition_bringup) by extension 'ros'
[0.949s] DEBUG:colcon.colcon_core.package_identification:Package 'src/turtlebot4_simulator/turtlebot4_ignition_bringup' with type 'ros.ament_cmake' and name 'turtlebot4_ignition_bringup'
[0.949s] Level 1:colcon.colcon_core.package_identification:_identify(src/turtlebot4_simulator/turtlebot4_ignition_gui_plugins) by extensions ['ignore', 'ignore_ament_install']
[0.950s] Level 1:colcon.colcon_core.package_identification:_identify(src/turtlebot4_simulator/turtlebot4_ignition_gui_plugins) by extension 'ignore'
[0.950s] Level 1:colcon.colcon_core.package_identification:_identify(src/turtlebot4_simulator/turtlebot4_ignition_gui_plugins) by extension 'ignore_ament_install'
[0.950s] Level 1:colcon.colcon_core.package_identification:_identify(src/turtlebot4_simulator/turtlebot4_ignition_gui_plugins) by extensions ['colcon_pkg']
[0.950s] Level 1:colcon.colcon_core.package_identification:_identify(src/turtlebot4_simulator/turtlebot4_ignition_gui_plugins) by extension 'colcon_pkg'
[0.950s] Level 1:colcon.colcon_core.package_identification:_identify(src/turtlebot4_simulator/turtlebot4_ignition_gui_plugins) by extensions ['colcon_meta']
[0.950s] Level 1:colcon.colcon_core.package_identification:_identify(src/turtlebot4_simulator/turtlebot4_ignition_gui_plugins) by extension 'colcon_meta'
[0.950s] Level 1:colcon.colcon_core.package_identification:_identify(src/turtlebot4_simulator/turtlebot4_ignition_gui_plugins) by extensions ['ros']
[0.950s] Level 1:colcon.colcon_core.package_identification:_identify(src/turtlebot4_simulator/turtlebot4_ignition_gui_plugins) by extension 'ros'
[0.952s] DEBUG:colcon.colcon_core.package_identification:Package 'src/turtlebot4_simulator/turtlebot4_ignition_gui_plugins' with type 'ros.ament_cmake' and name 'turtlebot4_ignition_gui_plugins'
[0.953s] Level 1:colcon.colcon_core.package_identification:_identify(src/turtlebot4_simulator/turtlebot4_ignition_toolbox) by extensions ['ignore', 'ignore_ament_install']
[0.953s] Level 1:colcon.colcon_core.package_identification:_identify(src/turtlebot4_simulator/turtlebot4_ignition_toolbox) by extension 'ignore'
[0.953s] Level 1:colcon.colcon_core.package_identification:_identify(src/turtlebot4_simulator/turtlebot4_ignition_toolbox) by extension 'ignore_ament_install'
[0.953s] Level 1:colcon.colcon_core.package_identification:_identify(src/turtlebot4_simulator/turtlebot4_ignition_toolbox) by extensions ['colcon_pkg']
[0.953s] Level 1:colcon.colcon_core.package_identification:_identify(src/turtlebot4_simulator/turtlebot4_ignition_toolbox) by extension 'colcon_pkg'
[0.953s] Level 1:colcon.colcon_core.package_identification:_identify(src/turtlebot4_simulator/turtlebot4_ignition_toolbox) by extensions ['colcon_meta']
[0.953s] Level 1:colcon.colcon_core.package_identification:_identify(src/turtlebot4_simulator/turtlebot4_ignition_toolbox) by extension 'colcon_meta'
[0.953s] Level 1:colcon.colcon_core.package_identification:_identify(src/turtlebot4_simulator/turtlebot4_ignition_toolbox) by extensions ['ros']
[0.953s] Level 1:colcon.colcon_core.package_identification:_identify(src/turtlebot4_simulator/turtlebot4_ignition_toolbox) by extension 'ros'
[0.956s] DEBUG:colcon.colcon_core.package_identification:Package 'src/turtlebot4_simulator/turtlebot4_ignition_toolbox' with type 'ros.ament_cmake' and name 'turtlebot4_ignition_toolbox'
[0.956s] Level 1:colcon.colcon_core.package_identification:_identify(src/turtlebot4_simulator/turtlebot4_simulator) by extensions ['ignore', 'ignore_ament_install']
[0.957s] Level 1:colcon.colcon_core.package_identification:_identify(src/turtlebot4_simulator/turtlebot4_simulator) by extension 'ignore'
[0.957s] Level 1:colcon.colcon_core.package_identification:_identify(src/turtlebot4_simulator/turtlebot4_simulator) by extension 'ignore_ament_install'
[0.957s] Level 1:colcon.colcon_core.package_identification:_identify(src/turtlebot4_simulator/turtlebot4_simulator) by extensions ['colcon_pkg']
[0.957s] Level 1:colcon.colcon_core.package_identification:_identify(src/turtlebot4_simulator/turtlebot4_simulator) by extension 'colcon_pkg'
[0.957s] Level 1:colcon.colcon_core.package_identification:_identify(src/turtlebot4_simulator/turtlebot4_simulator) by extensions ['colcon_meta']
[0.957s] Level 1:colcon.colcon_core.package_identification:_identify(src/turtlebot4_simulator/turtlebot4_simulator) by extension 'colcon_meta'
[0.957s] Level 1:colcon.colcon_core.package_identification:_identify(src/turtlebot4_simulator/turtlebot4_simulator) by extensions ['ros']
[0.957s] Level 1:colcon.colcon_core.package_identification:_identify(src/turtlebot4_simulator/turtlebot4_simulator) by extension 'ros'
[0.959s] DEBUG:colcon.colcon_core.package_identification:Package 'src/turtlebot4_simulator/turtlebot4_simulator' with type 'ros.ament_cmake' and name 'turtlebot4_simulator'
[0.959s] Level 1:colcon.colcon_core.package_discovery:discover_packages(recursive) using defaults
[0.960s] Level 1:colcon.colcon_core.package_discovery:discover_packages(ignore) discover
[0.960s] Level 1:colcon.colcon_core.package_discovery:discover_packages(ignore) using defaults
[0.960s] Level 1:colcon.colcon_core.package_discovery:discover_packages(path) discover
[0.960s] Level 1:colcon.colcon_core.package_discovery:discover_packages(path) using defaults
[1.016s] Level 1:colcon.colcon_core.package_discovery:discover_packages(prefix_path) check parameters
[1.016s] Level 1:colcon.colcon_core.package_discovery:discover_packages(prefix_path) discover
[1.021s] DEBUG:colcon.colcon_installed_package_information.package_discovery:Found 6 installed packages in /home/raghav/turtlebot4_ws/install
[1.025s] DEBUG:colcon.colcon_installed_package_information.package_discovery:Found 384 installed packages in /opt/ros/humble
[1.033s] Level 1:colcon.colcon_core.package_discovery:discover_packages(prefix_path) using defaults
[1.187s] Level 5:colcon.colcon_core.verb:set package 'empty_shelf_msgs' build argument 'cmake_args' from command line to 'None'
[1.188s] Level 5:colcon.colcon_core.verb:set package 'empty_shelf_msgs' build argument 'cmake_target' from command line to 'None'
[1.188s] Level 5:colcon.colcon_core.verb:set package 'empty_shelf_msgs' build argument 'cmake_target_skip_unavailable' from command line to 'False'
[1.188s] Level 5:colcon.colcon_core.verb:set package 'empty_shelf_msgs' build argument 'cmake_clean_cache' from command line to 'False'
[1.188s] Level 5:colcon.colcon_core.verb:set package 'empty_shelf_msgs' build argument 'cmake_clean_first' from command line to 'False'
[1.188s] Level 5:colcon.colcon_core.verb:set package 'empty_shelf_msgs' build argument 'cmake_force_configure' from command line to 'False'
[1.188s] Level 5:colcon.colcon_core.verb:set package 'empty_shelf_msgs' build argument 'ament_cmake_args' from command line to 'None'
[1.188s] Level 5:colcon.colcon_core.verb:set package 'empty_shelf_msgs' build argument 'catkin_cmake_args' from command line to 'None'
[1.188s] Level 5:colcon.colcon_core.verb:set package 'empty_shelf_msgs' build argument 'catkin_skip_building_tests' from command line to 'False'
[1.188s] DEBUG:colcon.colcon_core.verb:Building package 'empty_shelf_msgs' with the following arguments: {'ament_cmake_args': None, 'build_base': '/home/raghav/turtlebot4_ws/build/empty_shelf_msgs', 'catkin_cmake_args': None, 'catkin_skip_building_tests': False, 'cmake_args': None, 'cmake_clean_cache': False, 'cmake_clean_first': False, 'cmake_force_configure': False, 'cmake_target': None, 'cmake_target_skip_unavailable': False, 'install_base': '/home/raghav/turtlebot4_ws/install/empty_shelf_msgs', 'merge_install': False, 'path': '/home/raghav/turtlebot4_ws/src/empty_shelf_msgs', 'symlink_install': False, 'test_result_base': None}
[1.189s] Level 5:colcon.colcon_core.verb:set package 'turtlebot4_ignition_gui_plugins' build argument 'cmake_args' from command line to 'None'
[1.190s] Level 5:colcon.colcon_core.verb:set package 'turtlebot4_ignition_gui_plugins' build argument 'cmake_target' from command line to 'None'
[1.190s] Level 5:colcon.colcon_core.verb:set package 'turtlebot4_ignition_gui_plugins' build argument 'cmake_target_skip_unavailable' from command line to 'False'
[1.190s] Level 5:colcon.colcon_core.verb:set package 'turtlebot4_ignition_gui_plugins' build argument 'cmake_clean_cache' from command line to 'False'
[1.190s] Level 5:colcon.colcon_core.verb:set package 'turtlebot4_ignition_gui_plugins' build argument 'cmake_clean_first' from command line to 'False'
[1.190s] Level 5:colcon.colcon_core.verb:set package 'turtlebot4_ignition_gui_plugins' build argument 'cmake_force_configure' from command line to 'False'
[1.190s] Level 5:colcon.colcon_core.verb:set package 'turtlebot4_ignition_gui_plugins' build argument 'ament_cmake_args' from command line to 'None'
[1.190s] Level 5:colcon.colcon_core.verb:set package 'turtlebot4_ignition_gui_plugins' build argument 'catkin_cmake_args' from command line to 'None'
[1.190s] Level 5:colcon.colcon_core.verb:set package 'turtlebot4_ignition_gui_plugins' build argument 'catkin_skip_building_tests' from command line to 'False'
[1.190s] DEBUG:colcon.colcon_core.verb:Building package 'turtlebot4_ignition_gui_plugins' with the following arguments: {'ament_cmake_args': None, 'build_base': '/home/raghav/turtlebot4_ws/build/turtlebot4_ignition_gui_plugins', 'catkin_cmake_args': None, 'catkin_skip_building_tests': False, 'cmake_args': None, 'cmake_clean_cache': False, 'cmake_clean_first': False, 'cmake_force_configure': False, 'cmake_target': None, 'cmake_target_skip_unavailable': False, 'install_base': '/home/raghav/turtlebot4_ws/install/turtlebot4_ignition_gui_plugins', 'merge_install': False, 'path': '/home/raghav/turtlebot4_ws/src/turtlebot4_simulator/turtlebot4_ignition_gui_plugins', 'symlink_install': False, 'test_result_base': None}
[1.192s] Level 5:colcon.colcon_core.verb:set package 'turtlebot4_ignition_toolbox' build argument 'cmake_args' from command line to 'None'
[1.192s] Level 5:colcon.colcon_core.verb:set package 'turtlebot4_ignition_toolbox' build argument 'cmake_target' from command line to 'None'
[1.192s] Level 5:colcon.colcon_core.verb:set package 'turtlebot4_ignition_toolbox' build argument 'cmake_target_skip_unavailable' from command line to 'False'
[1.192s] Level 5:colcon.colcon_core.verb:set package 'turtlebot4_ignition_toolbox' build argument 'cmake_clean_cache' from command line to 'False'
[1.192s] Level 5:colcon.colcon_core.verb:set package 'turtlebot4_ignition_toolbox' build argument 'cmake_clean_first' from command line to 'False'
[1.192s] Level 5:colcon.colcon_core.verb:set package 'turtlebot4_ignition_toolbox' build argument 'cmake_force_configure' from command line to 'False'
[1.192s] Level 5:colcon.colcon_core.verb:set package 'turtlebot4_ignition_toolbox' build argument 'ament_cmake_args' from command line to 'None'
[1.192s] Level 5:colcon.colcon_core.verb:set package 'turtlebot4_ignition_toolbox' build argument 'catkin_cmake_args' from command line to 'None'
[1.192s] Level 5:colcon.colcon_core.verb:set package 'turtlebot4_ignition_toolbox' build argument 'catkin_skip_building_tests' from command line to 'False'
[1.192s] DEBUG:colcon.colcon_core.verb:Building package 'turtlebot4_ignition_toolbox' with the following arguments: {'ament_cmake_args': None, 'build_base': '/home/raghav/turtlebot4_ws/build/turtlebot4_ignition_toolbox', 'catkin_cmake_args': None, 'catkin_skip_building_tests': False, 'cmake_args': None, 'cmake_clean_cache': False, 'cmake_clean_first': False, 'cmake_force_configure': False, 'cmake_target': None, 'cmake_target_skip_unavailable': False, 'install_base': '/home/raghav/turtlebot4_ws/install/turtlebot4_ignition_toolbox', 'merge_install': False, 'path': '/home/raghav/turtlebot4_ws/src/turtlebot4_simulator/turtlebot4_ignition_toolbox', 'symlink_install': False, 'test_result_base': None}
[1.193s] Level 5:colcon.colcon_core.verb:set package 'empty_shelf_detector' build argument 'cmake_args' from command line to 'None'
[1.193s] Level 5:colcon.colcon_core.verb:set package 'empty_shelf_detector' build argument 'cmake_target' from command line to 'None'
[1.194s] Level 5:colcon.colcon_core.verb:set package 'empty_shelf_detector' build argument 'cmake_target_skip_unavailable' from command line to 'False'
[1.194s] Level 5:colcon.colcon_core.verb:set package 'empty_shelf_detector' build argument 'cmake_clean_cache' from command line to 'False'
[1.194s] Level 5:colcon.colcon_core.verb:set package 'empty_shelf_detector' build argument 'cmake_clean_first' from command line to 'False'
[1.194s] Level 5:colcon.colcon_core.verb:set package 'empty_shelf_detector' build argument 'cmake_force_configure' from command line to 'False'
[1.194s] Level 5:colcon.colcon_core.verb:set package 'empty_shelf_detector' build argument 'ament_cmake_args' from command line to 'None'
[1.194s] Level 5:colcon.colcon_core.verb:set package 'empty_shelf_detector' build argument 'catkin_cmake_args' from command line to 'None'
[1.194s] Level 5:colcon.colcon_core.verb:set package 'empty_shelf_detector' build argument 'catkin_skip_building_tests' from command line to 'False'
[1.194s] DEBUG:colcon.colcon_core.verb:Building package 'empty_shelf_detector' with the following arguments: {'ament_cmake_args': None, 'build_base': '/home/raghav/turtlebot4_ws/build/empty_shelf_detector', 'catkin_cmake_args': None, 'catkin_skip_building_tests': False, 'cmake_args': None, 'cmake_clean_cache': False, 'cmake_clean_first': False, 'cmake_force_configure': False, 'cmake_target': None, 'cmake_target_skip_unavailable': False, 'install_base': '/home/raghav/turtlebot4_ws/install/empty_shelf_detector', 'merge_install': False, 'path': '/home/raghav/turtlebot4_ws/src/empty_shelf_detector', 'symlink_install': False, 'test_result_base': None}
[1.195s] Level 5:colcon.colcon_core.verb:set package 'turtlebot4_ignition_bringup' build argument 'cmake_args' from command line to 'None'
[1.195s] Level 5:colcon.colcon_core.verb:set package 'turtlebot4_ignition_bringup' build argument 'cmake_target' from command line to 'None'
[1.195s] Level 5:colcon.colcon_core.verb:set package 'turtlebot4_ignition_bringup' build argument 'cmake_target_skip_unavailable' from command line to 'False'
[1.195s] Level 5:colcon.colcon_core.verb:set package 'turtlebot4_ignition_bringup' build argument 'cmake_clean_cache' from command line to 'False'
[1.195s] Level 5:colcon.colcon_core.verb:set package 'turtlebot4_ignition_bringup' build argument 'cmake_clean_first' from command line to 'False'
[1.196s] Level 5:colcon.colcon_core.verb:set package 'turtlebot4_ignition_bringup' build argument 'cmake_force_configure' from command line to 'False'
[1.196s] Level 5:colcon.colcon_core.verb:set package 'turtlebot4_ignition_bringup' build argument 'ament_cmake_args' from command line to 'None'
[1.196s] Level 5:colcon.colcon_core.verb:set package 'turtlebot4_ignition_bringup' build argument 'catkin_cmake_args' from command line to 'None'
[1.196s] Level 5:colcon.colcon_core.verb:set package 'turtlebot4_ignition_bringup' build argument 'catkin_skip_building_tests' from command line to 'False'
[1.196s] DEBUG:colcon.colcon_core.verb:Building package 'turtlebot4_ignition_bringup' with the following arguments: {'ament_cmake_args': None, 'build_base': '/home/raghav/turtlebot4_ws/build/turtlebot4_ignition_bringup', 'catkin_cmake_args': None, 'catkin_skip_building_tests': False, 'cmake_args': None, 'cmake_clean_cache': False, 'cmake_clean_first': False, 'cmake_force_configure': False, 'cmake_target': None, 'cmake_target_skip_unavailable': False, 'install_base': '/home/raghav/turtlebot4_ws/install/turtlebot4_ignition_bringup', 'merge_install': False, 'path': '/home/raghav/turtlebot4_ws/src/turtlebot4_simulator/turtlebot4_ignition_bringup', 'symlink_install': False, 'test_result_base': None}
[1.197s] Level 5:colcon.colcon_core.verb:set package 'turtlebot4_simulator' build argument 'cmake_args' from command line to 'None'
[1.197s] Level 5:colcon.colcon_core.verb:set package 'turtlebot4_simulator' build argument 'cmake_target' from command line to 'None'
[1.197s] Level 5:colcon.colcon_core.verb:set package 'turtlebot4_simulator' build argument 'cmake_target_skip_unavailable' from command line to 'False'
[1.197s] Level 5:colcon.colcon_core.verb:set package 'turtlebot4_simulator' build argument 'cmake_clean_cache' from command line to 'False'
[1.197s] Level 5:colcon.colcon_core.verb:set package 'turtlebot4_simulator' build argument 'cmake_clean_first' from command line to 'False'
[1.197s] Level 5:colcon.colcon_core.verb:set package 'turtlebot4_simulator' build argument 'cmake_force_configure' from command line to 'False'
[1.198s] Level 5:colcon.colcon_core.verb:set package 'turtlebot4_simulator' build argument 'ament_cmake_args' from command line to 'None'
[1.198s] Level 5:colcon.colcon_core.verb:set package 'turtlebot4_simulator' build argument 'catkin_cmake_args' from command line to 'None'
[1.198s] Level 5:colcon.colcon_core.verb:set package 'turtlebot4_simulator' build argument 'catkin_skip_building_tests' from command line to 'False'
[1.198s] DEBUG:colcon.colcon_core.verb:Building package 'turtlebot4_simulator' with the following arguments: {'ament_cmake_args': None, 'build_base': '/home/raghav/turtlebot4_ws/build/turtlebot4_simulator', 'catkin_cmake_args': None, 'catkin_skip_building_tests': False, 'cmake_args': None, 'cmake_clean_cache': False, 'cmake_clean_first': False, 'cmake_force_configure': False, 'cmake_target': None, 'cmake_target_skip_unavailable': False, 'install_base': '/home/raghav/turtlebot4_ws/install/turtlebot4_simulator', 'merge_install': False, 'path': '/home/raghav/turtlebot4_ws/src/turtlebot4_simulator/turtlebot4_simulator', 'symlink_install': False, 'test_result_base': None}
[1.198s] INFO:colcon.colcon_core.executor:Executing jobs using 'parallel' executor
[1.202s] DEBUG:colcon.colcon_parallel_executor.executor.parallel:run_until_complete
[1.203s] INFO:colcon.colcon_ros.task.ament_cmake.build:Building ROS package in '/home/raghav/turtlebot4_ws/src/turtlebot4_simulator/turtlebot4_ignition_gui_plugins' with build type 'ament_cmake'
[1.203s] INFO:colcon.colcon_cmake.task.cmake.build:Building CMake package in '/home/raghav/turtlebot4_ws/src/turtlebot4_simulator/turtlebot4_ignition_gui_plugins'
[1.208s] INFO:colcon.colcon_core.plugin_system:Skipping extension 'colcon_core.shell.bat': Not used on non-Windows systems
[1.210s] INFO:colcon.colcon_core.shell:Skip shell extension 'powershell' for command environment: Not usable outside of PowerShell
[1.210s] DEBUG:colcon.colcon_core.shell:Skip shell extension 'dsv' for command environment
[1.221s] INFO:colcon.colcon_ros.task.ament_cmake.build:Building ROS package in '/home/raghav/turtlebot4_ws/src/turtlebot4_simulator/turtlebot4_ignition_toolbox' with build type 'ament_cmake'
[1.221s] INFO:colcon.colcon_cmake.task.cmake.build:Building CMake package in '/home/raghav/turtlebot4_ws/src/turtlebot4_simulator/turtlebot4_ignition_toolbox'
[1.222s] INFO:colcon.colcon_core.shell:Skip shell extension 'powershell' for command environment: Not usable outside of PowerShell
[1.222s] DEBUG:colcon.colcon_core.shell:Skip shell extension 'dsv' for command environment
[1.232s] INFO:colcon.colcon_ros.task.ament_cmake.build:Building ROS package in '/home/raghav/turtlebot4_ws/src/empty_shelf_msgs' with build type 'ament_cmake'
[1.233s] INFO:colcon.colcon_cmake.task.cmake.build:Building CMake package in '/home/raghav/turtlebot4_ws/src/empty_shelf_msgs'
[1.234s] INFO:colcon.colcon_core.shell:Skip shell extension 'powershell' for command environment: Not usable outside of PowerShell
[1.234s] DEBUG:colcon.colcon_core.shell:Skip shell extension 'dsv' for command environment
[1.261s] DEBUG:colcon.colcon_core.event_handler.log_command:Invoking command in '/home/raghav/turtlebot4_ws/build/turtlebot4_ignition_gui_plugins': CMAKE_PREFIX_PATH=${CMAKE_PREFIX_PATH}:/opt/ros/humble /usr/bin/cmake --build /home/raghav/turtlebot4_ws/build/turtlebot4_ignition_gui_plugins -- -j8 -l8
[1.273s] DEBUG:colcon.colcon_core.event_handler.log_command:Invoking command in '/home/raghav/turtlebot4_ws/build/turtlebot4_ignition_toolbox': CMAKE_PREFIX_PATH=${CMAKE_PREFIX_PATH}:/opt/ros/humble /usr/bin/cmake --build /home/raghav/turtlebot4_ws/build/turtlebot4_ignition_toolbox -- -j8 -l8
[1.282s] DEBUG:colcon.colcon_core.event_handler.log_command:Invoking command in '/home/raghav/turtlebot4_ws/build/empty_shelf_msgs': CMAKE_PREFIX_PATH=${CMAKE_PREFIX_PATH}:/opt/ros/humble /usr/bin/cmake --build /home/raghav/turtlebot4_ws/build/empty_shelf_msgs -- -j8 -l8
[1.508s] DEBUG:colcon.colcon_core.event_handler.log_command:Invoked command in '/home/raghav/turtlebot4_ws/build/turtlebot4_ignition_toolbox' returned '0': CMAKE_PREFIX_PATH=${CMAKE_PREFIX_PATH}:/opt/ros/humble /usr/bin/cmake --build /home/raghav/turtlebot4_ws/build/turtlebot4_ignition_toolbox -- -j8 -l8
[1.531s] DEBUG:colcon.colcon_core.event_handler.log_command:Invoking command in '/home/raghav/turtlebot4_ws/build/turtlebot4_ignition_toolbox': CMAKE_PREFIX_PATH=${CMAKE_PREFIX_PATH}:/opt/ros/humble /usr/bin/cmake --install /home/raghav/turtlebot4_ws/build/turtlebot4_ignition_toolbox
[1.554s] DEBUG:colcon.colcon_core.event_handler.log_command:Invoked command in '/home/raghav/turtlebot4_ws/build/turtlebot4_ignition_gui_plugins' returned '0': CMAKE_PREFIX_PATH=${CMAKE_PREFIX_PATH}:/opt/ros/humble /usr/bin/cmake --build /home/raghav/turtlebot4_ws/build/turtlebot4_ignition_gui_plugins -- -j8 -l8
[1.557s] DEBUG:colcon.colcon_core.event_handler.log_command:Invoking command in '/home/raghav/turtlebot4_ws/build/turtlebot4_ignition_gui_plugins': CMAKE_PREFIX_PATH=${CMAKE_PREFIX_PATH}:/opt/ros/humble /usr/bin/cmake --install /home/raghav/turtlebot4_ws/build/turtlebot4_ignition_gui_plugins
[1.560s] Level 1:colcon.colcon_core.environment:create_environment_scripts_only(turtlebot4_ignition_toolbox)
[1.562s] DEBUG:colcon.colcon_core.event_handler.log_command:Invoked command in '/home/raghav/turtlebot4_ws/build/turtlebot4_ignition_toolbox' returned '0': CMAKE_PREFIX_PATH=${CMAKE_PREFIX_PATH}:/opt/ros/humble /usr/bin/cmake --install /home/raghav/turtlebot4_ws/build/turtlebot4_ignition_toolbox
[1.569s] Level 1:colcon.colcon_core.environment:checking '/home/raghav/turtlebot4_ws/install/turtlebot4_ignition_toolbox' for CMake module files
[1.570s] Level 1:colcon.colcon_core.environment:checking '/home/raghav/turtlebot4_ws/install/turtlebot4_ignition_toolbox' for CMake config files
[1.571s] Level 1:colcon.colcon_core.shell:create_environment_hook('turtlebot4_ignition_toolbox', 'cmake_prefix_path')
[1.572s] INFO:colcon.colcon_core.shell:Creating environment hook '/home/raghav/turtlebot4_ws/install/turtlebot4_ignition_toolbox/share/turtlebot4_ignition_toolbox/hook/cmake_prefix_path.ps1'
[1.574s] INFO:colcon.colcon_core.shell:Creating environment descriptor '/home/raghav/turtlebot4_ws/install/turtlebot4_ignition_toolbox/share/turtlebot4_ignition_toolbox/hook/cmake_prefix_path.dsv'
[1.576s] INFO:colcon.colcon_core.shell:Creating environment hook '/home/raghav/turtlebot4_ws/install/turtlebot4_ignition_toolbox/share/turtlebot4_ignition_toolbox/hook/cmake_prefix_path.sh'
[1.581s] Level 1:colcon.colcon_core.environment:checking '/home/raghav/turtlebot4_ws/install/turtlebot4_ignition_toolbox/lib'
[1.584s] Level 1:colcon.colcon_core.environment:checking '/home/raghav/turtlebot4_ws/install/turtlebot4_ignition_toolbox/bin'
[1.584s] Level 1:colcon.colcon_core.environment:checking '/home/raghav/turtlebot4_ws/install/turtlebot4_ignition_toolbox/lib/pkgconfig/turtlebot4_ignition_toolbox.pc'
[1.585s] Level 1:colcon.colcon_core.environment:checking '/home/raghav/turtlebot4_ws/install/turtlebot4_ignition_toolbox/lib/python3.10/site-packages'
[1.586s] Level 1:colcon.colcon_core.environment:checking '/home/raghav/turtlebot4_ws/install/turtlebot4_ignition_toolbox/bin'
[1.587s] INFO:colcon.colcon_core.shell:Creating package script '/home/raghav/turtlebot4_ws/install/turtlebot4_ignition_toolbox/share/turtlebot4_ignition_toolbox/package.ps1'
[1.590s] INFO:colcon.colcon_core.shell:Creating package descriptor '/home/raghav/turtlebot4_ws/install/turtlebot4_ignition_toolbox/share/turtlebot4_ignition_toolbox/package.dsv'
[1.591s] INFO:colcon.colcon_core.shell:Creating package script '/home/raghav/turtlebot4_ws/install/turtlebot4_ignition_toolbox/share/turtlebot4_ignition_toolbox/package.sh'
[1.593s] INFO:colcon.colcon_core.shell:Creating package script '/home/raghav/turtlebot4_ws/install/turtlebot4_ignition_toolbox/share/turtlebot4_ignition_toolbox/package.bash'
[1.595s] INFO:colcon.colcon_core.shell:Creating package script '/home/raghav/turtlebot4_ws/install/turtlebot4_ignition_toolbox/share/turtlebot4_ignition_toolbox/package.zsh'
[1.598s] Level 1:colcon.colcon_core.environment:create_file_with_runtime_dependencies(/home/raghav/turtlebot4_ws/install/turtlebot4_ignition_toolbox/share/colcon-core/packages/turtlebot4_ignition_toolbox)
[1.600s] Level 1:colcon.colcon_core.environment:create_environment_scripts_only(turtlebot4_ignition_toolbox)
[1.601s] Level 1:colcon.colcon_core.environment:checking '/home/raghav/turtlebot4_ws/install/turtlebot4_ignition_toolbox' for CMake module files
[1.604s] Level 1:colcon.colcon_core.environment:checking '/home/raghav/turtlebot4_ws/install/turtlebot4_ignition_toolbox' for CMake config files
[1.605s] Level 1:colcon.colcon_core.shell:create_environment_hook('turtlebot4_ignition_toolbox', 'cmake_prefix_path')
[1.606s] INFO:colcon.colcon_core.shell:Creating environment hook '/home/raghav/turtlebot4_ws/install/turtlebot4_ignition_toolbox/share/turtlebot4_ignition_toolbox/hook/cmake_prefix_path.ps1'
[1.607s] INFO:colcon.colcon_core.shell:Creating environment descriptor '/home/raghav/turtlebot4_ws/install/turtlebot4_ignition_toolbox/share/turtlebot4_ignition_toolbox/hook/cmake_prefix_path.dsv'
[1.608s] INFO:colcon.colcon_core.shell:Creating environment hook '/home/raghav/turtlebot4_ws/install/turtlebot4_ignition_toolbox/share/turtlebot4_ignition_toolbox/hook/cmake_prefix_path.sh'
[1.610s] Level 1:colcon.colcon_core.environment:checking '/home/raghav/turtlebot4_ws/install/turtlebot4_ignition_toolbox/lib'
[1.610s] Level 1:colcon.colcon_core.environment:checking '/home/raghav/turtlebot4_ws/install/turtlebot4_ignition_toolbox/bin'
[1.610s] Level 1:colcon.colcon_core.environment:checking '/home/raghav/turtlebot4_ws/install/turtlebot4_ignition_toolbox/lib/pkgconfig/turtlebot4_ignition_toolbox.pc'
[1.611s] Level 1:colcon.colcon_core.environment:checking '/home/raghav/turtlebot4_ws/install/turtlebot4_ignition_toolbox/lib/python3.10/site-packages'
[1.612s] Level 1:colcon.colcon_core.environment:checking '/home/raghav/turtlebot4_ws/install/turtlebot4_ignition_toolbox/bin'
[1.613s] INFO:colcon.colcon_core.shell:Creating package script '/home/raghav/turtlebot4_ws/install/turtlebot4_ignition_toolbox/share/turtlebot4_ignition_toolbox/package.ps1'
[1.616s] INFO:colcon.colcon_core.shell:Creating package descriptor '/home/raghav/turtlebot4_ws/install/turtlebot4_ignition_toolbox/share/turtlebot4_ignition_toolbox/package.dsv'
[1.618s] INFO:colcon.colcon_core.shell:Creating package script '/home/raghav/turtlebot4_ws/install/turtlebot4_ignition_toolbox/share/turtlebot4_ignition_toolbox/package.sh'
[1.620s] INFO:colcon.colcon_core.shell:Creating package script '/home/raghav/turtlebot4_ws/install/turtlebot4_ignition_toolbox/share/turtlebot4_ignition_toolbox/package.bash'
[1.622s] INFO:colcon.colcon_core.shell:Creating package script '/home/raghav/turtlebot4_ws/install/turtlebot4_ignition_toolbox/share/turtlebot4_ignition_toolbox/package.zsh'
[1.623s] Level 1:colcon.colcon_core.environment:create_file_with_runtime_dependencies(/home/raghav/turtlebot4_ws/install/turtlebot4_ignition_toolbox/share/colcon-core/packages/turtlebot4_ignition_toolbox)
[1.627s] Level 1:colcon.colcon_core.environment:create_environment_scripts_only(turtlebot4_ignition_gui_plugins)
[1.629s] Level 1:colcon.colcon_core.environment:checking '/home/raghav/turtlebot4_ws/install/turtlebot4_ignition_gui_plugins' for CMake module files
[1.631s] Level 1:colcon.colcon_core.environment:checking '/home/raghav/turtlebot4_ws/install/turtlebot4_ignition_gui_plugins' for CMake config files
[1.632s] DEBUG:colcon.colcon_core.event_handler.log_command:Invoked command in '/home/raghav/turtlebot4_ws/build/turtlebot4_ignition_gui_plugins' returned '0': CMAKE_PREFIX_PATH=${CMAKE_PREFIX_PATH}:/opt/ros/humble /usr/bin/cmake --install /home/raghav/turtlebot4_ws/build/turtlebot4_ignition_gui_plugins
[1.633s] Level 1:colcon.colcon_core.shell:create_environment_hook('turtlebot4_ignition_gui_plugins', 'cmake_prefix_path')
[1.633s] INFO:colcon.colcon_core.shell:Creating environment hook '/home/raghav/turtlebot4_ws/install/turtlebot4_ignition_gui_plugins/share/turtlebot4_ignition_gui_plugins/hook/cmake_prefix_path.ps1'
[1.636s] INFO:colcon.colcon_core.shell:Creating environment descriptor '/home/raghav/turtlebot4_ws/install/turtlebot4_ignition_gui_plugins/share/turtlebot4_ignition_gui_plugins/hook/cmake_prefix_path.dsv'
[1.637s] INFO:colcon.colcon_core.shell:Creating environment hook '/home/raghav/turtlebot4_ws/install/turtlebot4_ignition_gui_plugins/share/turtlebot4_ignition_gui_plugins/hook/cmake_prefix_path.sh'
[1.639s] Level 1:colcon.colcon_core.environment:checking '/home/raghav/turtlebot4_ws/install/turtlebot4_ignition_gui_plugins/bin'
[1.641s] Level 1:colcon.colcon_core.environment:checking '/home/raghav/turtlebot4_ws/install/turtlebot4_ignition_gui_plugins/lib/pkgconfig/turtlebot4_ignition_gui_plugins.pc'
[1.641s] Level 1:colcon.colcon_core.environment:checking '/home/raghav/turtlebot4_ws/install/turtlebot4_ignition_gui_plugins/lib/python3.10/site-packages'
[1.642s] Level 1:colcon.colcon_core.environment:checking '/home/raghav/turtlebot4_ws/install/turtlebot4_ignition_gui_plugins/bin'
[1.643s] INFO:colcon.colcon_core.shell:Creating package script '/home/raghav/turtlebot4_ws/install/turtlebot4_ignition_gui_plugins/share/turtlebot4_ignition_gui_plugins/package.ps1'
[1.646s] INFO:colcon.colcon_core.shell:Creating package descriptor '/home/raghav/turtlebot4_ws/install/turtlebot4_ignition_gui_plugins/share/turtlebot4_ignition_gui_plugins/package.dsv'
[1.648s] INFO:colcon.colcon_core.shell:Creating package script '/home/raghav/turtlebot4_ws/install/turtlebot4_ignition_gui_plugins/share/turtlebot4_ignition_gui_plugins/package.sh'
[1.649s] INFO:colcon.colcon_core.shell:Creating package script '/home/raghav/turtlebot4_ws/install/turtlebot4_ignition_gui_plugins/share/turtlebot4_ignition_gui_plugins/package.bash'
[1.650s] INFO:colcon.colcon_core.shell:Creating package script '/home/raghav/turtlebot4_ws/install/turtlebot4_ignition_gui_plugins/share/turtlebot4_ignition_gui_plugins/package.zsh'
[1.651s] Level 1:colcon.colcon_core.environment:create_file_with_runtime_dependencies(/home/raghav/turtlebot4_ws/install/turtlebot4_ignition_gui_plugins/share/colcon-core/packages/turtlebot4_ignition_gui_plugins)
[1.653s] Level 1:colcon.colcon_core.environment:create_environment_scripts_only(turtlebot4_ignition_gui_plugins)
[1.654s] Level 1:colcon.colcon_core.environment:checking '/home/raghav/turtlebot4_ws/install/turtlebot4_ignition_gui_plugins' for CMake module files
[1.654s] Level 1:colcon.colcon_core.environment:checking '/home/raghav/turtlebot4_ws/install/turtlebot4_ignition_gui_plugins' for CMake config files
[1.655s] Level 1:colcon.colcon_core.shell:create_environment_hook('turtlebot4_ignition_gui_plugins', 'cmake_prefix_path')
[1.655s] INFO:colcon.colcon_core.shell:Creating environment hook '/home/raghav/turtlebot4_ws/install/turtlebot4_ignition_gui_plugins/share/turtlebot4_ignition_gui_plugins/hook/cmake_prefix_path.ps1'
[1.656s] INFO:colcon.colcon_core.shell:Creating environment descriptor '/home/raghav/turtlebot4_ws/install/turtlebot4_ignition_gui_plugins/share/turtlebot4_ignition_gui_plugins/hook/cmake_prefix_path.dsv'
[1.657s] INFO:colcon.colcon_core.shell:Creating environment hook '/home/raghav/turtlebot4_ws/install/turtlebot4_ignition_gui_plugins/share/turtlebot4_ignition_gui_plugins/hook/cmake_prefix_path.sh'
[1.658s] Level 1:colcon.colcon_core.environment:checking '/home/raghav/turtlebot4_ws/install/turtlebot4_ignition_gui_plugins/bin'
[1.659s] Level 1:colcon.colcon_core.environment:checking '/home/raghav/turtlebot4_ws/install/turtlebot4_ignition_gui_plugins/lib/pkgconfig/turtlebot4_ignition_gui_plugins.pc'
[1.659s] Level 1:colcon.colcon_core.environment:checking '/home/raghav/turtlebot4_ws/install/turtlebot4_ignition_gui_plugins/lib/python3.10/site-packages'
[1.660s] Level 1:colcon.colcon_core.environment:checking '/home/raghav/turtlebot4_ws/install/turtlebot4_ignition_gui_plugins/bin'
[1.660s] INFO:colcon.colcon_core.shell:Creating package script '/home/raghav/turtlebot4_ws/install/turtlebot4_ignition_gui_plugins/share/turtlebot4_ignition_gui_plugins/package.ps1'
[1.662s] INFO:colcon.colcon_core.shell:Creating package descriptor '/home/raghav/turtlebot4_ws/install/turtlebot4_ignition_gui_plugins/share/turtlebot4_ignition_gui_plugins/package.dsv'
[1.663s] INFO:colcon.colcon_core.shell:Creating package script '/home/raghav/turtlebot4_ws/install/turtlebot4_ignition_gui_plugins/share/turtlebot4_ignition_gui_plugins/package.sh'
[1.664s] INFO:colcon.colcon_core.shell:Creating package script '/home/raghav/turtlebot4_ws/install/turtlebot4_ignition_gui_plugins/share/turtlebot4_ignition_gui_plugins/package.bash'
[1.665s] INFO:colcon.colcon_core.shell:Creating package script '/home/raghav/turtlebot4_ws/install/turtlebot4_ignition_gui_plugins/share/turtlebot4_ignition_gui_plugins/package.zsh'
[1.666s] Level 1:colcon.colcon_core.environment:create_file_with_runtime_dependencies(/home/raghav/turtlebot4_ws/install/turtlebot4_ignition_gui_plugins/share/colcon-core/packages/turtlebot4_ignition_gui_plugins)
[1.667s] INFO:colcon.colcon_ros.task.ament_cmake.build:Building ROS package in '/home/raghav/turtlebot4_ws/src/turtlebot4_simulator/turtlebot4_ignition_bringup' with build type 'ament_cmake'
[1.668s] INFO:colcon.colcon_cmake.task.cmake.build:Building CMake package in '/home/raghav/turtlebot4_ws/src/turtlebot4_simulator/turtlebot4_ignition_bringup'
[1.668s] INFO:colcon.colcon_core.shell:Skip shell extension 'powershell' for command environment: Not usable outside of PowerShell
[1.668s] DEBUG:colcon.colcon_core.shell:Skip shell extension 'dsv' for command environment
[1.700s] DEBUG:colcon.colcon_core.event_handler.log_command:Invoking command in '/home/raghav/turtlebot4_ws/build/turtlebot4_ignition_bringup': CMAKE_PREFIX_PATH=/home/raghav/turtlebot4_ws/install/turtlebot4_ignition_toolbox:/home/raghav/turtlebot4_ws/install/turtlebot4_ignition_gui_plugins:/home/raghav/turtlebot4_ws/install/empty_shelf_detector:/home/raghav/turtlebot4_ws/install/empty_shelf_msgs:/home/raghav/turtlebot4_ws/install/turtlebot4_simulator:/home/raghav/turtlebot4_ws/install/turtlebot4_ignition_bringup:/opt/ros/humble /usr/bin/cmake --build /home/raghav/turtlebot4_ws/build/turtlebot4_ignition_bringup -- -j8 -l8
[1.803s] DEBUG:colcon.colcon_core.event_handler.log_command:Invoked command in '/home/raghav/turtlebot4_ws/build/turtlebot4_ignition_bringup' returned '0': CMAKE_PREFIX_PATH=/home/raghav/turtlebot4_ws/install/turtlebot4_ignition_toolbox:/home/raghav/turtlebot4_ws/install/turtlebot4_ignition_gui_plugins:/home/raghav/turtlebot4_ws/install/empty_shelf_detector:/home/raghav/turtlebot4_ws/install/empty_shelf_msgs:/home/raghav/turtlebot4_ws/install/turtlebot4_simulator:/home/raghav/turtlebot4_ws/install/turtlebot4_ignition_bringup:/opt/ros/humble /usr/bin/cmake --build /home/raghav/turtlebot4_ws/build/turtlebot4_ignition_bringup -- -j8 -l8
[1.806s] DEBUG:colcon.colcon_core.event_handler.log_command:Invoking command in '/home/raghav/turtlebot4_ws/build/turtlebot4_ignition_bringup': CMAKE_PREFIX_PATH=/home/raghav/turtlebot4_ws/install/turtlebot4_ignition_toolbox:/home/raghav/turtlebot4_ws/install/turtlebot4_ignition_gui_plugins:/home/raghav/turtlebot4_ws/install/empty_shelf_detector:/home/raghav/turtlebot4_ws/install/empty_shelf_msgs:/home/raghav/turtlebot4_ws/install/turtlebot4_simulator:/home/raghav/turtlebot4_ws/install/turtlebot4_ignition_bringup:/opt/ros/humble /usr/bin/cmake --install /home/raghav/turtlebot4_ws/build/turtlebot4_ignition_bringup
[1.823s] Level 1:colcon.colcon_core.environment:create_environment_scripts_only(turtlebot4_ignition_bringup)
[1.824s] Level 1:colcon.colcon_core.environment:checking '/home/raghav/turtlebot4_ws/install/turtlebot4_ignition_bringup' for CMake module files
[1.825s] DEBUG:colcon.colcon_core.event_handler.log_command:Invoked command in '/home/raghav/turtlebot4_ws/build/turtlebot4_ignition_bringup' returned '0': CMAKE_PREFIX_PATH=/home/raghav/turtlebot4_ws/install/turtlebot4_ignition_toolbox:/home/raghav/turtlebot4_ws/install/turtlebot4_ignition_gui_plugins:/home/raghav/turtlebot4_ws/install/empty_shelf_detector:/home/raghav/turtlebot4_ws/install/empty_shelf_msgs:/home/raghav/turtlebot4_ws/install/turtlebot4_simulator:/home/raghav/turtlebot4_ws/install/turtlebot4_ignition_bringup:/opt/ros/humble /usr/bin/cmake --install /home/raghav/turtlebot4_ws/build/turtlebot4_ignition_bringup
[1.826s] Level 1:colcon.colcon_core.environment:checking '/home/raghav/turtlebot4_ws/install/turtlebot4_ignition_bringup' for CMake config files
[1.827s] Level 1:colcon.colcon_core.shell:create_environment_hook('turtlebot4_ignition_bringup', 'cmake_prefix_path')
[1.827s] INFO:colcon.colcon_core.shell:Creating environment hook '/home/raghav/turtlebot4_ws/install/turtlebot4_ignition_bringup/share/turtlebot4_ignition_bringup/hook/cmake_prefix_path.ps1'
[1.829s] INFO:colcon.colcon_core.shell:Creating environment descriptor '/home/raghav/turtlebot4_ws/install/turtlebot4_ignition_bringup/share/turtlebot4_ignition_bringup/hook/cmake_prefix_path.dsv'
[1.830s] INFO:colcon.colcon_core.shell:Creating environment hook '/home/raghav/turtlebot4_ws/install/turtlebot4_ignition_bringup/share/turtlebot4_ignition_bringup/hook/cmake_prefix_path.sh'
[1.831s] Level 1:colcon.colcon_core.environment:checking '/home/raghav/turtlebot4_ws/install/turtlebot4_ignition_bringup/bin'
[1.831s] Level 1:colcon.colcon_core.environment:checking '/home/raghav/turtlebot4_ws/install/turtlebot4_ignition_bringup/lib/pkgconfig/turtlebot4_ignition_bringup.pc'
[1.831s] Level 1:colcon.colcon_core.environment:checking '/home/raghav/turtlebot4_ws/install/turtlebot4_ignition_bringup/lib/python3.10/site-packages'
[1.832s] Level 1:colcon.colcon_core.environment:checking '/home/raghav/turtlebot4_ws/install/turtlebot4_ignition_bringup/bin'
[1.832s] INFO:colcon.colcon_core.shell:Creating package script '/home/raghav/turtlebot4_ws/install/turtlebot4_ignition_bringup/share/turtlebot4_ignition_bringup/package.ps1'
[1.834s] INFO:colcon.colcon_core.shell:Creating package descriptor '/home/raghav/turtlebot4_ws/install/turtlebot4_ignition_bringup/share/turtlebot4_ignition_bringup/package.dsv'
[1.835s] INFO:colcon.colcon_core.shell:Creating package script '/home/raghav/turtlebot4_ws/install/turtlebot4_ignition_bringup/share/turtlebot4_ignition_bringup/package.sh'
[1.836s] INFO:colcon.colcon_core.shell:Creating package script '/home/raghav/turtlebot4_ws/install/turtlebot4_ignition_bringup/share/turtlebot4_ignition_bringup/package.bash'
[1.837s] INFO:colcon.colcon_core.shell:Creating package script '/home/raghav/turtlebot4_ws/install/turtlebot4_ignition_bringup/share/turtlebot4_ignition_bringup/package.zsh'
[1.837s] Level 1:colcon.colcon_core.environment:create_file_with_runtime_dependencies(/home/raghav/turtlebot4_ws/install/turtlebot4_ignition_bringup/share/colcon-core/packages/turtlebot4_ignition_bringup)
[1.838s] Level 1:colcon.colcon_core.environment:create_environment_scripts_only(turtlebot4_ignition_bringup)
[1.839s] Level 1:colcon.colcon_core.environment:checking '/home/raghav/turtlebot4_ws/install/turtlebot4_ignition_bringup' for CMake module files
[1.840s] Level 1:colcon.colcon_core.environment:checking '/home/raghav/turtlebot4_ws/install/turtlebot4_ignition_bringup' for CMake config files
[1.840s] Level 1:colcon.colcon_core.shell:create_environment_hook('turtlebot4_ignition_bringup', 'cmake_prefix_path')
[1.842s] INFO:colcon.colcon_core.shell:Creating environment hook '/home/raghav/turtlebot4_ws/install/turtlebot4_ignition_bringup/share/turtlebot4_ignition_bringup/hook/cmake_prefix_path.ps1'
[1.843s] INFO:colcon.colcon_core.shell:Creating environment descriptor '/home/raghav/turtlebot4_ws/install/turtlebot4_ignition_bringup/share/turtlebot4_ignition_bringup/hook/cmake_prefix_path.dsv'
[1.843s] INFO:colcon.colcon_core.shell:Creating environment hook '/home/raghav/turtlebot4_ws/install/turtlebot4_ignition_bringup/share/turtlebot4_ignition_bringup/hook/cmake_prefix_path.sh'
[1.845s] Level 1:colcon.colcon_core.environment:checking '/home/raghav/turtlebot4_ws/install/turtlebot4_ignition_bringup/bin'
[1.845s] Level 1:colcon.colcon_core.environment:checking '/home/raghav/turtlebot4_ws/install/turtlebot4_ignition_bringup/lib/pkgconfig/turtlebot4_ignition_bringup.pc'
[1.845s] Level 1:colcon.colcon_core.environment:checking '/home/raghav/turtlebot4_ws/install/turtlebot4_ignition_bringup/lib/python3.10/site-packages'
[1.846s] Level 1:colcon.colcon_core.environment:checking '/home/raghav/turtlebot4_ws/install/turtlebot4_ignition_bringup/bin'
[1.848s] INFO:colcon.colcon_core.shell:Creating package script '/home/raghav/turtlebot4_ws/install/turtlebot4_ignition_bringup/share/turtlebot4_ignition_bringup/package.ps1'
[1.850s] INFO:colcon.colcon_core.shell:Creating package descriptor '/home/raghav/turtlebot4_ws/install/turtlebot4_ignition_bringup/share/turtlebot4_ignition_bringup/package.dsv'
[1.851s] INFO:colcon.colcon_core.shell:Creating package script '/home/raghav/turtlebot4_ws/install/turtlebot4_ignition_bringup/share/turtlebot4_ignition_bringup/package.sh'
[1.852s] INFO:colcon.colcon_core.shell:Creating package script '/home/raghav/turtlebot4_ws/install/turtlebot4_ignition_bringup/share/turtlebot4_ignition_bringup/package.bash'
[1.854s] INFO:colcon.colcon_core.shell:Creating package script '/home/raghav/turtlebot4_ws/install/turtlebot4_ignition_bringup/share/turtlebot4_ignition_bringup/package.zsh'
[1.855s] Level 1:colcon.colcon_core.environment:create_file_with_runtime_dependencies(/home/raghav/turtlebot4_ws/install/turtlebot4_ignition_bringup/share/colcon-core/packages/turtlebot4_ignition_bringup)
[1.856s] INFO:colcon.colcon_ros.task.ament_cmake.build:Building ROS package in '/home/raghav/turtlebot4_ws/src/turtlebot4_simulator/turtlebot4_simulator' with build type 'ament_cmake'
[1.856s] INFO:colcon.colcon_cmake.task.cmake.build:Building CMake package in '/home/raghav/turtlebot4_ws/src/turtlebot4_simulator/turtlebot4_simulator'
[1.857s] INFO:colcon.colcon_core.shell:Skip shell extension 'powershell' for command environment: Not usable outside of PowerShell
[1.857s] DEBUG:colcon.colcon_core.shell:Skip shell extension 'dsv' for command environment
[1.886s] DEBUG:colcon.colcon_core.event_handler.log_command:Invoking command in '/home/raghav/turtlebot4_ws/build/turtlebot4_simulator': CMAKE_PREFIX_PATH=/home/raghav/turtlebot4_ws/install/turtlebot4_ignition_bringup:/home/raghav/turtlebot4_ws/install/turtlebot4_ignition_toolbox:/home/raghav/turtlebot4_ws/install/turtlebot4_ignition_gui_plugins:/home/raghav/turtlebot4_ws/install/empty_shelf_detector:/home/raghav/turtlebot4_ws/install/empty_shelf_msgs:/home/raghav/turtlebot4_ws/install/turtlebot4_simulator:/opt/ros/humble /usr/bin/cmake --build /home/raghav/turtlebot4_ws/build/turtlebot4_simulator -- -j8 -l8
[1.978s] DEBUG:colcon.colcon_core.event_handler.log_command:Invoked command in '/home/raghav/turtlebot4_ws/build/turtlebot4_simulator' returned '0': CMAKE_PREFIX_PATH=/home/raghav/turtlebot4_ws/install/turtlebot4_ignition_bringup:/home/raghav/turtlebot4_ws/install/turtlebot4_ignition_toolbox:/home/raghav/turtlebot4_ws/install/turtlebot4_ignition_gui_plugins:/home/raghav/turtlebot4_ws/install/empty_shelf_detector:/home/raghav/turtlebot4_ws/install/empty_shelf_msgs:/home/raghav/turtlebot4_ws/install/turtlebot4_simulator:/opt/ros/humble /usr/bin/cmake --build /home/raghav/turtlebot4_ws/build/turtlebot4_simulator -- -j8 -l8
[1.980s] DEBUG:colcon.colcon_core.event_handler.log_command:Invoking command in '/home/raghav/turtlebot4_ws/build/turtlebot4_simulator': CMAKE_PREFIX_PATH=/home/raghav/turtlebot4_ws/install/turtlebot4_ignition_bringup:/home/raghav/turtlebot4_ws/install/turtlebot4_ignition_toolbox:/home/raghav/turtlebot4_ws/install/turtlebot4_ignition_gui_plugins:/home/raghav/turtlebot4_ws/install/empty_shelf_detector:/home/raghav/turtlebot4_ws/install/empty_shelf_msgs:/home/raghav/turtlebot4_ws/install/turtlebot4_simulator:/opt/ros/humble /usr/bin/cmake --install /home/raghav/turtlebot4_ws/build/turtlebot4_simulator
[2.000s] Level 1:colcon.colcon_core.environment:create_environment_scripts_only(turtlebot4_simulator)
[2.001s] Level 1:colcon.colcon_core.environment:checking '/home/raghav/turtlebot4_ws/install/turtlebot4_simulator' for CMake module files
[2.002s] DEBUG:colcon.colcon_core.event_handler.log_command:Invoked command in '/home/raghav/turtlebot4_ws/build/turtlebot4_simulator' returned '0': CMAKE_PREFIX_PATH=/home/raghav/turtlebot4_ws/install/turtlebot4_ignition_bringup:/home/raghav/turtlebot4_ws/install/turtlebot4_ignition_toolbox:/home/raghav/turtlebot4_ws/install/turtlebot4_ignition_gui_plugins:/home/raghav/turtlebot4_ws/install/empty_shelf_detector:/home/raghav/turtlebot4_ws/install/empty_shelf_msgs:/home/raghav/turtlebot4_ws/install/turtlebot4_simulator:/opt/ros/humble /usr/bin/cmake --install /home/raghav/turtlebot4_ws/build/turtlebot4_simulator
[2.003s] Level 1:colcon.colcon_core.environment:checking '/home/raghav/turtlebot4_ws/install/turtlebot4_simulator' for CMake config files
[2.003s] Level 1:colcon.colcon_core.shell:create_environment_hook('turtlebot4_simulator', 'cmake_prefix_path')
[2.003s] INFO:colcon.colcon_core.shell:Creating environment hook '/home/raghav/turtlebot4_ws/install/turtlebot4_simulator/share/turtlebot4_simulator/hook/cmake_prefix_path.ps1'
[2.004s] INFO:colcon.colcon_core.shell:Creating environment descriptor '/home/raghav/turtlebot4_ws/install/turtlebot4_simulator/share/turtlebot4_simulator/hook/cmake_prefix_path.dsv'
[2.005s] INFO:colcon.colcon_core.shell:Creating environment hook '/home/raghav/turtlebot4_ws/install/turtlebot4_simulator/share/turtlebot4_simulator/hook/cmake_prefix_path.sh'
[2.006s] Level 1:colcon.colcon_core.environment:checking '/home/raghav/turtlebot4_ws/install/turtlebot4_simulator/bin'
[2.006s] Level 1:colcon.colcon_core.environment:checking '/home/raghav/turtlebot4_ws/install/turtlebot4_simulator/lib/pkgconfig/turtlebot4_simulator.pc'
[2.007s] Level 1:colcon.colcon_core.environment:checking '/home/raghav/turtlebot4_ws/install/turtlebot4_simulator/lib/python3.10/site-packages'
[2.007s] Level 1:colcon.colcon_core.environment:checking '/home/raghav/turtlebot4_ws/install/turtlebot4_simulator/bin'
[2.008s] INFO:colcon.colcon_core.shell:Creating package script '/home/raghav/turtlebot4_ws/install/turtlebot4_simulator/share/turtlebot4_simulator/package.ps1'
[2.009s] INFO:colcon.colcon_core.shell:Creating package descriptor '/home/raghav/turtlebot4_ws/install/turtlebot4_simulator/share/turtlebot4_simulator/package.dsv'
[2.009s] INFO:colcon.colcon_core.shell:Creating package script '/home/raghav/turtlebot4_ws/install/turtlebot4_simulator/share/turtlebot4_simulator/package.sh'
[2.010s] INFO:colcon.colcon_core.shell:Creating package script '/home/raghav/turtlebot4_ws/install/turtlebot4_simulator/share/turtlebot4_simulator/package.bash'
[2.011s] INFO:colcon.colcon_core.shell:Creating package script '/home/raghav/turtlebot4_ws/install/turtlebot4_simulator/share/turtlebot4_simulator/package.zsh'
[2.011s] Level 1:colcon.colcon_core.environment:create_file_with_runtime_dependencies(/home/raghav/turtlebot4_ws/install/turtlebot4_simulator/share/colcon-core/packages/turtlebot4_simulator)
[2.012s] Level 1:colcon.colcon_core.environment:create_environment_scripts_only(turtlebot4_simulator)
[2.013s] Level 1:colcon.colcon_core.environment:checking '/home/raghav/turtlebot4_ws/install/turtlebot4_simulator' for CMake module files
[2.014s] Level 1:colcon.colcon_core.environment:checking '/home/raghav/turtlebot4_ws/install/turtlebot4_simulator' for CMake config files
[2.014s] Level 1:colcon.colcon_core.shell:create_environment_hook('turtlebot4_simulator', 'cmake_prefix_path')
[2.014s] INFO:colcon.colcon_core.shell:Creating environment hook '/home/raghav/turtlebot4_ws/install/turtlebot4_simulator/share/turtlebot4_simulator/hook/cmake_prefix_path.ps1'
[2.015s] INFO:colcon.colcon_core.shell:Creating environment descriptor '/home/raghav/turtlebot4_ws/install/turtlebot4_simulator/share/turtlebot4_simulator/hook/cmake_prefix_path.dsv'
[2.016s] INFO:colcon.colcon_core.shell:Creating environment hook '/home/raghav/turtlebot4_ws/install/turtlebot4_simulator/share/turtlebot4_simulator/hook/cmake_prefix_path.sh'
[2.017s] Level 1:colcon.colcon_core.environment:checking '/home/raghav/turtlebot4_ws/install/turtlebot4_simulator/bin'
[2.017s] Level 1:colcon.colcon_core.environment:checking '/home/raghav/turtlebot4_ws/install/turtlebot4_simulator/lib/pkgconfig/turtlebot4_simulator.pc'
[2.017s] Level 1:colcon.colcon_core.environment:checking '/home/raghav/turtlebot4_ws/install/turtlebot4_simulator/lib/python3.10/site-packages'
[2.018s] Level 1:colcon.colcon_core.environment:checking '/home/raghav/turtlebot4_ws/install/turtlebot4_simulator/bin'
[2.018s] INFO:colcon.colcon_core.shell:Creating package script '/home/raghav/turtlebot4_ws/install/turtlebot4_simulator/share/turtlebot4_simulator/package.ps1'
[2.019s] INFO:colcon.colcon_core.shell:Creating package descriptor '/home/raghav/turtlebot4_ws/install/turtlebot4_simulator/share/turtlebot4_simulator/package.dsv'
[2.020s] INFO:colcon.colcon_core.shell:Creating package script '/home/raghav/turtlebot4_ws/install/turtlebot4_simulator/share/turtlebot4_simulator/package.sh'
[2.021s] INFO:colcon.colcon_core.shell:Creating package script '/home/raghav/turtlebot4_ws/install/turtlebot4_simulator/share/turtlebot4_simulator/package.bash'
[2.021s] INFO:colcon.colcon_core.shell:Creating package script '/home/raghav/turtlebot4_ws/install/turtlebot4_simulator/share/turtlebot4_simulator/package.zsh'
[2.022s] Level 1:colcon.colcon_core.environment:create_file_with_runtime_dependencies(/home/raghav/turtlebot4_ws/install/turtlebot4_simulator/share/colcon-core/packages/turtlebot4_simulator)
[2.759s] DEBUG:colcon.colcon_core.event_handler.log_command:Invoked command in '/home/raghav/turtlebot4_ws/build/empty_shelf_msgs' returned '0': CMAKE_PREFIX_PATH=${CMAKE_PREFIX_PATH}:/opt/ros/humble /usr/bin/cmake --build /home/raghav/turtlebot4_ws/build/empty_shelf_msgs -- -j8 -l8
[2.763s] DEBUG:colcon.colcon_core.event_handler.log_command:Invoking command in '/home/raghav/turtlebot4_ws/build/empty_shelf_msgs': CMAKE_PREFIX_PATH=${CMAKE_PREFIX_PATH}:/opt/ros/humble /usr/bin/cmake --install /home/raghav/turtlebot4_ws/build/empty_shelf_msgs
[2.909s] Level 1:colcon.colcon_core.environment:create_environment_scripts_only(empty_shelf_msgs)
[2.909s] Level 1:colcon.colcon_core.environment:checking '/home/raghav/turtlebot4_ws/install/empty_shelf_msgs' for CMake module files
[2.912s] DEBUG:colcon.colcon_core.event_handler.log_command:Invoked command in '/home/raghav/turtlebot4_ws/build/empty_shelf_msgs' returned '0': CMAKE_PREFIX_PATH=${CMAKE_PREFIX_PATH}:/opt/ros/humble /usr/bin/cmake --install /home/raghav/turtlebot4_ws/build/empty_shelf_msgs
[2.912s] Level 1:colcon.colcon_core.environment:checking '/home/raghav/turtlebot4_ws/install/empty_shelf_msgs' for CMake config files
[2.913s] Level 1:colcon.colcon_core.shell:create_environment_hook('empty_shelf_msgs', 'cmake_prefix_path')
[2.914s] INFO:colcon.colcon_core.shell:Creating environment hook '/home/raghav/turtlebot4_ws/install/empty_shelf_msgs/share/empty_shelf_msgs/hook/cmake_prefix_path.ps1'
[2.916s] INFO:colcon.colcon_core.shell:Creating environment descriptor '/home/raghav/turtlebot4_ws/install/empty_shelf_msgs/share/empty_shelf_msgs/hook/cmake_prefix_path.dsv'
[2.917s] INFO:colcon.colcon_core.shell:Creating environment hook '/home/raghav/turtlebot4_ws/install/empty_shelf_msgs/share/empty_shelf_msgs/hook/cmake_prefix_path.sh'
[2.919s] Level 1:colcon.colcon_core.environment:checking '/home/raghav/turtlebot4_ws/install/empty_shelf_msgs/lib'
[2.919s] Level 1:colcon.colcon_core.shell:create_environment_hook('empty_shelf_msgs', 'ld_library_path_lib')
[2.920s] INFO:colcon.colcon_core.shell:Creating environment hook '/home/raghav/turtlebot4_ws/install/empty_shelf_msgs/share/empty_shelf_msgs/hook/ld_library_path_lib.ps1'
[2.921s] INFO:colcon.colcon_core.shell:Creating environment descriptor '/home/raghav/turtlebot4_ws/install/empty_shelf_msgs/share/empty_shelf_msgs/hook/ld_library_path_lib.dsv'
[2.922s] INFO:colcon.colcon_core.shell:Creating environment hook '/home/raghav/turtlebot4_ws/install/empty_shelf_msgs/share/empty_shelf_msgs/hook/ld_library_path_lib.sh'
[2.923s] Level 1:colcon.colcon_core.environment:checking '/home/raghav/turtlebot4_ws/install/empty_shelf_msgs/bin'
[2.924s] Level 1:colcon.colcon_core.environment:checking '/home/raghav/turtlebot4_ws/install/empty_shelf_msgs/lib/pkgconfig/empty_shelf_msgs.pc'
[2.924s] Level 1:colcon.colcon_core.environment:checking '/home/raghav/turtlebot4_ws/install/empty_shelf_msgs/lib/python3.10/site-packages'
[2.925s] Level 1:colcon.colcon_core.environment:checking '/home/raghav/turtlebot4_ws/install/empty_shelf_msgs/bin'
[2.926s] INFO:colcon.colcon_core.shell:Creating package script '/home/raghav/turtlebot4_ws/install/empty_shelf_msgs/share/empty_shelf_msgs/package.ps1'
[2.927s] INFO:colcon.colcon_core.shell:Creating package descriptor '/home/raghav/turtlebot4_ws/install/empty_shelf_msgs/share/empty_shelf_msgs/package.dsv'
[2.928s] INFO:colcon.colcon_core.shell:Creating package script '/home/raghav/turtlebot4_ws/install/empty_shelf_msgs/share/empty_shelf_msgs/package.sh'
[2.929s] INFO:colcon.colcon_core.shell:Creating package script '/home/raghav/turtlebot4_ws/install/empty_shelf_msgs/share/empty_shelf_msgs/package.bash'
[2.930s] INFO:colcon.colcon_core.shell:Creating package script '/home/raghav/turtlebot4_ws/install/empty_shelf_msgs/share/empty_shelf_msgs/package.zsh'
[2.931s] Level 1:colcon.colcon_core.environment:create_file_with_runtime_dependencies(/home/raghav/turtlebot4_ws/install/empty_shelf_msgs/share/colcon-core/packages/empty_shelf_msgs)
[2.932s] Level 1:colcon.colcon_core.environment:create_environment_scripts_only(empty_shelf_msgs)
[2.933s] Level 1:colcon.colcon_core.environment:checking '/home/raghav/turtlebot4_ws/install/empty_shelf_msgs' for CMake module files
[2.934s] Level 1:colcon.colcon_core.environment:checking '/home/raghav/turtlebot4_ws/install/empty_shelf_msgs' for CMake config files
[2.935s] Level 1:colcon.colcon_core.shell:create_environment_hook('empty_shelf_msgs', 'cmake_prefix_path')
[2.935s] INFO:colcon.colcon_core.shell:Creating environment hook '/home/raghav/turtlebot4_ws/install/empty_shelf_msgs/share/empty_shelf_msgs/hook/cmake_prefix_path.ps1'
[2.936s] INFO:colcon.colcon_core.shell:Creating environment descriptor '/home/raghav/turtlebot4_ws/install/empty_shelf_msgs/share/empty_shelf_msgs/hook/cmake_prefix_path.dsv'
[2.937s] INFO:colcon.colcon_core.shell:Creating environment hook '/home/raghav/turtlebot4_ws/install/empty_shelf_msgs/share/empty_shelf_msgs/hook/cmake_prefix_path.sh'
[2.939s] Level 1:colcon.colcon_core.environment:checking '/home/raghav/turtlebot4_ws/install/empty_shelf_msgs/lib'
[2.939s] Level 1:colcon.colcon_core.shell:create_environment_hook('empty_shelf_msgs', 'ld_library_path_lib')
[2.940s] INFO:colcon.colcon_core.shell:Creating environment hook '/home/raghav/turtlebot4_ws/install/empty_shelf_msgs/share/empty_shelf_msgs/hook/ld_library_path_lib.ps1'
[2.941s] INFO:colcon.colcon_core.shell:Creating environment descriptor '/home/raghav/turtlebot4_ws/install/empty_shelf_msgs/share/empty_shelf_msgs/hook/ld_library_path_lib.dsv'
[2.942s] INFO:colcon.colcon_core.shell:Creating environment hook '/home/raghav/turtlebot4_ws/install/empty_shelf_msgs/share/empty_shelf_msgs/hook/ld_library_path_lib.sh'
[2.944s] Level 1:colcon.colcon_core.environment:checking '/home/raghav/turtlebot4_ws/install/empty_shelf_msgs/bin'
[2.944s] Level 1:colcon.colcon_core.environment:checking '/home/raghav/turtlebot4_ws/install/empty_shelf_msgs/lib/pkgconfig/empty_shelf_msgs.pc'
[2.944s] Level 1:colcon.colcon_core.environment:checking '/home/raghav/turtlebot4_ws/install/empty_shelf_msgs/lib/python3.10/site-packages'
[2.945s] Level 1:colcon.colcon_core.environment:checking '/home/raghav/turtlebot4_ws/install/empty_shelf_msgs/bin'
[2.946s] INFO:colcon.colcon_core.shell:Creating package script '/home/raghav/turtlebot4_ws/install/empty_shelf_msgs/share/empty_shelf_msgs/package.ps1'
[2.947s] INFO:colcon.colcon_core.shell:Creating package descriptor '/home/raghav/turtlebot4_ws/install/empty_shelf_msgs/share/empty_shelf_msgs/package.dsv'
[2.948s] INFO:colcon.colcon_core.shell:Creating package script '/home/raghav/turtlebot4_ws/install/empty_shelf_msgs/share/empty_shelf_msgs/package.sh'
[2.949s] INFO:colcon.colcon_core.shell:Creating package script '/home/raghav/turtlebot4_ws/install/empty_shelf_msgs/share/empty_shelf_msgs/package.bash'
[2.950s] INFO:colcon.colcon_core.shell:Creating package script '/home/raghav/turtlebot4_ws/install/empty_shelf_msgs/share/empty_shelf_msgs/package.zsh'
[2.951s] Level 1:colcon.colcon_core.environment:create_file_with_runtime_dependencies(/home/raghav/turtlebot4_ws/install/empty_shelf_msgs/share/colcon-core/packages/empty_shelf_msgs)
[2.952s] INFO:colcon.colcon_ros.task.ament_cmake.build:Building ROS package in '/home/raghav/turtlebot4_ws/src/empty_shelf_detector' with build type 'ament_cmake'
[2.953s] INFO:colcon.colcon_cmake.task.cmake.build:Building CMake package in '/home/raghav/turtlebot4_ws/src/empty_shelf_detector'
[2.954s] INFO:colcon.colcon_core.shell:Skip shell extension 'powershell' for command environment: Not usable outside of PowerShell
[2.954s] DEBUG:colcon.colcon_core.shell:Skip shell extension 'dsv' for command environment
[2.982s] DEBUG:colcon.colcon_core.event_handler.log_command:Invoking command in '/home/raghav/turtlebot4_ws/build/empty_shelf_detector': CMAKE_PREFIX_PATH=/home/raghav/turtlebot4_ws/install/empty_shelf_msgs:/home/raghav/turtlebot4_ws/install/empty_shelf_detector:/home/raghav/turtlebot4_ws/install/turtlebot4_simulator:/home/raghav/turtlebot4_ws/install/turtlebot4_ignition_bringup:/home/raghav/turtlebot4_ws/install/turtlebot4_ignition_toolbox:/home/raghav/turtlebot4_ws/install/turtlebot4_ignition_gui_plugins:/opt/ros/humble /usr/bin/cmake --build /home/raghav/turtlebot4_ws/build/empty_shelf_detector -- -j8 -l8
[4.623s] DEBUG:colcon.colcon_core.event_handler.log_command:Invoked command in '/home/raghav/turtlebot4_ws/build/empty_shelf_detector' returned '0': CMAKE_PREFIX_PATH=/home/raghav/turtlebot4_ws/install/empty_shelf_msgs:/home/raghav/turtlebot4_ws/install/empty_shelf_detector:/home/raghav/turtlebot4_ws/install/turtlebot4_simulator:/home/raghav/turtlebot4_ws/install/turtlebot4_ignition_bringup:/home/raghav/turtlebot4_ws/install/turtlebot4_ignition_toolbox:/home/raghav/turtlebot4_ws/install/turtlebot4_ignition_gui_plugins:/opt/ros/humble /usr/bin/cmake --build /home/raghav/turtlebot4_ws/build/empty_shelf_detector -- -j8 -l8
[4.626s] DEBUG:colcon.colcon_core.event_handler.log_command:Invoking command in '/home/raghav/turtlebot4_ws/build/empty_shelf_detector': CMAKE_PREFIX_PATH=/home/raghav/turtlebot4_ws/install/empty_shelf_msgs:/home/raghav/turtlebot4_ws/install/empty_shelf_detector:/home/raghav/turtlebot4_ws/install/turtlebot4_simulator:/home/raghav/turtlebot4_ws/install/turtlebot4_ignition_bringup:/home/raghav/turtlebot4_ws/install/turtlebot4_ignition_toolbox:/home/raghav/turtlebot4_ws/install/turtlebot4_ignition_gui_plugins:/opt/ros/humble /usr/bin/cmake --install /home/raghav/turtlebot4_ws/build/empty_shelf_detector
[4.753s] Level 1:colcon.colcon_core.environment:create_environment_scripts_only(empty_shelf_detector)
[4.754s] Level 1:colcon.colcon_core.environment:checking '/home/raghav/turtlebot4_ws/install/empty_shelf_detector' for CMake module files
[4.756s] DEBUG:colcon.colcon_core.event_handler.log_command:Invoked command in '/home/raghav/turtlebot4_ws/build/empty_shelf_detector' returned '0': CMAKE_PREFIX_PATH=/home/raghav/turtlebot4_ws/install/empty_shelf_msgs:/home/raghav/turtlebot4_ws/install/empty_shelf_detector:/home/raghav/turtlebot4_ws/install/turtlebot4_simulator:/home/raghav/turtlebot4_ws/install/turtlebot4_ignition_bringup:/home/raghav/turtlebot4_ws/install/turtlebot4_ignition_toolbox:/home/raghav/turtlebot4_ws/install/turtlebot4_ignition_gui_plugins:/opt/ros/humble /usr/bin/cmake --install /home/raghav/turtlebot4_ws/build/empty_shelf_detector
[4.757s] Level 1:colcon.colcon_core.environment:checking '/home/raghav/turtlebot4_ws/install/empty_shelf_detector' for CMake config files
[4.757s] Level 1:colcon.colcon_core.shell:create_environment_hook('empty_shelf_detector', 'cmake_prefix_path')
[4.758s] INFO:colcon.colcon_core.shell:Creating environment hook '/home/raghav/turtlebot4_ws/install/empty_shelf_detector/share/empty_shelf_detector/hook/cmake_prefix_path.ps1'
[4.760s] INFO:colcon.colcon_core.shell:Creating environment descriptor '/home/raghav/turtlebot4_ws/install/empty_shelf_detector/share/empty_shelf_detector/hook/cmake_prefix_path.dsv'
[4.761s] INFO:colcon.colcon_core.shell:Creating environment hook '/home/raghav/turtlebot4_ws/install/empty_shelf_detector/share/empty_shelf_detector/hook/cmake_prefix_path.sh'
[4.763s] Level 1:colcon.colcon_core.environment:checking '/home/raghav/turtlebot4_ws/install/empty_shelf_detector/bin'
[4.763s] Level 1:colcon.colcon_core.environment:checking '/home/raghav/turtlebot4_ws/install/empty_shelf_detector/lib/pkgconfig/empty_shelf_detector.pc'
[4.764s] Level 1:colcon.colcon_core.environment:checking '/home/raghav/turtlebot4_ws/install/empty_shelf_detector/lib/python3.10/site-packages'
[4.764s] Level 1:colcon.colcon_core.environment:checking '/home/raghav/turtlebot4_ws/install/empty_shelf_detector/bin'
[4.765s] INFO:colcon.colcon_core.shell:Creating package script '/home/raghav/turtlebot4_ws/install/empty_shelf_detector/share/empty_shelf_detector/package.ps1'
[4.766s] INFO:colcon.colcon_core.shell:Creating package descriptor '/home/raghav/turtlebot4_ws/install/empty_shelf_detector/share/empty_shelf_detector/package.dsv'
[4.767s] INFO:colcon.colcon_core.shell:Creating package script '/home/raghav/turtlebot4_ws/install/empty_shelf_detector/share/empty_shelf_detector/package.sh'
[4.768s] INFO:colcon.colcon_core.shell:Creating package script '/home/raghav/turtlebot4_ws/install/empty_shelf_detector/share/empty_shelf_detector/package.bash'
[4.770s] INFO:colcon.colcon_core.shell:Creating package script '/home/raghav/turtlebot4_ws/install/empty_shelf_detector/share/empty_shelf_detector/package.zsh'
[4.771s] Level 1:colcon.colcon_core.environment:create_file_with_runtime_dependencies(/home/raghav/turtlebot4_ws/install/empty_shelf_detector/share/colcon-core/packages/empty_shelf_detector)
[4.772s] Level 1:colcon.colcon_core.environment:create_environment_scripts_only(empty_shelf_detector)
[4.773s] Level 1:colcon.colcon_core.environment:checking '/home/raghav/turtlebot4_ws/install/empty_shelf_detector' for CMake module files
[4.774s] Level 1:colcon.colcon_core.environment:checking '/home/raghav/turtlebot4_ws/install/empty_shelf_detector' for CMake config files
[4.775s] Level 1:colcon.colcon_core.shell:create_environment_hook('empty_shelf_detector', 'cmake_prefix_path')
[4.776s] INFO:colcon.colcon_core.shell:Creating environment hook '/home/raghav/turtlebot4_ws/install/empty_shelf_detector/share/empty_shelf_detector/hook/cmake_prefix_path.ps1'
[4.777s] INFO:colcon.colcon_core.shell:Creating environment descriptor '/home/raghav/turtlebot4_ws/install/empty_shelf_detector/share/empty_shelf_detector/hook/cmake_prefix_path.dsv'
[4.778s] INFO:colcon.colcon_core.shell:Creating environment hook '/home/raghav/turtlebot4_ws/install/empty_shelf_detector/share/empty_shelf_detector/hook/cmake_prefix_path.sh'
[4.779s] Level 1:colcon.colcon_core.environment:checking '/home/raghav/turtlebot4_ws/install/empty_shelf_detector/bin'
[4.779s] Level 1:colcon.colcon_core.environment:checking '/home/raghav/turtlebot4_ws/install/empty_shelf_detector/lib/pkgconfig/empty_shelf_detector.pc'
[4.780s] Level 1:colcon.colcon_core.environment:checking '/home/raghav/turtlebot4_ws/install/empty_shelf_detector/lib/python3.10/site-packages'
[4.780s] Level 1:colcon.colcon_core.environment:checking '/home/raghav/turtlebot4_ws/install/empty_shelf_detector/bin'
[4.781s] INFO:colcon.colcon_core.shell:Creating package script '/home/raghav/turtlebot4_ws/install/empty_shelf_detector/share/empty_shelf_detector/package.ps1'
[4.782s] INFO:colcon.colcon_core.shell:Creating package descriptor '/home/raghav/turtlebot4_ws/install/empty_shelf_detector/share/empty_shelf_detector/package.dsv'
[4.783s] INFO:colcon.colcon_core.shell:Creating package script '/home/raghav/turtlebot4_ws/install/empty_shelf_detector/share/empty_shelf_detector/package.sh'
[4.784s] INFO:colcon.colcon_core.shell:Creating package script '/home/raghav/turtlebot4_ws/install/empty_shelf_detector/share/empty_shelf_detector/package.bash'
[4.785s] INFO:colcon.colcon_core.shell:Creating package script '/home/raghav/turtlebot4_ws/install/empty_shelf_detector/share/empty_shelf_detector/package.zsh'
[4.786s] Level 1:colcon.colcon_core.environment:create_file_with_runtime_dependencies(/home/raghav/turtlebot4_ws/install/empty_shelf_detector/share/colcon-core/packages/empty_shelf_detector)
[4.787s] DEBUG:colcon.colcon_parallel_executor.executor.parallel:closing loop
[4.787s] DEBUG:colcon.colcon_parallel_executor.executor.parallel:loop closed
[4.787s] DEBUG:colcon.colcon_parallel_executor.executor.parallel:run_until_complete finished with '0'
[4.788s] DEBUG:colcon.colcon_core.event_reactor:joining thread
[4.800s] INFO:colcon.colcon_core.plugin_system:Skipping extension 'colcon_notification.desktop_notification.terminal_notifier': Not used on non-Darwin systems
[4.800s] INFO:colcon.colcon_core.plugin_system:Skipping extension 'colcon_notification.desktop_notification.win32': Not used on non-Windows systems
[4.800s] INFO:colcon.colcon_notification.desktop_notification:Sending desktop notification using 'notify2'
[4.825s] DEBUG:colcon.colcon_core.event_reactor:joined thread
[4.826s] INFO:colcon.colcon_core.shell:Creating prefix script '/home/raghav/turtlebot4_ws/install/local_setup.ps1'
[4.828s] INFO:colcon.colcon_core.shell:Creating prefix util module '/home/raghav/turtlebot4_ws/install/_local_setup_util_ps1.py'
[4.831s] INFO:colcon.colcon_core.shell:Creating prefix chain script '/home/raghav/turtlebot4_ws/install/setup.ps1'
[4.835s] INFO:colcon.colcon_core.shell:Creating prefix script '/home/raghav/turtlebot4_ws/install/local_setup.sh'
[4.837s] INFO:colcon.colcon_core.shell:Creating prefix util module '/home/raghav/turtlebot4_ws/install/_local_setup_util_sh.py'
[4.838s] INFO:colcon.colcon_core.shell:Creating prefix chain script '/home/raghav/turtlebot4_ws/install/setup.sh'
[4.841s] INFO:colcon.colcon_core.shell:Creating prefix script '/home/raghav/turtlebot4_ws/install/local_setup.bash'
[4.842s] INFO:colcon.colcon_core.shell:Creating prefix chain script '/home/raghav/turtlebot4_ws/install/setup.bash'
[4.845s] INFO:colcon.colcon_core.shell:Creating prefix script '/home/raghav/turtlebot4_ws/install/local_setup.zsh'
[4.846s] INFO:colcon.colcon_core.shell:Creating prefix chain script '/home/raghav/turtlebot4_ws/install/setup.zsh'
