[0.325s] DEBUG:colcon:Command line arguments: ['/home/raghav/.local/bin/colcon', 'build']
[0.326s] DEBUG:colcon:Parsed command line arguments: Namespace(log_base=None, log_level=None, verb_name='build', build_base='build', install_base='install', merge_install=False, symlink_install=False, test_result_base=None, continue_on_error=False, executor='parallel', parallel_workers=8, event_handlers=None, ignore_user_meta=False, metas=['./colcon.meta'], base_paths=['.'], packages_ignore=None, packages_ignore_regex=None, paths=None, packages_up_to=None, packages_up_to_regex=None, packages_above=None, packages_above_and_dependencies=None, packages_above_depth=None, packages_select_by_dep=None, packages_skip_by_dep=None, packages_skip_up_to=None, packages_select_build_failed=False, packages_skip_build_finished=False, packages_select_test_failures=False, packages_skip_test_passed=False, packages_select=None, packages_skip=None, packages_select_regex=None, packages_skip_regex=None, packages_start=None, packages_end=None, allow_overriding=[], cmake_args=None, cmake_target=None, cmake_target_skip_unavailable=False, cmake_clean_cache=False, cmake_clean_first=False, cmake_force_configure=False, ament_cmake_args=None, catkin_cmake_args=None, catkin_skip_building_tests=False, mixin_files=None, mixin=None, verb_parser=<colcon_mixin.mixin.mixin_argument.MixinArgumentDecorator object at 0x7aef8c7fdea0>, verb_extension=<colcon_core.verb.build.BuildVerb object at 0x7aef8c8e6da0>, main=<bound method BuildVerb.main of <colcon_core.verb.build.BuildVerb object at 0x7aef8c8e6da0>>, mixin_verb=('build',))
[0.624s] Level 1:colcon.colcon_core.package_discovery:discover_packages(colcon_meta) check parameters
[0.624s] Level 1:colcon.colcon_core.package_discovery:discover_packages(recursive) check parameters
[0.624s] Level 1:colcon.colcon_core.package_discovery:discover_packages(ignore) check parameters
[0.625s] Level 1:colcon.colcon_core.package_discovery:discover_packages(path) check parameters
[0.625s] Level 1:colcon.colcon_core.package_discovery:discover_packages(colcon_meta) discover
[0.625s] Level 1:colcon.colcon_core.package_discovery:discover_packages(recursive) discover
[0.625s] INFO:colcon.colcon_core.package_discovery:Crawling recursively for packages in '/home/raghav/turtlebot4_ws'
[0.625s] Level 1:colcon.colcon_core.package_identification:_identify(.) by extensions ['ignore', 'ignore_ament_install']
[0.625s] Level 1:colcon.colcon_core.package_identification:_identify(.) by extension 'ignore'
[0.625s] Level 1:colcon.colcon_core.package_identification:_identify(.) by extension 'ignore_ament_install'
[0.625s] Level 1:colcon.colcon_core.package_identification:_identify(.) by extensions ['colcon_pkg']
[0.625s] Level 1:colcon.colcon_core.package_identification:_identify(.) by extension 'colcon_pkg'
[0.625s] Level 1:colcon.colcon_core.package_identification:_identify(.) by extensions ['colcon_meta']
[0.625s] Level 1:colcon.colcon_core.package_identification:_identify(.) by extension 'colcon_meta'
[0.625s] Level 1:colcon.colcon_core.package_identification:_identify(.) by extensions ['ros']
[0.625s] Level 1:colcon.colcon_core.package_identification:_identify(.) by extension 'ros'
[0.641s] Level 1:colcon.colcon_core.package_identification:_identify(.) by extensions ['cmake', 'python']
[0.642s] Level 1:colcon.colcon_core.package_identification:_identify(.) by extension 'cmake'
[0.642s] Level 1:colcon.colcon_core.package_identification:_identify(.) by extension 'python'
[0.642s] Level 1:colcon.colcon_core.package_identification:_identify(.) by extensions ['python_setup_py']
[0.642s] Level 1:colcon.colcon_core.package_identification:_identify(.) by extension 'python_setup_py'
[0.642s] Level 1:colcon.colcon_core.package_identification:_identify(build) by extensions ['ignore', 'ignore_ament_install']
[0.642s] Level 1:colcon.colcon_core.package_identification:_identify(build) by extension 'ignore'
[0.642s] Level 1:colcon.colcon_core.package_identification:_identify(build) ignored
[0.655s] Level 1:colcon.colcon_core.package_identification:_identify(images) by extensions ['ignore', 'ignore_ament_install']
[0.656s] Level 1:colcon.colcon_core.package_identification:_identify(images) by extension 'ignore'
[0.656s] Level 1:colcon.colcon_core.package_identification:_identify(images) by extension 'ignore_ament_install'
[0.656s] Level 1:colcon.colcon_core.package_identification:_identify(images) by extensions ['colcon_pkg']
[0.656s] Level 1:colcon.colcon_core.package_identification:_identify(images) by extension 'colcon_pkg'
[0.656s] Level 1:colcon.colcon_core.package_identification:_identify(images) by extensions ['colcon_meta']
[0.656s] Level 1:colcon.colcon_core.package_identification:_identify(images) by extension 'colcon_meta'
[0.656s] Level 1:colcon.colcon_core.package_identification:_identify(images) by extensions ['ros']
[0.656s] Level 1:colcon.colcon_core.package_identification:_identify(images) by extension 'ros'
[0.656s] Level 1:colcon.colcon_core.package_identification:_identify(images) by extensions ['cmake', 'python']
[0.656s] Level 1:colcon.colcon_core.package_identification:_identify(images) by extension 'cmake'
[0.656s] Level 1:colcon.colcon_core.package_identification:_identify(images) by extension 'python'
[0.656s] Level 1:colcon.colcon_core.package_identification:_identify(images) by extensions ['python_setup_py']
[0.656s] Level 1:colcon.colcon_core.package_identification:_identify(images) by extension 'python_setup_py'
[0.656s] Level 1:colcon.colcon_core.package_identification:_identify(images/empty_crops) by extensions ['ignore', 'ignore_ament_install']
[0.657s] Level 1:colcon.colcon_core.package_identification:_identify(images/empty_crops) by extension 'ignore'
[0.657s] Level 1:colcon.colcon_core.package_identification:_identify(images/empty_crops) by extension 'ignore_ament_install'
[0.657s] Level 1:colcon.colcon_core.package_identification:_identify(images/empty_crops) by extensions ['colcon_pkg']
[0.657s] Level 1:colcon.colcon_core.package_identification:_identify(images/empty_crops) by extension 'colcon_pkg'
[0.657s] Level 1:colcon.colcon_core.package_identification:_identify(images/empty_crops) by extensions ['colcon_meta']
[0.657s] Level 1:colcon.colcon_core.package_identification:_identify(images/empty_crops) by extension 'colcon_meta'
[0.657s] Level 1:colcon.colcon_core.package_identification:_identify(images/empty_crops) by extensions ['ros']
[0.657s] Level 1:colcon.colcon_core.package_identification:_identify(images/empty_crops) by extension 'ros'
[0.657s] Level 1:colcon.colcon_core.package_identification:_identify(images/empty_crops) by extensions ['cmake', 'python']
[0.657s] Level 1:colcon.colcon_core.package_identification:_identify(images/empty_crops) by extension 'cmake'
[0.657s] Level 1:colcon.colcon_core.package_identification:_identify(images/empty_crops) by extension 'python'
[0.657s] Level 1:colcon.colcon_core.package_identification:_identify(images/empty_crops) by extensions ['python_setup_py']
[0.657s] Level 1:colcon.colcon_core.package_identification:_identify(images/empty_crops) by extension 'python_setup_py'
[0.657s] Level 1:colcon.colcon_core.package_identification:_identify(install) by extensions ['ignore', 'ignore_ament_install']
[0.658s] Level 1:colcon.colcon_core.package_identification:_identify(install) by extension 'ignore'
[0.658s] Level 1:colcon.colcon_core.package_identification:_identify(install) ignored
[0.658s] Level 1:colcon.colcon_core.package_identification:_identify(log) by extensions ['ignore', 'ignore_ament_install']
[0.658s] Level 1:colcon.colcon_core.package_identification:_identify(log) by extension 'ignore'
[0.658s] Level 1:colcon.colcon_core.package_identification:_identify(log) ignored
[0.658s] Level 1:colcon.colcon_core.package_identification:_identify(resource) by extensions ['ignore', 'ignore_ament_install']
[0.658s] Level 1:colcon.colcon_core.package_identification:_identify(resource) by extension 'ignore'
[0.658s] Level 1:colcon.colcon_core.package_identification:_identify(resource) by extension 'ignore_ament_install'
[0.658s] Level 1:colcon.colcon_core.package_identification:_identify(resource) by extensions ['colcon_pkg']
[0.658s] Level 1:colcon.colcon_core.package_identification:_identify(resource) by extension 'colcon_pkg'
[0.658s] Level 1:colcon.colcon_core.package_identification:_identify(resource) by extensions ['colcon_meta']
[0.658s] Level 1:colcon.colcon_core.package_identification:_identify(resource) by extension 'colcon_meta'
[0.658s] Level 1:colcon.colcon_core.package_identification:_identify(resource) by extensions ['ros']
[0.658s] Level 1:colcon.colcon_core.package_identification:_identify(resource) by extension 'ros'
[0.659s] Level 1:colcon.colcon_core.package_identification:_identify(resource) by extensions ['cmake', 'python']
[0.659s] Level 1:colcon.colcon_core.package_identification:_identify(resource) by extension 'cmake'
[0.659s] Level 1:colcon.colcon_core.package_identification:_identify(resource) by extension 'python'
[0.659s] Level 1:colcon.colcon_core.package_identification:_identify(resource) by extensions ['python_setup_py']
[0.659s] Level 1:colcon.colcon_core.package_identification:_identify(resource) by extension 'python_setup_py'
[0.659s] Level 1:colcon.colcon_core.package_identification:_identify(src) by extensions ['ignore', 'ignore_ament_install']
[0.659s] Level 1:colcon.colcon_core.package_identification:_identify(src) by extension 'ignore'
[0.659s] Level 1:colcon.colcon_core.package_identification:_identify(src) by extension 'ignore_ament_install'
[0.659s] Level 1:colcon.colcon_core.package_identification:_identify(src) by extensions ['colcon_pkg']
[0.659s] Level 1:colcon.colcon_core.package_identification:_identify(src) by extension 'colcon_pkg'
[0.659s] Level 1:colcon.colcon_core.package_identification:_identify(src) by extensions ['colcon_meta']
[0.659s] Level 1:colcon.colcon_core.package_identification:_identify(src) by extension 'colcon_meta'
[0.659s] Level 1:colcon.colcon_core.package_identification:_identify(src) by extensions ['ros']
[0.659s] Level 1:colcon.colcon_core.package_identification:_identify(src) by extension 'ros'
[0.660s] Level 1:colcon.colcon_core.package_identification:_identify(src) by extensions ['cmake', 'python']
[0.660s] Level 1:colcon.colcon_core.package_identification:_identify(src) by extension 'cmake'
[0.660s] Level 1:colcon.colcon_core.package_identification:_identify(src) by extension 'python'
[0.660s] Level 1:colcon.colcon_core.package_identification:_identify(src) by extensions ['python_setup_py']
[0.660s] Level 1:colcon.colcon_core.package_identification:_identify(src) by extension 'python_setup_py'
[0.660s] Level 1:colcon.colcon_core.package_identification:_identify(src/build) by extensions ['ignore', 'ignore_ament_install']
[0.660s] Level 1:colcon.colcon_core.package_identification:_identify(src/build) by extension 'ignore'
[0.660s] Level 1:colcon.colcon_core.package_identification:_identify(src/build) ignored
[0.660s] Level 1:colcon.colcon_core.package_identification:_identify(src/empty_shelf_detector) by extensions ['ignore', 'ignore_ament_install']
[0.660s] Level 1:colcon.colcon_core.package_identification:_identify(src/empty_shelf_detector) by extension 'ignore'
[0.660s] Level 1:colcon.colcon_core.package_identification:_identify(src/empty_shelf_detector) by extension 'ignore_ament_install'
[0.661s] Level 1:colcon.colcon_core.package_identification:_identify(src/empty_shelf_detector) by extensions ['colcon_pkg']
[0.661s] Level 1:colcon.colcon_core.package_identification:_identify(src/empty_shelf_detector) by extension 'colcon_pkg'
[0.661s] Level 1:colcon.colcon_core.package_identification:_identify(src/empty_shelf_detector) by extensions ['colcon_meta']
[0.661s] Level 1:colcon.colcon_core.package_identification:_identify(src/empty_shelf_detector) by extension 'colcon_meta'
[0.661s] Level 1:colcon.colcon_core.package_identification:_identify(src/empty_shelf_detector) by extensions ['ros']
[0.661s] Level 1:colcon.colcon_core.package_identification:_identify(src/empty_shelf_detector) by extension 'ros'
[0.667s] DEBUG:colcon.colcon_core.package_identification:Package 'src/empty_shelf_detector' with type 'ros.ament_cmake' and name 'empty_shelf_detector'
[0.667s] Level 1:colcon.colcon_core.package_identification:_identify(src/empty_shelf_msgs) by extensions ['ignore', 'ignore_ament_install']
[0.667s] Level 1:colcon.colcon_core.package_identification:_identify(src/empty_shelf_msgs) by extension 'ignore'
[0.667s] Level 1:colcon.colcon_core.package_identification:_identify(src/empty_shelf_msgs) by extension 'ignore_ament_install'
[0.667s] Level 1:colcon.colcon_core.package_identification:_identify(src/empty_shelf_msgs) by extensions ['colcon_pkg']
[0.667s] Level 1:colcon.colcon_core.package_identification:_identify(src/empty_shelf_msgs) by extension 'colcon_pkg'
[0.667s] Level 1:colcon.colcon_core.package_identification:_identify(src/empty_shelf_msgs) by extensions ['colcon_meta']
[0.668s] Level 1:colcon.colcon_core.package_identification:_identify(src/empty_shelf_msgs) by extension 'colcon_meta'
[0.668s] Level 1:colcon.colcon_core.package_identification:_identify(src/empty_shelf_msgs) by extensions ['ros']
[0.668s] Level 1:colcon.colcon_core.package_identification:_identify(src/empty_shelf_msgs) by extension 'ros'
[0.669s] DEBUG:colcon.colcon_core.package_identification:Package 'src/empty_shelf_msgs' with type 'ros.ament_cmake' and name 'empty_shelf_msgs'
[0.669s] Level 1:colcon.colcon_core.package_identification:_identify(src/install) by extensions ['ignore', 'ignore_ament_install']
[0.669s] Level 1:colcon.colcon_core.package_identification:_identify(src/install) by extension 'ignore'
[0.669s] Level 1:colcon.colcon_core.package_identification:_identify(src/install) ignored
[0.669s] Level 1:colcon.colcon_core.package_identification:_identify(src/log) by extensions ['ignore', 'ignore_ament_install']
[0.669s] Level 1:colcon.colcon_core.package_identification:_identify(src/log) by extension 'ignore'
[0.669s] Level 1:colcon.colcon_core.package_identification:_identify(src/log) ignored
[0.670s] Level 1:colcon.colcon_core.package_identification:_identify(src/turtlebot4_simulator) by extensions ['ignore', 'ignore_ament_install']
[0.670s] Level 1:colcon.colcon_core.package_identification:_identify(src/turtlebot4_simulator) by extension 'ignore'
[0.670s] Level 1:colcon.colcon_core.package_identification:_identify(src/turtlebot4_simulator) by extension 'ignore_ament_install'
[0.670s] Level 1:colcon.colcon_core.package_identification:_identify(src/turtlebot4_simulator) by extensions ['colcon_pkg']
[0.670s] Level 1:colcon.colcon_core.package_identification:_identify(src/turtlebot4_simulator) by extension 'colcon_pkg'
[0.670s] Level 1:colcon.colcon_core.package_identification:_identify(src/turtlebot4_simulator) by extensions ['colcon_meta']
[0.670s] Level 1:colcon.colcon_core.package_identification:_identify(src/turtlebot4_simulator) by extension 'colcon_meta'
[0.670s] Level 1:colcon.colcon_core.package_identification:_identify(src/turtlebot4_simulator) by extensions ['ros']
[0.670s] Level 1:colcon.colcon_core.package_identification:_identify(src/turtlebot4_simulator) by extension 'ros'
[0.670s] Level 1:colcon.colcon_core.package_identification:_identify(src/turtlebot4_simulator) by extensions ['cmake', 'python']
[0.670s] Level 1:colcon.colcon_core.package_identification:_identify(src/turtlebot4_simulator) by extension 'cmake'
[0.670s] Level 1:colcon.colcon_core.package_identification:_identify(src/turtlebot4_simulator) by extension 'python'
[0.670s] Level 1:colcon.colcon_core.package_identification:_identify(src/turtlebot4_simulator) by extensions ['python_setup_py']
[0.670s] Level 1:colcon.colcon_core.package_identification:_identify(src/turtlebot4_simulator) by extension 'python_setup_py'
[0.671s] Level 1:colcon.colcon_core.package_identification:_identify(src/turtlebot4_simulator/turtlebot4_ignition_bringup) by extensions ['ignore', 'ignore_ament_install']
[0.671s] Level 1:colcon.colcon_core.package_identification:_identify(src/turtlebot4_simulator/turtlebot4_ignition_bringup) by extension 'ignore'
[0.671s] Level 1:colcon.colcon_core.package_identification:_identify(src/turtlebot4_simulator/turtlebot4_ignition_bringup) by extension 'ignore_ament_install'
[0.671s] Level 1:colcon.colcon_core.package_identification:_identify(src/turtlebot4_simulator/turtlebot4_ignition_bringup) by extensions ['colcon_pkg']
[0.671s] Level 1:colcon.colcon_core.package_identification:_identify(src/turtlebot4_simulator/turtlebot4_ignition_bringup) by extension 'colcon_pkg'
[0.671s] Level 1:colcon.colcon_core.package_identification:_identify(src/turtlebot4_simulator/turtlebot4_ignition_bringup) by extensions ['colcon_meta']
[0.671s] Level 1:colcon.colcon_core.package_identification:_identify(src/turtlebot4_simulator/turtlebot4_ignition_bringup) by extension 'colcon_meta'
[0.671s] Level 1:colcon.colcon_core.package_identification:_identify(src/turtlebot4_simulator/turtlebot4_ignition_bringup) by extensions ['ros']
[0.672s] Level 1:colcon.colcon_core.package_identification:_identify(src/turtlebot4_simulator/turtlebot4_ignition_bringup) by extension 'ros'
[0.674s] DEBUG:colcon.colcon_core.package_identification:Package 'src/turtlebot4_simulator/turtlebot4_ignition_bringup' with type 'ros.ament_cmake' and name 'turtlebot4_ignition_bringup'
[0.675s] Level 1:colcon.colcon_core.package_identification:_identify(src/turtlebot4_simulator/turtlebot4_ignition_gui_plugins) by extensions ['ignore', 'ignore_ament_install']
[0.675s] Level 1:colcon.colcon_core.package_identification:_identify(src/turtlebot4_simulator/turtlebot4_ignition_gui_plugins) by extension 'ignore'
[0.675s] Level 1:colcon.colcon_core.package_identification:_identify(src/turtlebot4_simulator/turtlebot4_ignition_gui_plugins) by extension 'ignore_ament_install'
[0.675s] Level 1:colcon.colcon_core.package_identification:_identify(src/turtlebot4_simulator/turtlebot4_ignition_gui_plugins) by extensions ['colcon_pkg']
[0.675s] Level 1:colcon.colcon_core.package_identification:_identify(src/turtlebot4_simulator/turtlebot4_ignition_gui_plugins) by extension 'colcon_pkg'
[0.675s] Level 1:colcon.colcon_core.package_identification:_identify(src/turtlebot4_simulator/turtlebot4_ignition_gui_plugins) by extensions ['colcon_meta']
[0.675s] Level 1:colcon.colcon_core.package_identification:_identify(src/turtlebot4_simulator/turtlebot4_ignition_gui_plugins) by extension 'colcon_meta'
[0.675s] Level 1:colcon.colcon_core.package_identification:_identify(src/turtlebot4_simulator/turtlebot4_ignition_gui_plugins) by extensions ['ros']
[0.675s] Level 1:colcon.colcon_core.package_identification:_identify(src/turtlebot4_simulator/turtlebot4_ignition_gui_plugins) by extension 'ros'
[0.677s] DEBUG:colcon.colcon_core.package_identification:Package 'src/turtlebot4_simulator/turtlebot4_ignition_gui_plugins' with type 'ros.ament_cmake' and name 'turtlebot4_ignition_gui_plugins'
[0.678s] Level 1:colcon.colcon_core.package_identification:_identify(src/turtlebot4_simulator/turtlebot4_ignition_toolbox) by extensions ['ignore', 'ignore_ament_install']
[0.678s] Level 1:colcon.colcon_core.package_identification:_identify(src/turtlebot4_simulator/turtlebot4_ignition_toolbox) by extension 'ignore'
[0.678s] Level 1:colcon.colcon_core.package_identification:_identify(src/turtlebot4_simulator/turtlebot4_ignition_toolbox) by extension 'ignore_ament_install'
[0.678s] Level 1:colcon.colcon_core.package_identification:_identify(src/turtlebot4_simulator/turtlebot4_ignition_toolbox) by extensions ['colcon_pkg']
[0.678s] Level 1:colcon.colcon_core.package_identification:_identify(src/turtlebot4_simulator/turtlebot4_ignition_toolbox) by extension 'colcon_pkg'
[0.678s] Level 1:colcon.colcon_core.package_identification:_identify(src/turtlebot4_simulator/turtlebot4_ignition_toolbox) by extensions ['colcon_meta']
[0.678s] Level 1:colcon.colcon_core.package_identification:_identify(src/turtlebot4_simulator/turtlebot4_ignition_toolbox) by extension 'colcon_meta'
[0.678s] Level 1:colcon.colcon_core.package_identification:_identify(src/turtlebot4_simulator/turtlebot4_ignition_toolbox) by extensions ['ros']
[0.678s] Level 1:colcon.colcon_core.package_identification:_identify(src/turtlebot4_simulator/turtlebot4_ignition_toolbox) by extension 'ros'
[0.679s] DEBUG:colcon.colcon_core.package_identification:Package 'src/turtlebot4_simulator/turtlebot4_ignition_toolbox' with type 'ros.ament_cmake' and name 'turtlebot4_ignition_toolbox'
[0.680s] Level 1:colcon.colcon_core.package_identification:_identify(src/turtlebot4_simulator/turtlebot4_simulator) by extensions ['ignore', 'ignore_ament_install']
[0.680s] Level 1:colcon.colcon_core.package_identification:_identify(src/turtlebot4_simulator/turtlebot4_simulator) by extension 'ignore'
[0.680s] Level 1:colcon.colcon_core.package_identification:_identify(src/turtlebot4_simulator/turtlebot4_simulator) by extension 'ignore_ament_install'
[0.680s] Level 1:colcon.colcon_core.package_identification:_identify(src/turtlebot4_simulator/turtlebot4_simulator) by extensions ['colcon_pkg']
[0.680s] Level 1:colcon.colcon_core.package_identification:_identify(src/turtlebot4_simulator/turtlebot4_simulator) by extension 'colcon_pkg'
[0.680s] Level 1:colcon.colcon_core.package_identification:_identify(src/turtlebot4_simulator/turtlebot4_simulator) by extensions ['colcon_meta']
[0.680s] Level 1:colcon.colcon_core.package_identification:_identify(src/turtlebot4_simulator/turtlebot4_simulator) by extension 'colcon_meta'
[0.680s] Level 1:colcon.colcon_core.package_identification:_identify(src/turtlebot4_simulator/turtlebot4_simulator) by extensions ['ros']
[0.680s] Level 1:colcon.colcon_core.package_identification:_identify(src/turtlebot4_simulator/turtlebot4_simulator) by extension 'ros'
[0.681s] DEBUG:colcon.colcon_core.package_identification:Package 'src/turtlebot4_simulator/turtlebot4_simulator' with type 'ros.ament_cmake' and name 'turtlebot4_simulator'
[0.681s] Level 1:colcon.colcon_core.package_discovery:discover_packages(recursive) using defaults
[0.681s] Level 1:colcon.colcon_core.package_discovery:discover_packages(ignore) discover
[0.681s] Level 1:colcon.colcon_core.package_discovery:discover_packages(ignore) using defaults
[0.682s] Level 1:colcon.colcon_core.package_discovery:discover_packages(path) discover
[0.682s] Level 1:colcon.colcon_core.package_discovery:discover_packages(path) using defaults
[0.716s] Level 1:colcon.colcon_core.package_discovery:discover_packages(prefix_path) check parameters
[0.716s] Level 1:colcon.colcon_core.package_discovery:discover_packages(prefix_path) discover
[0.719s] DEBUG:colcon.colcon_installed_package_information.package_discovery:Found 6 installed packages in /home/raghav/turtlebot4_ws/install
[0.722s] DEBUG:colcon.colcon_installed_package_information.package_discovery:Found 384 installed packages in /opt/ros/humble
[0.725s] Level 1:colcon.colcon_core.package_discovery:discover_packages(prefix_path) using defaults
[0.808s] Level 5:colcon.colcon_core.verb:set package 'empty_shelf_msgs' build argument 'cmake_args' from command line to 'None'
[0.808s] Level 5:colcon.colcon_core.verb:set package 'empty_shelf_msgs' build argument 'cmake_target' from command line to 'None'
[0.808s] Level 5:colcon.colcon_core.verb:set package 'empty_shelf_msgs' build argument 'cmake_target_skip_unavailable' from command line to 'False'
[0.808s] Level 5:colcon.colcon_core.verb:set package 'empty_shelf_msgs' build argument 'cmake_clean_cache' from command line to 'False'
[0.808s] Level 5:colcon.colcon_core.verb:set package 'empty_shelf_msgs' build argument 'cmake_clean_first' from command line to 'False'
[0.808s] Level 5:colcon.colcon_core.verb:set package 'empty_shelf_msgs' build argument 'cmake_force_configure' from command line to 'False'
[0.808s] Level 5:colcon.colcon_core.verb:set package 'empty_shelf_msgs' build argument 'ament_cmake_args' from command line to 'None'
[0.808s] Level 5:colcon.colcon_core.verb:set package 'empty_shelf_msgs' build argument 'catkin_cmake_args' from command line to 'None'
[0.808s] Level 5:colcon.colcon_core.verb:set package 'empty_shelf_msgs' build argument 'catkin_skip_building_tests' from command line to 'False'
[0.808s] DEBUG:colcon.colcon_core.verb:Building package 'empty_shelf_msgs' with the following arguments: {'ament_cmake_args': None, 'build_base': '/home/raghav/turtlebot4_ws/build/empty_shelf_msgs', 'catkin_cmake_args': None, 'catkin_skip_building_tests': False, 'cmake_args': None, 'cmake_clean_cache': False, 'cmake_clean_first': False, 'cmake_force_configure': False, 'cmake_target': None, 'cmake_target_skip_unavailable': False, 'install_base': '/home/raghav/turtlebot4_ws/install/empty_shelf_msgs', 'merge_install': False, 'path': '/home/raghav/turtlebot4_ws/src/empty_shelf_msgs', 'symlink_install': False, 'test_result_base': None}
[0.809s] Level 5:colcon.colcon_core.verb:set package 'turtlebot4_ignition_gui_plugins' build argument 'cmake_args' from command line to 'None'
[0.809s] Level 5:colcon.colcon_core.verb:set package 'turtlebot4_ignition_gui_plugins' build argument 'cmake_target' from command line to 'None'
[0.809s] Level 5:colcon.colcon_core.verb:set package 'turtlebot4_ignition_gui_plugins' build argument 'cmake_target_skip_unavailable' from command line to 'False'
[0.809s] Level 5:colcon.colcon_core.verb:set package 'turtlebot4_ignition_gui_plugins' build argument 'cmake_clean_cache' from command line to 'False'
[0.809s] Level 5:colcon.colcon_core.verb:set package 'turtlebot4_ignition_gui_plugins' build argument 'cmake_clean_first' from command line to 'False'
[0.809s] Level 5:colcon.colcon_core.verb:set package 'turtlebot4_ignition_gui_plugins' build argument 'cmake_force_configure' from command line to 'False'
[0.809s] Level 5:colcon.colcon_core.verb:set package 'turtlebot4_ignition_gui_plugins' build argument 'ament_cmake_args' from command line to 'None'
[0.809s] Level 5:colcon.colcon_core.verb:set package 'turtlebot4_ignition_gui_plugins' build argument 'catkin_cmake_args' from command line to 'None'
[0.809s] Level 5:colcon.colcon_core.verb:set package 'turtlebot4_ignition_gui_plugins' build argument 'catkin_skip_building_tests' from command line to 'False'
[0.809s] DEBUG:colcon.colcon_core.verb:Building package 'turtlebot4_ignition_gui_plugins' with the following arguments: {'ament_cmake_args': None, 'build_base': '/home/raghav/turtlebot4_ws/build/turtlebot4_ignition_gui_plugins', 'catkin_cmake_args': None, 'catkin_skip_building_tests': False, 'cmake_args': None, 'cmake_clean_cache': False, 'cmake_clean_first': False, 'cmake_force_configure': False, 'cmake_target': None, 'cmake_target_skip_unavailable': False, 'install_base': '/home/raghav/turtlebot4_ws/install/turtlebot4_ignition_gui_plugins', 'merge_install': False, 'path': '/home/raghav/turtlebot4_ws/src/turtlebot4_simulator/turtlebot4_ignition_gui_plugins', 'symlink_install': False, 'test_result_base': None}
[0.809s] Level 5:colcon.colcon_core.verb:set package 'turtlebot4_ignition_toolbox' build argument 'cmake_args' from command line to 'None'
[0.809s] Level 5:colcon.colcon_core.verb:set package 'turtlebot4_ignition_toolbox' build argument 'cmake_target' from command line to 'None'
[0.809s] Level 5:colcon.colcon_core.verb:set package 'turtlebot4_ignition_toolbox' build argument 'cmake_target_skip_unavailable' from command line to 'False'
[0.809s] Level 5:colcon.colcon_core.verb:set package 'turtlebot4_ignition_toolbox' build argument 'cmake_clean_cache' from command line to 'False'
[0.809s] Level 5:colcon.colcon_core.verb:set package 'turtlebot4_ignition_toolbox' build argument 'cmake_clean_first' from command line to 'False'
[0.809s] Level 5:colcon.colcon_core.verb:set package 'turtlebot4_ignition_toolbox' build argument 'cmake_force_configure' from command line to 'False'
[0.809s] Level 5:colcon.colcon_core.verb:set package 'turtlebot4_ignition_toolbox' build argument 'ament_cmake_args' from command line to 'None'
[0.809s] Level 5:colcon.colcon_core.verb:set package 'turtlebot4_ignition_toolbox' build argument 'catkin_cmake_args' from command line to 'None'
[0.810s] Level 5:colcon.colcon_core.verb:set package 'turtlebot4_ignition_toolbox' build argument 'catkin_skip_building_tests' from command line to 'False'
[0.810s] DEBUG:colcon.colcon_core.verb:Building package 'turtlebot4_ignition_toolbox' with the following arguments: {'ament_cmake_args': None, 'build_base': '/home/raghav/turtlebot4_ws/build/turtlebot4_ignition_toolbox', 'catkin_cmake_args': None, 'catkin_skip_building_tests': False, 'cmake_args': None, 'cmake_clean_cache': False, 'cmake_clean_first': False, 'cmake_force_configure': False, 'cmake_target': None, 'cmake_target_skip_unavailable': False, 'install_base': '/home/raghav/turtlebot4_ws/install/turtlebot4_ignition_toolbox', 'merge_install': False, 'path': '/home/raghav/turtlebot4_ws/src/turtlebot4_simulator/turtlebot4_ignition_toolbox', 'symlink_install': False, 'test_result_base': None}
[0.810s] Level 5:colcon.colcon_core.verb:set package 'empty_shelf_detector' build argument 'cmake_args' from command line to 'None'
[0.810s] Level 5:colcon.colcon_core.verb:set package 'empty_shelf_detector' build argument 'cmake_target' from command line to 'None'
[0.810s] Level 5:colcon.colcon_core.verb:set package 'empty_shelf_detector' build argument 'cmake_target_skip_unavailable' from command line to 'False'
[0.810s] Level 5:colcon.colcon_core.verb:set package 'empty_shelf_detector' build argument 'cmake_clean_cache' from command line to 'False'
[0.810s] Level 5:colcon.colcon_core.verb:set package 'empty_shelf_detector' build argument 'cmake_clean_first' from command line to 'False'
[0.810s] Level 5:colcon.colcon_core.verb:set package 'empty_shelf_detector' build argument 'cmake_force_configure' from command line to 'False'
[0.810s] Level 5:colcon.colcon_core.verb:set package 'empty_shelf_detector' build argument 'ament_cmake_args' from command line to 'None'
[0.810s] Level 5:colcon.colcon_core.verb:set package 'empty_shelf_detector' build argument 'catkin_cmake_args' from command line to 'None'
[0.810s] Level 5:colcon.colcon_core.verb:set package 'empty_shelf_detector' build argument 'catkin_skip_building_tests' from command line to 'False'
[0.810s] DEBUG:colcon.colcon_core.verb:Building package 'empty_shelf_detector' with the following arguments: {'ament_cmake_args': None, 'build_base': '/home/raghav/turtlebot4_ws/build/empty_shelf_detector', 'catkin_cmake_args': None, 'catkin_skip_building_tests': False, 'cmake_args': None, 'cmake_clean_cache': False, 'cmake_clean_first': False, 'cmake_force_configure': False, 'cmake_target': None, 'cmake_target_skip_unavailable': False, 'install_base': '/home/raghav/turtlebot4_ws/install/empty_shelf_detector', 'merge_install': False, 'path': '/home/raghav/turtlebot4_ws/src/empty_shelf_detector', 'symlink_install': False, 'test_result_base': None}
[0.811s] Level 5:colcon.colcon_core.verb:set package 'turtlebot4_ignition_bringup' build argument 'cmake_args' from command line to 'None'
[0.811s] Level 5:colcon.colcon_core.verb:set package 'turtlebot4_ignition_bringup' build argument 'cmake_target' from command line to 'None'
[0.811s] Level 5:colcon.colcon_core.verb:set package 'turtlebot4_ignition_bringup' build argument 'cmake_target_skip_unavailable' from command line to 'False'
[0.811s] Level 5:colcon.colcon_core.verb:set package 'turtlebot4_ignition_bringup' build argument 'cmake_clean_cache' from command line to 'False'
[0.811s] Level 5:colcon.colcon_core.verb:set package 'turtlebot4_ignition_bringup' build argument 'cmake_clean_first' from command line to 'False'
[0.811s] Level 5:colcon.colcon_core.verb:set package 'turtlebot4_ignition_bringup' build argument 'cmake_force_configure' from command line to 'False'
[0.811s] Level 5:colcon.colcon_core.verb:set package 'turtlebot4_ignition_bringup' build argument 'ament_cmake_args' from command line to 'None'
[0.811s] Level 5:colcon.colcon_core.verb:set package 'turtlebot4_ignition_bringup' build argument 'catkin_cmake_args' from command line to 'None'
[0.811s] Level 5:colcon.colcon_core.verb:set package 'turtlebot4_ignition_bringup' build argument 'catkin_skip_building_tests' from command line to 'False'
[0.811s] DEBUG:colcon.colcon_core.verb:Building package 'turtlebot4_ignition_bringup' with the following arguments: {'ament_cmake_args': None, 'build_base': '/home/raghav/turtlebot4_ws/build/turtlebot4_ignition_bringup', 'catkin_cmake_args': None, 'catkin_skip_building_tests': False, 'cmake_args': None, 'cmake_clean_cache': False, 'cmake_clean_first': False, 'cmake_force_configure': False, 'cmake_target': None, 'cmake_target_skip_unavailable': False, 'install_base': '/home/raghav/turtlebot4_ws/install/turtlebot4_ignition_bringup', 'merge_install': False, 'path': '/home/raghav/turtlebot4_ws/src/turtlebot4_simulator/turtlebot4_ignition_bringup', 'symlink_install': False, 'test_result_base': None}
[0.811s] Level 5:colcon.colcon_core.verb:set package 'turtlebot4_simulator' build argument 'cmake_args' from command line to 'None'
[0.811s] Level 5:colcon.colcon_core.verb:set package 'turtlebot4_simulator' build argument 'cmake_target' from command line to 'None'
[0.811s] Level 5:colcon.colcon_core.verb:set package 'turtlebot4_simulator' build argument 'cmake_target_skip_unavailable' from command line to 'False'
[0.811s] Level 5:colcon.colcon_core.verb:set package 'turtlebot4_simulator' build argument 'cmake_clean_cache' from command line to 'False'
[0.811s] Level 5:colcon.colcon_core.verb:set package 'turtlebot4_simulator' build argument 'cmake_clean_first' from command line to 'False'
[0.811s] Level 5:colcon.colcon_core.verb:set package 'turtlebot4_simulator' build argument 'cmake_force_configure' from command line to 'False'
[0.812s] Level 5:colcon.colcon_core.verb:set package 'turtlebot4_simulator' build argument 'ament_cmake_args' from command line to 'None'
[0.812s] Level 5:colcon.colcon_core.verb:set package 'turtlebot4_simulator' build argument 'catkin_cmake_args' from command line to 'None'
[0.812s] Level 5:colcon.colcon_core.verb:set package 'turtlebot4_simulator' build argument 'catkin_skip_building_tests' from command line to 'False'
[0.812s] DEBUG:colcon.colcon_core.verb:Building package 'turtlebot4_simulator' with the following arguments: {'ament_cmake_args': None, 'build_base': '/home/raghav/turtlebot4_ws/build/turtlebot4_simulator', 'catkin_cmake_args': None, 'catkin_skip_building_tests': False, 'cmake_args': None, 'cmake_clean_cache': False, 'cmake_clean_first': False, 'cmake_force_configure': False, 'cmake_target': None, 'cmake_target_skip_unavailable': False, 'install_base': '/home/raghav/turtlebot4_ws/install/turtlebot4_simulator', 'merge_install': False, 'path': '/home/raghav/turtlebot4_ws/src/turtlebot4_simulator/turtlebot4_simulator', 'symlink_install': False, 'test_result_base': None}
[0.812s] INFO:colcon.colcon_core.executor:Executing jobs using 'parallel' executor
[0.813s] DEBUG:colcon.colcon_parallel_executor.executor.parallel:run_until_complete
[0.814s] INFO:colcon.colcon_ros.task.ament_cmake.build:Building ROS package in '/home/raghav/turtlebot4_ws/src/turtlebot4_simulator/turtlebot4_ignition_gui_plugins' with build type 'ament_cmake'
[0.814s] INFO:colcon.colcon_cmake.task.cmake.build:Building CMake package in '/home/raghav/turtlebot4_ws/src/turtlebot4_simulator/turtlebot4_ignition_gui_plugins'
[0.819s] INFO:colcon.colcon_core.plugin_system:Skipping extension 'colcon_core.shell.bat': Not used on non-Windows systems
[0.820s] INFO:colcon.colcon_core.shell:Skip shell extension 'powershell' for command environment: Not usable outside of PowerShell
[0.820s] DEBUG:colcon.colcon_core.shell:Skip shell extension 'dsv' for command environment
[0.826s] INFO:colcon.colcon_ros.task.ament_cmake.build:Building ROS package in '/home/raghav/turtlebot4_ws/src/turtlebot4_simulator/turtlebot4_ignition_toolbox' with build type 'ament_cmake'
[0.826s] INFO:colcon.colcon_cmake.task.cmake.build:Building CMake package in '/home/raghav/turtlebot4_ws/src/turtlebot4_simulator/turtlebot4_ignition_toolbox'
[0.826s] INFO:colcon.colcon_core.shell:Skip shell extension 'powershell' for command environment: Not usable outside of PowerShell
[0.826s] DEBUG:colcon.colcon_core.shell:Skip shell extension 'dsv' for command environment
[0.832s] INFO:colcon.colcon_ros.task.ament_cmake.build:Building ROS package in '/home/raghav/turtlebot4_ws/src/empty_shelf_msgs' with build type 'ament_cmake'
[0.832s] INFO:colcon.colcon_cmake.task.cmake.build:Building CMake package in '/home/raghav/turtlebot4_ws/src/empty_shelf_msgs'
[0.832s] INFO:colcon.colcon_core.shell:Skip shell extension 'powershell' for command environment: Not usable outside of PowerShell
[0.833s] DEBUG:colcon.colcon_core.shell:Skip shell extension 'dsv' for command environment
[0.845s] DEBUG:colcon.colcon_core.event_handler.log_command:Invoking command in '/home/raghav/turtlebot4_ws/build/turtlebot4_ignition_gui_plugins': CMAKE_PREFIX_PATH=${CMAKE_PREFIX_PATH}:/opt/ros/humble /usr/bin/cmake --build /home/raghav/turtlebot4_ws/build/turtlebot4_ignition_gui_plugins -- -j8 -l8
[0.855s] DEBUG:colcon.colcon_core.event_handler.log_command:Invoking command in '/home/raghav/turtlebot4_ws/build/turtlebot4_ignition_toolbox': CMAKE_PREFIX_PATH=${CMAKE_PREFIX_PATH}:/opt/ros/humble /usr/bin/cmake --build /home/raghav/turtlebot4_ws/build/turtlebot4_ignition_toolbox -- -j8 -l8
[0.862s] DEBUG:colcon.colcon_core.event_handler.log_command:Invoking command in '/home/raghav/turtlebot4_ws/build/empty_shelf_msgs': CMAKE_PREFIX_PATH=${CMAKE_PREFIX_PATH}:/opt/ros/humble /usr/bin/cmake --build /home/raghav/turtlebot4_ws/build/empty_shelf_msgs -- -j8 -l8
[1.031s] DEBUG:colcon.colcon_core.event_handler.log_command:Invoked command in '/home/raghav/turtlebot4_ws/build/turtlebot4_ignition_toolbox' returned '0': CMAKE_PREFIX_PATH=${CMAKE_PREFIX_PATH}:/opt/ros/humble /usr/bin/cmake --build /home/raghav/turtlebot4_ws/build/turtlebot4_ignition_toolbox -- -j8 -l8
[1.045s] DEBUG:colcon.colcon_core.event_handler.log_command:Invoking command in '/home/raghav/turtlebot4_ws/build/turtlebot4_ignition_toolbox': CMAKE_PREFIX_PATH=${CMAKE_PREFIX_PATH}:/opt/ros/humble /usr/bin/cmake --install /home/raghav/turtlebot4_ws/build/turtlebot4_ignition_toolbox
[1.055s] DEBUG:colcon.colcon_core.event_handler.log_command:Invoked command in '/home/raghav/turtlebot4_ws/build/turtlebot4_ignition_gui_plugins' returned '0': CMAKE_PREFIX_PATH=${CMAKE_PREFIX_PATH}:/opt/ros/humble /usr/bin/cmake --build /home/raghav/turtlebot4_ws/build/turtlebot4_ignition_gui_plugins -- -j8 -l8
[1.061s] Level 1:colcon.colcon_core.environment:create_environment_scripts_only(turtlebot4_ignition_toolbox)
[1.062s] DEBUG:colcon.colcon_core.event_handler.log_command:Invoking command in '/home/raghav/turtlebot4_ws/build/turtlebot4_ignition_gui_plugins': CMAKE_PREFIX_PATH=${CMAKE_PREFIX_PATH}:/opt/ros/humble /usr/bin/cmake --install /home/raghav/turtlebot4_ws/build/turtlebot4_ignition_gui_plugins
[1.063s] DEBUG:colcon.colcon_core.event_handler.log_command:Invoked command in '/home/raghav/turtlebot4_ws/build/turtlebot4_ignition_toolbox' returned '0': CMAKE_PREFIX_PATH=${CMAKE_PREFIX_PATH}:/opt/ros/humble /usr/bin/cmake --install /home/raghav/turtlebot4_ws/build/turtlebot4_ignition_toolbox
[1.068s] Level 1:colcon.colcon_core.environment:checking '/home/raghav/turtlebot4_ws/install/turtlebot4_ignition_toolbox' for CMake module files
[1.068s] Level 1:colcon.colcon_core.environment:checking '/home/raghav/turtlebot4_ws/install/turtlebot4_ignition_toolbox' for CMake config files
[1.071s] Level 1:colcon.colcon_core.shell:create_environment_hook('turtlebot4_ignition_toolbox', 'cmake_prefix_path')
[1.071s] INFO:colcon.colcon_core.shell:Creating environment hook '/home/raghav/turtlebot4_ws/install/turtlebot4_ignition_toolbox/share/turtlebot4_ignition_toolbox/hook/cmake_prefix_path.ps1'
[1.073s] INFO:colcon.colcon_core.shell:Creating environment descriptor '/home/raghav/turtlebot4_ws/install/turtlebot4_ignition_toolbox/share/turtlebot4_ignition_toolbox/hook/cmake_prefix_path.dsv'
[1.073s] INFO:colcon.colcon_core.shell:Creating environment hook '/home/raghav/turtlebot4_ws/install/turtlebot4_ignition_toolbox/share/turtlebot4_ignition_toolbox/hook/cmake_prefix_path.sh'
[1.075s] Level 1:colcon.colcon_core.environment:checking '/home/raghav/turtlebot4_ws/install/turtlebot4_ignition_toolbox/lib'
[1.075s] Level 1:colcon.colcon_core.environment:checking '/home/raghav/turtlebot4_ws/install/turtlebot4_ignition_toolbox/bin'
[1.076s] Level 1:colcon.colcon_core.environment:checking '/home/raghav/turtlebot4_ws/install/turtlebot4_ignition_toolbox/lib/pkgconfig/turtlebot4_ignition_toolbox.pc'
[1.076s] Level 1:colcon.colcon_core.environment:checking '/home/raghav/turtlebot4_ws/install/turtlebot4_ignition_toolbox/lib/python3.10/site-packages'
[1.077s] Level 1:colcon.colcon_core.environment:checking '/home/raghav/turtlebot4_ws/install/turtlebot4_ignition_toolbox/bin'
[1.077s] INFO:colcon.colcon_core.shell:Creating package script '/home/raghav/turtlebot4_ws/install/turtlebot4_ignition_toolbox/share/turtlebot4_ignition_toolbox/package.ps1'
[1.080s] INFO:colcon.colcon_core.shell:Creating package descriptor '/home/raghav/turtlebot4_ws/install/turtlebot4_ignition_toolbox/share/turtlebot4_ignition_toolbox/package.dsv'
[1.081s] INFO:colcon.colcon_core.shell:Creating package script '/home/raghav/turtlebot4_ws/install/turtlebot4_ignition_toolbox/share/turtlebot4_ignition_toolbox/package.sh'
[1.083s] INFO:colcon.colcon_core.shell:Creating package script '/home/raghav/turtlebot4_ws/install/turtlebot4_ignition_toolbox/share/turtlebot4_ignition_toolbox/package.bash'
[1.086s] INFO:colcon.colcon_core.shell:Creating package script '/home/raghav/turtlebot4_ws/install/turtlebot4_ignition_toolbox/share/turtlebot4_ignition_toolbox/package.zsh'
[1.087s] Level 1:colcon.colcon_core.environment:create_file_with_runtime_dependencies(/home/raghav/turtlebot4_ws/install/turtlebot4_ignition_toolbox/share/colcon-core/packages/turtlebot4_ignition_toolbox)
[1.089s] Level 1:colcon.colcon_core.environment:create_environment_scripts_only(turtlebot4_ignition_toolbox)
[1.089s] Level 1:colcon.colcon_core.environment:checking '/home/raghav/turtlebot4_ws/install/turtlebot4_ignition_toolbox' for CMake module files
[1.090s] Level 1:colcon.colcon_core.environment:checking '/home/raghav/turtlebot4_ws/install/turtlebot4_ignition_toolbox' for CMake config files
[1.091s] Level 1:colcon.colcon_core.shell:create_environment_hook('turtlebot4_ignition_toolbox', 'cmake_prefix_path')
[1.091s] INFO:colcon.colcon_core.shell:Creating environment hook '/home/raghav/turtlebot4_ws/install/turtlebot4_ignition_toolbox/share/turtlebot4_ignition_toolbox/hook/cmake_prefix_path.ps1'
[1.092s] INFO:colcon.colcon_core.shell:Creating environment descriptor '/home/raghav/turtlebot4_ws/install/turtlebot4_ignition_toolbox/share/turtlebot4_ignition_toolbox/hook/cmake_prefix_path.dsv'
[1.094s] INFO:colcon.colcon_core.shell:Creating environment hook '/home/raghav/turtlebot4_ws/install/turtlebot4_ignition_toolbox/share/turtlebot4_ignition_toolbox/hook/cmake_prefix_path.sh'
[1.095s] Level 1:colcon.colcon_core.environment:checking '/home/raghav/turtlebot4_ws/install/turtlebot4_ignition_toolbox/lib'
[1.095s] Level 1:colcon.colcon_core.environment:checking '/home/raghav/turtlebot4_ws/install/turtlebot4_ignition_toolbox/bin'
[1.095s] Level 1:colcon.colcon_core.environment:checking '/home/raghav/turtlebot4_ws/install/turtlebot4_ignition_toolbox/lib/pkgconfig/turtlebot4_ignition_toolbox.pc'
[1.096s] Level 1:colcon.colcon_core.environment:checking '/home/raghav/turtlebot4_ws/install/turtlebot4_ignition_toolbox/lib/python3.10/site-packages'
[1.096s] Level 1:colcon.colcon_core.environment:checking '/home/raghav/turtlebot4_ws/install/turtlebot4_ignition_toolbox/bin'
[1.097s] INFO:colcon.colcon_core.shell:Creating package script '/home/raghav/turtlebot4_ws/install/turtlebot4_ignition_toolbox/share/turtlebot4_ignition_toolbox/package.ps1'
[1.098s] INFO:colcon.colcon_core.shell:Creating package descriptor '/home/raghav/turtlebot4_ws/install/turtlebot4_ignition_toolbox/share/turtlebot4_ignition_toolbox/package.dsv'
[1.099s] INFO:colcon.colcon_core.shell:Creating package script '/home/raghav/turtlebot4_ws/install/turtlebot4_ignition_toolbox/share/turtlebot4_ignition_toolbox/package.sh'
[1.100s] INFO:colcon.colcon_core.shell:Creating package script '/home/raghav/turtlebot4_ws/install/turtlebot4_ignition_toolbox/share/turtlebot4_ignition_toolbox/package.bash'
[1.101s] INFO:colcon.colcon_core.shell:Creating package script '/home/raghav/turtlebot4_ws/install/turtlebot4_ignition_toolbox/share/turtlebot4_ignition_toolbox/package.zsh'
[1.102s] Level 1:colcon.colcon_core.environment:create_file_with_runtime_dependencies(/home/raghav/turtlebot4_ws/install/turtlebot4_ignition_toolbox/share/colcon-core/packages/turtlebot4_ignition_toolbox)
[1.105s] Level 1:colcon.colcon_core.environment:create_environment_scripts_only(turtlebot4_ignition_gui_plugins)
[1.105s] Level 1:colcon.colcon_core.environment:checking '/home/raghav/turtlebot4_ws/install/turtlebot4_ignition_gui_plugins' for CMake module files
[1.107s] DEBUG:colcon.colcon_core.event_handler.log_command:Invoked command in '/home/raghav/turtlebot4_ws/build/turtlebot4_ignition_gui_plugins' returned '0': CMAKE_PREFIX_PATH=${CMAKE_PREFIX_PATH}:/opt/ros/humble /usr/bin/cmake --install /home/raghav/turtlebot4_ws/build/turtlebot4_ignition_gui_plugins
[1.107s] Level 1:colcon.colcon_core.environment:checking '/home/raghav/turtlebot4_ws/install/turtlebot4_ignition_gui_plugins' for CMake config files
[1.108s] Level 1:colcon.colcon_core.shell:create_environment_hook('turtlebot4_ignition_gui_plugins', 'cmake_prefix_path')
[1.108s] INFO:colcon.colcon_core.shell:Creating environment hook '/home/raghav/turtlebot4_ws/install/turtlebot4_ignition_gui_plugins/share/turtlebot4_ignition_gui_plugins/hook/cmake_prefix_path.ps1'
[1.109s] INFO:colcon.colcon_core.shell:Creating environment descriptor '/home/raghav/turtlebot4_ws/install/turtlebot4_ignition_gui_plugins/share/turtlebot4_ignition_gui_plugins/hook/cmake_prefix_path.dsv'
[1.110s] INFO:colcon.colcon_core.shell:Creating environment hook '/home/raghav/turtlebot4_ws/install/turtlebot4_ignition_gui_plugins/share/turtlebot4_ignition_gui_plugins/hook/cmake_prefix_path.sh'
[1.111s] Level 1:colcon.colcon_core.environment:checking '/home/raghav/turtlebot4_ws/install/turtlebot4_ignition_gui_plugins/bin'
[1.111s] Level 1:colcon.colcon_core.environment:checking '/home/raghav/turtlebot4_ws/install/turtlebot4_ignition_gui_plugins/lib/pkgconfig/turtlebot4_ignition_gui_plugins.pc'
[1.112s] Level 1:colcon.colcon_core.environment:checking '/home/raghav/turtlebot4_ws/install/turtlebot4_ignition_gui_plugins/lib/python3.10/site-packages'
[1.112s] Level 1:colcon.colcon_core.environment:checking '/home/raghav/turtlebot4_ws/install/turtlebot4_ignition_gui_plugins/bin'
[1.112s] INFO:colcon.colcon_core.shell:Creating package script '/home/raghav/turtlebot4_ws/install/turtlebot4_ignition_gui_plugins/share/turtlebot4_ignition_gui_plugins/package.ps1'
[1.114s] INFO:colcon.colcon_core.shell:Creating package descriptor '/home/raghav/turtlebot4_ws/install/turtlebot4_ignition_gui_plugins/share/turtlebot4_ignition_gui_plugins/package.dsv'
[1.114s] INFO:colcon.colcon_core.shell:Creating package script '/home/raghav/turtlebot4_ws/install/turtlebot4_ignition_gui_plugins/share/turtlebot4_ignition_gui_plugins/package.sh'
[1.115s] INFO:colcon.colcon_core.shell:Creating package script '/home/raghav/turtlebot4_ws/install/turtlebot4_ignition_gui_plugins/share/turtlebot4_ignition_gui_plugins/package.bash'
[1.116s] INFO:colcon.colcon_core.shell:Creating package script '/home/raghav/turtlebot4_ws/install/turtlebot4_ignition_gui_plugins/share/turtlebot4_ignition_gui_plugins/package.zsh'
[1.116s] Level 1:colcon.colcon_core.environment:create_file_with_runtime_dependencies(/home/raghav/turtlebot4_ws/install/turtlebot4_ignition_gui_plugins/share/colcon-core/packages/turtlebot4_ignition_gui_plugins)
[1.117s] Level 1:colcon.colcon_core.environment:create_environment_scripts_only(turtlebot4_ignition_gui_plugins)
[1.117s] Level 1:colcon.colcon_core.environment:checking '/home/raghav/turtlebot4_ws/install/turtlebot4_ignition_gui_plugins' for CMake module files
[1.118s] Level 1:colcon.colcon_core.environment:checking '/home/raghav/turtlebot4_ws/install/turtlebot4_ignition_gui_plugins' for CMake config files
[1.118s] Level 1:colcon.colcon_core.shell:create_environment_hook('turtlebot4_ignition_gui_plugins', 'cmake_prefix_path')
[1.118s] INFO:colcon.colcon_core.shell:Creating environment hook '/home/raghav/turtlebot4_ws/install/turtlebot4_ignition_gui_plugins/share/turtlebot4_ignition_gui_plugins/hook/cmake_prefix_path.ps1'
[1.119s] INFO:colcon.colcon_core.shell:Creating environment descriptor '/home/raghav/turtlebot4_ws/install/turtlebot4_ignition_gui_plugins/share/turtlebot4_ignition_gui_plugins/hook/cmake_prefix_path.dsv'
[1.119s] INFO:colcon.colcon_core.shell:Creating environment hook '/home/raghav/turtlebot4_ws/install/turtlebot4_ignition_gui_plugins/share/turtlebot4_ignition_gui_plugins/hook/cmake_prefix_path.sh'
[1.120s] Level 1:colcon.colcon_core.environment:checking '/home/raghav/turtlebot4_ws/install/turtlebot4_ignition_gui_plugins/bin'
[1.120s] Level 1:colcon.colcon_core.environment:checking '/home/raghav/turtlebot4_ws/install/turtlebot4_ignition_gui_plugins/lib/pkgconfig/turtlebot4_ignition_gui_plugins.pc'
[1.120s] Level 1:colcon.colcon_core.environment:checking '/home/raghav/turtlebot4_ws/install/turtlebot4_ignition_gui_plugins/lib/python3.10/site-packages'
[1.121s] Level 1:colcon.colcon_core.environment:checking '/home/raghav/turtlebot4_ws/install/turtlebot4_ignition_gui_plugins/bin'
[1.121s] INFO:colcon.colcon_core.shell:Creating package script '/home/raghav/turtlebot4_ws/install/turtlebot4_ignition_gui_plugins/share/turtlebot4_ignition_gui_plugins/package.ps1'
[1.122s] INFO:colcon.colcon_core.shell:Creating package descriptor '/home/raghav/turtlebot4_ws/install/turtlebot4_ignition_gui_plugins/share/turtlebot4_ignition_gui_plugins/package.dsv'
[1.123s] INFO:colcon.colcon_core.shell:Creating package script '/home/raghav/turtlebot4_ws/install/turtlebot4_ignition_gui_plugins/share/turtlebot4_ignition_gui_plugins/package.sh'
[1.124s] INFO:colcon.colcon_core.shell:Creating package script '/home/raghav/turtlebot4_ws/install/turtlebot4_ignition_gui_plugins/share/turtlebot4_ignition_gui_plugins/package.bash'
[1.124s] INFO:colcon.colcon_core.shell:Creating package script '/home/raghav/turtlebot4_ws/install/turtlebot4_ignition_gui_plugins/share/turtlebot4_ignition_gui_plugins/package.zsh'
[1.125s] Level 1:colcon.colcon_core.environment:create_file_with_runtime_dependencies(/home/raghav/turtlebot4_ws/install/turtlebot4_ignition_gui_plugins/share/colcon-core/packages/turtlebot4_ignition_gui_plugins)
[1.125s] INFO:colcon.colcon_ros.task.ament_cmake.build:Building ROS package in '/home/raghav/turtlebot4_ws/src/turtlebot4_simulator/turtlebot4_ignition_bringup' with build type 'ament_cmake'
[1.126s] INFO:colcon.colcon_cmake.task.cmake.build:Building CMake package in '/home/raghav/turtlebot4_ws/src/turtlebot4_simulator/turtlebot4_ignition_bringup'
[1.126s] INFO:colcon.colcon_core.shell:Skip shell extension 'powershell' for command environment: Not usable outside of PowerShell
[1.126s] DEBUG:colcon.colcon_core.shell:Skip shell extension 'dsv' for command environment
[1.144s] DEBUG:colcon.colcon_core.event_handler.log_command:Invoking command in '/home/raghav/turtlebot4_ws/build/turtlebot4_ignition_bringup': CMAKE_PREFIX_PATH=/home/raghav/turtlebot4_ws/install/turtlebot4_ignition_toolbox:/home/raghav/turtlebot4_ws/install/turtlebot4_ignition_gui_plugins:/home/raghav/turtlebot4_ws/install/turtlebot4_simulator:/home/raghav/turtlebot4_ws/install/turtlebot4_ignition_bringup:/home/raghav/turtlebot4_ws/install/empty_shelf_detector:/home/raghav/turtlebot4_ws/install/empty_shelf_msgs:/opt/ros/humble /usr/bin/cmake --build /home/raghav/turtlebot4_ws/build/turtlebot4_ignition_bringup -- -j8 -l8
[1.197s] DEBUG:colcon.colcon_core.event_handler.log_command:Invoked command in '/home/raghav/turtlebot4_ws/build/turtlebot4_ignition_bringup' returned '0': CMAKE_PREFIX_PATH=/home/raghav/turtlebot4_ws/install/turtlebot4_ignition_toolbox:/home/raghav/turtlebot4_ws/install/turtlebot4_ignition_gui_plugins:/home/raghav/turtlebot4_ws/install/turtlebot4_simulator:/home/raghav/turtlebot4_ws/install/turtlebot4_ignition_bringup:/home/raghav/turtlebot4_ws/install/empty_shelf_detector:/home/raghav/turtlebot4_ws/install/empty_shelf_msgs:/opt/ros/humble /usr/bin/cmake --build /home/raghav/turtlebot4_ws/build/turtlebot4_ignition_bringup -- -j8 -l8
[1.201s] DEBUG:colcon.colcon_core.event_handler.log_command:Invoking command in '/home/raghav/turtlebot4_ws/build/turtlebot4_ignition_bringup': CMAKE_PREFIX_PATH=/home/raghav/turtlebot4_ws/install/turtlebot4_ignition_toolbox:/home/raghav/turtlebot4_ws/install/turtlebot4_ignition_gui_plugins:/home/raghav/turtlebot4_ws/install/turtlebot4_simulator:/home/raghav/turtlebot4_ws/install/turtlebot4_ignition_bringup:/home/raghav/turtlebot4_ws/install/empty_shelf_detector:/home/raghav/turtlebot4_ws/install/empty_shelf_msgs:/opt/ros/humble /usr/bin/cmake --install /home/raghav/turtlebot4_ws/build/turtlebot4_ignition_bringup
[1.221s] Level 1:colcon.colcon_core.environment:create_environment_scripts_only(turtlebot4_ignition_bringup)
[1.222s] Level 1:colcon.colcon_core.environment:checking '/home/raghav/turtlebot4_ws/install/turtlebot4_ignition_bringup' for CMake module files
[1.223s] DEBUG:colcon.colcon_core.event_handler.log_command:Invoked command in '/home/raghav/turtlebot4_ws/build/turtlebot4_ignition_bringup' returned '0': CMAKE_PREFIX_PATH=/home/raghav/turtlebot4_ws/install/turtlebot4_ignition_toolbox:/home/raghav/turtlebot4_ws/install/turtlebot4_ignition_gui_plugins:/home/raghav/turtlebot4_ws/install/turtlebot4_simulator:/home/raghav/turtlebot4_ws/install/turtlebot4_ignition_bringup:/home/raghav/turtlebot4_ws/install/empty_shelf_detector:/home/raghav/turtlebot4_ws/install/empty_shelf_msgs:/opt/ros/humble /usr/bin/cmake --install /home/raghav/turtlebot4_ws/build/turtlebot4_ignition_bringup
[1.224s] Level 1:colcon.colcon_core.environment:checking '/home/raghav/turtlebot4_ws/install/turtlebot4_ignition_bringup' for CMake config files
[1.224s] Level 1:colcon.colcon_core.shell:create_environment_hook('turtlebot4_ignition_bringup', 'cmake_prefix_path')
[1.225s] INFO:colcon.colcon_core.shell:Creating environment hook '/home/raghav/turtlebot4_ws/install/turtlebot4_ignition_bringup/share/turtlebot4_ignition_bringup/hook/cmake_prefix_path.ps1'
[1.226s] INFO:colcon.colcon_core.shell:Creating environment descriptor '/home/raghav/turtlebot4_ws/install/turtlebot4_ignition_bringup/share/turtlebot4_ignition_bringup/hook/cmake_prefix_path.dsv'
[1.227s] INFO:colcon.colcon_core.shell:Creating environment hook '/home/raghav/turtlebot4_ws/install/turtlebot4_ignition_bringup/share/turtlebot4_ignition_bringup/hook/cmake_prefix_path.sh'
[1.228s] Level 1:colcon.colcon_core.environment:checking '/home/raghav/turtlebot4_ws/install/turtlebot4_ignition_bringup/bin'
[1.228s] Level 1:colcon.colcon_core.environment:checking '/home/raghav/turtlebot4_ws/install/turtlebot4_ignition_bringup/lib/pkgconfig/turtlebot4_ignition_bringup.pc'
[1.229s] Level 1:colcon.colcon_core.environment:checking '/home/raghav/turtlebot4_ws/install/turtlebot4_ignition_bringup/lib/python3.10/site-packages'
[1.229s] Level 1:colcon.colcon_core.environment:checking '/home/raghav/turtlebot4_ws/install/turtlebot4_ignition_bringup/bin'
[1.230s] INFO:colcon.colcon_core.shell:Creating package script '/home/raghav/turtlebot4_ws/install/turtlebot4_ignition_bringup/share/turtlebot4_ignition_bringup/package.ps1'
[1.231s] INFO:colcon.colcon_core.shell:Creating package descriptor '/home/raghav/turtlebot4_ws/install/turtlebot4_ignition_bringup/share/turtlebot4_ignition_bringup/package.dsv'
[1.232s] INFO:colcon.colcon_core.shell:Creating package script '/home/raghav/turtlebot4_ws/install/turtlebot4_ignition_bringup/share/turtlebot4_ignition_bringup/package.sh'
[1.232s] INFO:colcon.colcon_core.shell:Creating package script '/home/raghav/turtlebot4_ws/install/turtlebot4_ignition_bringup/share/turtlebot4_ignition_bringup/package.bash'
[1.233s] INFO:colcon.colcon_core.shell:Creating package script '/home/raghav/turtlebot4_ws/install/turtlebot4_ignition_bringup/share/turtlebot4_ignition_bringup/package.zsh'
[1.234s] Level 1:colcon.colcon_core.environment:create_file_with_runtime_dependencies(/home/raghav/turtlebot4_ws/install/turtlebot4_ignition_bringup/share/colcon-core/packages/turtlebot4_ignition_bringup)
[1.235s] Level 1:colcon.colcon_core.environment:create_environment_scripts_only(turtlebot4_ignition_bringup)
[1.235s] Level 1:colcon.colcon_core.environment:checking '/home/raghav/turtlebot4_ws/install/turtlebot4_ignition_bringup' for CMake module files
[1.236s] Level 1:colcon.colcon_core.environment:checking '/home/raghav/turtlebot4_ws/install/turtlebot4_ignition_bringup' for CMake config files
[1.237s] Level 1:colcon.colcon_core.shell:create_environment_hook('turtlebot4_ignition_bringup', 'cmake_prefix_path')
[1.237s] INFO:colcon.colcon_core.shell:Creating environment hook '/home/raghav/turtlebot4_ws/install/turtlebot4_ignition_bringup/share/turtlebot4_ignition_bringup/hook/cmake_prefix_path.ps1'
[1.238s] INFO:colcon.colcon_core.shell:Creating environment descriptor '/home/raghav/turtlebot4_ws/install/turtlebot4_ignition_bringup/share/turtlebot4_ignition_bringup/hook/cmake_prefix_path.dsv'
[1.239s] INFO:colcon.colcon_core.shell:Creating environment hook '/home/raghav/turtlebot4_ws/install/turtlebot4_ignition_bringup/share/turtlebot4_ignition_bringup/hook/cmake_prefix_path.sh'
[1.240s] Level 1:colcon.colcon_core.environment:checking '/home/raghav/turtlebot4_ws/install/turtlebot4_ignition_bringup/bin'
[1.240s] Level 1:colcon.colcon_core.environment:checking '/home/raghav/turtlebot4_ws/install/turtlebot4_ignition_bringup/lib/pkgconfig/turtlebot4_ignition_bringup.pc'
[1.241s] Level 1:colcon.colcon_core.environment:checking '/home/raghav/turtlebot4_ws/install/turtlebot4_ignition_bringup/lib/python3.10/site-packages'
[1.241s] Level 1:colcon.colcon_core.environment:checking '/home/raghav/turtlebot4_ws/install/turtlebot4_ignition_bringup/bin'
[1.242s] INFO:colcon.colcon_core.shell:Creating package script '/home/raghav/turtlebot4_ws/install/turtlebot4_ignition_bringup/share/turtlebot4_ignition_bringup/package.ps1'
[1.243s] INFO:colcon.colcon_core.shell:Creating package descriptor '/home/raghav/turtlebot4_ws/install/turtlebot4_ignition_bringup/share/turtlebot4_ignition_bringup/package.dsv'
[1.244s] INFO:colcon.colcon_core.shell:Creating package script '/home/raghav/turtlebot4_ws/install/turtlebot4_ignition_bringup/share/turtlebot4_ignition_bringup/package.sh'
[1.245s] INFO:colcon.colcon_core.shell:Creating package script '/home/raghav/turtlebot4_ws/install/turtlebot4_ignition_bringup/share/turtlebot4_ignition_bringup/package.bash'
[1.246s] INFO:colcon.colcon_core.shell:Creating package script '/home/raghav/turtlebot4_ws/install/turtlebot4_ignition_bringup/share/turtlebot4_ignition_bringup/package.zsh'
[1.247s] Level 1:colcon.colcon_core.environment:create_file_with_runtime_dependencies(/home/raghav/turtlebot4_ws/install/turtlebot4_ignition_bringup/share/colcon-core/packages/turtlebot4_ignition_bringup)
[1.248s] INFO:colcon.colcon_ros.task.ament_cmake.build:Building ROS package in '/home/raghav/turtlebot4_ws/src/turtlebot4_simulator/turtlebot4_simulator' with build type 'ament_cmake'
[1.248s] INFO:colcon.colcon_cmake.task.cmake.build:Building CMake package in '/home/raghav/turtlebot4_ws/src/turtlebot4_simulator/turtlebot4_simulator'
[1.249s] INFO:colcon.colcon_core.shell:Skip shell extension 'powershell' for command environment: Not usable outside of PowerShell
[1.249s] DEBUG:colcon.colcon_core.shell:Skip shell extension 'dsv' for command environment
[1.271s] DEBUG:colcon.colcon_core.event_handler.log_command:Invoking command in '/home/raghav/turtlebot4_ws/build/turtlebot4_simulator': CMAKE_PREFIX_PATH=/home/raghav/turtlebot4_ws/install/turtlebot4_ignition_bringup:/home/raghav/turtlebot4_ws/install/turtlebot4_ignition_toolbox:/home/raghav/turtlebot4_ws/install/turtlebot4_ignition_gui_plugins:/home/raghav/turtlebot4_ws/install/turtlebot4_simulator:/home/raghav/turtlebot4_ws/install/empty_shelf_detector:/home/raghav/turtlebot4_ws/install/empty_shelf_msgs:/opt/ros/humble /usr/bin/cmake --build /home/raghav/turtlebot4_ws/build/turtlebot4_simulator -- -j8 -l8
[1.331s] DEBUG:colcon.colcon_core.event_handler.log_command:Invoked command in '/home/raghav/turtlebot4_ws/build/turtlebot4_simulator' returned '0': CMAKE_PREFIX_PATH=/home/raghav/turtlebot4_ws/install/turtlebot4_ignition_bringup:/home/raghav/turtlebot4_ws/install/turtlebot4_ignition_toolbox:/home/raghav/turtlebot4_ws/install/turtlebot4_ignition_gui_plugins:/home/raghav/turtlebot4_ws/install/turtlebot4_simulator:/home/raghav/turtlebot4_ws/install/empty_shelf_detector:/home/raghav/turtlebot4_ws/install/empty_shelf_msgs:/opt/ros/humble /usr/bin/cmake --build /home/raghav/turtlebot4_ws/build/turtlebot4_simulator -- -j8 -l8
[1.334s] DEBUG:colcon.colcon_core.event_handler.log_command:Invoking command in '/home/raghav/turtlebot4_ws/build/turtlebot4_simulator': CMAKE_PREFIX_PATH=/home/raghav/turtlebot4_ws/install/turtlebot4_ignition_bringup:/home/raghav/turtlebot4_ws/install/turtlebot4_ignition_toolbox:/home/raghav/turtlebot4_ws/install/turtlebot4_ignition_gui_plugins:/home/raghav/turtlebot4_ws/install/turtlebot4_simulator:/home/raghav/turtlebot4_ws/install/empty_shelf_detector:/home/raghav/turtlebot4_ws/install/empty_shelf_msgs:/opt/ros/humble /usr/bin/cmake --install /home/raghav/turtlebot4_ws/build/turtlebot4_simulator
[1.348s] Level 1:colcon.colcon_core.environment:create_environment_scripts_only(turtlebot4_simulator)
[1.349s] Level 1:colcon.colcon_core.environment:checking '/home/raghav/turtlebot4_ws/install/turtlebot4_simulator' for CMake module files
[1.350s] DEBUG:colcon.colcon_core.event_handler.log_command:Invoked command in '/home/raghav/turtlebot4_ws/build/turtlebot4_simulator' returned '0': CMAKE_PREFIX_PATH=/home/raghav/turtlebot4_ws/install/turtlebot4_ignition_bringup:/home/raghav/turtlebot4_ws/install/turtlebot4_ignition_toolbox:/home/raghav/turtlebot4_ws/install/turtlebot4_ignition_gui_plugins:/home/raghav/turtlebot4_ws/install/turtlebot4_simulator:/home/raghav/turtlebot4_ws/install/empty_shelf_detector:/home/raghav/turtlebot4_ws/install/empty_shelf_msgs:/opt/ros/humble /usr/bin/cmake --install /home/raghav/turtlebot4_ws/build/turtlebot4_simulator
[1.351s] Level 1:colcon.colcon_core.environment:checking '/home/raghav/turtlebot4_ws/install/turtlebot4_simulator' for CMake config files
[1.351s] Level 1:colcon.colcon_core.shell:create_environment_hook('turtlebot4_simulator', 'cmake_prefix_path')
[1.352s] INFO:colcon.colcon_core.shell:Creating environment hook '/home/raghav/turtlebot4_ws/install/turtlebot4_simulator/share/turtlebot4_simulator/hook/cmake_prefix_path.ps1'
[1.352s] INFO:colcon.colcon_core.shell:Creating environment descriptor '/home/raghav/turtlebot4_ws/install/turtlebot4_simulator/share/turtlebot4_simulator/hook/cmake_prefix_path.dsv'
[1.353s] INFO:colcon.colcon_core.shell:Creating environment hook '/home/raghav/turtlebot4_ws/install/turtlebot4_simulator/share/turtlebot4_simulator/hook/cmake_prefix_path.sh'
[1.356s] Level 1:colcon.colcon_core.environment:checking '/home/raghav/turtlebot4_ws/install/turtlebot4_simulator/bin'
[1.356s] Level 1:colcon.colcon_core.environment:checking '/home/raghav/turtlebot4_ws/install/turtlebot4_simulator/lib/pkgconfig/turtlebot4_simulator.pc'
[1.357s] Level 1:colcon.colcon_core.environment:checking '/home/raghav/turtlebot4_ws/install/turtlebot4_simulator/lib/python3.10/site-packages'
[1.357s] Level 1:colcon.colcon_core.environment:checking '/home/raghav/turtlebot4_ws/install/turtlebot4_simulator/bin'
[1.358s] INFO:colcon.colcon_core.shell:Creating package script '/home/raghav/turtlebot4_ws/install/turtlebot4_simulator/share/turtlebot4_simulator/package.ps1'
[1.359s] INFO:colcon.colcon_core.shell:Creating package descriptor '/home/raghav/turtlebot4_ws/install/turtlebot4_simulator/share/turtlebot4_simulator/package.dsv'
[1.359s] INFO:colcon.colcon_core.shell:Creating package script '/home/raghav/turtlebot4_ws/install/turtlebot4_simulator/share/turtlebot4_simulator/package.sh'
[1.361s] INFO:colcon.colcon_core.shell:Creating package script '/home/raghav/turtlebot4_ws/install/turtlebot4_simulator/share/turtlebot4_simulator/package.bash'
[1.362s] INFO:colcon.colcon_core.shell:Creating package script '/home/raghav/turtlebot4_ws/install/turtlebot4_simulator/share/turtlebot4_simulator/package.zsh'
[1.362s] Level 1:colcon.colcon_core.environment:create_file_with_runtime_dependencies(/home/raghav/turtlebot4_ws/install/turtlebot4_simulator/share/colcon-core/packages/turtlebot4_simulator)
[1.363s] Level 1:colcon.colcon_core.environment:create_environment_scripts_only(turtlebot4_simulator)
[1.364s] Level 1:colcon.colcon_core.environment:checking '/home/raghav/turtlebot4_ws/install/turtlebot4_simulator' for CMake module files
[1.365s] Level 1:colcon.colcon_core.environment:checking '/home/raghav/turtlebot4_ws/install/turtlebot4_simulator' for CMake config files
[1.365s] Level 1:colcon.colcon_core.shell:create_environment_hook('turtlebot4_simulator', 'cmake_prefix_path')
[1.365s] INFO:colcon.colcon_core.shell:Creating environment hook '/home/raghav/turtlebot4_ws/install/turtlebot4_simulator/share/turtlebot4_simulator/hook/cmake_prefix_path.ps1'
[1.366s] INFO:colcon.colcon_core.shell:Creating environment descriptor '/home/raghav/turtlebot4_ws/install/turtlebot4_simulator/share/turtlebot4_simulator/hook/cmake_prefix_path.dsv'
[1.367s] INFO:colcon.colcon_core.shell:Creating environment hook '/home/raghav/turtlebot4_ws/install/turtlebot4_simulator/share/turtlebot4_simulator/hook/cmake_prefix_path.sh'
[1.368s] Level 1:colcon.colcon_core.environment:checking '/home/raghav/turtlebot4_ws/install/turtlebot4_simulator/bin'
[1.368s] Level 1:colcon.colcon_core.environment:checking '/home/raghav/turtlebot4_ws/install/turtlebot4_simulator/lib/pkgconfig/turtlebot4_simulator.pc'
[1.369s] Level 1:colcon.colcon_core.environment:checking '/home/raghav/turtlebot4_ws/install/turtlebot4_simulator/lib/python3.10/site-packages'
[1.369s] Level 1:colcon.colcon_core.environment:checking '/home/raghav/turtlebot4_ws/install/turtlebot4_simulator/bin'
[1.370s] INFO:colcon.colcon_core.shell:Creating package script '/home/raghav/turtlebot4_ws/install/turtlebot4_simulator/share/turtlebot4_simulator/package.ps1'
[1.371s] INFO:colcon.colcon_core.shell:Creating package descriptor '/home/raghav/turtlebot4_ws/install/turtlebot4_simulator/share/turtlebot4_simulator/package.dsv'
[1.371s] INFO:colcon.colcon_core.shell:Creating package script '/home/raghav/turtlebot4_ws/install/turtlebot4_simulator/share/turtlebot4_simulator/package.sh'
[1.372s] INFO:colcon.colcon_core.shell:Creating package script '/home/raghav/turtlebot4_ws/install/turtlebot4_simulator/share/turtlebot4_simulator/package.bash'
[1.373s] INFO:colcon.colcon_core.shell:Creating package script '/home/raghav/turtlebot4_ws/install/turtlebot4_simulator/share/turtlebot4_simulator/package.zsh'
[1.374s] Level 1:colcon.colcon_core.environment:create_file_with_runtime_dependencies(/home/raghav/turtlebot4_ws/install/turtlebot4_simulator/share/colcon-core/packages/turtlebot4_simulator)
[1.433s] DEBUG:colcon.colcon_core.event_handler.log_command:Invoked command in '/home/raghav/turtlebot4_ws/build/empty_shelf_msgs' returned '0': CMAKE_PREFIX_PATH=${CMAKE_PREFIX_PATH}:/opt/ros/humble /usr/bin/cmake --build /home/raghav/turtlebot4_ws/build/empty_shelf_msgs -- -j8 -l8
[1.437s] DEBUG:colcon.colcon_core.event_handler.log_command:Invoking command in '/home/raghav/turtlebot4_ws/build/empty_shelf_msgs': CMAKE_PREFIX_PATH=${CMAKE_PREFIX_PATH}:/opt/ros/humble /usr/bin/cmake --install /home/raghav/turtlebot4_ws/build/empty_shelf_msgs
[1.541s] Level 1:colcon.colcon_core.environment:create_environment_scripts_only(empty_shelf_msgs)
[1.542s] Level 1:colcon.colcon_core.environment:checking '/home/raghav/turtlebot4_ws/install/empty_shelf_msgs' for CMake module files
[1.543s] DEBUG:colcon.colcon_core.event_handler.log_command:Invoked command in '/home/raghav/turtlebot4_ws/build/empty_shelf_msgs' returned '0': CMAKE_PREFIX_PATH=${CMAKE_PREFIX_PATH}:/opt/ros/humble /usr/bin/cmake --install /home/raghav/turtlebot4_ws/build/empty_shelf_msgs
[1.544s] Level 1:colcon.colcon_core.environment:checking '/home/raghav/turtlebot4_ws/install/empty_shelf_msgs' for CMake config files
[1.544s] Level 1:colcon.colcon_core.shell:create_environment_hook('empty_shelf_msgs', 'cmake_prefix_path')
[1.544s] INFO:colcon.colcon_core.shell:Creating environment hook '/home/raghav/turtlebot4_ws/install/empty_shelf_msgs/share/empty_shelf_msgs/hook/cmake_prefix_path.ps1'
[1.545s] INFO:colcon.colcon_core.shell:Creating environment descriptor '/home/raghav/turtlebot4_ws/install/empty_shelf_msgs/share/empty_shelf_msgs/hook/cmake_prefix_path.dsv'
[1.545s] INFO:colcon.colcon_core.shell:Creating environment hook '/home/raghav/turtlebot4_ws/install/empty_shelf_msgs/share/empty_shelf_msgs/hook/cmake_prefix_path.sh'
[1.546s] Level 1:colcon.colcon_core.environment:checking '/home/raghav/turtlebot4_ws/install/empty_shelf_msgs/lib'
[1.546s] Level 1:colcon.colcon_core.shell:create_environment_hook('empty_shelf_msgs', 'ld_library_path_lib')
[1.547s] INFO:colcon.colcon_core.shell:Creating environment hook '/home/raghav/turtlebot4_ws/install/empty_shelf_msgs/share/empty_shelf_msgs/hook/ld_library_path_lib.ps1'
[1.547s] INFO:colcon.colcon_core.shell:Creating environment descriptor '/home/raghav/turtlebot4_ws/install/empty_shelf_msgs/share/empty_shelf_msgs/hook/ld_library_path_lib.dsv'
[1.547s] INFO:colcon.colcon_core.shell:Creating environment hook '/home/raghav/turtlebot4_ws/install/empty_shelf_msgs/share/empty_shelf_msgs/hook/ld_library_path_lib.sh'
[1.548s] Level 1:colcon.colcon_core.environment:checking '/home/raghav/turtlebot4_ws/install/empty_shelf_msgs/bin'
[1.548s] Level 1:colcon.colcon_core.environment:checking '/home/raghav/turtlebot4_ws/install/empty_shelf_msgs/lib/pkgconfig/empty_shelf_msgs.pc'
[1.548s] Level 1:colcon.colcon_core.environment:checking '/home/raghav/turtlebot4_ws/install/empty_shelf_msgs/lib/python3.10/site-packages'
[1.549s] Level 1:colcon.colcon_core.environment:checking '/home/raghav/turtlebot4_ws/install/empty_shelf_msgs/bin'
[1.549s] INFO:colcon.colcon_core.shell:Creating package script '/home/raghav/turtlebot4_ws/install/empty_shelf_msgs/share/empty_shelf_msgs/package.ps1'
[1.550s] INFO:colcon.colcon_core.shell:Creating package descriptor '/home/raghav/turtlebot4_ws/install/empty_shelf_msgs/share/empty_shelf_msgs/package.dsv'
[1.550s] INFO:colcon.colcon_core.shell:Creating package script '/home/raghav/turtlebot4_ws/install/empty_shelf_msgs/share/empty_shelf_msgs/package.sh'
[1.551s] INFO:colcon.colcon_core.shell:Creating package script '/home/raghav/turtlebot4_ws/install/empty_shelf_msgs/share/empty_shelf_msgs/package.bash'
[1.551s] INFO:colcon.colcon_core.shell:Creating package script '/home/raghav/turtlebot4_ws/install/empty_shelf_msgs/share/empty_shelf_msgs/package.zsh'
[1.551s] Level 1:colcon.colcon_core.environment:create_file_with_runtime_dependencies(/home/raghav/turtlebot4_ws/install/empty_shelf_msgs/share/colcon-core/packages/empty_shelf_msgs)
[1.552s] Level 1:colcon.colcon_core.environment:create_environment_scripts_only(empty_shelf_msgs)
[1.553s] Level 1:colcon.colcon_core.environment:checking '/home/raghav/turtlebot4_ws/install/empty_shelf_msgs' for CMake module files
[1.553s] Level 1:colcon.colcon_core.environment:checking '/home/raghav/turtlebot4_ws/install/empty_shelf_msgs' for CMake config files
[1.554s] Level 1:colcon.colcon_core.shell:create_environment_hook('empty_shelf_msgs', 'cmake_prefix_path')
[1.554s] INFO:colcon.colcon_core.shell:Creating environment hook '/home/raghav/turtlebot4_ws/install/empty_shelf_msgs/share/empty_shelf_msgs/hook/cmake_prefix_path.ps1'
[1.555s] INFO:colcon.colcon_core.shell:Creating environment descriptor '/home/raghav/turtlebot4_ws/install/empty_shelf_msgs/share/empty_shelf_msgs/hook/cmake_prefix_path.dsv'
[1.555s] INFO:colcon.colcon_core.shell:Creating environment hook '/home/raghav/turtlebot4_ws/install/empty_shelf_msgs/share/empty_shelf_msgs/hook/cmake_prefix_path.sh'
[1.556s] Level 1:colcon.colcon_core.environment:checking '/home/raghav/turtlebot4_ws/install/empty_shelf_msgs/lib'
[1.556s] Level 1:colcon.colcon_core.shell:create_environment_hook('empty_shelf_msgs', 'ld_library_path_lib')
[1.556s] INFO:colcon.colcon_core.shell:Creating environment hook '/home/raghav/turtlebot4_ws/install/empty_shelf_msgs/share/empty_shelf_msgs/hook/ld_library_path_lib.ps1'
[1.556s] INFO:colcon.colcon_core.shell:Creating environment descriptor '/home/raghav/turtlebot4_ws/install/empty_shelf_msgs/share/empty_shelf_msgs/hook/ld_library_path_lib.dsv'
[1.557s] INFO:colcon.colcon_core.shell:Creating environment hook '/home/raghav/turtlebot4_ws/install/empty_shelf_msgs/share/empty_shelf_msgs/hook/ld_library_path_lib.sh'
[1.557s] Level 1:colcon.colcon_core.environment:checking '/home/raghav/turtlebot4_ws/install/empty_shelf_msgs/bin'
[1.557s] Level 1:colcon.colcon_core.environment:checking '/home/raghav/turtlebot4_ws/install/empty_shelf_msgs/lib/pkgconfig/empty_shelf_msgs.pc'
[1.558s] Level 1:colcon.colcon_core.environment:checking '/home/raghav/turtlebot4_ws/install/empty_shelf_msgs/lib/python3.10/site-packages'
[1.558s] Level 1:colcon.colcon_core.environment:checking '/home/raghav/turtlebot4_ws/install/empty_shelf_msgs/bin'
[1.558s] INFO:colcon.colcon_core.shell:Creating package script '/home/raghav/turtlebot4_ws/install/empty_shelf_msgs/share/empty_shelf_msgs/package.ps1'
[1.559s] INFO:colcon.colcon_core.shell:Creating package descriptor '/home/raghav/turtlebot4_ws/install/empty_shelf_msgs/share/empty_shelf_msgs/package.dsv'
[1.560s] INFO:colcon.colcon_core.shell:Creating package script '/home/raghav/turtlebot4_ws/install/empty_shelf_msgs/share/empty_shelf_msgs/package.sh'
[1.560s] INFO:colcon.colcon_core.shell:Creating package script '/home/raghav/turtlebot4_ws/install/empty_shelf_msgs/share/empty_shelf_msgs/package.bash'
[1.560s] INFO:colcon.colcon_core.shell:Creating package script '/home/raghav/turtlebot4_ws/install/empty_shelf_msgs/share/empty_shelf_msgs/package.zsh'
[1.561s] Level 1:colcon.colcon_core.environment:create_file_with_runtime_dependencies(/home/raghav/turtlebot4_ws/install/empty_shelf_msgs/share/colcon-core/packages/empty_shelf_msgs)
[1.561s] INFO:colcon.colcon_ros.task.ament_cmake.build:Building ROS package in '/home/raghav/turtlebot4_ws/src/empty_shelf_detector' with build type 'ament_cmake'
[1.562s] INFO:colcon.colcon_cmake.task.cmake.build:Building CMake package in '/home/raghav/turtlebot4_ws/src/empty_shelf_detector'
[1.562s] INFO:colcon.colcon_core.shell:Skip shell extension 'powershell' for command environment: Not usable outside of PowerShell
[1.562s] DEBUG:colcon.colcon_core.shell:Skip shell extension 'dsv' for command environment
[1.581s] DEBUG:colcon.colcon_core.event_handler.log_command:Invoking command in '/home/raghav/turtlebot4_ws/build/empty_shelf_detector': CMAKE_PREFIX_PATH=/home/raghav/turtlebot4_ws/install/empty_shelf_msgs:/home/raghav/turtlebot4_ws/install/turtlebot4_simulator:/home/raghav/turtlebot4_ws/install/turtlebot4_ignition_bringup:/home/raghav/turtlebot4_ws/install/turtlebot4_ignition_toolbox:/home/raghav/turtlebot4_ws/install/turtlebot4_ignition_gui_plugins:/home/raghav/turtlebot4_ws/install/empty_shelf_detector:/opt/ros/humble /usr/bin/cmake --build /home/raghav/turtlebot4_ws/build/empty_shelf_detector -- -j8 -l8
[2.118s] DEBUG:colcon.colcon_core.event_handler.log_command:Invoked command in '/home/raghav/turtlebot4_ws/build/empty_shelf_detector' returned '0': CMAKE_PREFIX_PATH=/home/raghav/turtlebot4_ws/install/empty_shelf_msgs:/home/raghav/turtlebot4_ws/install/turtlebot4_simulator:/home/raghav/turtlebot4_ws/install/turtlebot4_ignition_bringup:/home/raghav/turtlebot4_ws/install/turtlebot4_ignition_toolbox:/home/raghav/turtlebot4_ws/install/turtlebot4_ignition_gui_plugins:/home/raghav/turtlebot4_ws/install/empty_shelf_detector:/opt/ros/humble /usr/bin/cmake --build /home/raghav/turtlebot4_ws/build/empty_shelf_detector -- -j8 -l8
[2.122s] DEBUG:colcon.colcon_core.event_handler.log_command:Invoking command in '/home/raghav/turtlebot4_ws/build/empty_shelf_detector': CMAKE_PREFIX_PATH=/home/raghav/turtlebot4_ws/install/empty_shelf_msgs:/home/raghav/turtlebot4_ws/install/turtlebot4_simulator:/home/raghav/turtlebot4_ws/install/turtlebot4_ignition_bringup:/home/raghav/turtlebot4_ws/install/turtlebot4_ignition_toolbox:/home/raghav/turtlebot4_ws/install/turtlebot4_ignition_gui_plugins:/home/raghav/turtlebot4_ws/install/empty_shelf_detector:/opt/ros/humble /usr/bin/cmake --install /home/raghav/turtlebot4_ws/build/empty_shelf_detector
[2.215s] Level 1:colcon.colcon_core.environment:create_environment_scripts_only(empty_shelf_detector)
[2.216s] Level 1:colcon.colcon_core.environment:checking '/home/raghav/turtlebot4_ws/install/empty_shelf_detector' for CMake module files
[2.217s] DEBUG:colcon.colcon_core.event_handler.log_command:Invoked command in '/home/raghav/turtlebot4_ws/build/empty_shelf_detector' returned '0': CMAKE_PREFIX_PATH=/home/raghav/turtlebot4_ws/install/empty_shelf_msgs:/home/raghav/turtlebot4_ws/install/turtlebot4_simulator:/home/raghav/turtlebot4_ws/install/turtlebot4_ignition_bringup:/home/raghav/turtlebot4_ws/install/turtlebot4_ignition_toolbox:/home/raghav/turtlebot4_ws/install/turtlebot4_ignition_gui_plugins:/home/raghav/turtlebot4_ws/install/empty_shelf_detector:/opt/ros/humble /usr/bin/cmake --install /home/raghav/turtlebot4_ws/build/empty_shelf_detector
[2.218s] Level 1:colcon.colcon_core.environment:checking '/home/raghav/turtlebot4_ws/install/empty_shelf_detector' for CMake config files
[2.219s] Level 1:colcon.colcon_core.shell:create_environment_hook('empty_shelf_detector', 'cmake_prefix_path')
[2.219s] INFO:colcon.colcon_core.shell:Creating environment hook '/home/raghav/turtlebot4_ws/install/empty_shelf_detector/share/empty_shelf_detector/hook/cmake_prefix_path.ps1'
[2.220s] INFO:colcon.colcon_core.shell:Creating environment descriptor '/home/raghav/turtlebot4_ws/install/empty_shelf_detector/share/empty_shelf_detector/hook/cmake_prefix_path.dsv'
[2.221s] INFO:colcon.colcon_core.shell:Creating environment hook '/home/raghav/turtlebot4_ws/install/empty_shelf_detector/share/empty_shelf_detector/hook/cmake_prefix_path.sh'
[2.222s] Level 1:colcon.colcon_core.environment:checking '/home/raghav/turtlebot4_ws/install/empty_shelf_detector/lib'
[2.222s] Level 1:colcon.colcon_core.environment:checking '/home/raghav/turtlebot4_ws/install/empty_shelf_detector/bin'
[2.222s] Level 1:colcon.colcon_core.environment:checking '/home/raghav/turtlebot4_ws/install/empty_shelf_detector/lib/pkgconfig/empty_shelf_detector.pc'
[2.223s] Level 1:colcon.colcon_core.environment:checking '/home/raghav/turtlebot4_ws/install/empty_shelf_detector/lib/python3.10/site-packages'
[2.223s] Level 1:colcon.colcon_core.environment:checking '/home/raghav/turtlebot4_ws/install/empty_shelf_detector/bin'
[2.224s] INFO:colcon.colcon_core.shell:Creating package script '/home/raghav/turtlebot4_ws/install/empty_shelf_detector/share/empty_shelf_detector/package.ps1'
[2.225s] INFO:colcon.colcon_core.shell:Creating package descriptor '/home/raghav/turtlebot4_ws/install/empty_shelf_detector/share/empty_shelf_detector/package.dsv'
[2.226s] INFO:colcon.colcon_core.shell:Creating package script '/home/raghav/turtlebot4_ws/install/empty_shelf_detector/share/empty_shelf_detector/package.sh'
[2.226s] INFO:colcon.colcon_core.shell:Creating package script '/home/raghav/turtlebot4_ws/install/empty_shelf_detector/share/empty_shelf_detector/package.bash'
[2.227s] INFO:colcon.colcon_core.shell:Creating package script '/home/raghav/turtlebot4_ws/install/empty_shelf_detector/share/empty_shelf_detector/package.zsh'
[2.228s] Level 1:colcon.colcon_core.environment:create_file_with_runtime_dependencies(/home/raghav/turtlebot4_ws/install/empty_shelf_detector/share/colcon-core/packages/empty_shelf_detector)
[2.229s] Level 1:colcon.colcon_core.environment:create_environment_scripts_only(empty_shelf_detector)
[2.229s] Level 1:colcon.colcon_core.environment:checking '/home/raghav/turtlebot4_ws/install/empty_shelf_detector' for CMake module files
[2.230s] Level 1:colcon.colcon_core.environment:checking '/home/raghav/turtlebot4_ws/install/empty_shelf_detector' for CMake config files
[2.231s] Level 1:colcon.colcon_core.shell:create_environment_hook('empty_shelf_detector', 'cmake_prefix_path')
[2.231s] INFO:colcon.colcon_core.shell:Creating environment hook '/home/raghav/turtlebot4_ws/install/empty_shelf_detector/share/empty_shelf_detector/hook/cmake_prefix_path.ps1'
[2.232s] INFO:colcon.colcon_core.shell:Creating environment descriptor '/home/raghav/turtlebot4_ws/install/empty_shelf_detector/share/empty_shelf_detector/hook/cmake_prefix_path.dsv'
[2.233s] INFO:colcon.colcon_core.shell:Creating environment hook '/home/raghav/turtlebot4_ws/install/empty_shelf_detector/share/empty_shelf_detector/hook/cmake_prefix_path.sh'
[2.234s] Level 1:colcon.colcon_core.environment:checking '/home/raghav/turtlebot4_ws/install/empty_shelf_detector/lib'
[2.234s] Level 1:colcon.colcon_core.environment:checking '/home/raghav/turtlebot4_ws/install/empty_shelf_detector/bin'
[2.234s] Level 1:colcon.colcon_core.environment:checking '/home/raghav/turtlebot4_ws/install/empty_shelf_detector/lib/pkgconfig/empty_shelf_detector.pc'
[2.234s] Level 1:colcon.colcon_core.environment:checking '/home/raghav/turtlebot4_ws/install/empty_shelf_detector/lib/python3.10/site-packages'
[2.235s] Level 1:colcon.colcon_core.environment:checking '/home/raghav/turtlebot4_ws/install/empty_shelf_detector/bin'
[2.235s] INFO:colcon.colcon_core.shell:Creating package script '/home/raghav/turtlebot4_ws/install/empty_shelf_detector/share/empty_shelf_detector/package.ps1'
[2.236s] INFO:colcon.colcon_core.shell:Creating package descriptor '/home/raghav/turtlebot4_ws/install/empty_shelf_detector/share/empty_shelf_detector/package.dsv'
[2.237s] INFO:colcon.colcon_core.shell:Creating package script '/home/raghav/turtlebot4_ws/install/empty_shelf_detector/share/empty_shelf_detector/package.sh'
[2.238s] INFO:colcon.colcon_core.shell:Creating package script '/home/raghav/turtlebot4_ws/install/empty_shelf_detector/share/empty_shelf_detector/package.bash'
[2.239s] INFO:colcon.colcon_core.shell:Creating package script '/home/raghav/turtlebot4_ws/install/empty_shelf_detector/share/empty_shelf_detector/package.zsh'
[2.240s] Level 1:colcon.colcon_core.environment:create_file_with_runtime_dependencies(/home/raghav/turtlebot4_ws/install/empty_shelf_detector/share/colcon-core/packages/empty_shelf_detector)
[2.240s] DEBUG:colcon.colcon_parallel_executor.executor.parallel:closing loop
[2.241s] DEBUG:colcon.colcon_parallel_executor.executor.parallel:loop closed
[2.241s] DEBUG:colcon.colcon_parallel_executor.executor.parallel:run_until_complete finished with '0'
[2.241s] DEBUG:colcon.colcon_core.event_reactor:joining thread
[2.253s] INFO:colcon.colcon_core.plugin_system:Skipping extension 'colcon_notification.desktop_notification.terminal_notifier': Not used on non-Darwin systems
[2.254s] INFO:colcon.colcon_core.plugin_system:Skipping extension 'colcon_notification.desktop_notification.win32': Not used on non-Windows systems
[2.254s] INFO:colcon.colcon_notification.desktop_notification:Sending desktop notification using 'notify2'
[2.282s] DEBUG:colcon.colcon_core.event_reactor:joined thread
[2.283s] INFO:colcon.colcon_core.shell:Creating prefix script '/home/raghav/turtlebot4_ws/install/local_setup.ps1'
[2.285s] INFO:colcon.colcon_core.shell:Creating prefix util module '/home/raghav/turtlebot4_ws/install/_local_setup_util_ps1.py'
[2.288s] INFO:colcon.colcon_core.shell:Creating prefix chain script '/home/raghav/turtlebot4_ws/install/setup.ps1'
[2.291s] INFO:colcon.colcon_core.shell:Creating prefix script '/home/raghav/turtlebot4_ws/install/local_setup.sh'
[2.292s] INFO:colcon.colcon_core.shell:Creating prefix util module '/home/raghav/turtlebot4_ws/install/_local_setup_util_sh.py'
[2.293s] INFO:colcon.colcon_core.shell:Creating prefix chain script '/home/raghav/turtlebot4_ws/install/setup.sh'
[2.296s] INFO:colcon.colcon_core.shell:Creating prefix script '/home/raghav/turtlebot4_ws/install/local_setup.bash'
[2.297s] INFO:colcon.colcon_core.shell:Creating prefix chain script '/home/raghav/turtlebot4_ws/install/setup.bash'
[2.300s] INFO:colcon.colcon_core.shell:Creating prefix script '/home/raghav/turtlebot4_ws/install/local_setup.zsh'
[2.301s] INFO:colcon.colcon_core.shell:Creating prefix chain script '/home/raghav/turtlebot4_ws/install/setup.zsh'
